2025-05-18 17:23:48,673 - processing - INFO - Processing attachments below neutral for pole PL370858
2025-05-18 17:23:48,678 - processing - INFO - 
==================================================
2025-05-18 17:23:48,678 - processing - INFO - POLE SUMMARY: PL370858
2025-05-18 17:23:48,678 - processing - INFO - ==================================================
2025-05-18 17:23:48,678 - processing - INFO - Found 3 neutral wire(s):
2025-05-18 17:23:48,679 - processing - INFO -   1. CPS ENERGY Neutral at height 317.6 inches (source: katapult)
2025-05-18 17:23:48,679 - processing - INFO -   2. CPS Energy  at height 318.0001717200001 inches (source: spidacalc)
2025-05-18 17:23:48,679 - processing - INFO -   3. CPS Energy  at height 318.0001717200001 inches (source: spidacalc)
2025-05-18 17:23:48,680 - processing - INFO - Highest neutral: CPS Energy  at height 318.0001717200001 inches
2025-05-18 17:23:48,680 - processing - INFO - Found 5 attachment(s) below neutral:
2025-05-18 17:23:48,681 - processing - INFO -   1. CPS ENERGY Neutral at height 26'-6"
2025-05-18 17:23:48,681 - processing - INFO -   2. CPS ENERGY Supply Fiber at height 25'-5"
2025-05-18 17:23:48,681 - processing - INFO -   3. AT&T Fiber Optic Com at height 22'-10"
2025-05-18 17:23:48,682 - processing - INFO -   4. AT&T Telco Com at height 21'-10"
2025-05-18 17:23:48,682 - processing - INFO -   5. Charter Fiber Optic Com at height 22'-1"
2025-05-18 17:23:48,682 - processing - INFO - ==================================================
2025-05-18 17:23:48,718 - processing - INFO - Processing attachments below neutral for pole PL379971
2025-05-18 17:23:48,720 - processing - INFO - 
==================================================
2025-05-18 17:23:48,720 - processing - INFO - POLE SUMMARY: PL379971
2025-05-18 17:23:48,721 - processing - INFO - ==================================================
2025-05-18 17:23:48,721 - processing - INFO - Found 1 neutral wire(s):
2025-05-18 17:23:48,721 - processing - INFO -   1. CPS ENERGY Neutral at height 316.48 inches (source: katapult)
2025-05-18 17:23:48,721 - processing - INFO - Highest neutral: CPS ENERGY Neutral at height 316.48 inches
2025-05-18 17:23:48,723 - processing - INFO - Found 4 attachment(s) below neutral:
2025-05-18 17:23:48,723 - processing - INFO -   1. CPS ENERGY Neutral at height 26'-4"
2025-05-18 17:23:48,723 - processing - INFO -   2. CPS ENERGY Supply Fiber at height 24'-9"
2025-05-18 17:23:48,723 - processing - INFO -   3. AT&T Fiber Optic Com at height 23'-9"
2025-05-18 17:23:48,723 - processing - INFO -   4. AT&T Telco Com at height 22'-9"
2025-05-18 17:23:48,723 - processing - INFO - ==================================================
2025-05-18 17:23:48,744 - processing - INFO - Processing attachments below neutral for pole PL379966
2025-05-18 17:23:48,746 - processing - INFO - 
==================================================
2025-05-18 17:23:48,746 - processing - INFO - POLE SUMMARY: PL379966
2025-05-18 17:23:48,746 - processing - INFO - ==================================================
2025-05-18 17:23:48,747 - processing - INFO - Found 1 neutral wire(s):
2025-05-18 17:23:48,747 - processing - INFO -   1. CPS ENERGY Neutral at height 330.61 inches (source: katapult)
2025-05-18 17:23:48,747 - processing - INFO - Highest neutral: CPS ENERGY Neutral at height 330.61 inches
2025-05-18 17:23:48,747 - processing - INFO - Found 4 attachment(s) below neutral:
2025-05-18 17:23:48,748 - processing - INFO -   1. CPS ENERGY Neutral at height 27'-7"
2025-05-18 17:23:48,748 - processing - INFO -   2. CPS ENERGY Supply Fiber at height 26'-4"
2025-05-18 17:23:48,748 - processing - INFO -   3. AT&T Fiber Optic Com at height 23'-7"
2025-05-18 17:23:48,749 - processing - INFO -   4. AT&T Telco Com at height 22'-7"
2025-05-18 17:23:48,749 - processing - INFO - ==================================================
2025-05-18 17:23:48,805 - processing - INFO - Processing attachments below neutral for pole PL373937
2025-05-18 17:23:48,808 - processing - INFO - 
==================================================
2025-05-18 17:23:48,808 - processing - INFO - POLE SUMMARY: PL373937
2025-05-18 17:23:48,808 - processing - INFO - ==================================================
2025-05-18 17:23:48,810 - processing - INFO - Found 1 neutral wire(s):
2025-05-18 17:23:48,810 - processing - INFO -   1. CPS ENERGY Neutral at height 463.93 inches (source: katapult)
2025-05-18 17:23:48,810 - processing - INFO - Highest neutral: CPS ENERGY Neutral at height 463.93 inches
2025-05-18 17:23:48,811 - processing - INFO - Found 5 attachment(s) below neutral:
2025-05-18 17:23:48,811 - processing - INFO -   1. CPS ENERGY Neutral at height 38'-8"
2025-05-18 17:23:48,811 - processing - INFO -   2. CPS ENERGY Supply Fiber at height 36'-8"
2025-05-18 17:23:48,811 - processing - INFO -   3. AT&T Fiber Optic Com at height 32'-8"
2025-05-18 17:23:48,811 - processing - INFO -   4. AT&T Telco Com at height 27'-6"
2025-05-18 17:23:48,812 - processing - INFO -   5. CPS ENERGY Supply Fiber at height 36'-5"
2025-05-18 17:23:48,813 - processing - INFO - ==================================================
2025-05-18 17:23:48,875 - processing - INFO - Processing attachments below neutral for pole PL404475
2025-05-18 17:23:48,879 - processing - INFO - 
==================================================
2025-05-18 17:23:48,880 - processing - INFO - POLE SUMMARY: PL404475
2025-05-18 17:23:48,880 - processing - INFO - ==================================================
2025-05-18 17:23:48,880 - processing - INFO - Found 3 neutral wire(s):
2025-05-18 17:23:48,881 - processing - INFO -   1. CPS ENERGY Neutral at height 463.45 inches (source: katapult)
2025-05-18 17:23:48,881 - processing - INFO -   2. CPS ENERGY Neutral at height 432.76 inches (source: katapult)
2025-05-18 17:23:48,881 - processing - INFO -   3. CPS ENERGY Neutral at height 432.92 inches (source: katapult)
2025-05-18 17:23:48,881 - processing - INFO - Highest neutral: CPS ENERGY Neutral at height 463.45 inches
2025-05-18 17:23:48,882 - processing - INFO - Found 7 attachment(s) below neutral:
2025-05-18 17:23:48,882 - processing - INFO -   1. CPS ENERGY Neutral at height 38'-7"
2025-05-18 17:23:48,882 - processing - INFO -   2. CPS ENERGY Supply Fiber at height 37'-1"
2025-05-18 17:23:48,882 - processing - INFO -   3. AT&T Fiber Optic Com at height 31'-5"
2025-05-18 17:23:48,884 - processing - INFO -   4. AT&T Telco Com at height 21'-1"
2025-05-18 17:23:48,884 - processing - INFO -   5. CPS ENERGY Neutral at height 36'-1"
2025-05-18 17:23:48,884 - processing - INFO -   6. CPS ENERGY Neutral at height 36'-1"
2025-05-18 17:23:48,884 - processing - INFO -   7. CPS ENERGY Supply Fiber at height 36'-10"
2025-05-18 17:23:48,885 - processing - INFO - ==================================================
2025-05-18 17:23:48,912 - processing - INFO - Processing attachments below neutral for pole PL373935
2025-05-18 17:23:48,914 - processing - INFO - 
==================================================
2025-05-18 17:23:48,914 - processing - INFO - POLE SUMMARY: PL373935
2025-05-18 17:23:48,914 - processing - INFO - ==================================================
2025-05-18 17:23:48,914 - processing - INFO - Found 1 neutral wire(s):
2025-05-18 17:23:48,914 - processing - INFO -   1. CPS ENERGY Neutral at height 350.65 inches (source: katapult)
2025-05-18 17:23:48,915 - processing - INFO - Highest neutral: CPS ENERGY Neutral at height 350.65 inches
2025-05-18 17:23:48,915 - processing - INFO - Found 4 attachment(s) below neutral:
2025-05-18 17:23:48,915 - processing - INFO -   1. CPS ENERGY Neutral at height 29'-3"
2025-05-18 17:23:48,915 - processing - INFO -   2. CPS ENERGY Supply Fiber at height 27'-9"
2025-05-18 17:23:48,915 - processing - INFO -   3. AT&T Fiber Optic Com at height 24'-10"
2025-05-18 17:23:48,915 - processing - INFO -   4. AT&T Telco Com at height 23'-12"
2025-05-18 17:23:48,916 - processing - INFO - ==================================================
2025-05-18 17:23:48,933 - processing - INFO - Processing attachments below neutral for pole PL398490
2025-05-18 17:23:48,935 - processing - INFO - 
==================================================
2025-05-18 17:23:48,935 - processing - INFO - POLE SUMMARY: PL398490
2025-05-18 17:23:48,935 - processing - INFO - ==================================================
2025-05-18 17:23:48,935 - processing - INFO - Found 1 neutral wire(s):
2025-05-18 17:23:48,936 - processing - INFO -   1. CPS ENERGY Neutral at height 326.42 inches (source: katapult)
2025-05-18 17:23:48,936 - processing - INFO - Highest neutral: CPS ENERGY Neutral at height 326.42 inches
2025-05-18 17:23:48,936 - processing - INFO - Found 5 attachment(s) below neutral:
2025-05-18 17:23:48,936 - processing - INFO -   1. CPS ENERGY Neutral at height 27'-2"
2025-05-18 17:23:48,936 - processing - INFO -   2. CPS ENERGY Supply Fiber at height 26'-0"
2025-05-18 17:23:48,937 - processing - INFO -   3. AT&T Fiber Optic Com at height 24'-10"
2025-05-18 17:23:48,937 - processing - INFO -   4. AT&T Telco Com at height 23'-11"
2025-05-18 17:23:48,937 - processing - INFO -   5. CPS ENERGY Street Light Feed at height 27'-2"
2025-05-18 17:23:48,938 - processing - INFO - ==================================================
2025-05-18 17:23:48,961 - processing - INFO - Processing attachments below neutral for pole PL900997
2025-05-18 17:23:48,964 - processing - INFO - 
==================================================
2025-05-18 17:23:48,964 - processing - INFO - POLE SUMMARY: PL900997
2025-05-18 17:23:48,964 - processing - INFO - ==================================================
2025-05-18 17:23:48,964 - processing - INFO - Found 4 neutral wire(s):
2025-05-18 17:23:48,964 - processing - INFO -   1. CPS ENERGY Neutral at height 324.73 inches (source: katapult)
2025-05-18 17:23:48,964 - processing - INFO -   2. CPS ENERGY Neutral at height 342.91 inches (source: katapult)
2025-05-18 17:23:48,965 - processing - INFO -   3. CPS Energy  at height 325.0001755 inches (source: spidacalc)
2025-05-18 17:23:48,965 - processing - INFO -   4. CPS Energy  at height 325.0001755 inches (source: spidacalc)
2025-05-18 17:23:48,965 - processing - INFO - Highest neutral: CPS ENERGY Neutral at height 342.91 inches
2025-05-18 17:23:48,965 - processing - INFO - Found 7 attachment(s) below neutral:
2025-05-18 17:23:48,965 - processing - INFO -   1. CPS ENERGY Neutral at height 27'-1"
2025-05-18 17:23:48,966 - processing - INFO -   2. CPS ENERGY Street Light Feed at height 27'-1"
2025-05-18 17:23:48,966 - processing - INFO -   3. CPS ENERGY Supply Fiber at height 25'-10"
2025-05-18 17:23:48,966 - processing - INFO -   4. AT&T Fiber Optic Com at height 21'-6"
2025-05-18 17:23:48,966 - processing - INFO -   5. AT&T Telco Com at height 20'-6"
2025-05-18 17:23:48,966 - processing - INFO -   6. CPS ENERGY Service at height 27'-1"
2025-05-18 17:23:48,966 - processing - INFO -   7. Charter Fiber Optic Com at height 21'-6"
2025-05-18 17:23:48,968 - processing - INFO - ==================================================
2025-05-18 17:23:49,006 - processing - INFO - Processing attachments below neutral for pole PL404474
2025-05-18 17:23:49,008 - processing - INFO - 
==================================================
2025-05-18 17:23:49,008 - processing - INFO - POLE SUMMARY: PL404474
2025-05-18 17:23:49,008 - processing - INFO - ==================================================
2025-05-18 17:23:49,010 - processing - INFO - Found 3 neutral wire(s):
2025-05-18 17:23:49,010 - processing - INFO -   1. CPS ENERGY Neutral at height 311.85 inches (source: katapult)
2025-05-18 17:23:49,010 - processing - INFO -   2. CPS Energy  at height 312.00016848000007 inches (source: spidacalc)
2025-05-18 17:23:49,010 - processing - INFO -   3. CPS Energy  at height 312.00016848000007 inches (source: spidacalc)
2025-05-18 17:23:49,010 - processing - INFO - Highest neutral: CPS Energy  at height 312.00016848000007 inches
2025-05-18 17:23:49,011 - processing - INFO - Found 6 attachment(s) below neutral:
2025-05-18 17:23:49,011 - processing - INFO -   1. CPS ENERGY Neutral at height 25'-12"
2025-05-18 17:23:49,011 - processing - INFO -   2. CPS ENERGY Supply Fiber at height 24'-6"
2025-05-18 17:23:49,011 - processing - INFO -   3. AT&T Fiber Optic Com at height 22'-9"
2025-05-18 17:23:49,011 - processing - INFO -   4. AT&T Telco Com at height 21'-7"
2025-05-18 17:23:49,012 - processing - INFO -   5. CPS ENERGY Street Light Feed at height 25'-12"
2025-05-18 17:23:49,012 - processing - INFO -   6. Charter Fiber Optic Com at height 21'-7"
2025-05-18 17:23:49,012 - processing - INFO - ==================================================
2025-05-18 17:23:49,035 - processing - INFO - Processing attachments below neutral for pole PL401451
2025-05-18 17:23:49,037 - processing - INFO - 
==================================================
2025-05-18 17:23:49,037 - processing - INFO - POLE SUMMARY: PL401451
2025-05-18 17:23:49,037 - processing - INFO - ==================================================
2025-05-18 17:23:49,038 - processing - INFO - Found 2 neutral wire(s):
2025-05-18 17:23:49,038 - processing - INFO -   1. CPS ENERGY Neutral at height 318.97 inches (source: katapult)
2025-05-18 17:23:49,038 - processing - INFO -   2. CPS ENERGY Neutral at height 314.28 inches (source: katapult)
2025-05-18 17:23:49,038 - processing - INFO - Highest neutral: CPS ENERGY Neutral at height 318.97 inches
2025-05-18 17:23:49,039 - processing - INFO - Found 4 attachment(s) below neutral:
2025-05-18 17:23:49,039 - processing - INFO -   1. CPS ENERGY Neutral at height 26'-7"
2025-05-18 17:23:49,039 - processing - INFO -   2. CPS ENERGY Supply Fiber at height 24'-11"
2025-05-18 17:23:49,039 - processing - INFO -   3. AT&T Fiber Optic Com at height 22'-6"
2025-05-18 17:23:49,039 - processing - INFO -   4. AT&T Telco Com at height 21'-3"
2025-05-18 17:23:49,041 - processing - INFO - ==================================================
2025-05-18 17:23:49,077 - processing - INFO - Processing attachments below neutral for pole PL398491
2025-05-18 17:23:49,082 - processing - INFO - 
==================================================
2025-05-18 17:23:49,082 - processing - INFO - POLE SUMMARY: PL398491
2025-05-18 17:23:49,083 - processing - INFO - ==================================================
2025-05-18 17:23:49,083 - processing - INFO - Found 4 neutral wire(s):
2025-05-18 17:23:49,083 - processing - INFO -   1. CPS ENERGY Neutral at height 325.34 inches (source: katapult)
2025-05-18 17:23:49,083 - processing - INFO -   2. CPS ENERGY Neutral at height 322.75 inches (source: katapult)
2025-05-18 17:23:49,083 - processing - INFO -   3. CPS Energy  at height 324.00017496000004 inches (source: spidacalc)
2025-05-18 17:23:49,084 - processing - INFO -   4. CPS Energy  at height 327.0001765800001 inches (source: spidacalc)
2025-05-18 17:23:49,084 - processing - INFO - Highest neutral: CPS Energy  at height 327.0001765800001 inches
2025-05-18 17:23:49,084 - processing - INFO - Found 12 attachment(s) below neutral:
2025-05-18 17:23:49,084 - processing - INFO -   1. AT&T Com Drop at height 19'-8"
2025-05-18 17:23:49,085 - processing - INFO -   2. CPS ENERGY Service at height 27'-1"
2025-05-18 17:23:49,085 - processing - INFO -   3. AT&T Com Drop at height 19'-6"
2025-05-18 17:23:49,085 - processing - INFO -   4. AT&T Com Drop at height 19'-6"
2025-05-18 17:23:49,085 - processing - INFO -   5. CPS ENERGY Neutral at height 27'-1"
2025-05-18 17:23:49,085 - processing - INFO -   6. CPS ENERGY Neutral at height 26'-11"
2025-05-18 17:23:49,086 - processing - INFO -   7. CPS ENERGY Supply Fiber at height 25'-6"
2025-05-18 17:23:49,086 - processing - INFO -   8. AT&T Fiber Optic Com at height 21'-4"
2025-05-18 17:23:49,086 - processing - INFO -   9. AT&T Telco Com at height 20'-4"
2025-05-18 17:23:49,086 - processing - INFO -   10. AT&T Com Drop at height 19'-8"
2025-05-18 17:23:49,086 - processing - INFO -   11. Charter Fiber Optic Com at height 22'-4"
2025-05-18 17:23:49,087 - processing - INFO -   12. CPS ENERGY Supply Fiber at height 25'-9"
2025-05-18 17:23:49,087 - processing - INFO - ==================================================
2025-05-18 17:23:49,141 - processing - INFO - Processing attachments below neutral for pole PL410620
2025-05-18 17:23:49,145 - processing - INFO - 
==================================================
2025-05-18 17:23:49,145 - processing - INFO - POLE SUMMARY: PL410620
2025-05-18 17:23:49,146 - processing - INFO - ==================================================
2025-05-18 17:23:49,146 - processing - INFO - Found 3 neutral wire(s):
2025-05-18 17:23:49,146 - processing - INFO -   1. CPS ENERGY Neutral at height 354.28 inches (source: katapult)
2025-05-18 17:23:49,146 - processing - INFO -   2. CPS Energy  at height 354.0001911600001 inches (source: spidacalc)
2025-05-18 17:23:49,146 - processing - INFO -   3. CPS Energy  at height 354.0001911600001 inches (source: spidacalc)
2025-05-18 17:23:49,147 - processing - INFO - Highest neutral: CPS ENERGY Neutral at height 354.28 inches
2025-05-18 17:23:49,147 - processing - INFO - Found 6 attachment(s) below neutral:
2025-05-18 17:23:49,147 - processing - INFO -   1. CPS ENERGY Neutral at height 29'-6"
2025-05-18 17:23:49,147 - processing - INFO -   2. CPS ENERGY Supply Fiber at height 27'-12"
2025-05-18 17:23:49,148 - processing - INFO -   3. AT&T Fiber Optic Com at height 23'-7"
2025-05-18 17:23:49,148 - processing - INFO -   4. AT&T Telco Com at height 22'-4"
2025-05-18 17:23:49,148 - processing - INFO -   5. AT&T Com Drop at height 21'-5"
2025-05-18 17:23:49,148 - processing - INFO -   6. Charter Fiber Optic Com at height 24'-7"
2025-05-18 17:23:49,149 - processing - INFO - ==================================================
2025-05-18 17:23:49,166 - processing - INFO - Processing attachments below neutral for pole {'-Imported': 'PL410595'}
2025-05-18 17:23:49,168 - processing - INFO - 
==================================================
2025-05-18 17:23:49,169 - processing - INFO - POLE SUMMARY: {'-Imported': 'PL410595'}
2025-05-18 17:23:49,169 - processing - INFO - ==================================================
2025-05-18 17:23:49,169 - processing - INFO - Found 0 neutral wire(s):
2025-05-18 17:23:49,169 - processing - INFO - No neutral wires found!
2025-05-18 17:23:49,170 - processing - INFO - Found 0 attachment(s) below neutral:
2025-05-18 17:23:49,170 - processing - INFO - ==================================================
2025-05-18 17:23:49,190 - processing - INFO - Processing attachments below neutral for pole PL389359
2025-05-18 17:23:49,194 - processing - INFO - 
==================================================
2025-05-18 17:23:49,194 - processing - INFO - POLE SUMMARY: PL389359
2025-05-18 17:23:49,194 - processing - INFO - ==================================================
2025-05-18 17:23:49,194 - processing - INFO - Found 5 neutral wire(s):
2025-05-18 17:23:49,195 - processing - INFO -   1. CPS ENERGY Neutral at height 327.24 inches (source: katapult)
2025-05-18 17:23:49,195 - processing - INFO -   2. CPS ENERGY Neutral at height 327.15 inches (source: katapult)
2025-05-18 17:23:49,195 - processing - INFO -   3. CPS Energy  at height 327.0001765800001 inches (source: spidacalc)
2025-05-18 17:23:49,195 - processing - INFO -   4. CPS Energy  at height 327.0001765800001 inches (source: spidacalc)
2025-05-18 17:23:49,196 - processing - INFO -   5. CPS Energy  at height 327.0001765800001 inches (source: spidacalc)
2025-05-18 17:23:49,196 - processing - INFO - Highest neutral: CPS ENERGY Neutral at height 327.24 inches
2025-05-18 17:23:49,196 - processing - INFO - Found 6 attachment(s) below neutral:
2025-05-18 17:23:49,196 - processing - INFO -   1. CPS ENERGY Neutral at height 27'-3"
2025-05-18 17:23:49,196 - processing - INFO -   2. CPS ENERGY Supply Fiber at height 25'-9"
2025-05-18 17:23:49,197 - processing - INFO -   3. AT&T Fiber Optic Com at height 22'-8"
2025-05-18 17:23:49,197 - processing - INFO -   4. AT&T Telco Com at height 21'-8"
2025-05-18 17:23:49,197 - processing - INFO -   5. CPS ENERGY Neutral at height 27'-3"
2025-05-18 17:23:49,197 - processing - INFO -   6. Charter Fiber Optic Com at height 22'-12"
2025-05-18 17:23:49,197 - processing - INFO - ==================================================
