2025-05-16 16:07:57,988 - processing - INFO - Processing attachments below neutral for pole PL370858
2025-05-16 16:07:57,994 - processing - INFO - 
==================================================
2025-05-16 16:07:57,995 - processing - INFO - POLE SUMMARY: PL370858
2025-05-16 16:07:57,995 - processing - INFO - ==================================================
2025-05-16 16:07:57,996 - processing - INFO - Found 2 neutral wire(s):
2025-05-16 16:07:57,996 - processing - INFO -   1. CPS Energy  at height 318.0001717200001 inches (source: spidacalc)
2025-05-16 16:07:57,997 - processing - INFO -   2. CPS Energy  at height 318.0001717200001 inches (source: spidacalc)
2025-05-16 16:07:57,997 - processing - INFO - Highest neutral: CPS Energy  at height 318.0001717200001 inches
2025-05-16 16:07:57,998 - processing - INFO - Found 0 attachment(s) below neutral:
2025-05-16 16:07:57,998 - processing - INFO - ==================================================
2025-05-16 16:07:58,062 - processing - INFO - Processing attachments below neutral for pole PL379971
2025-05-16 16:07:58,063 - processing - INFO - 
==================================================
2025-05-16 16:07:58,063 - processing - INFO - POLE SUMMARY: PL379971
2025-05-16 16:07:58,064 - processing - INFO - ==================================================
2025-05-16 16:07:58,064 - processing - INFO - Found 0 neutral wire(s):
2025-05-16 16:07:58,064 - processing - INFO - No neutral wires found!
2025-05-16 16:07:58,064 - processing - INFO - Found 0 attachment(s) below neutral:
2025-05-16 16:07:58,065 - processing - INFO - ==================================================
2025-05-16 16:07:58,097 - processing - INFO - Processing attachments below neutral for pole PL379966
2025-05-16 16:07:58,098 - processing - INFO - 
==================================================
2025-05-16 16:07:58,098 - processing - INFO - POLE SUMMARY: PL379966
2025-05-16 16:07:58,098 - processing - INFO - ==================================================
2025-05-16 16:07:58,099 - processing - INFO - Found 0 neutral wire(s):
2025-05-16 16:07:58,099 - processing - INFO - No neutral wires found!
2025-05-16 16:07:58,099 - processing - INFO - Found 0 attachment(s) below neutral:
2025-05-16 16:07:58,099 - processing - INFO - ==================================================
2025-05-16 16:07:58,163 - processing - INFO - Processing attachments below neutral for pole PL373937
2025-05-16 16:07:58,164 - processing - INFO - 
==================================================
2025-05-16 16:07:58,164 - processing - INFO - POLE SUMMARY: PL373937
2025-05-16 16:07:58,164 - processing - INFO - ==================================================
2025-05-16 16:07:58,165 - processing - INFO - Found 0 neutral wire(s):
2025-05-16 16:07:58,165 - processing - INFO - No neutral wires found!
2025-05-16 16:07:58,165 - processing - INFO - Found 0 attachment(s) below neutral:
2025-05-16 16:07:58,165 - processing - INFO - ==================================================
2025-05-16 16:07:58,247 - processing - INFO - Processing attachments below neutral for pole PL404475
2025-05-16 16:07:58,248 - processing - INFO - 
==================================================
2025-05-16 16:07:58,248 - processing - INFO - POLE SUMMARY: PL404475
2025-05-16 16:07:58,248 - processing - INFO - ==================================================
2025-05-16 16:07:58,249 - processing - INFO - Found 0 neutral wire(s):
2025-05-16 16:07:58,249 - processing - INFO - No neutral wires found!
2025-05-16 16:07:58,249 - processing - INFO - Found 0 attachment(s) below neutral:
2025-05-16 16:07:58,249 - processing - INFO - ==================================================
2025-05-16 16:07:58,290 - processing - INFO - Processing attachments below neutral for pole PL373935
2025-05-16 16:07:58,291 - processing - INFO - 
==================================================
2025-05-16 16:07:58,291 - processing - INFO - POLE SUMMARY: PL373935
2025-05-16 16:07:58,291 - processing - INFO - ==================================================
2025-05-16 16:07:58,292 - processing - INFO - Found 0 neutral wire(s):
2025-05-16 16:07:58,292 - processing - INFO - No neutral wires found!
2025-05-16 16:07:58,292 - processing - INFO - Found 0 attachment(s) below neutral:
2025-05-16 16:07:58,293 - processing - INFO - ==================================================
2025-05-16 16:07:58,329 - processing - INFO - Processing attachments below neutral for pole PL398490
2025-05-16 16:07:58,329 - processing - INFO - 
==================================================
2025-05-16 16:07:58,330 - processing - INFO - POLE SUMMARY: PL398490
2025-05-16 16:07:58,330 - processing - INFO - ==================================================
2025-05-16 16:07:58,330 - processing - INFO - Found 0 neutral wire(s):
2025-05-16 16:07:58,331 - processing - INFO - No neutral wires found!
2025-05-16 16:07:58,331 - processing - INFO - Found 0 attachment(s) below neutral:
2025-05-16 16:07:58,331 - processing - INFO - ==================================================
2025-05-16 16:07:58,391 - processing - INFO - Processing attachments below neutral for pole PL900997
2025-05-16 16:07:58,396 - processing - INFO - 
==================================================
2025-05-16 16:07:58,396 - processing - INFO - POLE SUMMARY: PL900997
2025-05-16 16:07:58,397 - processing - INFO - ==================================================
2025-05-16 16:07:58,397 - processing - INFO - Found 2 neutral wire(s):
2025-05-16 16:07:58,398 - processing - INFO -   1. CPS Energy  at height 325.0001755 inches (source: spidacalc)
2025-05-16 16:07:58,398 - processing - INFO -   2. CPS Energy  at height 325.0001755 inches (source: spidacalc)
2025-05-16 16:07:58,399 - processing - INFO - Highest neutral: CPS Energy  at height 325.0001755 inches
2025-05-16 16:07:58,399 - processing - INFO - Found 0 attachment(s) below neutral:
2025-05-16 16:07:58,400 - processing - INFO - ==================================================
2025-05-16 16:07:58,471 - processing - INFO - Processing attachments below neutral for pole PL404474
2025-05-16 16:07:58,475 - processing - INFO - 
==================================================
2025-05-16 16:07:58,476 - processing - INFO - POLE SUMMARY: PL404474
2025-05-16 16:07:58,476 - processing - INFO - ==================================================
2025-05-16 16:07:58,476 - processing - INFO - Found 2 neutral wire(s):
2025-05-16 16:07:58,477 - processing - INFO -   1. CPS Energy  at height 312.00016848000007 inches (source: spidacalc)
2025-05-16 16:07:58,477 - processing - INFO -   2. CPS Energy  at height 312.00016848000007 inches (source: spidacalc)
2025-05-16 16:07:58,477 - processing - INFO - Highest neutral: CPS Energy  at height 312.00016848000007 inches
2025-05-16 16:07:58,478 - processing - INFO - Found 0 attachment(s) below neutral:
2025-05-16 16:07:58,478 - processing - INFO - ==================================================
2025-05-16 16:07:58,524 - processing - INFO - Processing attachments below neutral for pole PL401451
2025-05-16 16:07:58,525 - processing - INFO - 
==================================================
2025-05-16 16:07:58,525 - processing - INFO - POLE SUMMARY: PL401451
2025-05-16 16:07:58,525 - processing - INFO - ==================================================
2025-05-16 16:07:58,526 - processing - INFO - Found 0 neutral wire(s):
2025-05-16 16:07:58,526 - processing - INFO - No neutral wires found!
2025-05-16 16:07:58,526 - processing - INFO - Found 0 attachment(s) below neutral:
2025-05-16 16:07:58,526 - processing - INFO - ==================================================
2025-05-16 16:07:58,602 - processing - INFO - Processing attachments below neutral for pole PL398491
2025-05-16 16:07:58,606 - processing - INFO - 
==================================================
2025-05-16 16:07:58,606 - processing - INFO - POLE SUMMARY: PL398491
2025-05-16 16:07:58,606 - processing - INFO - ==================================================
2025-05-16 16:07:58,607 - processing - INFO - Found 2 neutral wire(s):
2025-05-16 16:07:58,607 - processing - INFO -   1. CPS Energy  at height 324.00017496000004 inches (source: spidacalc)
2025-05-16 16:07:58,607 - processing - INFO -   2. CPS Energy  at height 327.0001765800001 inches (source: spidacalc)
2025-05-16 16:07:58,608 - processing - INFO - Highest neutral: CPS Energy  at height 327.0001765800001 inches
2025-05-16 16:07:58,608 - processing - INFO - Found 0 attachment(s) below neutral:
2025-05-16 16:07:58,608 - processing - INFO - ==================================================
2025-05-16 16:07:58,697 - processing - INFO - Processing attachments below neutral for pole PL410620
2025-05-16 16:07:58,700 - processing - INFO - 
==================================================
2025-05-16 16:07:58,700 - processing - INFO - POLE SUMMARY: PL410620
2025-05-16 16:07:58,700 - processing - INFO - ==================================================
2025-05-16 16:07:58,700 - processing - INFO - Found 2 neutral wire(s):
2025-05-16 16:07:58,701 - processing - INFO -   1. CPS Energy  at height 354.0001911600001 inches (source: spidacalc)
2025-05-16 16:07:58,701 - processing - INFO -   2. CPS Energy  at height 354.0001911600001 inches (source: spidacalc)
2025-05-16 16:07:58,701 - processing - INFO - Highest neutral: CPS Energy  at height 354.0001911600001 inches
2025-05-16 16:07:58,702 - processing - INFO - Found 0 attachment(s) below neutral:
2025-05-16 16:07:58,702 - processing - INFO - ==================================================
2025-05-16 16:07:58,727 - processing - INFO - Processing attachments below neutral for pole {'-Imported': 'PL410595'}
2025-05-16 16:07:58,727 - processing - INFO - 
==================================================
2025-05-16 16:07:58,728 - processing - INFO - POLE SUMMARY: {'-Imported': 'PL410595'}
2025-05-16 16:07:58,728 - processing - INFO - ==================================================
2025-05-16 16:07:58,728 - processing - INFO - Found 0 neutral wire(s):
2025-05-16 16:07:58,729 - processing - INFO - No neutral wires found!
2025-05-16 16:07:58,729 - processing - INFO - Found 0 attachment(s) below neutral:
2025-05-16 16:07:58,729 - processing - INFO - ==================================================
2025-05-16 16:07:58,767 - processing - INFO - Processing attachments below neutral for pole PL389359
2025-05-16 16:07:58,770 - processing - INFO - 
==================================================
2025-05-16 16:07:58,770 - processing - INFO - POLE SUMMARY: PL389359
2025-05-16 16:07:58,770 - processing - INFO - ==================================================
2025-05-16 16:07:58,771 - processing - INFO - Found 3 neutral wire(s):
2025-05-16 16:07:58,771 - processing - INFO -   1. CPS Energy  at height 327.0001765800001 inches (source: spidacalc)
2025-05-16 16:07:58,771 - processing - INFO -   2. CPS Energy  at height 327.0001765800001 inches (source: spidacalc)
2025-05-16 16:07:58,771 - processing - INFO -   3. CPS Energy  at height 327.0001765800001 inches (source: spidacalc)
2025-05-16 16:07:58,772 - processing - INFO - Highest neutral: CPS Energy  at height 327.0001765800001 inches
2025-05-16 16:07:58,772 - processing - INFO - Found 0 attachment(s) below neutral:
2025-05-16 16:07:58,772 - processing - INFO - ==================================================
2025-05-16 16:08:11,979 - processing - INFO - Processing attachments below neutral for pole PL370858
2025-05-16 16:08:11,982 - processing - INFO - 
==================================================
2025-05-16 16:08:11,983 - processing - INFO - POLE SUMMARY: PL370858
2025-05-16 16:08:11,983 - processing - INFO - ==================================================
2025-05-16 16:08:11,984 - processing - INFO - Found 2 neutral wire(s):
2025-05-16 16:08:11,984 - processing - INFO -   1. CPS Energy  at height 318.0001717200001 inches (source: spidacalc)
2025-05-16 16:08:11,984 - processing - INFO -   2. CPS Energy  at height 318.0001717200001 inches (source: spidacalc)
2025-05-16 16:08:11,985 - processing - INFO - Highest neutral: CPS Energy  at height 318.0001717200001 inches
2025-05-16 16:08:11,985 - processing - INFO - Found 0 attachment(s) below neutral:
2025-05-16 16:08:11,986 - processing - INFO - ==================================================
2025-05-16 16:08:12,040 - processing - INFO - Processing attachments below neutral for pole PL379971
2025-05-16 16:08:12,040 - processing - INFO - 
==================================================
2025-05-16 16:08:12,041 - processing - INFO - POLE SUMMARY: PL379971
2025-05-16 16:08:12,041 - processing - INFO - ==================================================
2025-05-16 16:08:12,041 - processing - INFO - Found 0 neutral wire(s):
2025-05-16 16:08:12,041 - processing - INFO - No neutral wires found!
2025-05-16 16:08:12,042 - processing - INFO - Found 0 attachment(s) below neutral:
2025-05-16 16:08:12,042 - processing - INFO - ==================================================
2025-05-16 16:08:12,070 - processing - INFO - Processing attachments below neutral for pole PL379966
2025-05-16 16:08:12,071 - processing - INFO - 
==================================================
2025-05-16 16:08:12,071 - processing - INFO - POLE SUMMARY: PL379966
2025-05-16 16:08:12,071 - processing - INFO - ==================================================
2025-05-16 16:08:12,072 - processing - INFO - Found 0 neutral wire(s):
2025-05-16 16:08:12,072 - processing - INFO - No neutral wires found!
2025-05-16 16:08:12,072 - processing - INFO - Found 0 attachment(s) below neutral:
2025-05-16 16:08:12,072 - processing - INFO - ==================================================
2025-05-16 16:08:12,129 - processing - INFO - Processing attachments below neutral for pole PL373937
2025-05-16 16:08:12,129 - processing - INFO - 
==================================================
2025-05-16 16:08:12,130 - processing - INFO - POLE SUMMARY: PL373937
2025-05-16 16:08:12,130 - processing - INFO - ==================================================
2025-05-16 16:08:12,130 - processing - INFO - Found 0 neutral wire(s):
2025-05-16 16:08:12,131 - processing - INFO - No neutral wires found!
2025-05-16 16:08:12,131 - processing - INFO - Found 0 attachment(s) below neutral:
2025-05-16 16:08:12,131 - processing - INFO - ==================================================
2025-05-16 16:08:12,186 - processing - INFO - Processing attachments below neutral for pole PL404475
2025-05-16 16:08:12,187 - processing - INFO - 
==================================================
2025-05-16 16:08:12,187 - processing - INFO - POLE SUMMARY: PL404475
2025-05-16 16:08:12,187 - processing - INFO - ==================================================
2025-05-16 16:08:12,187 - processing - INFO - Found 0 neutral wire(s):
2025-05-16 16:08:12,188 - processing - INFO - No neutral wires found!
2025-05-16 16:08:12,188 - processing - INFO - Found 0 attachment(s) below neutral:
2025-05-16 16:08:12,188 - processing - INFO - ==================================================
2025-05-16 16:08:12,219 - processing - INFO - Processing attachments below neutral for pole PL373935
2025-05-16 16:08:12,219 - processing - INFO - 
==================================================
2025-05-16 16:08:12,219 - processing - INFO - POLE SUMMARY: PL373935
2025-05-16 16:08:12,220 - processing - INFO - ==================================================
2025-05-16 16:08:12,220 - processing - INFO - Found 0 neutral wire(s):
2025-05-16 16:08:12,220 - processing - INFO - No neutral wires found!
2025-05-16 16:08:12,220 - processing - INFO - Found 0 attachment(s) below neutral:
2025-05-16 16:08:12,221 - processing - INFO - ==================================================
2025-05-16 16:08:12,248 - processing - INFO - Processing attachments below neutral for pole PL398490
2025-05-16 16:08:12,248 - processing - INFO - 
==================================================
2025-05-16 16:08:12,248 - processing - INFO - POLE SUMMARY: PL398490
2025-05-16 16:08:12,249 - processing - INFO - ==================================================
2025-05-16 16:08:12,249 - processing - INFO - Found 0 neutral wire(s):
2025-05-16 16:08:12,249 - processing - INFO - No neutral wires found!
2025-05-16 16:08:12,250 - processing - INFO - Found 0 attachment(s) below neutral:
2025-05-16 16:08:12,250 - processing - INFO - ==================================================
2025-05-16 16:08:12,294 - processing - INFO - Processing attachments below neutral for pole PL900997
2025-05-16 16:08:12,298 - processing - INFO - 
==================================================
2025-05-16 16:08:12,298 - processing - INFO - POLE SUMMARY: PL900997
2025-05-16 16:08:12,299 - processing - INFO - ==================================================
2025-05-16 16:08:12,299 - processing - INFO - Found 2 neutral wire(s):
2025-05-16 16:08:12,299 - processing - INFO -   1. CPS Energy  at height 325.0001755 inches (source: spidacalc)
2025-05-16 16:08:12,299 - processing - INFO -   2. CPS Energy  at height 325.0001755 inches (source: spidacalc)
2025-05-16 16:08:12,300 - processing - INFO - Highest neutral: CPS Energy  at height 325.0001755 inches
2025-05-16 16:08:12,300 - processing - INFO - Found 0 attachment(s) below neutral:
2025-05-16 16:08:12,300 - processing - INFO - ==================================================
2025-05-16 16:08:12,345 - processing - INFO - Processing attachments below neutral for pole PL404474
2025-05-16 16:08:12,348 - processing - INFO - 
==================================================
2025-05-16 16:08:12,348 - processing - INFO - POLE SUMMARY: PL404474
2025-05-16 16:08:12,348 - processing - INFO - ==================================================
2025-05-16 16:08:12,349 - processing - INFO - Found 2 neutral wire(s):
2025-05-16 16:08:12,349 - processing - INFO -   1. CPS Energy  at height 312.00016848000007 inches (source: spidacalc)
2025-05-16 16:08:12,349 - processing - INFO -   2. CPS Energy  at height 312.00016848000007 inches (source: spidacalc)
2025-05-16 16:08:12,349 - processing - INFO - Highest neutral: CPS Energy  at height 312.00016848000007 inches
2025-05-16 16:08:12,349 - processing - INFO - Found 0 attachment(s) below neutral:
2025-05-16 16:08:12,350 - processing - INFO - ==================================================
2025-05-16 16:08:12,383 - processing - INFO - Processing attachments below neutral for pole PL401451
2025-05-16 16:08:12,383 - processing - INFO - 
==================================================
2025-05-16 16:08:12,384 - processing - INFO - POLE SUMMARY: PL401451
2025-05-16 16:08:12,384 - processing - INFO - ==================================================
2025-05-16 16:08:12,384 - processing - INFO - Found 0 neutral wire(s):
2025-05-16 16:08:12,384 - processing - INFO - No neutral wires found!
2025-05-16 16:08:12,385 - processing - INFO - Found 0 attachment(s) below neutral:
2025-05-16 16:08:12,385 - processing - INFO - ==================================================
2025-05-16 16:08:12,441 - processing - INFO - Processing attachments below neutral for pole PL398491
2025-05-16 16:08:12,444 - processing - INFO - 
==================================================
2025-05-16 16:08:12,444 - processing - INFO - POLE SUMMARY: PL398491
2025-05-16 16:08:12,444 - processing - INFO - ==================================================
2025-05-16 16:08:12,445 - processing - INFO - Found 2 neutral wire(s):
2025-05-16 16:08:12,445 - processing - INFO -   1. CPS Energy  at height 324.00017496000004 inches (source: spidacalc)
2025-05-16 16:08:12,445 - processing - INFO -   2. CPS Energy  at height 327.0001765800001 inches (source: spidacalc)
2025-05-16 16:08:12,445 - processing - INFO - Highest neutral: CPS Energy  at height 327.0001765800001 inches
2025-05-16 16:08:12,446 - processing - INFO - Found 0 attachment(s) below neutral:
2025-05-16 16:08:12,446 - processing - INFO - ==================================================
2025-05-16 16:08:12,518 - processing - INFO - Processing attachments below neutral for pole PL410620
2025-05-16 16:08:12,520 - processing - INFO - 
==================================================
2025-05-16 16:08:12,520 - processing - INFO - POLE SUMMARY: PL410620
2025-05-16 16:08:12,520 - processing - INFO - ==================================================
2025-05-16 16:08:12,520 - processing - INFO - Found 2 neutral wire(s):
2025-05-16 16:08:12,521 - processing - INFO -   1. CPS Energy  at height 354.0001911600001 inches (source: spidacalc)
2025-05-16 16:08:12,521 - processing - INFO -   2. CPS Energy  at height 354.0001911600001 inches (source: spidacalc)
2025-05-16 16:08:12,521 - processing - INFO - Highest neutral: CPS Energy  at height 354.0001911600001 inches
2025-05-16 16:08:12,521 - processing - INFO - Found 0 attachment(s) below neutral:
2025-05-16 16:08:12,521 - processing - INFO - ==================================================
2025-05-16 16:08:12,540 - processing - INFO - Processing attachments below neutral for pole {'-Imported': 'PL410595'}
2025-05-16 16:08:12,541 - processing - INFO - 
==================================================
2025-05-16 16:08:12,541 - processing - INFO - POLE SUMMARY: {'-Imported': 'PL410595'}
2025-05-16 16:08:12,541 - processing - INFO - ==================================================
2025-05-16 16:08:12,541 - processing - INFO - Found 0 neutral wire(s):
2025-05-16 16:08:12,542 - processing - INFO - No neutral wires found!
2025-05-16 16:08:12,542 - processing - INFO - Found 0 attachment(s) below neutral:
2025-05-16 16:08:12,542 - processing - INFO - ==================================================
2025-05-16 16:08:12,573 - processing - INFO - Processing attachments below neutral for pole PL389359
2025-05-16 16:08:12,575 - processing - INFO - 
==================================================
2025-05-16 16:08:12,575 - processing - INFO - POLE SUMMARY: PL389359
2025-05-16 16:08:12,575 - processing - INFO - ==================================================
2025-05-16 16:08:12,576 - processing - INFO - Found 3 neutral wire(s):
2025-05-16 16:08:12,576 - processing - INFO -   1. CPS Energy  at height 327.0001765800001 inches (source: spidacalc)
2025-05-16 16:08:12,576 - processing - INFO -   2. CPS Energy  at height 327.0001765800001 inches (source: spidacalc)
2025-05-16 16:08:12,576 - processing - INFO -   3. CPS Energy  at height 327.0001765800001 inches (source: spidacalc)
2025-05-16 16:08:12,576 - processing - INFO - Highest neutral: CPS Energy  at height 327.0001765800001 inches
2025-05-16 16:08:12,577 - processing - INFO - Found 0 attachment(s) below neutral:
2025-05-16 16:08:12,577 - processing - INFO - ==================================================
