2025-05-16 16:59:51,997 - processing - INFO - Processing attachments below neutral for pole PL370858
2025-05-16 16:59:52,003 - processing - INFO - 
==================================================
2025-05-16 16:59:52,004 - processing - INFO - POLE SUMMARY: PL370858
2025-05-16 16:59:52,004 - processing - INFO - ==================================================
2025-05-16 16:59:52,005 - processing - INFO - Found 3 neutral wire(s):
2025-05-16 16:59:52,005 - processing - INFO -   1. CPS ENERGY Neutral at height 317.6 inches (source: katapult)
2025-05-16 16:59:52,006 - processing - INFO -   2. CPS Energy  at height 318.0001717200001 inches (source: spidacalc)
2025-05-16 16:59:52,007 - processing - INFO -   3. CPS Energy  at height 318.0001717200001 inches (source: spidacalc)
2025-05-16 16:59:52,008 - processing - INFO - Highest neutral: CPS Energy  at height 318.0001717200001 inches
2025-05-16 16:59:52,008 - processing - INFO - Found 5 attachment(s) below neutral:
2025-05-16 16:59:52,009 - processing - INFO -   1. CPS ENERGY Neutral at height 26'-6"
2025-05-16 16:59:52,009 - processing - INFO -   2. CPS ENERGY Supply Fiber at height 25'-5"
2025-05-16 16:59:52,009 - processing - INFO -   3. AT&T Fiber Optic Com at height 22'-10"
2025-05-16 16:59:52,010 - processing - INFO -   4. AT&T Telco Com at height 21'-10"
2025-05-16 16:59:52,010 - processing - INFO -   5. Charter Fiber Optic Com at height 22'-1"
2025-05-16 16:59:52,010 - processing - INFO - ==================================================
2025-05-16 16:59:52,089 - processing - INFO - Processing attachments below neutral for pole PL379971
2025-05-16 16:59:52,092 - processing - INFO - 
==================================================
2025-05-16 16:59:52,093 - processing - INFO - POLE SUMMARY: PL379971
2025-05-16 16:59:52,093 - processing - INFO - ==================================================
2025-05-16 16:59:52,093 - processing - INFO - Found 1 neutral wire(s):
2025-05-16 16:59:52,093 - processing - INFO -   1. CPS ENERGY Neutral at height 316.48 inches (source: katapult)
2025-05-16 16:59:52,094 - processing - INFO - Highest neutral: CPS ENERGY Neutral at height 316.48 inches
2025-05-16 16:59:52,094 - processing - INFO - Found 4 attachment(s) below neutral:
2025-05-16 16:59:52,094 - processing - INFO -   1. CPS ENERGY Neutral at height 26'-4"
2025-05-16 16:59:52,095 - processing - INFO -   2. CPS ENERGY Supply Fiber at height 24'-9"
2025-05-16 16:59:52,095 - processing - INFO -   3. AT&T Fiber Optic Com at height 23'-9"
2025-05-16 16:59:52,095 - processing - INFO -   4. AT&T Telco Com at height 22'-9"
2025-05-16 16:59:52,096 - processing - INFO - ==================================================
2025-05-16 16:59:52,138 - processing - INFO - Processing attachments below neutral for pole PL379966
2025-05-16 16:59:52,141 - processing - INFO - 
==================================================
2025-05-16 16:59:52,141 - processing - INFO - POLE SUMMARY: PL379966
2025-05-16 16:59:52,141 - processing - INFO - ==================================================
2025-05-16 16:59:52,141 - processing - INFO - Found 1 neutral wire(s):
2025-05-16 16:59:52,142 - processing - INFO -   1. CPS ENERGY Neutral at height 330.61 inches (source: katapult)
2025-05-16 16:59:52,142 - processing - INFO - Highest neutral: CPS ENERGY Neutral at height 330.61 inches
2025-05-16 16:59:52,143 - processing - INFO - Found 4 attachment(s) below neutral:
2025-05-16 16:59:52,143 - processing - INFO -   1. CPS ENERGY Neutral at height 27'-7"
2025-05-16 16:59:52,143 - processing - INFO -   2. CPS ENERGY Supply Fiber at height 26'-4"
2025-05-16 16:59:52,143 - processing - INFO -   3. AT&T Fiber Optic Com at height 23'-7"
2025-05-16 16:59:52,144 - processing - INFO -   4. AT&T Telco Com at height 22'-7"
2025-05-16 16:59:52,144 - processing - INFO - ==================================================
2025-05-16 16:59:52,216 - processing - INFO - Processing attachments below neutral for pole PL373937
2025-05-16 16:59:52,220 - processing - INFO - 
==================================================
2025-05-16 16:59:52,221 - processing - INFO - POLE SUMMARY: PL373937
2025-05-16 16:59:52,221 - processing - INFO - ==================================================
2025-05-16 16:59:52,222 - processing - INFO - Found 1 neutral wire(s):
2025-05-16 16:59:52,222 - processing - INFO -   1. CPS ENERGY Neutral at height 463.93 inches (source: katapult)
2025-05-16 16:59:52,222 - processing - INFO - Highest neutral: CPS ENERGY Neutral at height 463.93 inches
2025-05-16 16:59:52,223 - processing - INFO - Found 5 attachment(s) below neutral:
2025-05-16 16:59:52,223 - processing - INFO -   1. CPS ENERGY Neutral at height 38'-8"
2025-05-16 16:59:52,223 - processing - INFO -   2. CPS ENERGY Supply Fiber at height 36'-8"
2025-05-16 16:59:52,224 - processing - INFO -   3. AT&T Fiber Optic Com at height 32'-8"
2025-05-16 16:59:52,224 - processing - INFO -   4. AT&T Telco Com at height 27'-6"
2025-05-16 16:59:52,224 - processing - INFO -   5. CPS ENERGY Supply Fiber at height 36'-5"
2025-05-16 16:59:52,225 - processing - INFO - ==================================================
2025-05-16 16:59:52,313 - processing - INFO - Processing attachments below neutral for pole PL404475
2025-05-16 16:59:52,317 - processing - INFO - 
==================================================
2025-05-16 16:59:52,318 - processing - INFO - POLE SUMMARY: PL404475
2025-05-16 16:59:52,318 - processing - INFO - ==================================================
2025-05-16 16:59:52,318 - processing - INFO - Found 3 neutral wire(s):
2025-05-16 16:59:52,319 - processing - INFO -   1. CPS ENERGY Neutral at height 463.45 inches (source: katapult)
2025-05-16 16:59:52,319 - processing - INFO -   2. CPS ENERGY Neutral at height 432.76 inches (source: katapult)
2025-05-16 16:59:52,320 - processing - INFO -   3. CPS ENERGY Neutral at height 432.92 inches (source: katapult)
2025-05-16 16:59:52,320 - processing - INFO - Highest neutral: CPS ENERGY Neutral at height 463.45 inches
2025-05-16 16:59:52,320 - processing - INFO - Found 7 attachment(s) below neutral:
2025-05-16 16:59:52,321 - processing - INFO -   1. CPS ENERGY Neutral at height 38'-7"
2025-05-16 16:59:52,321 - processing - INFO -   2. CPS ENERGY Supply Fiber at height 37'-1"
2025-05-16 16:59:52,321 - processing - INFO -   3. AT&T Fiber Optic Com at height 31'-5"
2025-05-16 16:59:52,321 - processing - INFO -   4. AT&T Telco Com at height 21'-1"
2025-05-16 16:59:52,322 - processing - INFO -   5. CPS ENERGY Neutral at height 36'-1"
2025-05-16 16:59:52,322 - processing - INFO -   6. CPS ENERGY Neutral at height 36'-1"
2025-05-16 16:59:52,323 - processing - INFO -   7. CPS ENERGY Supply Fiber at height 36'-10"
2025-05-16 16:59:52,323 - processing - INFO - ==================================================
2025-05-16 16:59:52,367 - processing - INFO - Processing attachments below neutral for pole PL373935
2025-05-16 16:59:52,370 - processing - INFO - 
==================================================
2025-05-16 16:59:52,370 - processing - INFO - POLE SUMMARY: PL373935
2025-05-16 16:59:52,371 - processing - INFO - ==================================================
2025-05-16 16:59:52,371 - processing - INFO - Found 1 neutral wire(s):
2025-05-16 16:59:52,371 - processing - INFO -   1. CPS ENERGY Neutral at height 350.65 inches (source: katapult)
2025-05-16 16:59:52,372 - processing - INFO - Highest neutral: CPS ENERGY Neutral at height 350.65 inches
2025-05-16 16:59:52,372 - processing - INFO - Found 4 attachment(s) below neutral:
2025-05-16 16:59:52,372 - processing - INFO -   1. CPS ENERGY Neutral at height 29'-3"
2025-05-16 16:59:52,372 - processing - INFO -   2. CPS ENERGY Supply Fiber at height 27'-9"
2025-05-16 16:59:52,373 - processing - INFO -   3. AT&T Fiber Optic Com at height 24'-10"
2025-05-16 16:59:52,373 - processing - INFO -   4. AT&T Telco Com at height 23'-12"
2025-05-16 16:59:52,373 - processing - INFO - ==================================================
2025-05-16 16:59:52,411 - processing - INFO - Processing attachments below neutral for pole PL398490
2025-05-16 16:59:52,414 - processing - INFO - 
==================================================
2025-05-16 16:59:52,414 - processing - INFO - POLE SUMMARY: PL398490
2025-05-16 16:59:52,415 - processing - INFO - ==================================================
2025-05-16 16:59:52,415 - processing - INFO - Found 1 neutral wire(s):
2025-05-16 16:59:52,415 - processing - INFO -   1. CPS ENERGY Neutral at height 326.42 inches (source: katapult)
2025-05-16 16:59:52,415 - processing - INFO - Highest neutral: CPS ENERGY Neutral at height 326.42 inches
2025-05-16 16:59:52,416 - processing - INFO - Found 5 attachment(s) below neutral:
2025-05-16 16:59:52,416 - processing - INFO -   1. CPS ENERGY Neutral at height 27'-2"
2025-05-16 16:59:52,416 - processing - INFO -   2. CPS ENERGY Supply Fiber at height 26'-0"
2025-05-16 16:59:52,416 - processing - INFO -   3. AT&T Fiber Optic Com at height 24'-10"
2025-05-16 16:59:52,417 - processing - INFO -   4. AT&T Telco Com at height 23'-11"
2025-05-16 16:59:52,417 - processing - INFO -   5. CPS ENERGY Street Light Feed at height 27'-2"
2025-05-16 16:59:52,418 - processing - INFO - ==================================================
2025-05-16 16:59:52,476 - processing - INFO - Processing attachments below neutral for pole PL900997
2025-05-16 16:59:52,482 - processing - INFO - 
==================================================
2025-05-16 16:59:52,483 - processing - INFO - POLE SUMMARY: PL900997
2025-05-16 16:59:52,483 - processing - INFO - ==================================================
2025-05-16 16:59:52,483 - processing - INFO - Found 4 neutral wire(s):
2025-05-16 16:59:52,484 - processing - INFO -   1. CPS ENERGY Neutral at height 324.73 inches (source: katapult)
2025-05-16 16:59:52,484 - processing - INFO -   2. CPS ENERGY Neutral at height 342.91 inches (source: katapult)
2025-05-16 16:59:52,484 - processing - INFO -   3. CPS Energy  at height 325.0001755 inches (source: spidacalc)
2025-05-16 16:59:52,485 - processing - INFO -   4. CPS Energy  at height 325.0001755 inches (source: spidacalc)
2025-05-16 16:59:52,485 - processing - INFO - Highest neutral: CPS ENERGY Neutral at height 342.91 inches
2025-05-16 16:59:52,485 - processing - INFO - Found 7 attachment(s) below neutral:
2025-05-16 16:59:52,486 - processing - INFO -   1. CPS ENERGY Neutral at height 27'-1"
2025-05-16 16:59:52,486 - processing - INFO -   2. CPS ENERGY Street Light Feed at height 27'-1"
2025-05-16 16:59:52,486 - processing - INFO -   3. CPS ENERGY Supply Fiber at height 25'-10"
2025-05-16 16:59:52,487 - processing - INFO -   4. AT&T Fiber Optic Com at height 21'-6"
2025-05-16 16:59:52,487 - processing - INFO -   5. AT&T Telco Com at height 20'-6"
2025-05-16 16:59:52,487 - processing - INFO -   6. CPS ENERGY Service at height 27'-1"
2025-05-16 16:59:52,488 - processing - INFO -   7. Charter Fiber Optic Com at height 21'-6"
2025-05-16 16:59:52,488 - processing - INFO - ==================================================
2025-05-16 16:59:52,561 - processing - INFO - Processing attachments below neutral for pole PL404474
2025-05-16 16:59:52,567 - processing - INFO - 
==================================================
2025-05-16 16:59:52,567 - processing - INFO - POLE SUMMARY: PL404474
2025-05-16 16:59:52,568 - processing - INFO - ==================================================
2025-05-16 16:59:52,568 - processing - INFO - Found 3 neutral wire(s):
2025-05-16 16:59:52,569 - processing - INFO -   1. CPS ENERGY Neutral at height 311.85 inches (source: katapult)
2025-05-16 16:59:52,569 - processing - INFO -   2. CPS Energy  at height 312.00016848000007 inches (source: spidacalc)
2025-05-16 16:59:52,569 - processing - INFO -   3. CPS Energy  at height 312.00016848000007 inches (source: spidacalc)
2025-05-16 16:59:52,570 - processing - INFO - Highest neutral: CPS Energy  at height 312.00016848000007 inches
2025-05-16 16:59:52,570 - processing - INFO - Found 6 attachment(s) below neutral:
2025-05-16 16:59:52,570 - processing - INFO -   1. CPS ENERGY Neutral at height 25'-12"
2025-05-16 16:59:52,571 - processing - INFO -   2. CPS ENERGY Supply Fiber at height 24'-6"
2025-05-16 16:59:52,571 - processing - INFO -   3. AT&T Fiber Optic Com at height 22'-9"
2025-05-16 16:59:52,571 - processing - INFO -   4. AT&T Telco Com at height 21'-7"
2025-05-16 16:59:52,572 - processing - INFO -   5. CPS ENERGY Street Light Feed at height 25'-12"
2025-05-16 16:59:52,572 - processing - INFO -   6. Charter Fiber Optic Com at height 21'-7"
2025-05-16 16:59:52,572 - processing - INFO - ==================================================
2025-05-16 16:59:52,627 - processing - INFO - Processing attachments below neutral for pole PL401451
2025-05-16 16:59:52,633 - processing - INFO - 
==================================================
2025-05-16 16:59:52,633 - processing - INFO - POLE SUMMARY: PL401451
2025-05-16 16:59:52,633 - processing - INFO - ==================================================
2025-05-16 16:59:52,634 - processing - INFO - Found 2 neutral wire(s):
2025-05-16 16:59:52,634 - processing - INFO -   1. CPS ENERGY Neutral at height 318.97 inches (source: katapult)
2025-05-16 16:59:52,635 - processing - INFO -   2. CPS ENERGY Neutral at height 314.28 inches (source: katapult)
2025-05-16 16:59:52,635 - processing - INFO - Highest neutral: CPS ENERGY Neutral at height 318.97 inches
2025-05-16 16:59:52,636 - processing - INFO - Found 4 attachment(s) below neutral:
2025-05-16 16:59:52,636 - processing - INFO -   1. CPS ENERGY Neutral at height 26'-7"
2025-05-16 16:59:52,637 - processing - INFO -   2. CPS ENERGY Supply Fiber at height 24'-11"
2025-05-16 16:59:52,637 - processing - INFO -   3. AT&T Fiber Optic Com at height 22'-6"
2025-05-16 16:59:52,637 - processing - INFO -   4. AT&T Telco Com at height 21'-3"
2025-05-16 16:59:52,638 - processing - INFO - ==================================================
2025-05-16 16:59:52,733 - processing - INFO - Processing attachments below neutral for pole PL398491
2025-05-16 16:59:52,740 - processing - INFO - 
==================================================
2025-05-16 16:59:52,741 - processing - INFO - POLE SUMMARY: PL398491
2025-05-16 16:59:52,741 - processing - INFO - ==================================================
2025-05-16 16:59:52,741 - processing - INFO - Found 4 neutral wire(s):
2025-05-16 16:59:52,742 - processing - INFO -   1. CPS ENERGY Neutral at height 325.34 inches (source: katapult)
2025-05-16 16:59:52,742 - processing - INFO -   2. CPS ENERGY Neutral at height 322.75 inches (source: katapult)
2025-05-16 16:59:52,743 - processing - INFO -   3. CPS Energy  at height 324.00017496000004 inches (source: spidacalc)
2025-05-16 16:59:52,743 - processing - INFO -   4. CPS Energy  at height 327.0001765800001 inches (source: spidacalc)
2025-05-16 16:59:52,743 - processing - INFO - Highest neutral: CPS Energy  at height 327.0001765800001 inches
2025-05-16 16:59:52,744 - processing - INFO - Found 12 attachment(s) below neutral:
2025-05-16 16:59:52,744 - processing - INFO -   1. AT&T Com Drop at height 19'-8"
2025-05-16 16:59:52,744 - processing - INFO -   2. CPS ENERGY Service at height 27'-1"
2025-05-16 16:59:52,745 - processing - INFO -   3. AT&T Com Drop at height 19'-6"
2025-05-16 16:59:52,745 - processing - INFO -   4. AT&T Com Drop at height 19'-6"
2025-05-16 16:59:52,745 - processing - INFO -   5. CPS ENERGY Neutral at height 27'-1"
2025-05-16 16:59:52,746 - processing - INFO -   6. CPS ENERGY Neutral at height 26'-11"
2025-05-16 16:59:52,746 - processing - INFO -   7. CPS ENERGY Supply Fiber at height 25'-6"
2025-05-16 16:59:52,747 - processing - INFO -   8. AT&T Fiber Optic Com at height 21'-4"
2025-05-16 16:59:52,747 - processing - INFO -   9. AT&T Telco Com at height 20'-4"
2025-05-16 16:59:52,747 - processing - INFO -   10. AT&T Com Drop at height 19'-8"
2025-05-16 16:59:52,748 - processing - INFO -   11. Charter Fiber Optic Com at height 22'-4"
2025-05-16 16:59:52,748 - processing - INFO -   12. CPS ENERGY Supply Fiber at height 25'-9"
2025-05-16 16:59:52,748 - processing - INFO - ==================================================
2025-05-16 16:59:52,868 - processing - INFO - Processing attachments below neutral for pole PL410620
2025-05-16 16:59:52,873 - processing - INFO - 
==================================================
2025-05-16 16:59:52,873 - processing - INFO - POLE SUMMARY: PL410620
2025-05-16 16:59:52,874 - processing - INFO - ==================================================
2025-05-16 16:59:52,874 - processing - INFO - Found 3 neutral wire(s):
2025-05-16 16:59:52,874 - processing - INFO -   1. CPS ENERGY Neutral at height 354.28 inches (source: katapult)
2025-05-16 16:59:52,875 - processing - INFO -   2. CPS Energy  at height 354.0001911600001 inches (source: spidacalc)
2025-05-16 16:59:52,875 - processing - INFO -   3. CPS Energy  at height 354.0001911600001 inches (source: spidacalc)
2025-05-16 16:59:52,875 - processing - INFO - Highest neutral: CPS ENERGY Neutral at height 354.28 inches
2025-05-16 16:59:52,876 - processing - INFO - Found 6 attachment(s) below neutral:
2025-05-16 16:59:52,876 - processing - INFO -   1. CPS ENERGY Neutral at height 29'-6"
2025-05-16 16:59:52,876 - processing - INFO -   2. CPS ENERGY Supply Fiber at height 27'-12"
2025-05-16 16:59:52,877 - processing - INFO -   3. AT&T Fiber Optic Com at height 23'-7"
2025-05-16 16:59:52,877 - processing - INFO -   4. AT&T Telco Com at height 22'-4"
2025-05-16 16:59:52,877 - processing - INFO -   5. AT&T Com Drop at height 21'-5"
2025-05-16 16:59:52,878 - processing - INFO -   6. Charter Fiber Optic Com at height 24'-7"
2025-05-16 16:59:52,878 - processing - INFO - ==================================================
2025-05-16 16:59:52,909 - processing - INFO - Processing attachments below neutral for pole {'-Imported': 'PL410595'}
2025-05-16 16:59:52,911 - processing - INFO - 
==================================================
2025-05-16 16:59:52,912 - processing - INFO - POLE SUMMARY: {'-Imported': 'PL410595'}
2025-05-16 16:59:52,912 - processing - INFO - ==================================================
2025-05-16 16:59:52,912 - processing - INFO - Found 0 neutral wire(s):
2025-05-16 16:59:52,913 - processing - INFO - No neutral wires found!
2025-05-16 16:59:52,913 - processing - INFO - Found 0 attachment(s) below neutral:
2025-05-16 16:59:52,913 - processing - INFO - ==================================================
2025-05-16 16:59:52,965 - processing - INFO - Processing attachments below neutral for pole PL389359
2025-05-16 16:59:52,972 - processing - INFO - 
==================================================
2025-05-16 16:59:52,972 - processing - INFO - POLE SUMMARY: PL389359
2025-05-16 16:59:52,973 - processing - INFO - ==================================================
2025-05-16 16:59:52,973 - processing - INFO - Found 5 neutral wire(s):
2025-05-16 16:59:52,974 - processing - INFO -   1. CPS ENERGY Neutral at height 327.24 inches (source: katapult)
2025-05-16 16:59:52,974 - processing - INFO -   2. CPS ENERGY Neutral at height 327.15 inches (source: katapult)
2025-05-16 16:59:52,975 - processing - INFO -   3. CPS Energy  at height 327.0001765800001 inches (source: spidacalc)
2025-05-16 16:59:52,975 - processing - INFO -   4. CPS Energy  at height 327.0001765800001 inches (source: spidacalc)
2025-05-16 16:59:52,976 - processing - INFO -   5. CPS Energy  at height 327.0001765800001 inches (source: spidacalc)
2025-05-16 16:59:52,976 - processing - INFO - Highest neutral: CPS ENERGY Neutral at height 327.24 inches
2025-05-16 16:59:52,977 - processing - INFO - Found 6 attachment(s) below neutral:
2025-05-16 16:59:52,977 - processing - INFO -   1. CPS ENERGY Neutral at height 27'-3"
2025-05-16 16:59:52,978 - processing - INFO -   2. CPS ENERGY Supply Fiber at height 25'-9"
2025-05-16 16:59:52,978 - processing - INFO -   3. AT&T Fiber Optic Com at height 22'-8"
2025-05-16 16:59:52,979 - processing - INFO -   4. AT&T Telco Com at height 21'-8"
2025-05-16 16:59:52,979 - processing - INFO -   5. CPS ENERGY Neutral at height 27'-3"
2025-05-16 16:59:52,979 - processing - INFO -   6. Charter Fiber Optic Com at height 22'-12"
2025-05-16 16:59:52,980 - processing - INFO - ==================================================
2025-05-16 17:00:22,534 - processing - INFO - Processing attachments below neutral for pole PL370858
2025-05-16 17:00:22,538 - processing - INFO - 
==================================================
2025-05-16 17:00:22,539 - processing - INFO - POLE SUMMARY: PL370858
2025-05-16 17:00:22,539 - processing - INFO - ==================================================
2025-05-16 17:00:22,540 - processing - INFO - Found 3 neutral wire(s):
2025-05-16 17:00:22,540 - processing - INFO -   1. CPS ENERGY Neutral at height 317.6 inches (source: katapult)
2025-05-16 17:00:22,540 - processing - INFO -   2. CPS Energy  at height 318.0001717200001 inches (source: spidacalc)
2025-05-16 17:00:22,541 - processing - INFO -   3. CPS Energy  at height 318.0001717200001 inches (source: spidacalc)
2025-05-16 17:00:22,541 - processing - INFO - Highest neutral: CPS Energy  at height 318.0001717200001 inches
2025-05-16 17:00:22,542 - processing - INFO - Found 5 attachment(s) below neutral:
2025-05-16 17:00:22,542 - processing - INFO -   1. CPS ENERGY Neutral at height 26'-6"
2025-05-16 17:00:22,542 - processing - INFO -   2. CPS ENERGY Supply Fiber at height 25'-5"
2025-05-16 17:00:22,543 - processing - INFO -   3. AT&T Fiber Optic Com at height 22'-10"
2025-05-16 17:00:22,543 - processing - INFO -   4. AT&T Telco Com at height 21'-10"
2025-05-16 17:00:22,543 - processing - INFO -   5. Charter Fiber Optic Com at height 22'-1"
2025-05-16 17:00:22,543 - processing - INFO - ==================================================
2025-05-16 17:00:22,608 - processing - INFO - Processing attachments below neutral for pole PL379971
2025-05-16 17:00:22,611 - processing - INFO - 
==================================================
2025-05-16 17:00:22,612 - processing - INFO - POLE SUMMARY: PL379971
2025-05-16 17:00:22,612 - processing - INFO - ==================================================
2025-05-16 17:00:22,612 - processing - INFO - Found 1 neutral wire(s):
2025-05-16 17:00:22,613 - processing - INFO -   1. CPS ENERGY Neutral at height 316.48 inches (source: katapult)
2025-05-16 17:00:22,613 - processing - INFO - Highest neutral: CPS ENERGY Neutral at height 316.48 inches
2025-05-16 17:00:22,614 - processing - INFO - Found 4 attachment(s) below neutral:
2025-05-16 17:00:22,614 - processing - INFO -   1. CPS ENERGY Neutral at height 26'-4"
2025-05-16 17:00:22,614 - processing - INFO -   2. CPS ENERGY Supply Fiber at height 24'-9"
2025-05-16 17:00:22,615 - processing - INFO -   3. AT&T Fiber Optic Com at height 23'-9"
2025-05-16 17:00:22,615 - processing - INFO -   4. AT&T Telco Com at height 22'-9"
2025-05-16 17:00:22,615 - processing - INFO - ==================================================
2025-05-16 17:00:22,657 - processing - INFO - Processing attachments below neutral for pole PL379966
2025-05-16 17:00:22,671 - processing - INFO - 
==================================================
2025-05-16 17:00:22,671 - processing - INFO - POLE SUMMARY: PL379966
2025-05-16 17:00:22,672 - processing - INFO - ==================================================
2025-05-16 17:00:22,672 - processing - INFO - Found 1 neutral wire(s):
2025-05-16 17:00:22,672 - processing - INFO -   1. CPS ENERGY Neutral at height 330.61 inches (source: katapult)
2025-05-16 17:00:22,673 - processing - INFO - Highest neutral: CPS ENERGY Neutral at height 330.61 inches
2025-05-16 17:00:22,673 - processing - INFO - Found 4 attachment(s) below neutral:
2025-05-16 17:00:22,674 - processing - INFO -   1. CPS ENERGY Neutral at height 27'-7"
2025-05-16 17:00:22,674 - processing - INFO -   2. CPS ENERGY Supply Fiber at height 26'-4"
2025-05-16 17:00:22,674 - processing - INFO -   3. AT&T Fiber Optic Com at height 23'-7"
2025-05-16 17:00:22,675 - processing - INFO -   4. AT&T Telco Com at height 22'-7"
2025-05-16 17:00:22,675 - processing - INFO - ==================================================
2025-05-16 17:00:22,744 - processing - INFO - Processing attachments below neutral for pole PL373937
2025-05-16 17:00:22,748 - processing - INFO - 
==================================================
2025-05-16 17:00:22,748 - processing - INFO - POLE SUMMARY: PL373937
2025-05-16 17:00:22,749 - processing - INFO - ==================================================
2025-05-16 17:00:22,749 - processing - INFO - Found 1 neutral wire(s):
2025-05-16 17:00:22,749 - processing - INFO -   1. CPS ENERGY Neutral at height 463.93 inches (source: katapult)
2025-05-16 17:00:22,750 - processing - INFO - Highest neutral: CPS ENERGY Neutral at height 463.93 inches
2025-05-16 17:00:22,750 - processing - INFO - Found 5 attachment(s) below neutral:
2025-05-16 17:00:22,751 - processing - INFO -   1. CPS ENERGY Neutral at height 38'-8"
2025-05-16 17:00:22,751 - processing - INFO -   2. CPS ENERGY Supply Fiber at height 36'-8"
2025-05-16 17:00:22,751 - processing - INFO -   3. AT&T Fiber Optic Com at height 32'-8"
2025-05-16 17:00:22,752 - processing - INFO -   4. AT&T Telco Com at height 27'-6"
2025-05-16 17:00:22,752 - processing - INFO -   5. CPS ENERGY Supply Fiber at height 36'-5"
2025-05-16 17:00:22,753 - processing - INFO - ==================================================
2025-05-16 17:00:22,847 - processing - INFO - Processing attachments below neutral for pole PL404475
2025-05-16 17:00:22,853 - processing - INFO - 
==================================================
2025-05-16 17:00:22,853 - processing - INFO - POLE SUMMARY: PL404475
2025-05-16 17:00:22,854 - processing - INFO - ==================================================
2025-05-16 17:00:22,854 - processing - INFO - Found 3 neutral wire(s):
2025-05-16 17:00:22,854 - processing - INFO -   1. CPS ENERGY Neutral at height 463.45 inches (source: katapult)
2025-05-16 17:00:22,855 - processing - INFO -   2. CPS ENERGY Neutral at height 432.76 inches (source: katapult)
2025-05-16 17:00:22,855 - processing - INFO -   3. CPS ENERGY Neutral at height 432.92 inches (source: katapult)
2025-05-16 17:00:22,856 - processing - INFO - Highest neutral: CPS ENERGY Neutral at height 463.45 inches
2025-05-16 17:00:22,856 - processing - INFO - Found 7 attachment(s) below neutral:
2025-05-16 17:00:22,857 - processing - INFO -   1. CPS ENERGY Neutral at height 38'-7"
2025-05-16 17:00:22,857 - processing - INFO -   2. CPS ENERGY Supply Fiber at height 37'-1"
2025-05-16 17:00:22,858 - processing - INFO -   3. AT&T Fiber Optic Com at height 31'-5"
2025-05-16 17:00:22,858 - processing - INFO -   4. AT&T Telco Com at height 21'-1"
2025-05-16 17:00:22,859 - processing - INFO -   5. CPS ENERGY Neutral at height 36'-1"
2025-05-16 17:00:22,859 - processing - INFO -   6. CPS ENERGY Neutral at height 36'-1"
2025-05-16 17:00:22,860 - processing - INFO -   7. CPS ENERGY Supply Fiber at height 36'-10"
2025-05-16 17:00:22,860 - processing - INFO - ==================================================
2025-05-16 17:00:22,915 - processing - INFO - Processing attachments below neutral for pole PL373935
2025-05-16 17:00:22,918 - processing - INFO - 
==================================================
2025-05-16 17:00:22,918 - processing - INFO - POLE SUMMARY: PL373935
2025-05-16 17:00:22,919 - processing - INFO - ==================================================
2025-05-16 17:00:22,919 - processing - INFO - Found 1 neutral wire(s):
2025-05-16 17:00:22,920 - processing - INFO -   1. CPS ENERGY Neutral at height 350.65 inches (source: katapult)
2025-05-16 17:00:22,920 - processing - INFO - Highest neutral: CPS ENERGY Neutral at height 350.65 inches
2025-05-16 17:00:22,921 - processing - INFO - Found 4 attachment(s) below neutral:
2025-05-16 17:00:22,921 - processing - INFO -   1. CPS ENERGY Neutral at height 29'-3"
2025-05-16 17:00:22,921 - processing - INFO -   2. CPS ENERGY Supply Fiber at height 27'-9"
2025-05-16 17:00:22,922 - processing - INFO -   3. AT&T Fiber Optic Com at height 24'-10"
2025-05-16 17:00:22,922 - processing - INFO -   4. AT&T Telco Com at height 23'-12"
2025-05-16 17:00:22,922 - processing - INFO - ==================================================
2025-05-16 17:00:22,967 - processing - INFO - Processing attachments below neutral for pole PL398490
2025-05-16 17:00:22,971 - processing - INFO - 
==================================================
2025-05-16 17:00:22,972 - processing - INFO - POLE SUMMARY: PL398490
2025-05-16 17:00:22,972 - processing - INFO - ==================================================
2025-05-16 17:00:22,972 - processing - INFO - Found 1 neutral wire(s):
2025-05-16 17:00:22,973 - processing - INFO -   1. CPS ENERGY Neutral at height 326.42 inches (source: katapult)
2025-05-16 17:00:22,973 - processing - INFO - Highest neutral: CPS ENERGY Neutral at height 326.42 inches
2025-05-16 17:00:22,974 - processing - INFO - Found 5 attachment(s) below neutral:
2025-05-16 17:00:22,974 - processing - INFO -   1. CPS ENERGY Neutral at height 27'-2"
2025-05-16 17:00:22,975 - processing - INFO -   2. CPS ENERGY Supply Fiber at height 26'-0"
2025-05-16 17:00:22,975 - processing - INFO -   3. AT&T Fiber Optic Com at height 24'-10"
2025-05-16 17:00:22,975 - processing - INFO -   4. AT&T Telco Com at height 23'-11"
2025-05-16 17:00:22,976 - processing - INFO -   5. CPS ENERGY Street Light Feed at height 27'-2"
2025-05-16 17:00:22,976 - processing - INFO - ==================================================
2025-05-16 17:00:23,049 - processing - INFO - Processing attachments below neutral for pole PL900997
2025-05-16 17:00:23,056 - processing - INFO - 
==================================================
2025-05-16 17:00:23,056 - processing - INFO - POLE SUMMARY: PL900997
2025-05-16 17:00:23,057 - processing - INFO - ==================================================
2025-05-16 17:00:23,057 - processing - INFO - Found 4 neutral wire(s):
2025-05-16 17:00:23,057 - processing - INFO -   1. CPS ENERGY Neutral at height 324.73 inches (source: katapult)
2025-05-16 17:00:23,058 - processing - INFO -   2. CPS ENERGY Neutral at height 342.91 inches (source: katapult)
2025-05-16 17:00:23,058 - processing - INFO -   3. CPS Energy  at height 325.0001755 inches (source: spidacalc)
2025-05-16 17:00:23,059 - processing - INFO -   4. CPS Energy  at height 325.0001755 inches (source: spidacalc)
2025-05-16 17:00:23,059 - processing - INFO - Highest neutral: CPS ENERGY Neutral at height 342.91 inches
2025-05-16 17:00:23,060 - processing - INFO - Found 7 attachment(s) below neutral:
2025-05-16 17:00:23,060 - processing - INFO -   1. CPS ENERGY Neutral at height 27'-1"
2025-05-16 17:00:23,060 - processing - INFO -   2. CPS ENERGY Street Light Feed at height 27'-1"
2025-05-16 17:00:23,061 - processing - INFO -   3. CPS ENERGY Supply Fiber at height 25'-10"
2025-05-16 17:00:23,061 - processing - INFO -   4. AT&T Fiber Optic Com at height 21'-6"
2025-05-16 17:00:23,061 - processing - INFO -   5. AT&T Telco Com at height 20'-6"
2025-05-16 17:00:23,062 - processing - INFO -   6. CPS ENERGY Service at height 27'-1"
2025-05-16 17:00:23,062 - processing - INFO -   7. Charter Fiber Optic Com at height 21'-6"
2025-05-16 17:00:23,063 - processing - INFO - ==================================================
2025-05-16 17:00:23,139 - processing - INFO - Processing attachments below neutral for pole PL404474
2025-05-16 17:00:23,144 - processing - INFO - 
==================================================
2025-05-16 17:00:23,144 - processing - INFO - POLE SUMMARY: PL404474
2025-05-16 17:00:23,145 - processing - INFO - ==================================================
2025-05-16 17:00:23,145 - processing - INFO - Found 3 neutral wire(s):
2025-05-16 17:00:23,145 - processing - INFO -   1. CPS ENERGY Neutral at height 311.85 inches (source: katapult)
2025-05-16 17:00:23,146 - processing - INFO -   2. CPS Energy  at height 312.00016848000007 inches (source: spidacalc)
2025-05-16 17:00:23,146 - processing - INFO -   3. CPS Energy  at height 312.00016848000007 inches (source: spidacalc)
2025-05-16 17:00:23,147 - processing - INFO - Highest neutral: CPS Energy  at height 312.00016848000007 inches
2025-05-16 17:00:23,147 - processing - INFO - Found 6 attachment(s) below neutral:
2025-05-16 17:00:23,148 - processing - INFO -   1. CPS ENERGY Neutral at height 25'-12"
2025-05-16 17:00:23,148 - processing - INFO -   2. CPS ENERGY Supply Fiber at height 24'-6"
2025-05-16 17:00:23,148 - processing - INFO -   3. AT&T Fiber Optic Com at height 22'-9"
2025-05-16 17:00:23,149 - processing - INFO -   4. AT&T Telco Com at height 21'-7"
2025-05-16 17:00:23,149 - processing - INFO -   5. CPS ENERGY Street Light Feed at height 25'-12"
2025-05-16 17:00:23,150 - processing - INFO -   6. Charter Fiber Optic Com at height 21'-7"
2025-05-16 17:00:23,150 - processing - INFO - ==================================================
2025-05-16 17:00:23,212 - processing - INFO - Processing attachments below neutral for pole PL401451
2025-05-16 17:00:23,217 - processing - INFO - 
==================================================
2025-05-16 17:00:23,218 - processing - INFO - POLE SUMMARY: PL401451
2025-05-16 17:00:23,218 - processing - INFO - ==================================================
2025-05-16 17:00:23,219 - processing - INFO - Found 2 neutral wire(s):
2025-05-16 17:00:23,219 - processing - INFO -   1. CPS ENERGY Neutral at height 318.97 inches (source: katapult)
2025-05-16 17:00:23,220 - processing - INFO -   2. CPS ENERGY Neutral at height 314.28 inches (source: katapult)
2025-05-16 17:00:23,220 - processing - INFO - Highest neutral: CPS ENERGY Neutral at height 318.97 inches
2025-05-16 17:00:23,221 - processing - INFO - Found 4 attachment(s) below neutral:
2025-05-16 17:00:23,221 - processing - INFO -   1. CPS ENERGY Neutral at height 26'-7"
2025-05-16 17:00:23,221 - processing - INFO -   2. CPS ENERGY Supply Fiber at height 24'-11"
2025-05-16 17:00:23,222 - processing - INFO -   3. AT&T Fiber Optic Com at height 22'-6"
2025-05-16 17:00:23,222 - processing - INFO -   4. AT&T Telco Com at height 21'-3"
2025-05-16 17:00:23,222 - processing - INFO - ==================================================
2025-05-16 17:00:23,317 - processing - INFO - Processing attachments below neutral for pole PL398491
2025-05-16 17:00:23,325 - processing - INFO - 
==================================================
2025-05-16 17:00:23,326 - processing - INFO - POLE SUMMARY: PL398491
2025-05-16 17:00:23,326 - processing - INFO - ==================================================
2025-05-16 17:00:23,327 - processing - INFO - Found 4 neutral wire(s):
2025-05-16 17:00:23,327 - processing - INFO -   1. CPS ENERGY Neutral at height 325.34 inches (source: katapult)
2025-05-16 17:00:23,327 - processing - INFO -   2. CPS ENERGY Neutral at height 322.75 inches (source: katapult)
2025-05-16 17:00:23,328 - processing - INFO -   3. CPS Energy  at height 324.00017496000004 inches (source: spidacalc)
2025-05-16 17:00:23,328 - processing - INFO -   4. CPS Energy  at height 327.0001765800001 inches (source: spidacalc)
2025-05-16 17:00:23,329 - processing - INFO - Highest neutral: CPS Energy  at height 327.0001765800001 inches
2025-05-16 17:00:23,329 - processing - INFO - Found 12 attachment(s) below neutral:
2025-05-16 17:00:23,329 - processing - INFO -   1. AT&T Com Drop at height 19'-8"
2025-05-16 17:00:23,330 - processing - INFO -   2. CPS ENERGY Service at height 27'-1"
2025-05-16 17:00:23,330 - processing - INFO -   3. AT&T Com Drop at height 19'-6"
2025-05-16 17:00:23,331 - processing - INFO -   4. AT&T Com Drop at height 19'-6"
2025-05-16 17:00:23,331 - processing - INFO -   5. CPS ENERGY Neutral at height 27'-1"
2025-05-16 17:00:23,331 - processing - INFO -   6. CPS ENERGY Neutral at height 26'-11"
2025-05-16 17:00:23,332 - processing - INFO -   7. CPS ENERGY Supply Fiber at height 25'-6"
2025-05-16 17:00:23,332 - processing - INFO -   8. AT&T Fiber Optic Com at height 21'-4"
2025-05-16 17:00:23,332 - processing - INFO -   9. AT&T Telco Com at height 20'-4"
2025-05-16 17:00:23,333 - processing - INFO -   10. AT&T Com Drop at height 19'-8"
2025-05-16 17:00:23,333 - processing - INFO -   11. Charter Fiber Optic Com at height 22'-4"
2025-05-16 17:00:23,333 - processing - INFO -   12. CPS ENERGY Supply Fiber at height 25'-9"
2025-05-16 17:00:23,334 - processing - INFO - ==================================================
2025-05-16 17:00:23,453 - processing - INFO - Processing attachments below neutral for pole PL410620
2025-05-16 17:00:23,459 - processing - INFO - 
==================================================
2025-05-16 17:00:23,460 - processing - INFO - POLE SUMMARY: PL410620
2025-05-16 17:00:23,460 - processing - INFO - ==================================================
2025-05-16 17:00:23,461 - processing - INFO - Found 3 neutral wire(s):
2025-05-16 17:00:23,461 - processing - INFO -   1. CPS ENERGY Neutral at height 354.28 inches (source: katapult)
2025-05-16 17:00:23,461 - processing - INFO -   2. CPS Energy  at height 354.0001911600001 inches (source: spidacalc)
2025-05-16 17:00:23,462 - processing - INFO -   3. CPS Energy  at height 354.0001911600001 inches (source: spidacalc)
2025-05-16 17:00:23,462 - processing - INFO - Highest neutral: CPS ENERGY Neutral at height 354.28 inches
2025-05-16 17:00:23,463 - processing - INFO - Found 6 attachment(s) below neutral:
2025-05-16 17:00:23,463 - processing - INFO -   1. CPS ENERGY Neutral at height 29'-6"
2025-05-16 17:00:23,464 - processing - INFO -   2. CPS ENERGY Supply Fiber at height 27'-12"
2025-05-16 17:00:23,464 - processing - INFO -   3. AT&T Fiber Optic Com at height 23'-7"
2025-05-16 17:00:23,464 - processing - INFO -   4. AT&T Telco Com at height 22'-4"
2025-05-16 17:00:23,465 - processing - INFO -   5. AT&T Com Drop at height 21'-5"
2025-05-16 17:00:23,465 - processing - INFO -   6. Charter Fiber Optic Com at height 24'-7"
2025-05-16 17:00:23,466 - processing - INFO - ==================================================
2025-05-16 17:00:23,502 - processing - INFO - Processing attachments below neutral for pole {'-Imported': 'PL410595'}
2025-05-16 17:00:23,504 - processing - INFO - 
==================================================
2025-05-16 17:00:23,504 - processing - INFO - POLE SUMMARY: {'-Imported': 'PL410595'}
2025-05-16 17:00:23,505 - processing - INFO - ==================================================
2025-05-16 17:00:23,505 - processing - INFO - Found 0 neutral wire(s):
2025-05-16 17:00:23,505 - processing - INFO - No neutral wires found!
2025-05-16 17:00:23,506 - processing - INFO - Found 0 attachment(s) below neutral:
2025-05-16 17:00:23,506 - processing - INFO - ==================================================
2025-05-16 17:00:23,549 - processing - INFO - Processing attachments below neutral for pole PL389359
2025-05-16 17:00:23,555 - processing - INFO - 
==================================================
2025-05-16 17:00:23,555 - processing - INFO - POLE SUMMARY: PL389359
2025-05-16 17:00:23,556 - processing - INFO - ==================================================
2025-05-16 17:00:23,556 - processing - INFO - Found 5 neutral wire(s):
2025-05-16 17:00:23,556 - processing - INFO -   1. CPS ENERGY Neutral at height 327.24 inches (source: katapult)
2025-05-16 17:00:23,557 - processing - INFO -   2. CPS ENERGY Neutral at height 327.15 inches (source: katapult)
2025-05-16 17:00:23,557 - processing - INFO -   3. CPS Energy  at height 327.0001765800001 inches (source: spidacalc)
2025-05-16 17:00:23,557 - processing - INFO -   4. CPS Energy  at height 327.0001765800001 inches (source: spidacalc)
2025-05-16 17:00:23,558 - processing - INFO -   5. CPS Energy  at height 327.0001765800001 inches (source: spidacalc)
2025-05-16 17:00:23,558 - processing - INFO - Highest neutral: CPS ENERGY Neutral at height 327.24 inches
2025-05-16 17:00:23,559 - processing - INFO - Found 6 attachment(s) below neutral:
2025-05-16 17:00:23,559 - processing - INFO -   1. CPS ENERGY Neutral at height 27'-3"
2025-05-16 17:00:23,559 - processing - INFO -   2. CPS ENERGY Supply Fiber at height 25'-9"
2025-05-16 17:00:23,560 - processing - INFO -   3. AT&T Fiber Optic Com at height 22'-8"
2025-05-16 17:00:23,560 - processing - INFO -   4. AT&T Telco Com at height 21'-8"
2025-05-16 17:00:23,560 - processing - INFO -   5. CPS ENERGY Neutral at height 27'-3"
2025-05-16 17:00:23,561 - processing - INFO -   6. Charter Fiber Optic Com at height 22'-12"
2025-05-16 17:00:23,561 - processing - INFO - ==================================================
2025-05-16 17:01:05,160 - processing - INFO - Processing attachments below neutral for pole PL370858
2025-05-16 17:01:05,164 - processing - INFO - 
==================================================
2025-05-16 17:01:05,165 - processing - INFO - POLE SUMMARY: PL370858
2025-05-16 17:01:05,165 - processing - INFO - ==================================================
2025-05-16 17:01:05,165 - processing - INFO - Found 3 neutral wire(s):
2025-05-16 17:01:05,166 - processing - INFO -   1. CPS ENERGY Neutral at height 317.6 inches (source: katapult)
2025-05-16 17:01:05,166 - processing - INFO -   2. CPS Energy  at height 318.0001717200001 inches (source: spidacalc)
2025-05-16 17:01:05,166 - processing - INFO -   3. CPS Energy  at height 318.0001717200001 inches (source: spidacalc)
2025-05-16 17:01:05,167 - processing - INFO - Highest neutral: CPS Energy  at height 318.0001717200001 inches
2025-05-16 17:01:05,167 - processing - INFO - Found 5 attachment(s) below neutral:
2025-05-16 17:01:05,167 - processing - INFO -   1. CPS ENERGY Neutral at height 26'-6"
2025-05-16 17:01:05,167 - processing - INFO -   2. CPS ENERGY Supply Fiber at height 25'-5"
2025-05-16 17:01:05,168 - processing - INFO -   3. AT&T Fiber Optic Com at height 22'-10"
2025-05-16 17:01:05,168 - processing - INFO -   4. AT&T Telco Com at height 21'-10"
2025-05-16 17:01:05,168 - processing - INFO -   5. Charter Fiber Optic Com at height 22'-1"
2025-05-16 17:01:05,169 - processing - INFO - ==================================================
2025-05-16 17:01:05,229 - processing - INFO - Processing attachments below neutral for pole PL379971
2025-05-16 17:01:05,233 - processing - INFO - 
==================================================
2025-05-16 17:01:05,233 - processing - INFO - POLE SUMMARY: PL379971
2025-05-16 17:01:05,233 - processing - INFO - ==================================================
2025-05-16 17:01:05,234 - processing - INFO - Found 1 neutral wire(s):
2025-05-16 17:01:05,234 - processing - INFO -   1. CPS ENERGY Neutral at height 316.48 inches (source: katapult)
2025-05-16 17:01:05,234 - processing - INFO - Highest neutral: CPS ENERGY Neutral at height 316.48 inches
2025-05-16 17:01:05,235 - processing - INFO - Found 4 attachment(s) below neutral:
2025-05-16 17:01:05,235 - processing - INFO -   1. CPS ENERGY Neutral at height 26'-4"
2025-05-16 17:01:05,235 - processing - INFO -   2. CPS ENERGY Supply Fiber at height 24'-9"
2025-05-16 17:01:05,236 - processing - INFO -   3. AT&T Fiber Optic Com at height 23'-9"
2025-05-16 17:01:05,236 - processing - INFO -   4. AT&T Telco Com at height 22'-9"
2025-05-16 17:01:05,236 - processing - INFO - ==================================================
2025-05-16 17:01:05,275 - processing - INFO - Processing attachments below neutral for pole PL379966
2025-05-16 17:01:05,278 - processing - INFO - 
==================================================
2025-05-16 17:01:05,279 - processing - INFO - POLE SUMMARY: PL379966
2025-05-16 17:01:05,279 - processing - INFO - ==================================================
2025-05-16 17:01:05,279 - processing - INFO - Found 1 neutral wire(s):
2025-05-16 17:01:05,280 - processing - INFO -   1. CPS ENERGY Neutral at height 330.61 inches (source: katapult)
2025-05-16 17:01:05,280 - processing - INFO - Highest neutral: CPS ENERGY Neutral at height 330.61 inches
2025-05-16 17:01:05,280 - processing - INFO - Found 4 attachment(s) below neutral:
2025-05-16 17:01:05,281 - processing - INFO -   1. CPS ENERGY Neutral at height 27'-7"
2025-05-16 17:01:05,281 - processing - INFO -   2. CPS ENERGY Supply Fiber at height 26'-4"
2025-05-16 17:01:05,281 - processing - INFO -   3. AT&T Fiber Optic Com at height 23'-7"
2025-05-16 17:01:05,282 - processing - INFO -   4. AT&T Telco Com at height 22'-7"
2025-05-16 17:01:05,282 - processing - INFO - ==================================================
2025-05-16 17:01:05,361 - processing - INFO - Processing attachments below neutral for pole PL373937
2025-05-16 17:01:05,365 - processing - INFO - 
==================================================
2025-05-16 17:01:05,365 - processing - INFO - POLE SUMMARY: PL373937
2025-05-16 17:01:05,366 - processing - INFO - ==================================================
2025-05-16 17:01:05,366 - processing - INFO - Found 1 neutral wire(s):
2025-05-16 17:01:05,366 - processing - INFO -   1. CPS ENERGY Neutral at height 463.93 inches (source: katapult)
2025-05-16 17:01:05,367 - processing - INFO - Highest neutral: CPS ENERGY Neutral at height 463.93 inches
2025-05-16 17:01:05,367 - processing - INFO - Found 5 attachment(s) below neutral:
2025-05-16 17:01:05,368 - processing - INFO -   1. CPS ENERGY Neutral at height 38'-8"
2025-05-16 17:01:05,368 - processing - INFO -   2. CPS ENERGY Supply Fiber at height 36'-8"
2025-05-16 17:01:05,368 - processing - INFO -   3. AT&T Fiber Optic Com at height 32'-8"
2025-05-16 17:01:05,368 - processing - INFO -   4. AT&T Telco Com at height 27'-6"
2025-05-16 17:01:05,369 - processing - INFO -   5. CPS ENERGY Supply Fiber at height 36'-5"
2025-05-16 17:01:05,369 - processing - INFO - ==================================================
2025-05-16 17:01:05,472 - processing - INFO - Processing attachments below neutral for pole PL404475
2025-05-16 17:01:05,477 - processing - INFO - 
==================================================
2025-05-16 17:01:05,478 - processing - INFO - POLE SUMMARY: PL404475
2025-05-16 17:01:05,478 - processing - INFO - ==================================================
2025-05-16 17:01:05,479 - processing - INFO - Found 3 neutral wire(s):
2025-05-16 17:01:05,479 - processing - INFO -   1. CPS ENERGY Neutral at height 463.45 inches (source: katapult)
2025-05-16 17:01:05,480 - processing - INFO -   2. CPS ENERGY Neutral at height 432.76 inches (source: katapult)
2025-05-16 17:01:05,480 - processing - INFO -   3. CPS ENERGY Neutral at height 432.92 inches (source: katapult)
2025-05-16 17:01:05,481 - processing - INFO - Highest neutral: CPS ENERGY Neutral at height 463.45 inches
2025-05-16 17:01:05,481 - processing - INFO - Found 7 attachment(s) below neutral:
2025-05-16 17:01:05,482 - processing - INFO -   1. CPS ENERGY Neutral at height 38'-7"
2025-05-16 17:01:05,482 - processing - INFO -   2. CPS ENERGY Supply Fiber at height 37'-1"
2025-05-16 17:01:05,483 - processing - INFO -   3. AT&T Fiber Optic Com at height 31'-5"
2025-05-16 17:01:05,483 - processing - INFO -   4. AT&T Telco Com at height 21'-1"
2025-05-16 17:01:05,483 - processing - INFO -   5. CPS ENERGY Neutral at height 36'-1"
2025-05-16 17:01:05,484 - processing - INFO -   6. CPS ENERGY Neutral at height 36'-1"
2025-05-16 17:01:05,484 - processing - INFO -   7. CPS ENERGY Supply Fiber at height 36'-10"
2025-05-16 17:01:05,485 - processing - INFO - ==================================================
2025-05-16 17:01:05,538 - processing - INFO - Processing attachments below neutral for pole PL373935
2025-05-16 17:01:05,541 - processing - INFO - 
==================================================
2025-05-16 17:01:05,541 - processing - INFO - POLE SUMMARY: PL373935
2025-05-16 17:01:05,542 - processing - INFO - ==================================================
2025-05-16 17:01:05,542 - processing - INFO - Found 1 neutral wire(s):
2025-05-16 17:01:05,542 - processing - INFO -   1. CPS ENERGY Neutral at height 350.65 inches (source: katapult)
2025-05-16 17:01:05,543 - processing - INFO - Highest neutral: CPS ENERGY Neutral at height 350.65 inches
2025-05-16 17:01:05,543 - processing - INFO - Found 4 attachment(s) below neutral:
2025-05-16 17:01:05,543 - processing - INFO -   1. CPS ENERGY Neutral at height 29'-3"
2025-05-16 17:01:05,544 - processing - INFO -   2. CPS ENERGY Supply Fiber at height 27'-9"
2025-05-16 17:01:05,544 - processing - INFO -   3. AT&T Fiber Optic Com at height 24'-10"
2025-05-16 17:01:05,544 - processing - INFO -   4. AT&T Telco Com at height 23'-12"
2025-05-16 17:01:05,544 - processing - INFO - ==================================================
2025-05-16 17:01:05,586 - processing - INFO - Processing attachments below neutral for pole PL398490
2025-05-16 17:01:05,590 - processing - INFO - 
==================================================
2025-05-16 17:01:05,591 - processing - INFO - POLE SUMMARY: PL398490
2025-05-16 17:01:05,591 - processing - INFO - ==================================================
2025-05-16 17:01:05,592 - processing - INFO - Found 1 neutral wire(s):
2025-05-16 17:01:05,592 - processing - INFO -   1. CPS ENERGY Neutral at height 326.42 inches (source: katapult)
2025-05-16 17:01:05,593 - processing - INFO - Highest neutral: CPS ENERGY Neutral at height 326.42 inches
2025-05-16 17:01:05,593 - processing - INFO - Found 5 attachment(s) below neutral:
2025-05-16 17:01:05,593 - processing - INFO -   1. CPS ENERGY Neutral at height 27'-2"
2025-05-16 17:01:05,594 - processing - INFO -   2. CPS ENERGY Supply Fiber at height 26'-0"
2025-05-16 17:01:05,594 - processing - INFO -   3. AT&T Fiber Optic Com at height 24'-10"
2025-05-16 17:01:05,595 - processing - INFO -   4. AT&T Telco Com at height 23'-11"
2025-05-16 17:01:05,595 - processing - INFO -   5. CPS ENERGY Street Light Feed at height 27'-2"
2025-05-16 17:01:05,595 - processing - INFO - ==================================================
2025-05-16 17:01:05,658 - processing - INFO - Processing attachments below neutral for pole PL900997
2025-05-16 17:01:05,666 - processing - INFO - 
==================================================
2025-05-16 17:01:05,666 - processing - INFO - POLE SUMMARY: PL900997
2025-05-16 17:01:05,667 - processing - INFO - ==================================================
2025-05-16 17:01:05,667 - processing - INFO - Found 4 neutral wire(s):
2025-05-16 17:01:05,667 - processing - INFO -   1. CPS ENERGY Neutral at height 324.73 inches (source: katapult)
2025-05-16 17:01:05,668 - processing - INFO -   2. CPS ENERGY Neutral at height 342.91 inches (source: katapult)
2025-05-16 17:01:05,668 - processing - INFO -   3. CPS Energy  at height 325.0001755 inches (source: spidacalc)
2025-05-16 17:01:05,668 - processing - INFO -   4. CPS Energy  at height 325.0001755 inches (source: spidacalc)
2025-05-16 17:01:05,668 - processing - INFO - Highest neutral: CPS ENERGY Neutral at height 342.91 inches
2025-05-16 17:01:05,669 - processing - INFO - Found 7 attachment(s) below neutral:
2025-05-16 17:01:05,669 - processing - INFO -   1. CPS ENERGY Neutral at height 27'-1"
2025-05-16 17:01:05,669 - processing - INFO -   2. CPS ENERGY Street Light Feed at height 27'-1"
2025-05-16 17:01:05,670 - processing - INFO -   3. CPS ENERGY Supply Fiber at height 25'-10"
2025-05-16 17:01:05,670 - processing - INFO -   4. AT&T Fiber Optic Com at height 21'-6"
2025-05-16 17:01:05,670 - processing - INFO -   5. AT&T Telco Com at height 20'-6"
2025-05-16 17:01:05,670 - processing - INFO -   6. CPS ENERGY Service at height 27'-1"
2025-05-16 17:01:05,671 - processing - INFO -   7. Charter Fiber Optic Com at height 21'-6"
2025-05-16 17:01:05,671 - processing - INFO - ==================================================
2025-05-16 17:01:05,758 - processing - INFO - Processing attachments below neutral for pole PL404474
2025-05-16 17:01:05,762 - processing - INFO - 
==================================================
2025-05-16 17:01:05,763 - processing - INFO - POLE SUMMARY: PL404474
2025-05-16 17:01:05,763 - processing - INFO - ==================================================
2025-05-16 17:01:05,763 - processing - INFO - Found 3 neutral wire(s):
2025-05-16 17:01:05,764 - processing - INFO -   1. CPS ENERGY Neutral at height 311.85 inches (source: katapult)
2025-05-16 17:01:05,764 - processing - INFO -   2. CPS Energy  at height 312.00016848000007 inches (source: spidacalc)
2025-05-16 17:01:05,765 - processing - INFO -   3. CPS Energy  at height 312.00016848000007 inches (source: spidacalc)
2025-05-16 17:01:05,765 - processing - INFO - Highest neutral: CPS Energy  at height 312.00016848000007 inches
2025-05-16 17:01:05,766 - processing - INFO - Found 6 attachment(s) below neutral:
2025-05-16 17:01:05,766 - processing - INFO -   1. CPS ENERGY Neutral at height 25'-12"
2025-05-16 17:01:05,766 - processing - INFO -   2. CPS ENERGY Supply Fiber at height 24'-6"
2025-05-16 17:01:05,767 - processing - INFO -   3. AT&T Fiber Optic Com at height 22'-9"
2025-05-16 17:01:05,767 - processing - INFO -   4. AT&T Telco Com at height 21'-7"
2025-05-16 17:01:05,767 - processing - INFO -   5. CPS ENERGY Street Light Feed at height 25'-12"
2025-05-16 17:01:05,768 - processing - INFO -   6. Charter Fiber Optic Com at height 21'-7"
2025-05-16 17:01:05,768 - processing - INFO - ==================================================
2025-05-16 17:01:05,828 - processing - INFO - Processing attachments below neutral for pole PL401451
2025-05-16 17:01:05,833 - processing - INFO - 
==================================================
2025-05-16 17:01:05,833 - processing - INFO - POLE SUMMARY: PL401451
2025-05-16 17:01:05,833 - processing - INFO - ==================================================
2025-05-16 17:01:05,834 - processing - INFO - Found 2 neutral wire(s):
2025-05-16 17:01:05,834 - processing - INFO -   1. CPS ENERGY Neutral at height 318.97 inches (source: katapult)
2025-05-16 17:01:05,834 - processing - INFO -   2. CPS ENERGY Neutral at height 314.28 inches (source: katapult)
2025-05-16 17:01:05,835 - processing - INFO - Highest neutral: CPS ENERGY Neutral at height 318.97 inches
2025-05-16 17:01:05,835 - processing - INFO - Found 4 attachment(s) below neutral:
2025-05-16 17:01:05,835 - processing - INFO -   1. CPS ENERGY Neutral at height 26'-7"
2025-05-16 17:01:05,836 - processing - INFO -   2. CPS ENERGY Supply Fiber at height 24'-11"
2025-05-16 17:01:05,836 - processing - INFO -   3. AT&T Fiber Optic Com at height 22'-6"
2025-05-16 17:01:05,837 - processing - INFO -   4. AT&T Telco Com at height 21'-3"
2025-05-16 17:01:05,837 - processing - INFO - ==================================================
2025-05-16 17:01:05,924 - processing - INFO - Processing attachments below neutral for pole PL398491
2025-05-16 17:01:05,932 - processing - INFO - 
==================================================
2025-05-16 17:01:05,933 - processing - INFO - POLE SUMMARY: PL398491
2025-05-16 17:01:05,933 - processing - INFO - ==================================================
2025-05-16 17:01:05,934 - processing - INFO - Found 4 neutral wire(s):
2025-05-16 17:01:05,934 - processing - INFO -   1. CPS ENERGY Neutral at height 325.34 inches (source: katapult)
2025-05-16 17:01:05,934 - processing - INFO -   2. CPS ENERGY Neutral at height 322.75 inches (source: katapult)
2025-05-16 17:01:05,935 - processing - INFO -   3. CPS Energy  at height 324.00017496000004 inches (source: spidacalc)
2025-05-16 17:01:05,935 - processing - INFO -   4. CPS Energy  at height 327.0001765800001 inches (source: spidacalc)
2025-05-16 17:01:05,936 - processing - INFO - Highest neutral: CPS Energy  at height 327.0001765800001 inches
2025-05-16 17:01:05,936 - processing - INFO - Found 12 attachment(s) below neutral:
2025-05-16 17:01:05,936 - processing - INFO -   1. AT&T Com Drop at height 19'-8"
2025-05-16 17:01:05,937 - processing - INFO -   2. CPS ENERGY Service at height 27'-1"
2025-05-16 17:01:05,937 - processing - INFO -   3. AT&T Com Drop at height 19'-6"
2025-05-16 17:01:05,937 - processing - INFO -   4. AT&T Com Drop at height 19'-6"
2025-05-16 17:01:05,938 - processing - INFO -   5. CPS ENERGY Neutral at height 27'-1"
2025-05-16 17:01:05,938 - processing - INFO -   6. CPS ENERGY Neutral at height 26'-11"
2025-05-16 17:01:05,939 - processing - INFO -   7. CPS ENERGY Supply Fiber at height 25'-6"
2025-05-16 17:01:05,939 - processing - INFO -   8. AT&T Fiber Optic Com at height 21'-4"
2025-05-16 17:01:05,939 - processing - INFO -   9. AT&T Telco Com at height 20'-4"
2025-05-16 17:01:05,940 - processing - INFO -   10. AT&T Com Drop at height 19'-8"
2025-05-16 17:01:05,940 - processing - INFO -   11. Charter Fiber Optic Com at height 22'-4"
2025-05-16 17:01:05,941 - processing - INFO -   12. CPS ENERGY Supply Fiber at height 25'-9"
2025-05-16 17:01:05,941 - processing - INFO - ==================================================
2025-05-16 17:01:06,053 - processing - INFO - Processing attachments below neutral for pole PL410620
2025-05-16 17:01:06,057 - processing - INFO - 
==================================================
2025-05-16 17:01:06,058 - processing - INFO - POLE SUMMARY: PL410620
2025-05-16 17:01:06,058 - processing - INFO - ==================================================
2025-05-16 17:01:06,058 - processing - INFO - Found 3 neutral wire(s):
2025-05-16 17:01:06,058 - processing - INFO -   1. CPS ENERGY Neutral at height 354.28 inches (source: katapult)
2025-05-16 17:01:06,059 - processing - INFO -   2. CPS Energy  at height 354.0001911600001 inches (source: spidacalc)
2025-05-16 17:01:06,059 - processing - INFO -   3. CPS Energy  at height 354.0001911600001 inches (source: spidacalc)
2025-05-16 17:01:06,059 - processing - INFO - Highest neutral: CPS ENERGY Neutral at height 354.28 inches
2025-05-16 17:01:06,060 - processing - INFO - Found 6 attachment(s) below neutral:
2025-05-16 17:01:06,060 - processing - INFO -   1. CPS ENERGY Neutral at height 29'-6"
2025-05-16 17:01:06,060 - processing - INFO -   2. CPS ENERGY Supply Fiber at height 27'-12"
2025-05-16 17:01:06,061 - processing - INFO -   3. AT&T Fiber Optic Com at height 23'-7"
2025-05-16 17:01:06,061 - processing - INFO -   4. AT&T Telco Com at height 22'-4"
2025-05-16 17:01:06,061 - processing - INFO -   5. AT&T Com Drop at height 21'-5"
2025-05-16 17:01:06,062 - processing - INFO -   6. Charter Fiber Optic Com at height 24'-7"
2025-05-16 17:01:06,062 - processing - INFO - ==================================================
2025-05-16 17:01:06,093 - processing - INFO - Processing attachments below neutral for pole {'-Imported': 'PL410595'}
2025-05-16 17:01:06,094 - processing - INFO - 
==================================================
2025-05-16 17:01:06,095 - processing - INFO - POLE SUMMARY: {'-Imported': 'PL410595'}
2025-05-16 17:01:06,095 - processing - INFO - ==================================================
2025-05-16 17:01:06,096 - processing - INFO - Found 0 neutral wire(s):
2025-05-16 17:01:06,096 - processing - INFO - No neutral wires found!
2025-05-16 17:01:06,097 - processing - INFO - Found 0 attachment(s) below neutral:
2025-05-16 17:01:06,097 - processing - INFO - ==================================================
2025-05-16 17:01:06,145 - processing - INFO - Processing attachments below neutral for pole PL389359
2025-05-16 17:01:06,151 - processing - INFO - 
==================================================
2025-05-16 17:01:06,151 - processing - INFO - POLE SUMMARY: PL389359
2025-05-16 17:01:06,151 - processing - INFO - ==================================================
2025-05-16 17:01:06,152 - processing - INFO - Found 5 neutral wire(s):
2025-05-16 17:01:06,152 - processing - INFO -   1. CPS ENERGY Neutral at height 327.24 inches (source: katapult)
2025-05-16 17:01:06,153 - processing - INFO -   2. CPS ENERGY Neutral at height 327.15 inches (source: katapult)
2025-05-16 17:01:06,153 - processing - INFO -   3. CPS Energy  at height 327.0001765800001 inches (source: spidacalc)
2025-05-16 17:01:06,153 - processing - INFO -   4. CPS Energy  at height 327.0001765800001 inches (source: spidacalc)
2025-05-16 17:01:06,154 - processing - INFO -   5. CPS Energy  at height 327.0001765800001 inches (source: spidacalc)
2025-05-16 17:01:06,154 - processing - INFO - Highest neutral: CPS ENERGY Neutral at height 327.24 inches
2025-05-16 17:01:06,154 - processing - INFO - Found 6 attachment(s) below neutral:
2025-05-16 17:01:06,155 - processing - INFO -   1. CPS ENERGY Neutral at height 27'-3"
2025-05-16 17:01:06,155 - processing - INFO -   2. CPS ENERGY Supply Fiber at height 25'-9"
2025-05-16 17:01:06,156 - processing - INFO -   3. AT&T Fiber Optic Com at height 22'-8"
2025-05-16 17:01:06,156 - processing - INFO -   4. AT&T Telco Com at height 21'-8"
2025-05-16 17:01:06,156 - processing - INFO -   5. CPS ENERGY Neutral at height 27'-3"
2025-05-16 17:01:06,156 - processing - INFO -   6. Charter Fiber Optic Com at height 22'-12"
2025-05-16 17:01:06,157 - processing - INFO - ==================================================
