2025-05-16 16:47:19,965 - processing - INFO - Processing attachments below neutral for pole PL370858
2025-05-16 16:47:19,970 - processing - INFO - 
==================================================
2025-05-16 16:47:19,971 - processing - INFO - POLE SUMMARY: PL370858
2025-05-16 16:47:19,971 - processing - INFO - ==================================================
2025-05-16 16:47:19,972 - processing - INFO - Found 3 neutral wire(s):
2025-05-16 16:47:19,972 - processing - INFO -   1. CPS ENERGY Neutral at height 317.6 inches (source: katapult)
2025-05-16 16:47:19,973 - processing - INFO -   2. CPS Energy  at height 318.0001717200001 inches (source: spidacalc)
2025-05-16 16:47:19,974 - processing - INFO -   3. CPS Energy  at height 318.0001717200001 inches (source: spidacalc)
2025-05-16 16:47:19,975 - processing - INFO - Highest neutral: CPS Energy  at height 318.0001717200001 inches
2025-05-16 16:47:19,975 - processing - INFO - Found 5 attachment(s) below neutral:
2025-05-16 16:47:19,976 - processing - INFO -   1. CPS ENERGY Neutral at height 26'-6"
2025-05-16 16:47:19,976 - processing - INFO -   2. CPS ENERGY Supply Fiber at height 25'-5"
2025-05-16 16:47:19,976 - processing - INFO -   3. AT&T Fiber Optic Com at height 22'-10"
2025-05-16 16:47:19,977 - processing - INFO -   4. AT&T Telco Com at height 21'-10"
2025-05-16 16:47:19,978 - processing - INFO -   5. Charter Fiber Optic Com at height 22'-1"
2025-05-16 16:47:19,978 - processing - INFO - ==================================================
2025-05-16 16:47:20,055 - processing - INFO - Processing attachments below neutral for pole PL379971
2025-05-16 16:47:20,059 - processing - INFO - 
==================================================
2025-05-16 16:47:20,059 - processing - INFO - POLE SUMMARY: PL379971
2025-05-16 16:47:20,060 - processing - INFO - ==================================================
2025-05-16 16:47:20,060 - processing - INFO - Found 1 neutral wire(s):
2025-05-16 16:47:20,060 - processing - INFO -   1. CPS ENERGY Neutral at height 316.48 inches (source: katapult)
2025-05-16 16:47:20,061 - processing - INFO - Highest neutral: CPS ENERGY Neutral at height 316.48 inches
2025-05-16 16:47:20,061 - processing - INFO - Found 4 attachment(s) below neutral:
2025-05-16 16:47:20,062 - processing - INFO -   1. CPS ENERGY Neutral at height 26'-4"
2025-05-16 16:47:20,062 - processing - INFO -   2. CPS ENERGY Supply Fiber at height 24'-9"
2025-05-16 16:47:20,062 - processing - INFO -   3. AT&T Fiber Optic Com at height 23'-9"
2025-05-16 16:47:20,063 - processing - INFO -   4. AT&T Telco Com at height 22'-9"
2025-05-16 16:47:20,063 - processing - INFO - ==================================================
2025-05-16 16:47:20,110 - processing - INFO - Processing attachments below neutral for pole PL379966
2025-05-16 16:47:20,113 - processing - INFO - 
==================================================
2025-05-16 16:47:20,114 - processing - INFO - POLE SUMMARY: PL379966
2025-05-16 16:47:20,114 - processing - INFO - ==================================================
2025-05-16 16:47:20,114 - processing - INFO - Found 1 neutral wire(s):
2025-05-16 16:47:20,115 - processing - INFO -   1. CPS ENERGY Neutral at height 330.61 inches (source: katapult)
2025-05-16 16:47:20,115 - processing - INFO - Highest neutral: CPS ENERGY Neutral at height 330.61 inches
2025-05-16 16:47:20,115 - processing - INFO - Found 4 attachment(s) below neutral:
2025-05-16 16:47:20,116 - processing - INFO -   1. CPS ENERGY Neutral at height 27'-7"
2025-05-16 16:47:20,116 - processing - INFO -   2. CPS ENERGY Supply Fiber at height 26'-4"
2025-05-16 16:47:20,116 - processing - INFO -   3. AT&T Fiber Optic Com at height 23'-7"
2025-05-16 16:47:20,117 - processing - INFO -   4. AT&T Telco Com at height 22'-7"
2025-05-16 16:47:20,117 - processing - INFO - ==================================================
2025-05-16 16:47:20,218 - processing - INFO - Processing attachments below neutral for pole PL373937
2025-05-16 16:47:20,226 - processing - INFO - 
==================================================
2025-05-16 16:47:20,226 - processing - INFO - POLE SUMMARY: PL373937
2025-05-16 16:47:20,227 - processing - INFO - ==================================================
2025-05-16 16:47:20,227 - processing - INFO - Found 1 neutral wire(s):
2025-05-16 16:47:20,228 - processing - INFO -   1. CPS ENERGY Neutral at height 463.93 inches (source: katapult)
2025-05-16 16:47:20,228 - processing - INFO - Highest neutral: CPS ENERGY Neutral at height 463.93 inches
2025-05-16 16:47:20,229 - processing - INFO - Found 5 attachment(s) below neutral:
2025-05-16 16:47:20,229 - processing - INFO -   1. CPS ENERGY Neutral at height 38'-8"
2025-05-16 16:47:20,230 - processing - INFO -   2. CPS ENERGY Supply Fiber at height 36'-8"
2025-05-16 16:47:20,230 - processing - INFO -   3. AT&T Fiber Optic Com at height 32'-8"
2025-05-16 16:47:20,231 - processing - INFO -   4. AT&T Telco Com at height 27'-6"
2025-05-16 16:47:20,231 - processing - INFO -   5. CPS ENERGY Supply Fiber at height 36'-5"
2025-05-16 16:47:20,231 - processing - INFO - ==================================================
2025-05-16 16:47:20,339 - processing - INFO - Processing attachments below neutral for pole PL404475
2025-05-16 16:47:20,345 - processing - INFO - 
==================================================
2025-05-16 16:47:20,345 - processing - INFO - POLE SUMMARY: PL404475
2025-05-16 16:47:20,345 - processing - INFO - ==================================================
2025-05-16 16:47:20,346 - processing - INFO - Found 3 neutral wire(s):
2025-05-16 16:47:20,346 - processing - INFO -   1. CPS ENERGY Neutral at height 463.45 inches (source: katapult)
2025-05-16 16:47:20,346 - processing - INFO -   2. CPS ENERGY Neutral at height 432.76 inches (source: katapult)
2025-05-16 16:47:20,347 - processing - INFO -   3. CPS ENERGY Neutral at height 432.92 inches (source: katapult)
2025-05-16 16:47:20,347 - processing - INFO - Highest neutral: CPS ENERGY Neutral at height 463.45 inches
2025-05-16 16:47:20,348 - processing - INFO - Found 7 attachment(s) below neutral:
2025-05-16 16:47:20,348 - processing - INFO -   1. CPS ENERGY Neutral at height 38'-7"
2025-05-16 16:47:20,348 - processing - INFO -   2. CPS ENERGY Supply Fiber at height 37'-1"
2025-05-16 16:47:20,348 - processing - INFO -   3. AT&T Fiber Optic Com at height 31'-5"
2025-05-16 16:47:20,349 - processing - INFO -   4. AT&T Telco Com at height 21'-1"
2025-05-16 16:47:20,349 - processing - INFO -   5. CPS ENERGY Neutral at height 36'-1"
2025-05-16 16:47:20,349 - processing - INFO -   6. CPS ENERGY Neutral at height 36'-1"
2025-05-16 16:47:20,349 - processing - INFO -   7. CPS ENERGY Supply Fiber at height 36'-10"
2025-05-16 16:47:20,350 - processing - INFO - ==================================================
2025-05-16 16:47:20,400 - processing - INFO - Processing attachments below neutral for pole PL373935
2025-05-16 16:47:20,403 - processing - INFO - 
==================================================
2025-05-16 16:47:20,404 - processing - INFO - POLE SUMMARY: PL373935
2025-05-16 16:47:20,404 - processing - INFO - ==================================================
2025-05-16 16:47:20,405 - processing - INFO - Found 1 neutral wire(s):
2025-05-16 16:47:20,405 - processing - INFO -   1. CPS ENERGY Neutral at height 350.65 inches (source: katapult)
2025-05-16 16:47:20,405 - processing - INFO - Highest neutral: CPS ENERGY Neutral at height 350.65 inches
2025-05-16 16:47:20,406 - processing - INFO - Found 4 attachment(s) below neutral:
2025-05-16 16:47:20,406 - processing - INFO -   1. CPS ENERGY Neutral at height 29'-3"
2025-05-16 16:47:20,406 - processing - INFO -   2. CPS ENERGY Supply Fiber at height 27'-9"
2025-05-16 16:47:20,407 - processing - INFO -   3. AT&T Fiber Optic Com at height 24'-10"
2025-05-16 16:47:20,407 - processing - INFO -   4. AT&T Telco Com at height 23'-12"
2025-05-16 16:47:20,408 - processing - INFO - ==================================================
2025-05-16 16:47:20,453 - processing - INFO - Processing attachments below neutral for pole PL398490
2025-05-16 16:47:20,458 - processing - INFO - 
==================================================
2025-05-16 16:47:20,458 - processing - INFO - POLE SUMMARY: PL398490
2025-05-16 16:47:20,458 - processing - INFO - ==================================================
2025-05-16 16:47:20,459 - processing - INFO - Found 1 neutral wire(s):
2025-05-16 16:47:20,459 - processing - INFO -   1. CPS ENERGY Neutral at height 326.42 inches (source: katapult)
2025-05-16 16:47:20,459 - processing - INFO - Highest neutral: CPS ENERGY Neutral at height 326.42 inches
2025-05-16 16:47:20,460 - processing - INFO - Found 5 attachment(s) below neutral:
2025-05-16 16:47:20,460 - processing - INFO -   1. CPS ENERGY Neutral at height 27'-2"
2025-05-16 16:47:20,460 - processing - INFO -   2. CPS ENERGY Supply Fiber at height 26'-0"
2025-05-16 16:47:20,461 - processing - INFO -   3. AT&T Fiber Optic Com at height 24'-10"
2025-05-16 16:47:20,461 - processing - INFO -   4. AT&T Telco Com at height 23'-11"
2025-05-16 16:47:20,461 - processing - INFO -   5. CPS ENERGY Street Light Feed at height 27'-2"
2025-05-16 16:47:20,462 - processing - INFO - ==================================================
2025-05-16 16:47:20,534 - processing - INFO - Processing attachments below neutral for pole PL900997
2025-05-16 16:47:20,543 - processing - INFO - 
==================================================
2025-05-16 16:47:20,543 - processing - INFO - POLE SUMMARY: PL900997
2025-05-16 16:47:20,544 - processing - INFO - ==================================================
2025-05-16 16:47:20,544 - processing - INFO - Found 4 neutral wire(s):
2025-05-16 16:47:20,544 - processing - INFO -   1. CPS ENERGY Neutral at height 324.73 inches (source: katapult)
2025-05-16 16:47:20,545 - processing - INFO -   2. CPS ENERGY Neutral at height 342.91 inches (source: katapult)
2025-05-16 16:47:20,545 - processing - INFO -   3. CPS Energy  at height 325.0001755 inches (source: spidacalc)
2025-05-16 16:47:20,546 - processing - INFO -   4. CPS Energy  at height 325.0001755 inches (source: spidacalc)
2025-05-16 16:47:20,546 - processing - INFO - Highest neutral: CPS ENERGY Neutral at height 342.91 inches
2025-05-16 16:47:20,547 - processing - INFO - Found 7 attachment(s) below neutral:
2025-05-16 16:47:20,547 - processing - INFO -   1. CPS ENERGY Neutral at height 27'-1"
2025-05-16 16:47:20,547 - processing - INFO -   2. CPS ENERGY Street Light Feed at height 27'-1"
2025-05-16 16:47:20,548 - processing - INFO -   3. CPS ENERGY Supply Fiber at height 25'-10"
2025-05-16 16:47:20,548 - processing - INFO -   4. AT&T Fiber Optic Com at height 21'-6"
2025-05-16 16:47:20,548 - processing - INFO -   5. AT&T Telco Com at height 20'-6"
2025-05-16 16:47:20,549 - processing - INFO -   6. CPS ENERGY Service at height 27'-1"
2025-05-16 16:47:20,549 - processing - INFO -   7. Charter Fiber Optic Com at height 21'-6"
2025-05-16 16:47:20,550 - processing - INFO - ==================================================
2025-05-16 16:47:20,632 - processing - INFO - Processing attachments below neutral for pole PL404474
2025-05-16 16:47:20,637 - processing - INFO - 
==================================================
2025-05-16 16:47:20,638 - processing - INFO - POLE SUMMARY: PL404474
2025-05-16 16:47:20,638 - processing - INFO - ==================================================
2025-05-16 16:47:20,638 - processing - INFO - Found 3 neutral wire(s):
2025-05-16 16:47:20,639 - processing - INFO -   1. CPS ENERGY Neutral at height 311.85 inches (source: katapult)
2025-05-16 16:47:20,639 - processing - INFO -   2. CPS Energy  at height 312.00016848000007 inches (source: spidacalc)
2025-05-16 16:47:20,640 - processing - INFO -   3. CPS Energy  at height 312.00016848000007 inches (source: spidacalc)
2025-05-16 16:47:20,640 - processing - INFO - Highest neutral: CPS Energy  at height 312.00016848000007 inches
2025-05-16 16:47:20,641 - processing - INFO - Found 6 attachment(s) below neutral:
2025-05-16 16:47:20,641 - processing - INFO -   1. CPS ENERGY Neutral at height 25'-12"
2025-05-16 16:47:20,641 - processing - INFO -   2. CPS ENERGY Supply Fiber at height 24'-6"
2025-05-16 16:47:20,641 - processing - INFO -   3. AT&T Fiber Optic Com at height 22'-9"
2025-05-16 16:47:20,642 - processing - INFO -   4. AT&T Telco Com at height 21'-7"
2025-05-16 16:47:20,642 - processing - INFO -   5. CPS ENERGY Street Light Feed at height 25'-12"
2025-05-16 16:47:20,642 - processing - INFO -   6. Charter Fiber Optic Com at height 21'-7"
2025-05-16 16:47:20,642 - processing - INFO - ==================================================
2025-05-16 16:47:20,704 - processing - INFO - Processing attachments below neutral for pole PL401451
2025-05-16 16:47:20,709 - processing - INFO - 
==================================================
2025-05-16 16:47:20,710 - processing - INFO - POLE SUMMARY: PL401451
2025-05-16 16:47:20,710 - processing - INFO - ==================================================
2025-05-16 16:47:20,710 - processing - INFO - Found 2 neutral wire(s):
2025-05-16 16:47:20,711 - processing - INFO -   1. CPS ENERGY Neutral at height 318.97 inches (source: katapult)
2025-05-16 16:47:20,711 - processing - INFO -   2. CPS ENERGY Neutral at height 314.28 inches (source: katapult)
2025-05-16 16:47:20,712 - processing - INFO - Highest neutral: CPS ENERGY Neutral at height 318.97 inches
2025-05-16 16:47:20,712 - processing - INFO - Found 4 attachment(s) below neutral:
2025-05-16 16:47:20,712 - processing - INFO -   1. CPS ENERGY Neutral at height 26'-7"
2025-05-16 16:47:20,713 - processing - INFO -   2. CPS ENERGY Supply Fiber at height 24'-11"
2025-05-16 16:47:20,713 - processing - INFO -   3. AT&T Fiber Optic Com at height 22'-6"
2025-05-16 16:47:20,713 - processing - INFO -   4. AT&T Telco Com at height 21'-3"
2025-05-16 16:47:20,714 - processing - INFO - ==================================================
2025-05-16 16:47:20,813 - processing - INFO - Processing attachments below neutral for pole PL398491
2025-05-16 16:47:20,821 - processing - INFO - 
==================================================
2025-05-16 16:47:20,822 - processing - INFO - POLE SUMMARY: PL398491
2025-05-16 16:47:20,822 - processing - INFO - ==================================================
2025-05-16 16:47:20,822 - processing - INFO - Found 4 neutral wire(s):
2025-05-16 16:47:20,823 - processing - INFO -   1. CPS ENERGY Neutral at height 325.34 inches (source: katapult)
2025-05-16 16:47:20,824 - processing - INFO -   2. CPS ENERGY Neutral at height 322.75 inches (source: katapult)
2025-05-16 16:47:20,824 - processing - INFO -   3. CPS Energy  at height 324.00017496000004 inches (source: spidacalc)
2025-05-16 16:47:20,825 - processing - INFO -   4. CPS Energy  at height 327.0001765800001 inches (source: spidacalc)
2025-05-16 16:47:20,825 - processing - INFO - Highest neutral: CPS Energy  at height 327.0001765800001 inches
2025-05-16 16:47:20,826 - processing - INFO - Found 12 attachment(s) below neutral:
2025-05-16 16:47:20,826 - processing - INFO -   1. AT&T Com Drop at height 19'-8"
2025-05-16 16:47:20,826 - processing - INFO -   2. CPS ENERGY Service at height 27'-1"
2025-05-16 16:47:20,827 - processing - INFO -   3. AT&T Com Drop at height 19'-6"
2025-05-16 16:47:20,827 - processing - INFO -   4. AT&T Com Drop at height 19'-6"
2025-05-16 16:47:20,827 - processing - INFO -   5. CPS ENERGY Neutral at height 27'-1"
2025-05-16 16:47:20,827 - processing - INFO -   6. CPS ENERGY Neutral at height 26'-11"
2025-05-16 16:47:20,828 - processing - INFO -   7. CPS ENERGY Supply Fiber at height 25'-6"
2025-05-16 16:47:20,828 - processing - INFO -   8. AT&T Fiber Optic Com at height 21'-4"
2025-05-16 16:47:20,828 - processing - INFO -   9. AT&T Telco Com at height 20'-4"
2025-05-16 16:47:20,829 - processing - INFO -   10. AT&T Com Drop at height 19'-8"
2025-05-16 16:47:20,829 - processing - INFO -   11. Charter Fiber Optic Com at height 22'-4"
2025-05-16 16:47:20,829 - processing - INFO -   12. CPS ENERGY Supply Fiber at height 25'-9"
2025-05-16 16:47:20,829 - processing - INFO - ==================================================
2025-05-16 16:47:20,959 - processing - INFO - Processing attachments below neutral for pole PL410620
2025-05-16 16:47:20,964 - processing - INFO - 
==================================================
2025-05-16 16:47:20,965 - processing - INFO - POLE SUMMARY: PL410620
2025-05-16 16:47:20,965 - processing - INFO - ==================================================
2025-05-16 16:47:20,966 - processing - INFO - Found 3 neutral wire(s):
2025-05-16 16:47:20,966 - processing - INFO -   1. CPS ENERGY Neutral at height 354.28 inches (source: katapult)
2025-05-16 16:47:20,966 - processing - INFO -   2. CPS Energy  at height 354.0001911600001 inches (source: spidacalc)
2025-05-16 16:47:20,967 - processing - INFO -   3. CPS Energy  at height 354.0001911600001 inches (source: spidacalc)
2025-05-16 16:47:20,967 - processing - INFO - Highest neutral: CPS ENERGY Neutral at height 354.28 inches
2025-05-16 16:47:20,968 - processing - INFO - Found 6 attachment(s) below neutral:
2025-05-16 16:47:20,968 - processing - INFO -   1. CPS ENERGY Neutral at height 29'-6"
2025-05-16 16:47:20,968 - processing - INFO -   2. CPS ENERGY Supply Fiber at height 27'-12"
2025-05-16 16:47:20,968 - processing - INFO -   3. AT&T Fiber Optic Com at height 23'-7"
2025-05-16 16:47:20,969 - processing - INFO -   4. AT&T Telco Com at height 22'-4"
2025-05-16 16:47:20,969 - processing - INFO -   5. AT&T Com Drop at height 21'-5"
2025-05-16 16:47:20,969 - processing - INFO -   6. Charter Fiber Optic Com at height 24'-7"
2025-05-16 16:47:20,969 - processing - INFO - ==================================================
2025-05-16 16:47:21,048 - processing - INFO - Processing attachments below neutral for pole PL389359
2025-05-16 16:47:21,055 - processing - INFO - 
==================================================
2025-05-16 16:47:21,056 - processing - INFO - POLE SUMMARY: PL389359
2025-05-16 16:47:21,056 - processing - INFO - ==================================================
2025-05-16 16:47:21,057 - processing - INFO - Found 5 neutral wire(s):
2025-05-16 16:47:21,057 - processing - INFO -   1. CPS ENERGY Neutral at height 327.24 inches (source: katapult)
2025-05-16 16:47:21,058 - processing - INFO -   2. CPS ENERGY Neutral at height 327.15 inches (source: katapult)
2025-05-16 16:47:21,059 - processing - INFO -   3. CPS Energy  at height 327.0001765800001 inches (source: spidacalc)
2025-05-16 16:47:21,059 - processing - INFO -   4. CPS Energy  at height 327.0001765800001 inches (source: spidacalc)
2025-05-16 16:47:21,060 - processing - INFO -   5. CPS Energy  at height 327.0001765800001 inches (source: spidacalc)
2025-05-16 16:47:21,061 - processing - INFO - Highest neutral: CPS ENERGY Neutral at height 327.24 inches
2025-05-16 16:47:21,061 - processing - INFO - Found 6 attachment(s) below neutral:
2025-05-16 16:47:21,061 - processing - INFO -   1. CPS ENERGY Neutral at height 27'-3"
2025-05-16 16:47:21,062 - processing - INFO -   2. CPS ENERGY Supply Fiber at height 25'-9"
2025-05-16 16:47:21,062 - processing - INFO -   3. AT&T Fiber Optic Com at height 22'-8"
2025-05-16 16:47:21,063 - processing - INFO -   4. AT&T Telco Com at height 21'-8"
2025-05-16 16:47:21,063 - processing - INFO -   5. CPS ENERGY Neutral at height 27'-3"
2025-05-16 16:47:21,064 - processing - INFO -   6. Charter Fiber Optic Com at height 22'-12"
2025-05-16 16:47:21,064 - processing - INFO - ==================================================
