2025-05-18 17:16:29,544 - processing - INFO - Processing attachments below neutral for pole PL370858
2025-05-18 17:16:29,547 - processing - INFO - 
==================================================
2025-05-18 17:16:29,547 - processing - INFO - POLE SUMMARY: PL370858
2025-05-18 17:16:29,547 - processing - INFO - ==================================================
2025-05-18 17:16:29,548 - processing - INFO - Found 3 neutral wire(s):
2025-05-18 17:16:29,548 - processing - INFO -   1. CPS ENERGY Neutral at height 317.6 inches (source: katapult)
2025-05-18 17:16:29,548 - processing - INFO -   2. CPS Energy  at height 318.0001717200001 inches (source: spidacalc)
2025-05-18 17:16:29,548 - processing - INFO -   3. CPS Energy  at height 318.0001717200001 inches (source: spidacalc)
2025-05-18 17:16:29,548 - processing - INFO - Highest neutral: CPS Energy  at height 318.0001717200001 inches
2025-05-18 17:16:29,549 - processing - INFO - Found 5 attachment(s) below neutral:
2025-05-18 17:16:29,549 - processing - INFO -   1. CPS ENERGY Neutral at height 26'-6"
2025-05-18 17:16:29,549 - processing - INFO -   2. CPS ENERGY Supply Fiber at height 25'-5"
2025-05-18 17:16:29,549 - processing - INFO -   3. AT&T Fiber Optic Com at height 22'-10"
2025-05-18 17:16:29,549 - processing - INFO -   4. AT&T Telco Com at height 21'-10"
2025-05-18 17:16:29,550 - processing - INFO -   5. Charter Fiber Optic Com at height 22'-1"
2025-05-18 17:16:29,550 - processing - INFO - ==================================================
2025-05-18 17:16:29,627 - processing - INFO - Processing attachments below neutral for pole PL379971
2025-05-18 17:16:29,629 - processing - INFO - 
==================================================
2025-05-18 17:16:29,630 - processing - INFO - POLE SUMMARY: PL379971
2025-05-18 17:16:29,630 - processing - INFO - ==================================================
2025-05-18 17:16:29,630 - processing - INFO - Found 1 neutral wire(s):
2025-05-18 17:16:29,630 - processing - INFO -   1. CPS ENERGY Neutral at height 316.48 inches (source: katapult)
2025-05-18 17:16:29,631 - processing - INFO - Highest neutral: CPS ENERGY Neutral at height 316.48 inches
2025-05-18 17:16:29,631 - processing - INFO - Found 4 attachment(s) below neutral:
2025-05-18 17:16:29,631 - processing - INFO -   1. CPS ENERGY Neutral at height 26'-4"
2025-05-18 17:16:29,631 - processing - INFO -   2. CPS ENERGY Supply Fiber at height 24'-9"
2025-05-18 17:16:29,632 - processing - INFO -   3. AT&T Fiber Optic Com at height 23'-9"
2025-05-18 17:16:29,632 - processing - INFO -   4. AT&T Telco Com at height 22'-9"
2025-05-18 17:16:29,632 - processing - INFO - ==================================================
2025-05-18 17:16:29,657 - processing - INFO - Processing attachments below neutral for pole PL379966
2025-05-18 17:16:29,658 - processing - INFO - 
==================================================
2025-05-18 17:16:29,659 - processing - INFO - POLE SUMMARY: PL379966
2025-05-18 17:16:29,659 - processing - INFO - ==================================================
2025-05-18 17:16:29,659 - processing - INFO - Found 1 neutral wire(s):
2025-05-18 17:16:29,659 - processing - INFO -   1. CPS ENERGY Neutral at height 330.61 inches (source: katapult)
2025-05-18 17:16:29,659 - processing - INFO - Highest neutral: CPS ENERGY Neutral at height 330.61 inches
2025-05-18 17:16:29,660 - processing - INFO - Found 4 attachment(s) below neutral:
2025-05-18 17:16:29,660 - processing - INFO -   1. CPS ENERGY Neutral at height 27'-7"
2025-05-18 17:16:29,660 - processing - INFO -   2. CPS ENERGY Supply Fiber at height 26'-4"
2025-05-18 17:16:29,661 - processing - INFO -   3. AT&T Fiber Optic Com at height 23'-7"
2025-05-18 17:16:29,661 - processing - INFO -   4. AT&T Telco Com at height 22'-7"
2025-05-18 17:16:29,661 - processing - INFO - ==================================================
2025-05-18 17:16:29,713 - processing - INFO - Processing attachments below neutral for pole PL373937
2025-05-18 17:16:29,715 - processing - INFO - 
==================================================
2025-05-18 17:16:29,716 - processing - INFO - POLE SUMMARY: PL373937
2025-05-18 17:16:29,716 - processing - INFO - ==================================================
2025-05-18 17:16:29,716 - processing - INFO - Found 1 neutral wire(s):
2025-05-18 17:16:29,716 - processing - INFO -   1. CPS ENERGY Neutral at height 463.93 inches (source: katapult)
2025-05-18 17:16:29,716 - processing - INFO - Highest neutral: CPS ENERGY Neutral at height 463.93 inches
2025-05-18 17:16:29,717 - processing - INFO - Found 5 attachment(s) below neutral:
2025-05-18 17:16:29,717 - processing - INFO -   1. CPS ENERGY Neutral at height 38'-8"
2025-05-18 17:16:29,717 - processing - INFO -   2. CPS ENERGY Supply Fiber at height 36'-8"
2025-05-18 17:16:29,717 - processing - INFO -   3. AT&T Fiber Optic Com at height 32'-8"
2025-05-18 17:16:29,717 - processing - INFO -   4. AT&T Telco Com at height 27'-6"
2025-05-18 17:16:29,718 - processing - INFO -   5. CPS ENERGY Supply Fiber at height 36'-5"
2025-05-18 17:16:29,718 - processing - INFO - ==================================================
2025-05-18 17:16:29,766 - processing - INFO - Processing attachments below neutral for pole PL404475
2025-05-18 17:16:29,769 - processing - INFO - 
==================================================
2025-05-18 17:16:29,769 - processing - INFO - POLE SUMMARY: PL404475
2025-05-18 17:16:29,769 - processing - INFO - ==================================================
2025-05-18 17:16:29,769 - processing - INFO - Found 3 neutral wire(s):
2025-05-18 17:16:29,770 - processing - INFO -   1. CPS ENERGY Neutral at height 463.45 inches (source: katapult)
2025-05-18 17:16:29,770 - processing - INFO -   2. CPS ENERGY Neutral at height 432.76 inches (source: katapult)
2025-05-18 17:16:29,770 - processing - INFO -   3. CPS ENERGY Neutral at height 432.92 inches (source: katapult)
2025-05-18 17:16:29,770 - processing - INFO - Highest neutral: CPS ENERGY Neutral at height 463.45 inches
2025-05-18 17:16:29,770 - processing - INFO - Found 7 attachment(s) below neutral:
2025-05-18 17:16:29,771 - processing - INFO -   1. CPS ENERGY Neutral at height 38'-7"
2025-05-18 17:16:29,771 - processing - INFO -   2. CPS ENERGY Supply Fiber at height 37'-1"
2025-05-18 17:16:29,771 - processing - INFO -   3. AT&T Fiber Optic Com at height 31'-5"
2025-05-18 17:16:29,771 - processing - INFO -   4. AT&T Telco Com at height 21'-1"
2025-05-18 17:16:29,771 - processing - INFO -   5. CPS ENERGY Neutral at height 36'-1"
2025-05-18 17:16:29,772 - processing - INFO -   6. CPS ENERGY Neutral at height 36'-1"
2025-05-18 17:16:29,772 - processing - INFO -   7. CPS ENERGY Supply Fiber at height 36'-10"
2025-05-18 17:16:29,772 - processing - INFO - ==================================================
2025-05-18 17:16:29,806 - processing - INFO - Processing attachments below neutral for pole PL373935
2025-05-18 17:16:29,807 - processing - INFO - 
==================================================
2025-05-18 17:16:29,808 - processing - INFO - POLE SUMMARY: PL373935
2025-05-18 17:16:29,808 - processing - INFO - ==================================================
2025-05-18 17:16:29,808 - processing - INFO - Found 1 neutral wire(s):
2025-05-18 17:16:29,808 - processing - INFO -   1. CPS ENERGY Neutral at height 350.65 inches (source: katapult)
2025-05-18 17:16:29,808 - processing - INFO - Highest neutral: CPS ENERGY Neutral at height 350.65 inches
2025-05-18 17:16:29,809 - processing - INFO - Found 4 attachment(s) below neutral:
2025-05-18 17:16:29,809 - processing - INFO -   1. CPS ENERGY Neutral at height 29'-3"
2025-05-18 17:16:29,809 - processing - INFO -   2. CPS ENERGY Supply Fiber at height 27'-9"
2025-05-18 17:16:29,809 - processing - INFO -   3. AT&T Fiber Optic Com at height 24'-10"
2025-05-18 17:16:29,809 - processing - INFO -   4. AT&T Telco Com at height 23'-12"
2025-05-18 17:16:29,810 - processing - INFO - ==================================================
2025-05-18 17:16:29,832 - processing - INFO - Processing attachments below neutral for pole PL398490
2025-05-18 17:16:29,834 - processing - INFO - 
==================================================
2025-05-18 17:16:29,835 - processing - INFO - POLE SUMMARY: PL398490
2025-05-18 17:16:29,835 - processing - INFO - ==================================================
2025-05-18 17:16:29,835 - processing - INFO - Found 1 neutral wire(s):
2025-05-18 17:16:29,835 - processing - INFO -   1. CPS ENERGY Neutral at height 326.42 inches (source: katapult)
2025-05-18 17:16:29,836 - processing - INFO - Highest neutral: CPS ENERGY Neutral at height 326.42 inches
2025-05-18 17:16:29,836 - processing - INFO - Found 5 attachment(s) below neutral:
2025-05-18 17:16:29,836 - processing - INFO -   1. CPS ENERGY Neutral at height 27'-2"
2025-05-18 17:16:29,836 - processing - INFO -   2. CPS ENERGY Supply Fiber at height 26'-0"
2025-05-18 17:16:29,837 - processing - INFO -   3. AT&T Fiber Optic Com at height 24'-10"
2025-05-18 17:16:29,837 - processing - INFO -   4. AT&T Telco Com at height 23'-11"
2025-05-18 17:16:29,837 - processing - INFO -   5. CPS ENERGY Street Light Feed at height 27'-2"
2025-05-18 17:16:29,837 - processing - INFO - ==================================================
2025-05-18 17:16:29,868 - processing - INFO - Processing attachments below neutral for pole PL900997
2025-05-18 17:16:29,871 - processing - INFO - 
==================================================
2025-05-18 17:16:29,871 - processing - INFO - POLE SUMMARY: PL900997
2025-05-18 17:16:29,871 - processing - INFO - ==================================================
2025-05-18 17:16:29,872 - processing - INFO - Found 4 neutral wire(s):
2025-05-18 17:16:29,872 - processing - INFO -   1. CPS ENERGY Neutral at height 324.73 inches (source: katapult)
2025-05-18 17:16:29,872 - processing - INFO -   2. CPS ENERGY Neutral at height 342.91 inches (source: katapult)
2025-05-18 17:16:29,872 - processing - INFO -   3. CPS Energy  at height 325.0001755 inches (source: spidacalc)
2025-05-18 17:16:29,873 - processing - INFO -   4. CPS Energy  at height 325.0001755 inches (source: spidacalc)
2025-05-18 17:16:29,873 - processing - INFO - Highest neutral: CPS ENERGY Neutral at height 342.91 inches
2025-05-18 17:16:29,873 - processing - INFO - Found 7 attachment(s) below neutral:
2025-05-18 17:16:29,873 - processing - INFO -   1. CPS ENERGY Neutral at height 27'-1"
2025-05-18 17:16:29,873 - processing - INFO -   2. CPS ENERGY Street Light Feed at height 27'-1"
2025-05-18 17:16:29,873 - processing - INFO -   3. CPS ENERGY Supply Fiber at height 25'-10"
2025-05-18 17:16:29,874 - processing - INFO -   4. AT&T Fiber Optic Com at height 21'-6"
2025-05-18 17:16:29,874 - processing - INFO -   5. AT&T Telco Com at height 20'-6"
2025-05-18 17:16:29,874 - processing - INFO -   6. CPS ENERGY Service at height 27'-1"
2025-05-18 17:16:29,874 - processing - INFO -   7. Charter Fiber Optic Com at height 21'-6"
2025-05-18 17:16:29,874 - processing - INFO - ==================================================
2025-05-18 17:16:29,921 - processing - INFO - Processing attachments below neutral for pole PL404474
2025-05-18 17:16:29,925 - processing - INFO - 
==================================================
2025-05-18 17:16:29,925 - processing - INFO - POLE SUMMARY: PL404474
2025-05-18 17:16:29,925 - processing - INFO - ==================================================
2025-05-18 17:16:29,925 - processing - INFO - Found 3 neutral wire(s):
2025-05-18 17:16:29,925 - processing - INFO -   1. CPS ENERGY Neutral at height 311.85 inches (source: katapult)
2025-05-18 17:16:29,926 - processing - INFO -   2. CPS Energy  at height 312.00016848000007 inches (source: spidacalc)
2025-05-18 17:16:29,926 - processing - INFO -   3. CPS Energy  at height 312.00016848000007 inches (source: spidacalc)
2025-05-18 17:16:29,926 - processing - INFO - Highest neutral: CPS Energy  at height 312.00016848000007 inches
2025-05-18 17:16:29,926 - processing - INFO - Found 6 attachment(s) below neutral:
2025-05-18 17:16:29,927 - processing - INFO -   1. CPS ENERGY Neutral at height 25'-12"
2025-05-18 17:16:29,927 - processing - INFO -   2. CPS ENERGY Supply Fiber at height 24'-6"
2025-05-18 17:16:29,927 - processing - INFO -   3. AT&T Fiber Optic Com at height 22'-9"
2025-05-18 17:16:29,927 - processing - INFO -   4. AT&T Telco Com at height 21'-7"
2025-05-18 17:16:29,927 - processing - INFO -   5. CPS ENERGY Street Light Feed at height 25'-12"
2025-05-18 17:16:29,928 - processing - INFO -   6. Charter Fiber Optic Com at height 21'-7"
2025-05-18 17:16:29,928 - processing - INFO - ==================================================
2025-05-18 17:16:29,952 - processing - INFO - Processing attachments below neutral for pole PL401451
2025-05-18 17:16:29,955 - processing - INFO - 
==================================================
2025-05-18 17:16:29,955 - processing - INFO - POLE SUMMARY: PL401451
2025-05-18 17:16:29,956 - processing - INFO - ==================================================
2025-05-18 17:16:29,956 - processing - INFO - Found 2 neutral wire(s):
2025-05-18 17:16:29,956 - processing - INFO -   1. CPS ENERGY Neutral at height 318.97 inches (source: katapult)
2025-05-18 17:16:29,956 - processing - INFO -   2. CPS ENERGY Neutral at height 314.28 inches (source: katapult)
2025-05-18 17:16:29,957 - processing - INFO - Highest neutral: CPS ENERGY Neutral at height 318.97 inches
2025-05-18 17:16:29,957 - processing - INFO - Found 4 attachment(s) below neutral:
2025-05-18 17:16:29,957 - processing - INFO -   1. CPS ENERGY Neutral at height 26'-7"
2025-05-18 17:16:29,957 - processing - INFO -   2. CPS ENERGY Supply Fiber at height 24'-11"
2025-05-18 17:16:29,957 - processing - INFO -   3. AT&T Fiber Optic Com at height 22'-6"
2025-05-18 17:16:29,958 - processing - INFO -   4. AT&T Telco Com at height 21'-3"
2025-05-18 17:16:29,958 - processing - INFO - ==================================================
2025-05-18 17:16:29,999 - processing - INFO - Processing attachments below neutral for pole PL398491
2025-05-18 17:16:30,003 - processing - INFO - 
==================================================
2025-05-18 17:16:30,003 - processing - INFO - POLE SUMMARY: PL398491
2025-05-18 17:16:30,003 - processing - INFO - ==================================================
2025-05-18 17:16:30,003 - processing - INFO - Found 4 neutral wire(s):
2025-05-18 17:16:30,004 - processing - INFO -   1. CPS ENERGY Neutral at height 325.34 inches (source: katapult)
2025-05-18 17:16:30,004 - processing - INFO -   2. CPS ENERGY Neutral at height 322.75 inches (source: katapult)
2025-05-18 17:16:30,004 - processing - INFO -   3. CPS Energy  at height 324.00017496000004 inches (source: spidacalc)
2025-05-18 17:16:30,004 - processing - INFO -   4. CPS Energy  at height 327.0001765800001 inches (source: spidacalc)
2025-05-18 17:16:30,006 - processing - INFO - Highest neutral: CPS Energy  at height 327.0001765800001 inches
2025-05-18 17:16:30,006 - processing - INFO - Found 12 attachment(s) below neutral:
2025-05-18 17:16:30,006 - processing - INFO -   1. AT&T Com Drop at height 19'-8"
2025-05-18 17:16:30,006 - processing - INFO -   2. CPS ENERGY Service at height 27'-1"
2025-05-18 17:16:30,006 - processing - INFO -   3. AT&T Com Drop at height 19'-6"
2025-05-18 17:16:30,007 - processing - INFO -   4. AT&T Com Drop at height 19'-6"
2025-05-18 17:16:30,007 - processing - INFO -   5. CPS ENERGY Neutral at height 27'-1"
2025-05-18 17:16:30,007 - processing - INFO -   6. CPS ENERGY Neutral at height 26'-11"
2025-05-18 17:16:30,007 - processing - INFO -   7. CPS ENERGY Supply Fiber at height 25'-6"
2025-05-18 17:16:30,007 - processing - INFO -   8. AT&T Fiber Optic Com at height 21'-4"
2025-05-18 17:16:30,008 - processing - INFO -   9. AT&T Telco Com at height 20'-4"
2025-05-18 17:16:30,008 - processing - INFO -   10. AT&T Com Drop at height 19'-8"
2025-05-18 17:16:30,008 - processing - INFO -   11. Charter Fiber Optic Com at height 22'-4"
2025-05-18 17:16:30,008 - processing - INFO -   12. CPS ENERGY Supply Fiber at height 25'-9"
2025-05-18 17:16:30,008 - processing - INFO - ==================================================
2025-05-18 17:16:30,062 - processing - INFO - Processing attachments below neutral for pole PL410620
2025-05-18 17:16:30,064 - processing - INFO - 
==================================================
2025-05-18 17:16:30,064 - processing - INFO - POLE SUMMARY: PL410620
2025-05-18 17:16:30,065 - processing - INFO - ==================================================
2025-05-18 17:16:30,065 - processing - INFO - Found 3 neutral wire(s):
2025-05-18 17:16:30,065 - processing - INFO -   1. CPS ENERGY Neutral at height 354.28 inches (source: katapult)
2025-05-18 17:16:30,065 - processing - INFO -   2. CPS Energy  at height 354.0001911600001 inches (source: spidacalc)
2025-05-18 17:16:30,065 - processing - INFO -   3. CPS Energy  at height 354.0001911600001 inches (source: spidacalc)
2025-05-18 17:16:30,066 - processing - INFO - Highest neutral: CPS ENERGY Neutral at height 354.28 inches
2025-05-18 17:16:30,066 - processing - INFO - Found 6 attachment(s) below neutral:
2025-05-18 17:16:30,066 - processing - INFO -   1. CPS ENERGY Neutral at height 29'-6"
2025-05-18 17:16:30,066 - processing - INFO -   2. CPS ENERGY Supply Fiber at height 27'-12"
2025-05-18 17:16:30,066 - processing - INFO -   3. AT&T Fiber Optic Com at height 23'-7"
2025-05-18 17:16:30,066 - processing - INFO -   4. AT&T Telco Com at height 22'-4"
2025-05-18 17:16:30,066 - processing - INFO -   5. AT&T Com Drop at height 21'-5"
2025-05-18 17:16:30,068 - processing - INFO -   6. Charter Fiber Optic Com at height 24'-7"
2025-05-18 17:16:30,068 - processing - INFO - ==================================================
2025-05-18 17:16:30,086 - processing - INFO - Processing attachments below neutral for pole {'-Imported': 'PL410595'}
2025-05-18 17:16:30,087 - processing - INFO - 
==================================================
2025-05-18 17:16:30,087 - processing - INFO - POLE SUMMARY: {'-Imported': 'PL410595'}
2025-05-18 17:16:30,087 - processing - INFO - ==================================================
2025-05-18 17:16:30,087 - processing - INFO - Found 0 neutral wire(s):
2025-05-18 17:16:30,087 - processing - INFO - No neutral wires found!
2025-05-18 17:16:30,088 - processing - INFO - Found 0 attachment(s) below neutral:
2025-05-18 17:16:30,088 - processing - INFO - ==================================================
2025-05-18 17:16:30,106 - processing - INFO - Processing attachments below neutral for pole PL389359
2025-05-18 17:16:30,110 - processing - INFO - 
==================================================
2025-05-18 17:16:30,110 - processing - INFO - POLE SUMMARY: PL389359
2025-05-18 17:16:30,110 - processing - INFO - ==================================================
2025-05-18 17:16:30,110 - processing - INFO - Found 5 neutral wire(s):
2025-05-18 17:16:30,111 - processing - INFO -   1. CPS ENERGY Neutral at height 327.24 inches (source: katapult)
2025-05-18 17:16:30,111 - processing - INFO -   2. CPS ENERGY Neutral at height 327.15 inches (source: katapult)
2025-05-18 17:16:30,111 - processing - INFO -   3. CPS Energy  at height 327.0001765800001 inches (source: spidacalc)
2025-05-18 17:16:30,111 - processing - INFO -   4. CPS Energy  at height 327.0001765800001 inches (source: spidacalc)
2025-05-18 17:16:30,111 - processing - INFO -   5. CPS Energy  at height 327.0001765800001 inches (source: spidacalc)
2025-05-18 17:16:30,112 - processing - INFO - Highest neutral: CPS ENERGY Neutral at height 327.24 inches
2025-05-18 17:16:30,112 - processing - INFO - Found 6 attachment(s) below neutral:
2025-05-18 17:16:30,112 - processing - INFO -   1. CPS ENERGY Neutral at height 27'-3"
2025-05-18 17:16:30,112 - processing - INFO -   2. CPS ENERGY Supply Fiber at height 25'-9"
2025-05-18 17:16:30,112 - processing - INFO -   3. AT&T Fiber Optic Com at height 22'-8"
2025-05-18 17:16:30,113 - processing - INFO -   4. AT&T Telco Com at height 21'-8"
2025-05-18 17:16:30,113 - processing - INFO -   5. CPS ENERGY Neutral at height 27'-3"
2025-05-18 17:16:30,113 - processing - INFO -   6. Charter Fiber Optic Com at height 22'-12"
2025-05-18 17:16:30,113 - processing - INFO - ==================================================
