2025-05-16 16:53:55,508 - processing - INFO - Processing attachments below neutral for pole PL370858
2025-05-16 16:53:55,512 - processing - INFO - 
==================================================
2025-05-16 16:53:55,513 - processing - INFO - POLE SUMMARY: PL370858
2025-05-16 16:53:55,513 - processing - INFO - ==================================================
2025-05-16 16:53:55,513 - processing - INFO - Found 3 neutral wire(s):
2025-05-16 16:53:55,513 - processing - INFO -   1. CPS ENERGY Neutral at height 317.6 inches (source: katapult)
2025-05-16 16:53:55,514 - processing - INFO -   2. CPS Energy  at height 318.0001717200001 inches (source: spidacalc)
2025-05-16 16:53:55,514 - processing - INFO -   3. CPS Energy  at height 318.0001717200001 inches (source: spidacalc)
2025-05-16 16:53:55,515 - processing - INFO - Highest neutral: CPS Energy  at height 318.0001717200001 inches
2025-05-16 16:53:55,515 - processing - INFO - Found 5 attachment(s) below neutral:
2025-05-16 16:53:55,515 - processing - INFO -   1. CPS ENERGY Neutral at height 26'-6"
2025-05-16 16:53:55,516 - processing - INFO -   2. CPS ENERGY Supply Fiber at height 25'-5"
2025-05-16 16:53:55,516 - processing - INFO -   3. AT&T Fiber Optic Com at height 22'-10"
2025-05-16 16:53:55,516 - processing - INFO -   4. AT&T Telco Com at height 21'-10"
2025-05-16 16:53:55,516 - processing - INFO -   5. Charter Fiber Optic Com at height 22'-1"
2025-05-16 16:53:55,517 - processing - INFO - ==================================================
2025-05-16 16:53:55,578 - processing - INFO - Processing attachments below neutral for pole PL379971
2025-05-16 16:53:55,581 - processing - INFO - 
==================================================
2025-05-16 16:53:55,581 - processing - INFO - POLE SUMMARY: PL379971
2025-05-16 16:53:55,582 - processing - INFO - ==================================================
2025-05-16 16:53:55,582 - processing - INFO - Found 1 neutral wire(s):
2025-05-16 16:53:55,582 - processing - INFO -   1. CPS ENERGY Neutral at height 316.48 inches (source: katapult)
2025-05-16 16:53:55,583 - processing - INFO - Highest neutral: CPS ENERGY Neutral at height 316.48 inches
2025-05-16 16:53:55,583 - processing - INFO - Found 4 attachment(s) below neutral:
2025-05-16 16:53:55,583 - processing - INFO -   1. CPS ENERGY Neutral at height 26'-4"
2025-05-16 16:53:55,583 - processing - INFO -   2. CPS ENERGY Supply Fiber at height 24'-9"
2025-05-16 16:53:55,584 - processing - INFO -   3. AT&T Fiber Optic Com at height 23'-9"
2025-05-16 16:53:55,584 - processing - INFO -   4. AT&T Telco Com at height 22'-9"
2025-05-16 16:53:55,584 - processing - INFO - ==================================================
2025-05-16 16:53:55,627 - processing - INFO - Processing attachments below neutral for pole PL379966
2025-05-16 16:53:55,630 - processing - INFO - 
==================================================
2025-05-16 16:53:55,631 - processing - INFO - POLE SUMMARY: PL379966
2025-05-16 16:53:55,631 - processing - INFO - ==================================================
2025-05-16 16:53:55,631 - processing - INFO - Found 1 neutral wire(s):
2025-05-16 16:53:55,632 - processing - INFO -   1. CPS ENERGY Neutral at height 330.61 inches (source: katapult)
2025-05-16 16:53:55,632 - processing - INFO - Highest neutral: CPS ENERGY Neutral at height 330.61 inches
2025-05-16 16:53:55,632 - processing - INFO - Found 4 attachment(s) below neutral:
2025-05-16 16:53:55,633 - processing - INFO -   1. CPS ENERGY Neutral at height 27'-7"
2025-05-16 16:53:55,633 - processing - INFO -   2. CPS ENERGY Supply Fiber at height 26'-4"
2025-05-16 16:53:55,633 - processing - INFO -   3. AT&T Fiber Optic Com at height 23'-7"
2025-05-16 16:53:55,633 - processing - INFO -   4. AT&T Telco Com at height 22'-7"
2025-05-16 16:53:55,634 - processing - INFO - ==================================================
2025-05-16 16:53:55,708 - processing - INFO - Processing attachments below neutral for pole PL373937
2025-05-16 16:53:55,712 - processing - INFO - 
==================================================
2025-05-16 16:53:55,712 - processing - INFO - POLE SUMMARY: PL373937
2025-05-16 16:53:55,713 - processing - INFO - ==================================================
2025-05-16 16:53:55,713 - processing - INFO - Found 1 neutral wire(s):
2025-05-16 16:53:55,713 - processing - INFO -   1. CPS ENERGY Neutral at height 463.93 inches (source: katapult)
2025-05-16 16:53:55,714 - processing - INFO - Highest neutral: CPS ENERGY Neutral at height 463.93 inches
2025-05-16 16:53:55,714 - processing - INFO - Found 5 attachment(s) below neutral:
2025-05-16 16:53:55,715 - processing - INFO -   1. CPS ENERGY Neutral at height 38'-8"
2025-05-16 16:53:55,715 - processing - INFO -   2. CPS ENERGY Supply Fiber at height 36'-8"
2025-05-16 16:53:55,716 - processing - INFO -   3. AT&T Fiber Optic Com at height 32'-8"
2025-05-16 16:53:55,716 - processing - INFO -   4. AT&T Telco Com at height 27'-6"
2025-05-16 16:53:55,716 - processing - INFO -   5. CPS ENERGY Supply Fiber at height 36'-5"
2025-05-16 16:53:55,717 - processing - INFO - ==================================================
2025-05-16 16:53:55,811 - processing - INFO - Processing attachments below neutral for pole PL404475
2025-05-16 16:53:55,817 - processing - INFO - 
==================================================
2025-05-16 16:53:55,818 - processing - INFO - POLE SUMMARY: PL404475
2025-05-16 16:53:55,819 - processing - INFO - ==================================================
2025-05-16 16:53:55,819 - processing - INFO - Found 3 neutral wire(s):
2025-05-16 16:53:55,819 - processing - INFO -   1. CPS ENERGY Neutral at height 463.45 inches (source: katapult)
2025-05-16 16:53:55,820 - processing - INFO -   2. CPS ENERGY Neutral at height 432.76 inches (source: katapult)
2025-05-16 16:53:55,821 - processing - INFO -   3. CPS ENERGY Neutral at height 432.92 inches (source: katapult)
2025-05-16 16:53:55,821 - processing - INFO - Highest neutral: CPS ENERGY Neutral at height 463.45 inches
2025-05-16 16:53:55,821 - processing - INFO - Found 7 attachment(s) below neutral:
2025-05-16 16:53:55,822 - processing - INFO -   1. CPS ENERGY Neutral at height 38'-7"
2025-05-16 16:53:55,822 - processing - INFO -   2. CPS ENERGY Supply Fiber at height 37'-1"
2025-05-16 16:53:55,822 - processing - INFO -   3. AT&T Fiber Optic Com at height 31'-5"
2025-05-16 16:53:55,823 - processing - INFO -   4. AT&T Telco Com at height 21'-1"
2025-05-16 16:53:55,823 - processing - INFO -   5. CPS ENERGY Neutral at height 36'-1"
2025-05-16 16:53:55,823 - processing - INFO -   6. CPS ENERGY Neutral at height 36'-1"
2025-05-16 16:53:55,824 - processing - INFO -   7. CPS ENERGY Supply Fiber at height 36'-10"
2025-05-16 16:53:55,824 - processing - INFO - ==================================================
2025-05-16 16:53:55,874 - processing - INFO - Processing attachments below neutral for pole PL373935
2025-05-16 16:53:55,878 - processing - INFO - 
==================================================
2025-05-16 16:53:55,878 - processing - INFO - POLE SUMMARY: PL373935
2025-05-16 16:53:55,879 - processing - INFO - ==================================================
2025-05-16 16:53:55,879 - processing - INFO - Found 1 neutral wire(s):
2025-05-16 16:53:55,879 - processing - INFO -   1. CPS ENERGY Neutral at height 350.65 inches (source: katapult)
2025-05-16 16:53:55,880 - processing - INFO - Highest neutral: CPS ENERGY Neutral at height 350.65 inches
2025-05-16 16:53:55,880 - processing - INFO - Found 4 attachment(s) below neutral:
2025-05-16 16:53:55,880 - processing - INFO -   1. CPS ENERGY Neutral at height 29'-3"
2025-05-16 16:53:55,881 - processing - INFO -   2. CPS ENERGY Supply Fiber at height 27'-9"
2025-05-16 16:53:55,881 - processing - INFO -   3. AT&T Fiber Optic Com at height 24'-10"
2025-05-16 16:53:55,882 - processing - INFO -   4. AT&T Telco Com at height 23'-12"
2025-05-16 16:53:55,882 - processing - INFO - ==================================================
2025-05-16 16:53:55,929 - processing - INFO - Processing attachments below neutral for pole PL398490
2025-05-16 16:53:55,933 - processing - INFO - 
==================================================
2025-05-16 16:53:55,934 - processing - INFO - POLE SUMMARY: PL398490
2025-05-16 16:53:55,934 - processing - INFO - ==================================================
2025-05-16 16:53:55,934 - processing - INFO - Found 1 neutral wire(s):
2025-05-16 16:53:55,935 - processing - INFO -   1. CPS ENERGY Neutral at height 326.42 inches (source: katapult)
2025-05-16 16:53:55,935 - processing - INFO - Highest neutral: CPS ENERGY Neutral at height 326.42 inches
2025-05-16 16:53:55,935 - processing - INFO - Found 5 attachment(s) below neutral:
2025-05-16 16:53:55,936 - processing - INFO -   1. CPS ENERGY Neutral at height 27'-2"
2025-05-16 16:53:55,936 - processing - INFO -   2. CPS ENERGY Supply Fiber at height 26'-0"
2025-05-16 16:53:55,936 - processing - INFO -   3. AT&T Fiber Optic Com at height 24'-10"
2025-05-16 16:53:55,937 - processing - INFO -   4. AT&T Telco Com at height 23'-11"
2025-05-16 16:53:55,937 - processing - INFO -   5. CPS ENERGY Street Light Feed at height 27'-2"
2025-05-16 16:53:55,937 - processing - INFO - ==================================================
2025-05-16 16:53:56,003 - processing - INFO - Processing attachments below neutral for pole PL900997
2025-05-16 16:53:56,009 - processing - INFO - 
==================================================
2025-05-16 16:53:56,009 - processing - INFO - POLE SUMMARY: PL900997
2025-05-16 16:53:56,009 - processing - INFO - ==================================================
2025-05-16 16:53:56,010 - processing - INFO - Found 4 neutral wire(s):
2025-05-16 16:53:56,010 - processing - INFO -   1. CPS ENERGY Neutral at height 324.73 inches (source: katapult)
2025-05-16 16:53:56,010 - processing - INFO -   2. CPS ENERGY Neutral at height 342.91 inches (source: katapult)
2025-05-16 16:53:56,010 - processing - INFO -   3. CPS Energy  at height 325.0001755 inches (source: spidacalc)
2025-05-16 16:53:56,011 - processing - INFO -   4. CPS Energy  at height 325.0001755 inches (source: spidacalc)
2025-05-16 16:53:56,011 - processing - INFO - Highest neutral: CPS ENERGY Neutral at height 342.91 inches
2025-05-16 16:53:56,012 - processing - INFO - Found 7 attachment(s) below neutral:
2025-05-16 16:53:56,012 - processing - INFO -   1. CPS ENERGY Neutral at height 27'-1"
2025-05-16 16:53:56,012 - processing - INFO -   2. CPS ENERGY Street Light Feed at height 27'-1"
2025-05-16 16:53:56,013 - processing - INFO -   3. CPS ENERGY Supply Fiber at height 25'-10"
2025-05-16 16:53:56,013 - processing - INFO -   4. AT&T Fiber Optic Com at height 21'-6"
2025-05-16 16:53:56,013 - processing - INFO -   5. AT&T Telco Com at height 20'-6"
2025-05-16 16:53:56,013 - processing - INFO -   6. CPS ENERGY Service at height 27'-1"
2025-05-16 16:53:56,014 - processing - INFO -   7. Charter Fiber Optic Com at height 21'-6"
2025-05-16 16:53:56,014 - processing - INFO - ==================================================
2025-05-16 16:53:56,113 - processing - INFO - Processing attachments below neutral for pole PL404474
2025-05-16 16:53:56,119 - processing - INFO - 
==================================================
2025-05-16 16:53:56,120 - processing - INFO - POLE SUMMARY: PL404474
2025-05-16 16:53:56,120 - processing - INFO - ==================================================
2025-05-16 16:53:56,121 - processing - INFO - Found 3 neutral wire(s):
2025-05-16 16:53:56,121 - processing - INFO -   1. CPS ENERGY Neutral at height 311.85 inches (source: katapult)
2025-05-16 16:53:56,122 - processing - INFO -   2. CPS Energy  at height 312.00016848000007 inches (source: spidacalc)
2025-05-16 16:53:56,122 - processing - INFO -   3. CPS Energy  at height 312.00016848000007 inches (source: spidacalc)
2025-05-16 16:53:56,123 - processing - INFO - Highest neutral: CPS Energy  at height 312.00016848000007 inches
2025-05-16 16:53:56,124 - processing - INFO - Found 6 attachment(s) below neutral:
2025-05-16 16:53:56,124 - processing - INFO -   1. CPS ENERGY Neutral at height 25'-12"
2025-05-16 16:53:56,124 - processing - INFO -   2. CPS ENERGY Supply Fiber at height 24'-6"
2025-05-16 16:53:56,125 - processing - INFO -   3. AT&T Fiber Optic Com at height 22'-9"
2025-05-16 16:53:56,125 - processing - INFO -   4. AT&T Telco Com at height 21'-7"
2025-05-16 16:53:56,125 - processing - INFO -   5. CPS ENERGY Street Light Feed at height 25'-12"
2025-05-16 16:53:56,125 - processing - INFO -   6. Charter Fiber Optic Com at height 21'-7"
2025-05-16 16:53:56,126 - processing - INFO - ==================================================
2025-05-16 16:53:56,182 - processing - INFO - Processing attachments below neutral for pole PL401451
2025-05-16 16:53:56,187 - processing - INFO - 
==================================================
2025-05-16 16:53:56,187 - processing - INFO - POLE SUMMARY: PL401451
2025-05-16 16:53:56,188 - processing - INFO - ==================================================
2025-05-16 16:53:56,188 - processing - INFO - Found 2 neutral wire(s):
2025-05-16 16:53:56,188 - processing - INFO -   1. CPS ENERGY Neutral at height 318.97 inches (source: katapult)
2025-05-16 16:53:56,189 - processing - INFO -   2. CPS ENERGY Neutral at height 314.28 inches (source: katapult)
2025-05-16 16:53:56,189 - processing - INFO - Highest neutral: CPS ENERGY Neutral at height 318.97 inches
2025-05-16 16:53:56,189 - processing - INFO - Found 4 attachment(s) below neutral:
2025-05-16 16:53:56,190 - processing - INFO -   1. CPS ENERGY Neutral at height 26'-7"
2025-05-16 16:53:56,190 - processing - INFO -   2. CPS ENERGY Supply Fiber at height 24'-11"
2025-05-16 16:53:56,190 - processing - INFO -   3. AT&T Fiber Optic Com at height 22'-6"
2025-05-16 16:53:56,191 - processing - INFO -   4. AT&T Telco Com at height 21'-3"
2025-05-16 16:53:56,191 - processing - INFO - ==================================================
2025-05-16 16:53:56,296 - processing - INFO - Processing attachments below neutral for pole PL398491
2025-05-16 16:53:56,305 - processing - INFO - 
==================================================
2025-05-16 16:53:56,305 - processing - INFO - POLE SUMMARY: PL398491
2025-05-16 16:53:56,306 - processing - INFO - ==================================================
2025-05-16 16:53:56,306 - processing - INFO - Found 4 neutral wire(s):
2025-05-16 16:53:56,307 - processing - INFO -   1. CPS ENERGY Neutral at height 325.34 inches (source: katapult)
2025-05-16 16:53:56,308 - processing - INFO -   2. CPS ENERGY Neutral at height 322.75 inches (source: katapult)
2025-05-16 16:53:56,308 - processing - INFO -   3. CPS Energy  at height 324.00017496000004 inches (source: spidacalc)
2025-05-16 16:53:56,309 - processing - INFO -   4. CPS Energy  at height 327.0001765800001 inches (source: spidacalc)
2025-05-16 16:53:56,309 - processing - INFO - Highest neutral: CPS Energy  at height 327.0001765800001 inches
2025-05-16 16:53:56,310 - processing - INFO - Found 12 attachment(s) below neutral:
2025-05-16 16:53:56,310 - processing - INFO -   1. AT&T Com Drop at height 19'-8"
2025-05-16 16:53:56,311 - processing - INFO -   2. CPS ENERGY Service at height 27'-1"
2025-05-16 16:53:56,311 - processing - INFO -   3. AT&T Com Drop at height 19'-6"
2025-05-16 16:53:56,312 - processing - INFO -   4. AT&T Com Drop at height 19'-6"
2025-05-16 16:53:56,312 - processing - INFO -   5. CPS ENERGY Neutral at height 27'-1"
2025-05-16 16:53:56,313 - processing - INFO -   6. CPS ENERGY Neutral at height 26'-11"
2025-05-16 16:53:56,313 - processing - INFO -   7. CPS ENERGY Supply Fiber at height 25'-6"
2025-05-16 16:53:56,313 - processing - INFO -   8. AT&T Fiber Optic Com at height 21'-4"
2025-05-16 16:53:56,314 - processing - INFO -   9. AT&T Telco Com at height 20'-4"
2025-05-16 16:53:56,314 - processing - INFO -   10. AT&T Com Drop at height 19'-8"
2025-05-16 16:53:56,315 - processing - INFO -   11. Charter Fiber Optic Com at height 22'-4"
2025-05-16 16:53:56,315 - processing - INFO -   12. CPS ENERGY Supply Fiber at height 25'-9"
2025-05-16 16:53:56,315 - processing - INFO - ==================================================
2025-05-16 16:53:56,443 - processing - INFO - Processing attachments below neutral for pole PL410620
2025-05-16 16:53:56,449 - processing - INFO - 
==================================================
2025-05-16 16:53:56,449 - processing - INFO - POLE SUMMARY: PL410620
2025-05-16 16:53:56,450 - processing - INFO - ==================================================
2025-05-16 16:53:56,450 - processing - INFO - Found 3 neutral wire(s):
2025-05-16 16:53:56,450 - processing - INFO -   1. CPS ENERGY Neutral at height 354.28 inches (source: katapult)
2025-05-16 16:53:56,451 - processing - INFO -   2. CPS Energy  at height 354.0001911600001 inches (source: spidacalc)
2025-05-16 16:53:56,451 - processing - INFO -   3. CPS Energy  at height 354.0001911600001 inches (source: spidacalc)
2025-05-16 16:53:56,452 - processing - INFO - Highest neutral: CPS ENERGY Neutral at height 354.28 inches
2025-05-16 16:53:56,452 - processing - INFO - Found 6 attachment(s) below neutral:
2025-05-16 16:53:56,452 - processing - INFO -   1. CPS ENERGY Neutral at height 29'-6"
2025-05-16 16:53:56,453 - processing - INFO -   2. CPS ENERGY Supply Fiber at height 27'-12"
2025-05-16 16:53:56,453 - processing - INFO -   3. AT&T Fiber Optic Com at height 23'-7"
2025-05-16 16:53:56,454 - processing - INFO -   4. AT&T Telco Com at height 22'-4"
2025-05-16 16:53:56,454 - processing - INFO -   5. AT&T Com Drop at height 21'-5"
2025-05-16 16:53:56,454 - processing - INFO -   6. Charter Fiber Optic Com at height 24'-7"
2025-05-16 16:53:56,455 - processing - INFO - ==================================================
2025-05-16 16:53:56,535 - processing - INFO - Processing attachments below neutral for pole PL389359
2025-05-16 16:53:56,542 - processing - INFO - 
==================================================
2025-05-16 16:53:56,542 - processing - INFO - POLE SUMMARY: PL389359
2025-05-16 16:53:56,543 - processing - INFO - ==================================================
2025-05-16 16:53:56,543 - processing - INFO - Found 5 neutral wire(s):
2025-05-16 16:53:56,543 - processing - INFO -   1. CPS ENERGY Neutral at height 327.24 inches (source: katapult)
2025-05-16 16:53:56,544 - processing - INFO -   2. CPS ENERGY Neutral at height 327.15 inches (source: katapult)
2025-05-16 16:53:56,545 - processing - INFO -   3. CPS Energy  at height 327.0001765800001 inches (source: spidacalc)
2025-05-16 16:53:56,545 - processing - INFO -   4. CPS Energy  at height 327.0001765800001 inches (source: spidacalc)
2025-05-16 16:53:56,546 - processing - INFO -   5. CPS Energy  at height 327.0001765800001 inches (source: spidacalc)
2025-05-16 16:53:56,547 - processing - INFO - Highest neutral: CPS ENERGY Neutral at height 327.24 inches
2025-05-16 16:53:56,547 - processing - INFO - Found 6 attachment(s) below neutral:
2025-05-16 16:53:56,547 - processing - INFO -   1. CPS ENERGY Neutral at height 27'-3"
2025-05-16 16:53:56,548 - processing - INFO -   2. CPS ENERGY Supply Fiber at height 25'-9"
2025-05-16 16:53:56,548 - processing - INFO -   3. AT&T Fiber Optic Com at height 22'-8"
2025-05-16 16:53:56,548 - processing - INFO -   4. AT&T Telco Com at height 21'-8"
2025-05-16 16:53:56,548 - processing - INFO -   5. CPS ENERGY Neutral at height 27'-3"
2025-05-16 16:53:56,549 - processing - INFO -   6. Charter Fiber Optic Com at height 22'-12"
2025-05-16 16:53:56,549 - processing - INFO - ==================================================
