2025-05-16 16:52:18,027 - processing - INFO - Processing attachments below neutral for pole PL370858
2025-05-16 16:52:18,035 - processing - INFO - 
==================================================
2025-05-16 16:52:18,036 - processing - INFO - POLE SUMMARY: PL370858
2025-05-16 16:52:18,036 - processing - INFO - ==================================================
2025-05-16 16:52:18,036 - processing - INFO - Found 3 neutral wire(s):
2025-05-16 16:52:18,037 - processing - INFO -   1. CPS ENERGY Neutral at height 317.6 inches (source: katapult)
2025-05-16 16:52:18,037 - processing - INFO -   2. CPS Energy  at height 318.0001717200001 inches (source: spidacalc)
2025-05-16 16:52:18,038 - processing - INFO -   3. CPS Energy  at height 318.0001717200001 inches (source: spidacalc)
2025-05-16 16:52:18,038 - processing - INFO - Highest neutral: CPS Energy  at height 318.0001717200001 inches
2025-05-16 16:52:18,041 - processing - INFO - Found 5 attachment(s) below neutral:
2025-05-16 16:52:18,041 - processing - INFO -   1. CPS ENERGY Neutral at height 26'-6"
2025-05-16 16:52:18,042 - processing - INFO -   2. CPS ENERGY Supply Fiber at height 25'-5"
2025-05-16 16:52:18,042 - processing - INFO -   3. AT&T Fiber Optic Com at height 22'-10"
2025-05-16 16:52:18,042 - processing - INFO -   4. AT&T Telco Com at height 21'-10"
2025-05-16 16:52:18,042 - processing - INFO -   5. Charter Fiber Optic Com at height 22'-1"
2025-05-16 16:52:18,043 - processing - INFO - ==================================================
2025-05-16 16:52:18,100 - processing - INFO - Processing attachments below neutral for pole PL379971
2025-05-16 16:52:18,103 - processing - INFO - 
==================================================
2025-05-16 16:52:18,103 - processing - INFO - POLE SUMMARY: PL379971
2025-05-16 16:52:18,103 - processing - INFO - ==================================================
2025-05-16 16:52:18,104 - processing - INFO - Found 1 neutral wire(s):
2025-05-16 16:52:18,104 - processing - INFO -   1. CPS ENERGY Neutral at height 316.48 inches (source: katapult)
2025-05-16 16:52:18,104 - processing - INFO - Highest neutral: CPS ENERGY Neutral at height 316.48 inches
2025-05-16 16:52:18,104 - processing - INFO - Found 4 attachment(s) below neutral:
2025-05-16 16:52:18,105 - processing - INFO -   1. CPS ENERGY Neutral at height 26'-4"
2025-05-16 16:52:18,105 - processing - INFO -   2. CPS ENERGY Supply Fiber at height 24'-9"
2025-05-16 16:52:18,105 - processing - INFO -   3. AT&T Fiber Optic Com at height 23'-9"
2025-05-16 16:52:18,106 - processing - INFO -   4. AT&T Telco Com at height 22'-9"
2025-05-16 16:52:18,106 - processing - INFO - ==================================================
2025-05-16 16:52:18,141 - processing - INFO - Processing attachments below neutral for pole PL379966
2025-05-16 16:52:18,144 - processing - INFO - 
==================================================
2025-05-16 16:52:18,144 - processing - INFO - POLE SUMMARY: PL379966
2025-05-16 16:52:18,145 - processing - INFO - ==================================================
2025-05-16 16:52:18,145 - processing - INFO - Found 1 neutral wire(s):
2025-05-16 16:52:18,145 - processing - INFO -   1. CPS ENERGY Neutral at height 330.61 inches (source: katapult)
2025-05-16 16:52:18,145 - processing - INFO - Highest neutral: CPS ENERGY Neutral at height 330.61 inches
2025-05-16 16:52:18,146 - processing - INFO - Found 4 attachment(s) below neutral:
2025-05-16 16:52:18,146 - processing - INFO -   1. CPS ENERGY Neutral at height 27'-7"
2025-05-16 16:52:18,146 - processing - INFO -   2. CPS ENERGY Supply Fiber at height 26'-4"
2025-05-16 16:52:18,147 - processing - INFO -   3. AT&T Fiber Optic Com at height 23'-7"
2025-05-16 16:52:18,147 - processing - INFO -   4. AT&T Telco Com at height 22'-7"
2025-05-16 16:52:18,147 - processing - INFO - ==================================================
2025-05-16 16:52:18,214 - processing - INFO - Processing attachments below neutral for pole PL373937
2025-05-16 16:52:18,218 - processing - INFO - 
==================================================
2025-05-16 16:52:18,218 - processing - INFO - POLE SUMMARY: PL373937
2025-05-16 16:52:18,218 - processing - INFO - ==================================================
2025-05-16 16:52:18,218 - processing - INFO - Found 1 neutral wire(s):
2025-05-16 16:52:18,219 - processing - INFO -   1. CPS ENERGY Neutral at height 463.93 inches (source: katapult)
2025-05-16 16:52:18,219 - processing - INFO - Highest neutral: CPS ENERGY Neutral at height 463.93 inches
2025-05-16 16:52:18,220 - processing - INFO - Found 5 attachment(s) below neutral:
2025-05-16 16:52:18,220 - processing - INFO -   1. CPS ENERGY Neutral at height 38'-8"
2025-05-16 16:52:18,220 - processing - INFO -   2. CPS ENERGY Supply Fiber at height 36'-8"
2025-05-16 16:52:18,220 - processing - INFO -   3. AT&T Fiber Optic Com at height 32'-8"
2025-05-16 16:52:18,221 - processing - INFO -   4. AT&T Telco Com at height 27'-6"
2025-05-16 16:52:18,221 - processing - INFO -   5. CPS ENERGY Supply Fiber at height 36'-5"
2025-05-16 16:52:18,221 - processing - INFO - ==================================================
2025-05-16 16:52:18,306 - processing - INFO - Processing attachments below neutral for pole PL404475
2025-05-16 16:52:18,311 - processing - INFO - 
==================================================
2025-05-16 16:52:18,311 - processing - INFO - POLE SUMMARY: PL404475
2025-05-16 16:52:18,311 - processing - INFO - ==================================================
2025-05-16 16:52:18,311 - processing - INFO - Found 3 neutral wire(s):
2025-05-16 16:52:18,312 - processing - INFO -   1. CPS ENERGY Neutral at height 463.45 inches (source: katapult)
2025-05-16 16:52:18,312 - processing - INFO -   2. CPS ENERGY Neutral at height 432.76 inches (source: katapult)
2025-05-16 16:52:18,313 - processing - INFO -   3. CPS ENERGY Neutral at height 432.92 inches (source: katapult)
2025-05-16 16:52:18,313 - processing - INFO - Highest neutral: CPS ENERGY Neutral at height 463.45 inches
2025-05-16 16:52:18,313 - processing - INFO - Found 7 attachment(s) below neutral:
2025-05-16 16:52:18,314 - processing - INFO -   1. CPS ENERGY Neutral at height 38'-7"
2025-05-16 16:52:18,314 - processing - INFO -   2. CPS ENERGY Supply Fiber at height 37'-1"
2025-05-16 16:52:18,314 - processing - INFO -   3. AT&T Fiber Optic Com at height 31'-5"
2025-05-16 16:52:18,314 - processing - INFO -   4. AT&T Telco Com at height 21'-1"
2025-05-16 16:52:18,315 - processing - INFO -   5. CPS ENERGY Neutral at height 36'-1"
2025-05-16 16:52:18,315 - processing - INFO -   6. CPS ENERGY Neutral at height 36'-1"
2025-05-16 16:52:18,315 - processing - INFO -   7. CPS ENERGY Supply Fiber at height 36'-10"
2025-05-16 16:52:18,315 - processing - INFO - ==================================================
2025-05-16 16:52:18,361 - processing - INFO - Processing attachments below neutral for pole PL373935
2025-05-16 16:52:18,364 - processing - INFO - 
==================================================
2025-05-16 16:52:18,364 - processing - INFO - POLE SUMMARY: PL373935
2025-05-16 16:52:18,364 - processing - INFO - ==================================================
2025-05-16 16:52:18,365 - processing - INFO - Found 1 neutral wire(s):
2025-05-16 16:52:18,365 - processing - INFO -   1. CPS ENERGY Neutral at height 350.65 inches (source: katapult)
2025-05-16 16:52:18,366 - processing - INFO - Highest neutral: CPS ENERGY Neutral at height 350.65 inches
2025-05-16 16:52:18,366 - processing - INFO - Found 4 attachment(s) below neutral:
2025-05-16 16:52:18,366 - processing - INFO -   1. CPS ENERGY Neutral at height 29'-3"
2025-05-16 16:52:18,366 - processing - INFO -   2. CPS ENERGY Supply Fiber at height 27'-9"
2025-05-16 16:52:18,367 - processing - INFO -   3. AT&T Fiber Optic Com at height 24'-10"
2025-05-16 16:52:18,367 - processing - INFO -   4. AT&T Telco Com at height 23'-12"
2025-05-16 16:52:18,368 - processing - INFO - ==================================================
2025-05-16 16:52:18,405 - processing - INFO - Processing attachments below neutral for pole PL398490
2025-05-16 16:52:18,407 - processing - INFO - 
==================================================
2025-05-16 16:52:18,408 - processing - INFO - POLE SUMMARY: PL398490
2025-05-16 16:52:18,408 - processing - INFO - ==================================================
2025-05-16 16:52:18,408 - processing - INFO - Found 1 neutral wire(s):
2025-05-16 16:52:18,409 - processing - INFO -   1. CPS ENERGY Neutral at height 326.42 inches (source: katapult)
2025-05-16 16:52:18,409 - processing - INFO - Highest neutral: CPS ENERGY Neutral at height 326.42 inches
2025-05-16 16:52:18,410 - processing - INFO - Found 5 attachment(s) below neutral:
2025-05-16 16:52:18,410 - processing - INFO -   1. CPS ENERGY Neutral at height 27'-2"
2025-05-16 16:52:18,410 - processing - INFO -   2. CPS ENERGY Supply Fiber at height 26'-0"
2025-05-16 16:52:18,410 - processing - INFO -   3. AT&T Fiber Optic Com at height 24'-10"
2025-05-16 16:52:18,411 - processing - INFO -   4. AT&T Telco Com at height 23'-11"
2025-05-16 16:52:18,411 - processing - INFO -   5. CPS ENERGY Street Light Feed at height 27'-2"
2025-05-16 16:52:18,411 - processing - INFO - ==================================================
2025-05-16 16:52:18,467 - processing - INFO - Processing attachments below neutral for pole PL900997
2025-05-16 16:52:18,474 - processing - INFO - 
==================================================
2025-05-16 16:52:18,475 - processing - INFO - POLE SUMMARY: PL900997
2025-05-16 16:52:18,475 - processing - INFO - ==================================================
2025-05-16 16:52:18,476 - processing - INFO - Found 4 neutral wire(s):
2025-05-16 16:52:18,476 - processing - INFO -   1. CPS ENERGY Neutral at height 324.73 inches (source: katapult)
2025-05-16 16:52:18,477 - processing - INFO -   2. CPS ENERGY Neutral at height 342.91 inches (source: katapult)
2025-05-16 16:52:18,477 - processing - INFO -   3. CPS Energy  at height 325.0001755 inches (source: spidacalc)
2025-05-16 16:52:18,478 - processing - INFO -   4. CPS Energy  at height 325.0001755 inches (source: spidacalc)
2025-05-16 16:52:18,478 - processing - INFO - Highest neutral: CPS ENERGY Neutral at height 342.91 inches
2025-05-16 16:52:18,478 - processing - INFO - Found 7 attachment(s) below neutral:
2025-05-16 16:52:18,479 - processing - INFO -   1. CPS ENERGY Neutral at height 27'-1"
2025-05-16 16:52:18,479 - processing - INFO -   2. CPS ENERGY Street Light Feed at height 27'-1"
2025-05-16 16:52:18,480 - processing - INFO -   3. CPS ENERGY Supply Fiber at height 25'-10"
2025-05-16 16:52:18,480 - processing - INFO -   4. AT&T Fiber Optic Com at height 21'-6"
2025-05-16 16:52:18,480 - processing - INFO -   5. AT&T Telco Com at height 20'-6"
2025-05-16 16:52:18,480 - processing - INFO -   6. CPS ENERGY Service at height 27'-1"
2025-05-16 16:52:18,481 - processing - INFO -   7. Charter Fiber Optic Com at height 21'-6"
2025-05-16 16:52:18,481 - processing - INFO - ==================================================
2025-05-16 16:52:18,559 - processing - INFO - Processing attachments below neutral for pole PL404474
2025-05-16 16:52:18,565 - processing - INFO - 
==================================================
2025-05-16 16:52:18,565 - processing - INFO - POLE SUMMARY: PL404474
2025-05-16 16:52:18,565 - processing - INFO - ==================================================
2025-05-16 16:52:18,566 - processing - INFO - Found 3 neutral wire(s):
2025-05-16 16:52:18,566 - processing - INFO -   1. CPS ENERGY Neutral at height 311.85 inches (source: katapult)
2025-05-16 16:52:18,567 - processing - INFO -   2. CPS Energy  at height 312.00016848000007 inches (source: spidacalc)
2025-05-16 16:52:18,568 - processing - INFO -   3. CPS Energy  at height 312.00016848000007 inches (source: spidacalc)
2025-05-16 16:52:18,568 - processing - INFO - Highest neutral: CPS Energy  at height 312.00016848000007 inches
2025-05-16 16:52:18,569 - processing - INFO - Found 6 attachment(s) below neutral:
2025-05-16 16:52:18,569 - processing - INFO -   1. CPS ENERGY Neutral at height 25'-12"
2025-05-16 16:52:18,569 - processing - INFO -   2. CPS ENERGY Supply Fiber at height 24'-6"
2025-05-16 16:52:18,570 - processing - INFO -   3. AT&T Fiber Optic Com at height 22'-9"
2025-05-16 16:52:18,570 - processing - INFO -   4. AT&T Telco Com at height 21'-7"
2025-05-16 16:52:18,570 - processing - INFO -   5. CPS ENERGY Street Light Feed at height 25'-12"
2025-05-16 16:52:18,570 - processing - INFO -   6. Charter Fiber Optic Com at height 21'-7"
2025-05-16 16:52:18,571 - processing - INFO - ==================================================
2025-05-16 16:52:18,624 - processing - INFO - Processing attachments below neutral for pole PL401451
2025-05-16 16:52:18,629 - processing - INFO - 
==================================================
2025-05-16 16:52:18,629 - processing - INFO - POLE SUMMARY: PL401451
2025-05-16 16:52:18,630 - processing - INFO - ==================================================
2025-05-16 16:52:18,630 - processing - INFO - Found 2 neutral wire(s):
2025-05-16 16:52:18,630 - processing - INFO -   1. CPS ENERGY Neutral at height 318.97 inches (source: katapult)
2025-05-16 16:52:18,630 - processing - INFO -   2. CPS ENERGY Neutral at height 314.28 inches (source: katapult)
2025-05-16 16:52:18,631 - processing - INFO - Highest neutral: CPS ENERGY Neutral at height 318.97 inches
2025-05-16 16:52:18,631 - processing - INFO - Found 4 attachment(s) below neutral:
2025-05-16 16:52:18,631 - processing - INFO -   1. CPS ENERGY Neutral at height 26'-7"
2025-05-16 16:52:18,632 - processing - INFO -   2. CPS ENERGY Supply Fiber at height 24'-11"
2025-05-16 16:52:18,632 - processing - INFO -   3. AT&T Fiber Optic Com at height 22'-6"
2025-05-16 16:52:18,632 - processing - INFO -   4. AT&T Telco Com at height 21'-3"
2025-05-16 16:52:18,633 - processing - INFO - ==================================================
2025-05-16 16:52:18,715 - processing - INFO - Processing attachments below neutral for pole PL398491
2025-05-16 16:52:18,721 - processing - INFO - 
==================================================
2025-05-16 16:52:18,721 - processing - INFO - POLE SUMMARY: PL398491
2025-05-16 16:52:18,722 - processing - INFO - ==================================================
2025-05-16 16:52:18,722 - processing - INFO - Found 4 neutral wire(s):
2025-05-16 16:52:18,722 - processing - INFO -   1. CPS ENERGY Neutral at height 325.34 inches (source: katapult)
2025-05-16 16:52:18,722 - processing - INFO -   2. CPS ENERGY Neutral at height 322.75 inches (source: katapult)
2025-05-16 16:52:18,723 - processing - INFO -   3. CPS Energy  at height 324.00017496000004 inches (source: spidacalc)
2025-05-16 16:52:18,723 - processing - INFO -   4. CPS Energy  at height 327.0001765800001 inches (source: spidacalc)
2025-05-16 16:52:18,723 - processing - INFO - Highest neutral: CPS Energy  at height 327.0001765800001 inches
2025-05-16 16:52:18,724 - processing - INFO - Found 12 attachment(s) below neutral:
2025-05-16 16:52:18,724 - processing - INFO -   1. AT&T Com Drop at height 19'-8"
2025-05-16 16:52:18,725 - processing - INFO -   2. CPS ENERGY Service at height 27'-1"
2025-05-16 16:52:18,725 - processing - INFO -   3. AT&T Com Drop at height 19'-6"
2025-05-16 16:52:18,726 - processing - INFO -   4. AT&T Com Drop at height 19'-6"
2025-05-16 16:52:18,726 - processing - INFO -   5. CPS ENERGY Neutral at height 27'-1"
2025-05-16 16:52:18,726 - processing - INFO -   6. CPS ENERGY Neutral at height 26'-11"
2025-05-16 16:52:18,726 - processing - INFO -   7. CPS ENERGY Supply Fiber at height 25'-6"
2025-05-16 16:52:18,727 - processing - INFO -   8. AT&T Fiber Optic Com at height 21'-4"
2025-05-16 16:52:18,727 - processing - INFO -   9. AT&T Telco Com at height 20'-4"
2025-05-16 16:52:18,727 - processing - INFO -   10. AT&T Com Drop at height 19'-8"
2025-05-16 16:52:18,727 - processing - INFO -   11. Charter Fiber Optic Com at height 22'-4"
2025-05-16 16:52:18,728 - processing - INFO -   12. CPS ENERGY Supply Fiber at height 25'-9"
2025-05-16 16:52:18,728 - processing - INFO - ==================================================
2025-05-16 16:52:18,838 - processing - INFO - Processing attachments below neutral for pole PL410620
2025-05-16 16:52:18,844 - processing - INFO - 
==================================================
2025-05-16 16:52:18,844 - processing - INFO - POLE SUMMARY: PL410620
2025-05-16 16:52:18,844 - processing - INFO - ==================================================
2025-05-16 16:52:18,845 - processing - INFO - Found 3 neutral wire(s):
2025-05-16 16:52:18,845 - processing - INFO -   1. CPS ENERGY Neutral at height 354.28 inches (source: katapult)
2025-05-16 16:52:18,846 - processing - INFO -   2. CPS Energy  at height 354.0001911600001 inches (source: spidacalc)
2025-05-16 16:52:18,846 - processing - INFO -   3. CPS Energy  at height 354.0001911600001 inches (source: spidacalc)
2025-05-16 16:52:18,847 - processing - INFO - Highest neutral: CPS ENERGY Neutral at height 354.28 inches
2025-05-16 16:52:18,847 - processing - INFO - Found 6 attachment(s) below neutral:
2025-05-16 16:52:18,847 - processing - INFO -   1. CPS ENERGY Neutral at height 29'-6"
2025-05-16 16:52:18,848 - processing - INFO -   2. CPS ENERGY Supply Fiber at height 27'-12"
2025-05-16 16:52:18,848 - processing - INFO -   3. AT&T Fiber Optic Com at height 23'-7"
2025-05-16 16:52:18,848 - processing - INFO -   4. AT&T Telco Com at height 22'-4"
2025-05-16 16:52:18,848 - processing - INFO -   5. AT&T Com Drop at height 21'-5"
2025-05-16 16:52:18,849 - processing - INFO -   6. Charter Fiber Optic Com at height 24'-7"
2025-05-16 16:52:18,849 - processing - INFO - ==================================================
2025-05-16 16:52:18,916 - processing - INFO - Processing attachments below neutral for pole PL389359
2025-05-16 16:52:18,922 - processing - INFO - 
==================================================
2025-05-16 16:52:18,922 - processing - INFO - POLE SUMMARY: PL389359
2025-05-16 16:52:18,923 - processing - INFO - ==================================================
2025-05-16 16:52:18,923 - processing - INFO - Found 5 neutral wire(s):
2025-05-16 16:52:18,923 - processing - INFO -   1. CPS ENERGY Neutral at height 327.24 inches (source: katapult)
2025-05-16 16:52:18,923 - processing - INFO -   2. CPS ENERGY Neutral at height 327.15 inches (source: katapult)
2025-05-16 16:52:18,924 - processing - INFO -   3. CPS Energy  at height 327.0001765800001 inches (source: spidacalc)
2025-05-16 16:52:18,924 - processing - INFO -   4. CPS Energy  at height 327.0001765800001 inches (source: spidacalc)
2025-05-16 16:52:18,925 - processing - INFO -   5. CPS Energy  at height 327.0001765800001 inches (source: spidacalc)
2025-05-16 16:52:18,926 - processing - INFO - Highest neutral: CPS ENERGY Neutral at height 327.24 inches
2025-05-16 16:52:18,926 - processing - INFO - Found 6 attachment(s) below neutral:
2025-05-16 16:52:18,926 - processing - INFO -   1. CPS ENERGY Neutral at height 27'-3"
2025-05-16 16:52:18,926 - processing - INFO -   2. CPS ENERGY Supply Fiber at height 25'-9"
2025-05-16 16:52:18,927 - processing - INFO -   3. AT&T Fiber Optic Com at height 22'-8"
2025-05-16 16:52:18,927 - processing - INFO -   4. AT&T Telco Com at height 21'-8"
2025-05-16 16:52:18,927 - processing - INFO -   5. CPS ENERGY Neutral at height 27'-3"
2025-05-16 16:52:18,927 - processing - INFO -   6. Charter Fiber Optic Com at height 22'-12"
2025-05-16 16:52:18,928 - processing - INFO - ==================================================
