2025-05-18 16:56:59,433 - processing - INFO - Processing attachments below neutral for pole PL370858
2025-05-18 16:56:59,436 - processing - INFO - 
==================================================
2025-05-18 16:56:59,436 - processing - INFO - POLE SUMMARY: PL370858
2025-05-18 16:56:59,437 - processing - INFO - ==================================================
2025-05-18 16:56:59,437 - processing - INFO - Found 3 neutral wire(s):
2025-05-18 16:56:59,437 - processing - INFO -   1. CPS ENERGY Neutral at height 317.6 inches (source: katapult)
2025-05-18 16:56:59,437 - processing - INFO -   2. CPS Energy  at height 318.0001717200001 inches (source: spidacalc)
2025-05-18 16:56:59,438 - processing - INFO -   3. CPS Energy  at height 318.0001717200001 inches (source: spidacalc)
2025-05-18 16:56:59,438 - processing - INFO - Highest neutral: CPS Energy  at height 318.0001717200001 inches
2025-05-18 16:56:59,438 - processing - INFO - Found 5 attachment(s) below neutral:
2025-05-18 16:56:59,439 - processing - INFO -   1. CPS ENERGY Neutral at height 26'-6"
2025-05-18 16:56:59,439 - processing - INFO -   2. CPS ENERGY Supply Fiber at height 25'-5"
2025-05-18 16:56:59,439 - processing - INFO -   3. AT&T Fiber Optic Com at height 22'-10"
2025-05-18 16:56:59,439 - processing - INFO -   4. AT&T Telco Com at height 21'-10"
2025-05-18 16:56:59,439 - processing - INFO -   5. Charter Fiber Optic Com at height 22'-1"
2025-05-18 16:56:59,440 - processing - INFO - ==================================================
2025-05-18 16:56:59,474 - processing - INFO - Processing attachments below neutral for pole PL379971
2025-05-18 16:56:59,475 - processing - INFO - 
==================================================
2025-05-18 16:56:59,477 - processing - INFO - POLE SUMMARY: PL379971
2025-05-18 16:56:59,477 - processing - INFO - ==================================================
2025-05-18 16:56:59,477 - processing - INFO - Found 1 neutral wire(s):
2025-05-18 16:56:59,477 - processing - INFO -   1. CPS ENERGY Neutral at height 316.48 inches (source: katapult)
2025-05-18 16:56:59,478 - processing - INFO - Highest neutral: CPS ENERGY Neutral at height 316.48 inches
2025-05-18 16:56:59,478 - processing - INFO - Found 4 attachment(s) below neutral:
2025-05-18 16:56:59,478 - processing - INFO -   1. CPS ENERGY Neutral at height 26'-4"
2025-05-18 16:56:59,478 - processing - INFO -   2. CPS ENERGY Supply Fiber at height 24'-9"
2025-05-18 16:56:59,478 - processing - INFO -   3. AT&T Fiber Optic Com at height 23'-9"
2025-05-18 16:56:59,479 - processing - INFO -   4. AT&T Telco Com at height 22'-9"
2025-05-18 16:56:59,479 - processing - INFO - ==================================================
2025-05-18 16:56:59,495 - processing - INFO - Processing attachments below neutral for pole PL379966
2025-05-18 16:56:59,496 - processing - INFO - 
==================================================
2025-05-18 16:56:59,496 - processing - INFO - POLE SUMMARY: PL379966
2025-05-18 16:56:59,496 - processing - INFO - ==================================================
2025-05-18 16:56:59,498 - processing - INFO - Found 1 neutral wire(s):
2025-05-18 16:56:59,498 - processing - INFO -   1. CPS ENERGY Neutral at height 330.61 inches (source: katapult)
2025-05-18 16:56:59,498 - processing - INFO - Highest neutral: CPS ENERGY Neutral at height 330.61 inches
2025-05-18 16:56:59,498 - processing - INFO - Found 4 attachment(s) below neutral:
2025-05-18 16:56:59,499 - processing - INFO -   1. CPS ENERGY Neutral at height 27'-7"
2025-05-18 16:56:59,499 - processing - INFO -   2. CPS ENERGY Supply Fiber at height 26'-4"
2025-05-18 16:56:59,499 - processing - INFO -   3. AT&T Fiber Optic Com at height 23'-7"
2025-05-18 16:56:59,499 - processing - INFO -   4. AT&T Telco Com at height 22'-7"
2025-05-18 16:56:59,499 - processing - INFO - ==================================================
2025-05-18 16:56:59,532 - processing - INFO - Processing attachments below neutral for pole PL373937
2025-05-18 16:56:59,535 - processing - INFO - 
==================================================
2025-05-18 16:56:59,535 - processing - INFO - POLE SUMMARY: PL373937
2025-05-18 16:56:59,536 - processing - INFO - ==================================================
2025-05-18 16:56:59,536 - processing - INFO - Found 1 neutral wire(s):
2025-05-18 16:56:59,536 - processing - INFO -   1. CPS ENERGY Neutral at height 463.93 inches (source: katapult)
2025-05-18 16:56:59,537 - processing - INFO - Highest neutral: CPS ENERGY Neutral at height 463.93 inches
2025-05-18 16:56:59,537 - processing - INFO - Found 5 attachment(s) below neutral:
2025-05-18 16:56:59,537 - processing - INFO -   1. CPS ENERGY Neutral at height 38'-8"
2025-05-18 16:56:59,537 - processing - INFO -   2. CPS ENERGY Supply Fiber at height 36'-8"
2025-05-18 16:56:59,537 - processing - INFO -   3. AT&T Fiber Optic Com at height 32'-8"
2025-05-18 16:56:59,538 - processing - INFO -   4. AT&T Telco Com at height 27'-6"
2025-05-18 16:56:59,538 - processing - INFO -   5. CPS ENERGY Supply Fiber at height 36'-5"
2025-05-18 16:56:59,538 - processing - INFO - ==================================================
2025-05-18 16:56:59,581 - processing - INFO - Processing attachments below neutral for pole PL404475
2025-05-18 16:56:59,584 - processing - INFO - 
==================================================
2025-05-18 16:56:59,585 - processing - INFO - POLE SUMMARY: PL404475
2025-05-18 16:56:59,585 - processing - INFO - ==================================================
2025-05-18 16:56:59,585 - processing - INFO - Found 3 neutral wire(s):
2025-05-18 16:56:59,585 - processing - INFO -   1. CPS ENERGY Neutral at height 463.45 inches (source: katapult)
2025-05-18 16:56:59,585 - processing - INFO -   2. CPS ENERGY Neutral at height 432.76 inches (source: katapult)
2025-05-18 16:56:59,586 - processing - INFO -   3. CPS ENERGY Neutral at height 432.92 inches (source: katapult)
2025-05-18 16:56:59,586 - processing - INFO - Highest neutral: CPS ENERGY Neutral at height 463.45 inches
2025-05-18 16:56:59,586 - processing - INFO - Found 7 attachment(s) below neutral:
2025-05-18 16:56:59,586 - processing - INFO -   1. CPS ENERGY Neutral at height 38'-7"
2025-05-18 16:56:59,586 - processing - INFO -   2. CPS ENERGY Supply Fiber at height 37'-1"
2025-05-18 16:56:59,586 - processing - INFO -   3. AT&T Fiber Optic Com at height 31'-5"
2025-05-18 16:56:59,586 - processing - INFO -   4. AT&T Telco Com at height 21'-1"
2025-05-18 16:56:59,588 - processing - INFO -   5. CPS ENERGY Neutral at height 36'-1"
2025-05-18 16:56:59,588 - processing - INFO -   6. CPS ENERGY Neutral at height 36'-1"
2025-05-18 16:56:59,588 - processing - INFO -   7. CPS ENERGY Supply Fiber at height 36'-10"
2025-05-18 16:56:59,589 - processing - INFO - ==================================================
2025-05-18 16:56:59,608 - processing - INFO - Processing attachments below neutral for pole PL373935
2025-05-18 16:56:59,611 - processing - INFO - 
==================================================
2025-05-18 16:56:59,611 - processing - INFO - POLE SUMMARY: PL373935
2025-05-18 16:56:59,612 - processing - INFO - ==================================================
2025-05-18 16:56:59,612 - processing - INFO - Found 1 neutral wire(s):
2025-05-18 16:56:59,612 - processing - INFO -   1. CPS ENERGY Neutral at height 350.65 inches (source: katapult)
2025-05-18 16:56:59,612 - processing - INFO - Highest neutral: CPS ENERGY Neutral at height 350.65 inches
2025-05-18 16:56:59,613 - processing - INFO - Found 4 attachment(s) below neutral:
2025-05-18 16:56:59,613 - processing - INFO -   1. CPS ENERGY Neutral at height 29'-3"
2025-05-18 16:56:59,613 - processing - INFO -   2. CPS ENERGY Supply Fiber at height 27'-9"
2025-05-18 16:56:59,613 - processing - INFO -   3. AT&T Fiber Optic Com at height 24'-10"
2025-05-18 16:56:59,615 - processing - INFO -   4. AT&T Telco Com at height 23'-12"
2025-05-18 16:56:59,615 - processing - INFO - ==================================================
2025-05-18 16:56:59,633 - processing - INFO - Processing attachments below neutral for pole PL398490
2025-05-18 16:56:59,635 - processing - INFO - 
==================================================
2025-05-18 16:56:59,635 - processing - INFO - POLE SUMMARY: PL398490
2025-05-18 16:56:59,636 - processing - INFO - ==================================================
2025-05-18 16:56:59,636 - processing - INFO - Found 1 neutral wire(s):
2025-05-18 16:56:59,636 - processing - INFO -   1. CPS ENERGY Neutral at height 326.42 inches (source: katapult)
2025-05-18 16:56:59,636 - processing - INFO - Highest neutral: CPS ENERGY Neutral at height 326.42 inches
2025-05-18 16:56:59,637 - processing - INFO - Found 5 attachment(s) below neutral:
2025-05-18 16:56:59,637 - processing - INFO -   1. CPS ENERGY Neutral at height 27'-2"
2025-05-18 16:56:59,637 - processing - INFO -   2. CPS ENERGY Supply Fiber at height 26'-0"
2025-05-18 16:56:59,637 - processing - INFO -   3. AT&T Fiber Optic Com at height 24'-10"
2025-05-18 16:56:59,638 - processing - INFO -   4. AT&T Telco Com at height 23'-11"
2025-05-18 16:56:59,638 - processing - INFO -   5. CPS ENERGY Street Light Feed at height 27'-2"
2025-05-18 16:56:59,638 - processing - INFO - ==================================================
2025-05-18 16:56:59,669 - processing - INFO - Processing attachments below neutral for pole PL900997
2025-05-18 16:56:59,672 - processing - INFO - 
==================================================
2025-05-18 16:56:59,672 - processing - INFO - POLE SUMMARY: PL900997
2025-05-18 16:56:59,673 - processing - INFO - ==================================================
2025-05-18 16:56:59,673 - processing - INFO - Found 4 neutral wire(s):
2025-05-18 16:56:59,673 - processing - INFO -   1. CPS ENERGY Neutral at height 324.73 inches (source: katapult)
2025-05-18 16:56:59,673 - processing - INFO -   2. CPS ENERGY Neutral at height 342.91 inches (source: katapult)
2025-05-18 16:56:59,674 - processing - INFO -   3. CPS Energy  at height 325.0001755 inches (source: spidacalc)
2025-05-18 16:56:59,674 - processing - INFO -   4. CPS Energy  at height 325.0001755 inches (source: spidacalc)
2025-05-18 16:56:59,674 - processing - INFO - Highest neutral: CPS ENERGY Neutral at height 342.91 inches
2025-05-18 16:56:59,675 - processing - INFO - Found 7 attachment(s) below neutral:
2025-05-18 16:56:59,675 - processing - INFO -   1. CPS ENERGY Neutral at height 27'-1"
2025-05-18 16:56:59,675 - processing - INFO -   2. CPS ENERGY Street Light Feed at height 27'-1"
2025-05-18 16:56:59,675 - processing - INFO -   3. CPS ENERGY Supply Fiber at height 25'-10"
2025-05-18 16:56:59,675 - processing - INFO -   4. AT&T Fiber Optic Com at height 21'-6"
2025-05-18 16:56:59,676 - processing - INFO -   5. AT&T Telco Com at height 20'-6"
2025-05-18 16:56:59,676 - processing - INFO -   6. CPS ENERGY Service at height 27'-1"
2025-05-18 16:56:59,676 - processing - INFO -   7. Charter Fiber Optic Com at height 21'-6"
2025-05-18 16:56:59,676 - processing - INFO - ==================================================
2025-05-18 16:56:59,723 - processing - INFO - Processing attachments below neutral for pole PL404474
2025-05-18 16:56:59,726 - processing - INFO - 
==================================================
2025-05-18 16:56:59,727 - processing - INFO - POLE SUMMARY: PL404474
2025-05-18 16:56:59,727 - processing - INFO - ==================================================
2025-05-18 16:56:59,727 - processing - INFO - Found 3 neutral wire(s):
2025-05-18 16:56:59,727 - processing - INFO -   1. CPS ENERGY Neutral at height 311.85 inches (source: katapult)
2025-05-18 16:56:59,728 - processing - INFO -   2. CPS Energy  at height 312.00016848000007 inches (source: spidacalc)
2025-05-18 16:56:59,728 - processing - INFO -   3. CPS Energy  at height 312.00016848000007 inches (source: spidacalc)
2025-05-18 16:56:59,728 - processing - INFO - Highest neutral: CPS Energy  at height 312.00016848000007 inches
2025-05-18 16:56:59,729 - processing - INFO - Found 6 attachment(s) below neutral:
2025-05-18 16:56:59,729 - processing - INFO -   1. CPS ENERGY Neutral at height 25'-12"
2025-05-18 16:56:59,729 - processing - INFO -   2. CPS ENERGY Supply Fiber at height 24'-6"
2025-05-18 16:56:59,729 - processing - INFO -   3. AT&T Fiber Optic Com at height 22'-9"
2025-05-18 16:56:59,730 - processing - INFO -   4. AT&T Telco Com at height 21'-7"
2025-05-18 16:56:59,730 - processing - INFO -   5. CPS ENERGY Street Light Feed at height 25'-12"
2025-05-18 16:56:59,730 - processing - INFO -   6. Charter Fiber Optic Com at height 21'-7"
2025-05-18 16:56:59,730 - processing - INFO - ==================================================
2025-05-18 16:56:59,756 - processing - INFO - Processing attachments below neutral for pole PL401451
2025-05-18 16:56:59,759 - processing - INFO - 
==================================================
2025-05-18 16:56:59,759 - processing - INFO - POLE SUMMARY: PL401451
2025-05-18 16:56:59,759 - processing - INFO - ==================================================
2025-05-18 16:56:59,760 - processing - INFO - Found 2 neutral wire(s):
2025-05-18 16:56:59,760 - processing - INFO -   1. CPS ENERGY Neutral at height 318.97 inches (source: katapult)
2025-05-18 16:56:59,760 - processing - INFO -   2. CPS ENERGY Neutral at height 314.28 inches (source: katapult)
2025-05-18 16:56:59,760 - processing - INFO - Highest neutral: CPS ENERGY Neutral at height 318.97 inches
2025-05-18 16:56:59,761 - processing - INFO - Found 4 attachment(s) below neutral:
2025-05-18 16:56:59,761 - processing - INFO -   1. CPS ENERGY Neutral at height 26'-7"
2025-05-18 16:56:59,761 - processing - INFO -   2. CPS ENERGY Supply Fiber at height 24'-11"
2025-05-18 16:56:59,761 - processing - INFO -   3. AT&T Fiber Optic Com at height 22'-6"
2025-05-18 16:56:59,761 - processing - INFO -   4. AT&T Telco Com at height 21'-3"
2025-05-18 16:56:59,762 - processing - INFO - ==================================================
2025-05-18 16:56:59,802 - processing - INFO - Processing attachments below neutral for pole PL398491
2025-05-18 16:56:59,806 - processing - INFO - 
==================================================
2025-05-18 16:56:59,806 - processing - INFO - POLE SUMMARY: PL398491
2025-05-18 16:56:59,806 - processing - INFO - ==================================================
2025-05-18 16:56:59,806 - processing - INFO - Found 4 neutral wire(s):
2025-05-18 16:56:59,807 - processing - INFO -   1. CPS ENERGY Neutral at height 325.34 inches (source: katapult)
2025-05-18 16:56:59,807 - processing - INFO -   2. CPS ENERGY Neutral at height 322.75 inches (source: katapult)
2025-05-18 16:56:59,807 - processing - INFO -   3. CPS Energy  at height 324.00017496000004 inches (source: spidacalc)
2025-05-18 16:56:59,807 - processing - INFO -   4. CPS Energy  at height 327.0001765800001 inches (source: spidacalc)
2025-05-18 16:56:59,808 - processing - INFO - Highest neutral: CPS Energy  at height 327.0001765800001 inches
2025-05-18 16:56:59,808 - processing - INFO - Found 12 attachment(s) below neutral:
2025-05-18 16:56:59,808 - processing - INFO -   1. AT&T Com Drop at height 19'-8"
2025-05-18 16:56:59,808 - processing - INFO -   2. CPS ENERGY Service at height 27'-1"
2025-05-18 16:56:59,808 - processing - INFO -   3. AT&T Com Drop at height 19'-6"
2025-05-18 16:56:59,809 - processing - INFO -   4. AT&T Com Drop at height 19'-6"
2025-05-18 16:56:59,809 - processing - INFO -   5. CPS ENERGY Neutral at height 27'-1"
2025-05-18 16:56:59,809 - processing - INFO -   6. CPS ENERGY Neutral at height 26'-11"
2025-05-18 16:56:59,809 - processing - INFO -   7. CPS ENERGY Supply Fiber at height 25'-6"
2025-05-18 16:56:59,809 - processing - INFO -   8. AT&T Fiber Optic Com at height 21'-4"
2025-05-18 16:56:59,810 - processing - INFO -   9. AT&T Telco Com at height 20'-4"
2025-05-18 16:56:59,810 - processing - INFO -   10. AT&T Com Drop at height 19'-8"
2025-05-18 16:56:59,810 - processing - INFO -   11. Charter Fiber Optic Com at height 22'-4"
2025-05-18 16:56:59,810 - processing - INFO -   12. CPS ENERGY Supply Fiber at height 25'-9"
2025-05-18 16:56:59,810 - processing - INFO - ==================================================
2025-05-18 16:56:59,863 - processing - INFO - Processing attachments below neutral for pole PL410620
2025-05-18 16:56:59,866 - processing - INFO - 
==================================================
2025-05-18 16:56:59,866 - processing - INFO - POLE SUMMARY: PL410620
2025-05-18 16:56:59,866 - processing - INFO - ==================================================
2025-05-18 16:56:59,866 - processing - INFO - Found 3 neutral wire(s):
2025-05-18 16:56:59,866 - processing - INFO -   1. CPS ENERGY Neutral at height 354.28 inches (source: katapult)
2025-05-18 16:56:59,867 - processing - INFO -   2. CPS Energy  at height 354.0001911600001 inches (source: spidacalc)
2025-05-18 16:56:59,867 - processing - INFO -   3. CPS Energy  at height 354.0001911600001 inches (source: spidacalc)
2025-05-18 16:56:59,867 - processing - INFO - Highest neutral: CPS ENERGY Neutral at height 354.28 inches
2025-05-18 16:56:59,867 - processing - INFO - Found 6 attachment(s) below neutral:
2025-05-18 16:56:59,868 - processing - INFO -   1. CPS ENERGY Neutral at height 29'-6"
2025-05-18 16:56:59,868 - processing - INFO -   2. CPS ENERGY Supply Fiber at height 27'-12"
2025-05-18 16:56:59,868 - processing - INFO -   3. AT&T Fiber Optic Com at height 23'-7"
2025-05-18 16:56:59,868 - processing - INFO -   4. AT&T Telco Com at height 22'-4"
2025-05-18 16:56:59,868 - processing - INFO -   5. AT&T Com Drop at height 21'-5"
2025-05-18 16:56:59,869 - processing - INFO -   6. Charter Fiber Optic Com at height 24'-7"
2025-05-18 16:56:59,869 - processing - INFO - ==================================================
2025-05-18 16:56:59,886 - processing - INFO - Processing attachments below neutral for pole {'-Imported': 'PL410595'}
2025-05-18 16:56:59,887 - processing - INFO - 
==================================================
2025-05-18 16:56:59,887 - processing - INFO - POLE SUMMARY: {'-Imported': 'PL410595'}
2025-05-18 16:56:59,888 - processing - INFO - ==================================================
2025-05-18 16:56:59,888 - processing - INFO - Found 0 neutral wire(s):
2025-05-18 16:56:59,888 - processing - INFO - No neutral wires found!
2025-05-18 16:56:59,888 - processing - INFO - Found 0 attachment(s) below neutral:
2025-05-18 16:56:59,888 - processing - INFO - ==================================================
2025-05-18 16:56:59,908 - processing - INFO - Processing attachments below neutral for pole PL389359
2025-05-18 16:56:59,911 - processing - INFO - 
==================================================
2025-05-18 16:56:59,911 - processing - INFO - POLE SUMMARY: PL389359
2025-05-18 16:56:59,912 - processing - INFO - ==================================================
2025-05-18 16:56:59,912 - processing - INFO - Found 5 neutral wire(s):
2025-05-18 16:56:59,912 - processing - INFO -   1. CPS ENERGY Neutral at height 327.24 inches (source: katapult)
2025-05-18 16:56:59,912 - processing - INFO -   2. CPS ENERGY Neutral at height 327.15 inches (source: katapult)
2025-05-18 16:56:59,913 - processing - INFO -   3. CPS Energy  at height 327.0001765800001 inches (source: spidacalc)
2025-05-18 16:56:59,913 - processing - INFO -   4. CPS Energy  at height 327.0001765800001 inches (source: spidacalc)
2025-05-18 16:56:59,913 - processing - INFO -   5. CPS Energy  at height 327.0001765800001 inches (source: spidacalc)
2025-05-18 16:56:59,913 - processing - INFO - Highest neutral: CPS ENERGY Neutral at height 327.24 inches
2025-05-18 16:56:59,914 - processing - INFO - Found 6 attachment(s) below neutral:
2025-05-18 16:56:59,914 - processing - INFO -   1. CPS ENERGY Neutral at height 27'-3"
2025-05-18 16:56:59,914 - processing - INFO -   2. CPS ENERGY Supply Fiber at height 25'-9"
2025-05-18 16:56:59,914 - processing - INFO -   3. AT&T Fiber Optic Com at height 22'-8"
2025-05-18 16:56:59,914 - processing - INFO -   4. AT&T Telco Com at height 21'-8"
2025-05-18 16:56:59,914 - processing - INFO -   5. CPS ENERGY Neutral at height 27'-3"
2025-05-18 16:56:59,915 - processing - INFO -   6. Charter Fiber Optic Com at height 22'-12"
2025-05-18 16:56:59,915 - processing - INFO - ==================================================
2025-05-18 16:57:26,660 - processing - INFO - Processing attachments below neutral for pole PL370858
2025-05-18 16:57:26,662 - processing - INFO - 
==================================================
2025-05-18 16:57:26,662 - processing - INFO - POLE SUMMARY: PL370858
2025-05-18 16:57:26,663 - processing - INFO - ==================================================
2025-05-18 16:57:26,663 - processing - INFO - Found 3 neutral wire(s):
2025-05-18 16:57:26,663 - processing - INFO -   1. CPS ENERGY Neutral at height 317.6 inches (source: katapult)
2025-05-18 16:57:26,664 - processing - INFO -   2. CPS Energy  at height 318.0001717200001 inches (source: spidacalc)
2025-05-18 16:57:26,664 - processing - INFO -   3. CPS Energy  at height 318.0001717200001 inches (source: spidacalc)
2025-05-18 16:57:26,664 - processing - INFO - Highest neutral: CPS Energy  at height 318.0001717200001 inches
2025-05-18 16:57:26,664 - processing - INFO - Found 5 attachment(s) below neutral:
2025-05-18 16:57:26,665 - processing - INFO -   1. CPS ENERGY Neutral at height 26'-6"
2025-05-18 16:57:26,665 - processing - INFO -   2. CPS ENERGY Supply Fiber at height 25'-5"
2025-05-18 16:57:26,665 - processing - INFO -   3. AT&T Fiber Optic Com at height 22'-10"
2025-05-18 16:57:26,665 - processing - INFO -   4. AT&T Telco Com at height 21'-10"
2025-05-18 16:57:26,666 - processing - INFO -   5. Charter Fiber Optic Com at height 22'-1"
2025-05-18 16:57:26,666 - processing - INFO - ==================================================
2025-05-18 16:57:26,734 - processing - INFO - Processing attachments below neutral for pole PL379971
2025-05-18 16:57:26,736 - processing - INFO - 
==================================================
2025-05-18 16:57:26,736 - processing - INFO - POLE SUMMARY: PL379971
2025-05-18 16:57:26,737 - processing - INFO - ==================================================
2025-05-18 16:57:26,737 - processing - INFO - Found 1 neutral wire(s):
2025-05-18 16:57:26,737 - processing - INFO -   1. CPS ENERGY Neutral at height 316.48 inches (source: katapult)
2025-05-18 16:57:26,737 - processing - INFO - Highest neutral: CPS ENERGY Neutral at height 316.48 inches
2025-05-18 16:57:26,737 - processing - INFO - Found 4 attachment(s) below neutral:
2025-05-18 16:57:26,738 - processing - INFO -   1. CPS ENERGY Neutral at height 26'-4"
2025-05-18 16:57:26,738 - processing - INFO -   2. CPS ENERGY Supply Fiber at height 24'-9"
2025-05-18 16:57:26,738 - processing - INFO -   3. AT&T Fiber Optic Com at height 23'-9"
2025-05-18 16:57:26,738 - processing - INFO -   4. AT&T Telco Com at height 22'-9"
2025-05-18 16:57:26,738 - processing - INFO - ==================================================
2025-05-18 16:57:26,759 - processing - INFO - Processing attachments below neutral for pole PL379966
2025-05-18 16:57:26,761 - processing - INFO - 
==================================================
2025-05-18 16:57:26,762 - processing - INFO - POLE SUMMARY: PL379966
2025-05-18 16:57:26,762 - processing - INFO - ==================================================
2025-05-18 16:57:26,762 - processing - INFO - Found 1 neutral wire(s):
2025-05-18 16:57:26,762 - processing - INFO -   1. CPS ENERGY Neutral at height 330.61 inches (source: katapult)
2025-05-18 16:57:26,762 - processing - INFO - Highest neutral: CPS ENERGY Neutral at height 330.61 inches
2025-05-18 16:57:26,763 - processing - INFO - Found 4 attachment(s) below neutral:
2025-05-18 16:57:26,763 - processing - INFO -   1. CPS ENERGY Neutral at height 27'-7"
2025-05-18 16:57:26,763 - processing - INFO -   2. CPS ENERGY Supply Fiber at height 26'-4"
2025-05-18 16:57:26,763 - processing - INFO -   3. AT&T Fiber Optic Com at height 23'-7"
2025-05-18 16:57:26,764 - processing - INFO -   4. AT&T Telco Com at height 22'-7"
2025-05-18 16:57:26,764 - processing - INFO - ==================================================
2025-05-18 16:57:26,791 - processing - INFO - Processing attachments below neutral for pole PL373937
2025-05-18 16:57:26,792 - processing - INFO - 
==================================================
2025-05-18 16:57:26,793 - processing - INFO - POLE SUMMARY: PL373937
2025-05-18 16:57:26,793 - processing - INFO - ==================================================
2025-05-18 16:57:26,793 - processing - INFO - Found 1 neutral wire(s):
2025-05-18 16:57:26,793 - processing - INFO -   1. CPS ENERGY Neutral at height 463.93 inches (source: katapult)
2025-05-18 16:57:26,793 - processing - INFO - Highest neutral: CPS ENERGY Neutral at height 463.93 inches
2025-05-18 16:57:26,794 - processing - INFO - Found 5 attachment(s) below neutral:
2025-05-18 16:57:26,794 - processing - INFO -   1. CPS ENERGY Neutral at height 38'-8"
2025-05-18 16:57:26,794 - processing - INFO -   2. CPS ENERGY Supply Fiber at height 36'-8"
2025-05-18 16:57:26,794 - processing - INFO -   3. AT&T Fiber Optic Com at height 32'-8"
2025-05-18 16:57:26,794 - processing - INFO -   4. AT&T Telco Com at height 27'-6"
2025-05-18 16:57:26,794 - processing - INFO -   5. CPS ENERGY Supply Fiber at height 36'-5"
2025-05-18 16:57:26,796 - processing - INFO - ==================================================
2025-05-18 16:57:26,833 - processing - INFO - Processing attachments below neutral for pole PL404475
2025-05-18 16:57:26,835 - processing - INFO - 
==================================================
2025-05-18 16:57:26,836 - processing - INFO - POLE SUMMARY: PL404475
2025-05-18 16:57:26,836 - processing - INFO - ==================================================
2025-05-18 16:57:26,836 - processing - INFO - Found 3 neutral wire(s):
2025-05-18 16:57:26,836 - processing - INFO -   1. CPS ENERGY Neutral at height 463.45 inches (source: katapult)
2025-05-18 16:57:26,836 - processing - INFO -   2. CPS ENERGY Neutral at height 432.76 inches (source: katapult)
2025-05-18 16:57:26,837 - processing - INFO -   3. CPS ENERGY Neutral at height 432.92 inches (source: katapult)
2025-05-18 16:57:26,837 - processing - INFO - Highest neutral: CPS ENERGY Neutral at height 463.45 inches
2025-05-18 16:57:26,837 - processing - INFO - Found 7 attachment(s) below neutral:
2025-05-18 16:57:26,837 - processing - INFO -   1. CPS ENERGY Neutral at height 38'-7"
2025-05-18 16:57:26,837 - processing - INFO -   2. CPS ENERGY Supply Fiber at height 37'-1"
2025-05-18 16:57:26,838 - processing - INFO -   3. AT&T Fiber Optic Com at height 31'-5"
2025-05-18 16:57:26,838 - processing - INFO -   4. AT&T Telco Com at height 21'-1"
2025-05-18 16:57:26,838 - processing - INFO -   5. CPS ENERGY Neutral at height 36'-1"
2025-05-18 16:57:26,838 - processing - INFO -   6. CPS ENERGY Neutral at height 36'-1"
2025-05-18 16:57:26,838 - processing - INFO -   7. CPS ENERGY Supply Fiber at height 36'-10"
2025-05-18 16:57:26,839 - processing - INFO - ==================================================
2025-05-18 16:57:26,857 - processing - INFO - Processing attachments below neutral for pole PL373935
2025-05-18 16:57:26,859 - processing - INFO - 
==================================================
2025-05-18 16:57:26,859 - processing - INFO - POLE SUMMARY: PL373935
2025-05-18 16:57:26,860 - processing - INFO - ==================================================
2025-05-18 16:57:26,860 - processing - INFO - Found 1 neutral wire(s):
2025-05-18 16:57:26,860 - processing - INFO -   1. CPS ENERGY Neutral at height 350.65 inches (source: katapult)
2025-05-18 16:57:26,860 - processing - INFO - Highest neutral: CPS ENERGY Neutral at height 350.65 inches
2025-05-18 16:57:26,860 - processing - INFO - Found 4 attachment(s) below neutral:
2025-05-18 16:57:26,861 - processing - INFO -   1. CPS ENERGY Neutral at height 29'-3"
2025-05-18 16:57:26,861 - processing - INFO -   2. CPS ENERGY Supply Fiber at height 27'-9"
2025-05-18 16:57:26,861 - processing - INFO -   3. AT&T Fiber Optic Com at height 24'-10"
2025-05-18 16:57:26,861 - processing - INFO -   4. AT&T Telco Com at height 23'-12"
2025-05-18 16:57:26,861 - processing - INFO - ==================================================
2025-05-18 16:57:26,877 - processing - INFO - Processing attachments below neutral for pole PL398490
2025-05-18 16:57:26,879 - processing - INFO - 
==================================================
2025-05-18 16:57:26,879 - processing - INFO - POLE SUMMARY: PL398490
2025-05-18 16:57:26,879 - processing - INFO - ==================================================
2025-05-18 16:57:26,879 - processing - INFO - Found 1 neutral wire(s):
2025-05-18 16:57:26,879 - processing - INFO -   1. CPS ENERGY Neutral at height 326.42 inches (source: katapult)
2025-05-18 16:57:26,880 - processing - INFO - Highest neutral: CPS ENERGY Neutral at height 326.42 inches
2025-05-18 16:57:26,880 - processing - INFO - Found 5 attachment(s) below neutral:
2025-05-18 16:57:26,880 - processing - INFO -   1. CPS ENERGY Neutral at height 27'-2"
2025-05-18 16:57:26,880 - processing - INFO -   2. CPS ENERGY Supply Fiber at height 26'-0"
2025-05-18 16:57:26,880 - processing - INFO -   3. AT&T Fiber Optic Com at height 24'-10"
2025-05-18 16:57:26,881 - processing - INFO -   4. AT&T Telco Com at height 23'-11"
2025-05-18 16:57:26,881 - processing - INFO -   5. CPS ENERGY Street Light Feed at height 27'-2"
2025-05-18 16:57:26,881 - processing - INFO - ==================================================
2025-05-18 16:57:26,905 - processing - INFO - Processing attachments below neutral for pole PL900997
2025-05-18 16:57:26,909 - processing - INFO - 
==================================================
2025-05-18 16:57:26,909 - processing - INFO - POLE SUMMARY: PL900997
2025-05-18 16:57:26,909 - processing - INFO - ==================================================
2025-05-18 16:57:26,909 - processing - INFO - Found 4 neutral wire(s):
2025-05-18 16:57:26,910 - processing - INFO -   1. CPS ENERGY Neutral at height 324.73 inches (source: katapult)
2025-05-18 16:57:26,910 - processing - INFO -   2. CPS ENERGY Neutral at height 342.91 inches (source: katapult)
2025-05-18 16:57:26,910 - processing - INFO -   3. CPS Energy  at height 325.0001755 inches (source: spidacalc)
2025-05-18 16:57:26,910 - processing - INFO -   4. CPS Energy  at height 325.0001755 inches (source: spidacalc)
2025-05-18 16:57:26,910 - processing - INFO - Highest neutral: CPS ENERGY Neutral at height 342.91 inches
2025-05-18 16:57:26,911 - processing - INFO - Found 7 attachment(s) below neutral:
2025-05-18 16:57:26,911 - processing - INFO -   1. CPS ENERGY Neutral at height 27'-1"
2025-05-18 16:57:26,911 - processing - INFO -   2. CPS ENERGY Street Light Feed at height 27'-1"
2025-05-18 16:57:26,911 - processing - INFO -   3. CPS ENERGY Supply Fiber at height 25'-10"
2025-05-18 16:57:26,912 - processing - INFO -   4. AT&T Fiber Optic Com at height 21'-6"
2025-05-18 16:57:26,912 - processing - INFO -   5. AT&T Telco Com at height 20'-6"
2025-05-18 16:57:26,912 - processing - INFO -   6. CPS ENERGY Service at height 27'-1"
2025-05-18 16:57:26,912 - processing - INFO -   7. Charter Fiber Optic Com at height 21'-6"
2025-05-18 16:57:26,912 - processing - INFO - ==================================================
2025-05-18 16:57:26,951 - processing - INFO - Processing attachments below neutral for pole PL404474
2025-05-18 16:57:26,954 - processing - INFO - 
==================================================
2025-05-18 16:57:26,954 - processing - INFO - POLE SUMMARY: PL404474
2025-05-18 16:57:26,954 - processing - INFO - ==================================================
2025-05-18 16:57:26,955 - processing - INFO - Found 3 neutral wire(s):
2025-05-18 16:57:26,955 - processing - INFO -   1. CPS ENERGY Neutral at height 311.85 inches (source: katapult)
2025-05-18 16:57:26,955 - processing - INFO -   2. CPS Energy  at height 312.00016848000007 inches (source: spidacalc)
2025-05-18 16:57:26,955 - processing - INFO -   3. CPS Energy  at height 312.00016848000007 inches (source: spidacalc)
2025-05-18 16:57:26,955 - processing - INFO - Highest neutral: CPS Energy  at height 312.00016848000007 inches
2025-05-18 16:57:26,956 - processing - INFO - Found 6 attachment(s) below neutral:
2025-05-18 16:57:26,956 - processing - INFO -   1. CPS ENERGY Neutral at height 25'-12"
2025-05-18 16:57:26,956 - processing - INFO -   2. CPS ENERGY Supply Fiber at height 24'-6"
2025-05-18 16:57:26,956 - processing - INFO -   3. AT&T Fiber Optic Com at height 22'-9"
2025-05-18 16:57:26,956 - processing - INFO -   4. AT&T Telco Com at height 21'-7"
2025-05-18 16:57:26,957 - processing - INFO -   5. CPS ENERGY Street Light Feed at height 25'-12"
2025-05-18 16:57:26,957 - processing - INFO -   6. Charter Fiber Optic Com at height 21'-7"
2025-05-18 16:57:26,957 - processing - INFO - ==================================================
2025-05-18 16:57:26,981 - processing - INFO - Processing attachments below neutral for pole PL401451
2025-05-18 16:57:26,983 - processing - INFO - 
==================================================
2025-05-18 16:57:26,984 - processing - INFO - POLE SUMMARY: PL401451
2025-05-18 16:57:26,984 - processing - INFO - ==================================================
2025-05-18 16:57:26,984 - processing - INFO - Found 2 neutral wire(s):
2025-05-18 16:57:26,984 - processing - INFO -   1. CPS ENERGY Neutral at height 318.97 inches (source: katapult)
2025-05-18 16:57:26,984 - processing - INFO -   2. CPS ENERGY Neutral at height 314.28 inches (source: katapult)
2025-05-18 16:57:26,985 - processing - INFO - Highest neutral: CPS ENERGY Neutral at height 318.97 inches
2025-05-18 16:57:26,985 - processing - INFO - Found 4 attachment(s) below neutral:
2025-05-18 16:57:26,985 - processing - INFO -   1. CPS ENERGY Neutral at height 26'-7"
2025-05-18 16:57:26,985 - processing - INFO -   2. CPS ENERGY Supply Fiber at height 24'-11"
2025-05-18 16:57:26,985 - processing - INFO -   3. AT&T Fiber Optic Com at height 22'-6"
2025-05-18 16:57:26,986 - processing - INFO -   4. AT&T Telco Com at height 21'-3"
2025-05-18 16:57:26,986 - processing - INFO - ==================================================
2025-05-18 16:57:27,020 - processing - INFO - Processing attachments below neutral for pole PL398491
2025-05-18 16:57:27,024 - processing - INFO - 
==================================================
2025-05-18 16:57:27,024 - processing - INFO - POLE SUMMARY: PL398491
2025-05-18 16:57:27,024 - processing - INFO - ==================================================
2025-05-18 16:57:27,024 - processing - INFO - Found 4 neutral wire(s):
2025-05-18 16:57:27,025 - processing - INFO -   1. CPS ENERGY Neutral at height 325.34 inches (source: katapult)
2025-05-18 16:57:27,025 - processing - INFO -   2. CPS ENERGY Neutral at height 322.75 inches (source: katapult)
2025-05-18 16:57:27,025 - processing - INFO -   3. CPS Energy  at height 324.00017496000004 inches (source: spidacalc)
2025-05-18 16:57:27,025 - processing - INFO -   4. CPS Energy  at height 327.0001765800001 inches (source: spidacalc)
2025-05-18 16:57:27,026 - processing - INFO - Highest neutral: CPS Energy  at height 327.0001765800001 inches
2025-05-18 16:57:27,026 - processing - INFO - Found 12 attachment(s) below neutral:
2025-05-18 16:57:27,026 - processing - INFO -   1. AT&T Com Drop at height 19'-8"
2025-05-18 16:57:27,026 - processing - INFO -   2. CPS ENERGY Service at height 27'-1"
2025-05-18 16:57:27,027 - processing - INFO -   3. AT&T Com Drop at height 19'-6"
2025-05-18 16:57:27,027 - processing - INFO -   4. AT&T Com Drop at height 19'-6"
2025-05-18 16:57:27,027 - processing - INFO -   5. CPS ENERGY Neutral at height 27'-1"
2025-05-18 16:57:27,027 - processing - INFO -   6. CPS ENERGY Neutral at height 26'-11"
2025-05-18 16:57:27,027 - processing - INFO -   7. CPS ENERGY Supply Fiber at height 25'-6"
2025-05-18 16:57:27,028 - processing - INFO -   8. AT&T Fiber Optic Com at height 21'-4"
2025-05-18 16:57:27,028 - processing - INFO -   9. AT&T Telco Com at height 20'-4"
2025-05-18 16:57:27,028 - processing - INFO -   10. AT&T Com Drop at height 19'-8"
2025-05-18 16:57:27,028 - processing - INFO -   11. Charter Fiber Optic Com at height 22'-4"
2025-05-18 16:57:27,029 - processing - INFO -   12. CPS ENERGY Supply Fiber at height 25'-9"
2025-05-18 16:57:27,029 - processing - INFO - ==================================================
2025-05-18 16:57:27,079 - processing - INFO - Processing attachments below neutral for pole PL410620
2025-05-18 16:57:27,082 - processing - INFO - 
==================================================
2025-05-18 16:57:27,082 - processing - INFO - POLE SUMMARY: PL410620
2025-05-18 16:57:27,082 - processing - INFO - ==================================================
2025-05-18 16:57:27,082 - processing - INFO - Found 3 neutral wire(s):
2025-05-18 16:57:27,082 - processing - INFO -   1. CPS ENERGY Neutral at height 354.28 inches (source: katapult)
2025-05-18 16:57:27,083 - processing - INFO -   2. CPS Energy  at height 354.0001911600001 inches (source: spidacalc)
2025-05-18 16:57:27,083 - processing - INFO -   3. CPS Energy  at height 354.0001911600001 inches (source: spidacalc)
2025-05-18 16:57:27,083 - processing - INFO - Highest neutral: CPS ENERGY Neutral at height 354.28 inches
2025-05-18 16:57:27,083 - processing - INFO - Found 6 attachment(s) below neutral:
2025-05-18 16:57:27,083 - processing - INFO -   1. CPS ENERGY Neutral at height 29'-6"
2025-05-18 16:57:27,084 - processing - INFO -   2. CPS ENERGY Supply Fiber at height 27'-12"
2025-05-18 16:57:27,084 - processing - INFO -   3. AT&T Fiber Optic Com at height 23'-7"
2025-05-18 16:57:27,084 - processing - INFO -   4. AT&T Telco Com at height 22'-4"
2025-05-18 16:57:27,084 - processing - INFO -   5. AT&T Com Drop at height 21'-5"
2025-05-18 16:57:27,084 - processing - INFO -   6. Charter Fiber Optic Com at height 24'-7"
2025-05-18 16:57:27,085 - processing - INFO - ==================================================
2025-05-18 16:57:27,101 - processing - INFO - Processing attachments below neutral for pole {'-Imported': 'PL410595'}
2025-05-18 16:57:27,102 - processing - INFO - 
==================================================
2025-05-18 16:57:27,102 - processing - INFO - POLE SUMMARY: {'-Imported': 'PL410595'}
2025-05-18 16:57:27,103 - processing - INFO - ==================================================
2025-05-18 16:57:27,103 - processing - INFO - Found 0 neutral wire(s):
2025-05-18 16:57:27,103 - processing - INFO - No neutral wires found!
2025-05-18 16:57:27,103 - processing - INFO - Found 0 attachment(s) below neutral:
2025-05-18 16:57:27,103 - processing - INFO - ==================================================
2025-05-18 16:57:27,122 - processing - INFO - Processing attachments below neutral for pole PL389359
2025-05-18 16:57:27,125 - processing - INFO - 
==================================================
2025-05-18 16:57:27,125 - processing - INFO - POLE SUMMARY: PL389359
2025-05-18 16:57:27,125 - processing - INFO - ==================================================
2025-05-18 16:57:27,125 - processing - INFO - Found 5 neutral wire(s):
2025-05-18 16:57:27,125 - processing - INFO -   1. CPS ENERGY Neutral at height 327.24 inches (source: katapult)
2025-05-18 16:57:27,125 - processing - INFO -   2. CPS ENERGY Neutral at height 327.15 inches (source: katapult)
2025-05-18 16:57:27,126 - processing - INFO -   3. CPS Energy  at height 327.0001765800001 inches (source: spidacalc)
2025-05-18 16:57:27,126 - processing - INFO -   4. CPS Energy  at height 327.0001765800001 inches (source: spidacalc)
2025-05-18 16:57:27,126 - processing - INFO -   5. CPS Energy  at height 327.0001765800001 inches (source: spidacalc)
2025-05-18 16:57:27,126 - processing - INFO - Highest neutral: CPS ENERGY Neutral at height 327.24 inches
2025-05-18 16:57:27,127 - processing - INFO - Found 6 attachment(s) below neutral:
2025-05-18 16:57:27,127 - processing - INFO -   1. CPS ENERGY Neutral at height 27'-3"
2025-05-18 16:57:27,127 - processing - INFO -   2. CPS ENERGY Supply Fiber at height 25'-9"
2025-05-18 16:57:27,127 - processing - INFO -   3. AT&T Fiber Optic Com at height 22'-8"
2025-05-18 16:57:27,127 - processing - INFO -   4. AT&T Telco Com at height 21'-8"
2025-05-18 16:57:27,127 - processing - INFO -   5. CPS ENERGY Neutral at height 27'-3"
2025-05-18 16:57:27,128 - processing - INFO -   6. Charter Fiber Optic Com at height 22'-12"
2025-05-18 16:57:27,128 - processing - INFO - ==================================================
2025-05-18 17:02:27,689 - processing - INFO - Processing attachments below neutral for pole PL370858
2025-05-18 17:02:27,692 - processing - INFO - 
==================================================
2025-05-18 17:02:27,692 - processing - INFO - POLE SUMMARY: PL370858
2025-05-18 17:02:27,692 - processing - INFO - ==================================================
2025-05-18 17:02:27,693 - processing - INFO - Found 3 neutral wire(s):
2025-05-18 17:02:27,693 - processing - INFO -   1. CPS ENERGY Neutral at height 317.6 inches (source: katapult)
2025-05-18 17:02:27,693 - processing - INFO -   2. CPS Energy  at height 318.0001717200001 inches (source: spidacalc)
2025-05-18 17:02:27,693 - processing - INFO -   3. CPS Energy  at height 318.0001717200001 inches (source: spidacalc)
2025-05-18 17:02:27,693 - processing - INFO - Highest neutral: CPS Energy  at height 318.0001717200001 inches
2025-05-18 17:02:27,694 - processing - INFO - Found 5 attachment(s) below neutral:
2025-05-18 17:02:27,694 - processing - INFO -   1. CPS ENERGY Neutral at height 26'-6"
2025-05-18 17:02:27,694 - processing - INFO -   2. CPS ENERGY Supply Fiber at height 25'-5"
2025-05-18 17:02:27,694 - processing - INFO -   3. AT&T Fiber Optic Com at height 22'-10"
2025-05-18 17:02:27,695 - processing - INFO -   4. AT&T Telco Com at height 21'-10"
2025-05-18 17:02:27,695 - processing - INFO -   5. Charter Fiber Optic Com at height 22'-1"
2025-05-18 17:02:27,695 - processing - INFO - ==================================================
2025-05-18 17:02:27,730 - processing - INFO - Processing attachments below neutral for pole PL379971
2025-05-18 17:02:27,732 - processing - INFO - 
==================================================
2025-05-18 17:02:27,732 - processing - INFO - POLE SUMMARY: PL379971
2025-05-18 17:02:27,733 - processing - INFO - ==================================================
2025-05-18 17:02:27,733 - processing - INFO - Found 1 neutral wire(s):
2025-05-18 17:02:27,733 - processing - INFO -   1. CPS ENERGY Neutral at height 316.48 inches (source: katapult)
2025-05-18 17:02:27,733 - processing - INFO - Highest neutral: CPS ENERGY Neutral at height 316.48 inches
2025-05-18 17:02:27,733 - processing - INFO - Found 4 attachment(s) below neutral:
2025-05-18 17:02:27,734 - processing - INFO -   1. CPS ENERGY Neutral at height 26'-4"
2025-05-18 17:02:27,734 - processing - INFO -   2. CPS ENERGY Supply Fiber at height 24'-9"
2025-05-18 17:02:27,734 - processing - INFO -   3. AT&T Fiber Optic Com at height 23'-9"
2025-05-18 17:02:27,734 - processing - INFO -   4. AT&T Telco Com at height 22'-9"
2025-05-18 17:02:27,734 - processing - INFO - ==================================================
2025-05-18 17:02:27,751 - processing - INFO - Processing attachments below neutral for pole PL379966
2025-05-18 17:02:27,753 - processing - INFO - 
==================================================
2025-05-18 17:02:27,753 - processing - INFO - POLE SUMMARY: PL379966
2025-05-18 17:02:27,753 - processing - INFO - ==================================================
2025-05-18 17:02:27,753 - processing - INFO - Found 1 neutral wire(s):
2025-05-18 17:02:27,754 - processing - INFO -   1. CPS ENERGY Neutral at height 330.61 inches (source: katapult)
2025-05-18 17:02:27,754 - processing - INFO - Highest neutral: CPS ENERGY Neutral at height 330.61 inches
2025-05-18 17:02:27,754 - processing - INFO - Found 4 attachment(s) below neutral:
2025-05-18 17:02:27,754 - processing - INFO -   1. CPS ENERGY Neutral at height 27'-7"
2025-05-18 17:02:27,754 - processing - INFO -   2. CPS ENERGY Supply Fiber at height 26'-4"
2025-05-18 17:02:27,755 - processing - INFO -   3. AT&T Fiber Optic Com at height 23'-7"
2025-05-18 17:02:27,755 - processing - INFO -   4. AT&T Telco Com at height 22'-7"
2025-05-18 17:02:27,755 - processing - INFO - ==================================================
2025-05-18 17:02:27,788 - processing - INFO - Processing attachments below neutral for pole PL373937
2025-05-18 17:02:27,790 - processing - INFO - 
==================================================
2025-05-18 17:02:27,790 - processing - INFO - POLE SUMMARY: PL373937
2025-05-18 17:02:27,790 - processing - INFO - ==================================================
2025-05-18 17:02:27,790 - processing - INFO - Found 1 neutral wire(s):
2025-05-18 17:02:27,790 - processing - INFO -   1. CPS ENERGY Neutral at height 463.93 inches (source: katapult)
2025-05-18 17:02:27,791 - processing - INFO - Highest neutral: CPS ENERGY Neutral at height 463.93 inches
2025-05-18 17:02:27,791 - processing - INFO - Found 5 attachment(s) below neutral:
2025-05-18 17:02:27,791 - processing - INFO -   1. CPS ENERGY Neutral at height 38'-8"
2025-05-18 17:02:27,791 - processing - INFO -   2. CPS ENERGY Supply Fiber at height 36'-8"
2025-05-18 17:02:27,791 - processing - INFO -   3. AT&T Fiber Optic Com at height 32'-8"
2025-05-18 17:02:27,792 - processing - INFO -   4. AT&T Telco Com at height 27'-6"
2025-05-18 17:02:27,792 - processing - INFO -   5. CPS ENERGY Supply Fiber at height 36'-5"
2025-05-18 17:02:27,792 - processing - INFO - ==================================================
2025-05-18 17:02:27,830 - processing - INFO - Processing attachments below neutral for pole PL404475
2025-05-18 17:02:27,833 - processing - INFO - 
==================================================
2025-05-18 17:02:27,833 - processing - INFO - POLE SUMMARY: PL404475
2025-05-18 17:02:27,833 - processing - INFO - ==================================================
2025-05-18 17:02:27,833 - processing - INFO - Found 3 neutral wire(s):
2025-05-18 17:02:27,834 - processing - INFO -   1. CPS ENERGY Neutral at height 463.45 inches (source: katapult)
2025-05-18 17:02:27,834 - processing - INFO -   2. CPS ENERGY Neutral at height 432.76 inches (source: katapult)
2025-05-18 17:02:27,834 - processing - INFO -   3. CPS ENERGY Neutral at height 432.92 inches (source: katapult)
2025-05-18 17:02:27,835 - processing - INFO - Highest neutral: CPS ENERGY Neutral at height 463.45 inches
2025-05-18 17:02:27,835 - processing - INFO - Found 7 attachment(s) below neutral:
2025-05-18 17:02:27,835 - processing - INFO -   1. CPS ENERGY Neutral at height 38'-7"
2025-05-18 17:02:27,836 - processing - INFO -   2. CPS ENERGY Supply Fiber at height 37'-1"
2025-05-18 17:02:27,836 - processing - INFO -   3. AT&T Fiber Optic Com at height 31'-5"
2025-05-18 17:02:27,836 - processing - INFO -   4. AT&T Telco Com at height 21'-1"
2025-05-18 17:02:27,836 - processing - INFO -   5. CPS ENERGY Neutral at height 36'-1"
2025-05-18 17:02:27,836 - processing - INFO -   6. CPS ENERGY Neutral at height 36'-1"
2025-05-18 17:02:27,837 - processing - INFO -   7. CPS ENERGY Supply Fiber at height 36'-10"
2025-05-18 17:02:27,837 - processing - INFO - ==================================================
2025-05-18 17:02:27,858 - processing - INFO - Processing attachments below neutral for pole PL373935
2025-05-18 17:02:27,860 - processing - INFO - 
==================================================
2025-05-18 17:02:27,860 - processing - INFO - POLE SUMMARY: PL373935
2025-05-18 17:02:27,860 - processing - INFO - ==================================================
2025-05-18 17:02:27,860 - processing - INFO - Found 1 neutral wire(s):
2025-05-18 17:02:27,860 - processing - INFO -   1. CPS ENERGY Neutral at height 350.65 inches (source: katapult)
2025-05-18 17:02:27,861 - processing - INFO - Highest neutral: CPS ENERGY Neutral at height 350.65 inches
2025-05-18 17:02:27,861 - processing - INFO - Found 4 attachment(s) below neutral:
2025-05-18 17:02:27,861 - processing - INFO -   1. CPS ENERGY Neutral at height 29'-3"
2025-05-18 17:02:27,861 - processing - INFO -   2. CPS ENERGY Supply Fiber at height 27'-9"
2025-05-18 17:02:27,862 - processing - INFO -   3. AT&T Fiber Optic Com at height 24'-10"
2025-05-18 17:02:27,862 - processing - INFO -   4. AT&T Telco Com at height 23'-12"
2025-05-18 17:02:27,862 - processing - INFO - ==================================================
2025-05-18 17:02:27,879 - processing - INFO - Processing attachments below neutral for pole PL398490
2025-05-18 17:02:27,882 - processing - INFO - 
==================================================
2025-05-18 17:02:27,882 - processing - INFO - POLE SUMMARY: PL398490
2025-05-18 17:02:27,882 - processing - INFO - ==================================================
2025-05-18 17:02:27,882 - processing - INFO - Found 1 neutral wire(s):
2025-05-18 17:02:27,883 - processing - INFO -   1. CPS ENERGY Neutral at height 326.42 inches (source: katapult)
2025-05-18 17:02:27,883 - processing - INFO - Highest neutral: CPS ENERGY Neutral at height 326.42 inches
2025-05-18 17:02:27,883 - processing - INFO - Found 5 attachment(s) below neutral:
2025-05-18 17:02:27,883 - processing - INFO -   1. CPS ENERGY Neutral at height 27'-2"
2025-05-18 17:02:27,884 - processing - INFO -   2. CPS ENERGY Supply Fiber at height 26'-0"
2025-05-18 17:02:27,884 - processing - INFO -   3. AT&T Fiber Optic Com at height 24'-10"
2025-05-18 17:02:27,884 - processing - INFO -   4. AT&T Telco Com at height 23'-11"
2025-05-18 17:02:27,884 - processing - INFO -   5. CPS ENERGY Street Light Feed at height 27'-2"
2025-05-18 17:02:27,884 - processing - INFO - ==================================================
2025-05-18 17:02:27,911 - processing - INFO - Processing attachments below neutral for pole PL900997
2025-05-18 17:02:27,914 - processing - INFO - 
==================================================
2025-05-18 17:02:27,915 - processing - INFO - POLE SUMMARY: PL900997
2025-05-18 17:02:27,915 - processing - INFO - ==================================================
2025-05-18 17:02:27,915 - processing - INFO - Found 4 neutral wire(s):
2025-05-18 17:02:27,915 - processing - INFO -   1. CPS ENERGY Neutral at height 324.73 inches (source: katapult)
2025-05-18 17:02:27,916 - processing - INFO -   2. CPS ENERGY Neutral at height 342.91 inches (source: katapult)
2025-05-18 17:02:27,916 - processing - INFO -   3. CPS Energy  at height 325.0001755 inches (source: spidacalc)
2025-05-18 17:02:27,916 - processing - INFO -   4. CPS Energy  at height 325.0001755 inches (source: spidacalc)
2025-05-18 17:02:27,916 - processing - INFO - Highest neutral: CPS ENERGY Neutral at height 342.91 inches
2025-05-18 17:02:27,916 - processing - INFO - Found 7 attachment(s) below neutral:
2025-05-18 17:02:27,916 - processing - INFO -   1. CPS ENERGY Neutral at height 27'-1"
2025-05-18 17:02:27,916 - processing - INFO -   2. CPS ENERGY Street Light Feed at height 27'-1"
2025-05-18 17:02:27,917 - processing - INFO -   3. CPS ENERGY Supply Fiber at height 25'-10"
2025-05-18 17:02:27,917 - processing - INFO -   4. AT&T Fiber Optic Com at height 21'-6"
2025-05-18 17:02:27,917 - processing - INFO -   5. AT&T Telco Com at height 20'-6"
2025-05-18 17:02:27,917 - processing - INFO -   6. CPS ENERGY Service at height 27'-1"
2025-05-18 17:02:27,917 - processing - INFO -   7. Charter Fiber Optic Com at height 21'-6"
2025-05-18 17:02:27,917 - processing - INFO - ==================================================
2025-05-18 17:02:27,957 - processing - INFO - Processing attachments below neutral for pole PL404474
2025-05-18 17:02:27,960 - processing - INFO - 
==================================================
2025-05-18 17:02:27,960 - processing - INFO - POLE SUMMARY: PL404474
2025-05-18 17:02:27,960 - processing - INFO - ==================================================
2025-05-18 17:02:27,960 - processing - INFO - Found 3 neutral wire(s):
2025-05-18 17:02:27,962 - processing - INFO -   1. CPS ENERGY Neutral at height 311.85 inches (source: katapult)
2025-05-18 17:02:27,962 - processing - INFO -   2. CPS Energy  at height 312.00016848000007 inches (source: spidacalc)
2025-05-18 17:02:27,963 - processing - INFO -   3. CPS Energy  at height 312.00016848000007 inches (source: spidacalc)
2025-05-18 17:02:27,963 - processing - INFO - Highest neutral: CPS Energy  at height 312.00016848000007 inches
2025-05-18 17:02:27,963 - processing - INFO - Found 6 attachment(s) below neutral:
2025-05-18 17:02:27,963 - processing - INFO -   1. CPS ENERGY Neutral at height 25'-12"
2025-05-18 17:02:27,963 - processing - INFO -   2. CPS ENERGY Supply Fiber at height 24'-6"
2025-05-18 17:02:27,963 - processing - INFO -   3. AT&T Fiber Optic Com at height 22'-9"
2025-05-18 17:02:27,964 - processing - INFO -   4. AT&T Telco Com at height 21'-7"
2025-05-18 17:02:27,964 - processing - INFO -   5. CPS ENERGY Street Light Feed at height 25'-12"
2025-05-18 17:02:27,964 - processing - INFO -   6. Charter Fiber Optic Com at height 21'-7"
2025-05-18 17:02:27,964 - processing - INFO - ==================================================
2025-05-18 17:02:27,987 - processing - INFO - Processing attachments below neutral for pole PL401451
2025-05-18 17:02:27,989 - processing - INFO - 
==================================================
2025-05-18 17:02:27,989 - processing - INFO - POLE SUMMARY: PL401451
2025-05-18 17:02:27,989 - processing - INFO - ==================================================
2025-05-18 17:02:27,991 - processing - INFO - Found 2 neutral wire(s):
2025-05-18 17:02:27,991 - processing - INFO -   1. CPS ENERGY Neutral at height 318.97 inches (source: katapult)
2025-05-18 17:02:27,991 - processing - INFO -   2. CPS ENERGY Neutral at height 314.28 inches (source: katapult)
2025-05-18 17:02:27,992 - processing - INFO - Highest neutral: CPS ENERGY Neutral at height 318.97 inches
2025-05-18 17:02:27,992 - processing - INFO - Found 4 attachment(s) below neutral:
2025-05-18 17:02:27,992 - processing - INFO -   1. CPS ENERGY Neutral at height 26'-7"
2025-05-18 17:02:27,992 - processing - INFO -   2. CPS ENERGY Supply Fiber at height 24'-11"
2025-05-18 17:02:27,992 - processing - INFO -   3. AT&T Fiber Optic Com at height 22'-6"
2025-05-18 17:02:27,992 - processing - INFO -   4. AT&T Telco Com at height 21'-3"
2025-05-18 17:02:27,993 - processing - INFO - ==================================================
2025-05-18 17:02:28,027 - processing - INFO - Processing attachments below neutral for pole PL398491
2025-05-18 17:02:28,030 - processing - INFO - 
==================================================
2025-05-18 17:02:28,031 - processing - INFO - POLE SUMMARY: PL398491
2025-05-18 17:02:28,031 - processing - INFO - ==================================================
2025-05-18 17:02:28,031 - processing - INFO - Found 4 neutral wire(s):
2025-05-18 17:02:28,031 - processing - INFO -   1. CPS ENERGY Neutral at height 325.34 inches (source: katapult)
2025-05-18 17:02:28,032 - processing - INFO -   2. CPS ENERGY Neutral at height 322.75 inches (source: katapult)
2025-05-18 17:02:28,032 - processing - INFO -   3. CPS Energy  at height 324.00017496000004 inches (source: spidacalc)
2025-05-18 17:02:28,032 - processing - INFO -   4. CPS Energy  at height 327.0001765800001 inches (source: spidacalc)
2025-05-18 17:02:28,032 - processing - INFO - Highest neutral: CPS Energy  at height 327.0001765800001 inches
2025-05-18 17:02:28,032 - processing - INFO - Found 12 attachment(s) below neutral:
2025-05-18 17:02:28,033 - processing - INFO -   1. AT&T Com Drop at height 19'-8"
2025-05-18 17:02:28,033 - processing - INFO -   2. CPS ENERGY Service at height 27'-1"
2025-05-18 17:02:28,033 - processing - INFO -   3. AT&T Com Drop at height 19'-6"
2025-05-18 17:02:28,033 - processing - INFO -   4. AT&T Com Drop at height 19'-6"
2025-05-18 17:02:28,033 - processing - INFO -   5. CPS ENERGY Neutral at height 27'-1"
2025-05-18 17:02:28,034 - processing - INFO -   6. CPS ENERGY Neutral at height 26'-11"
2025-05-18 17:02:28,034 - processing - INFO -   7. CPS ENERGY Supply Fiber at height 25'-6"
2025-05-18 17:02:28,034 - processing - INFO -   8. AT&T Fiber Optic Com at height 21'-4"
2025-05-18 17:02:28,034 - processing - INFO -   9. AT&T Telco Com at height 20'-4"
2025-05-18 17:02:28,034 - processing - INFO -   10. AT&T Com Drop at height 19'-8"
2025-05-18 17:02:28,035 - processing - INFO -   11. Charter Fiber Optic Com at height 22'-4"
2025-05-18 17:02:28,035 - processing - INFO -   12. CPS ENERGY Supply Fiber at height 25'-9"
2025-05-18 17:02:28,035 - processing - INFO - ==================================================
2025-05-18 17:02:28,084 - processing - INFO - Processing attachments below neutral for pole PL410620
2025-05-18 17:02:28,087 - processing - INFO - 
==================================================
2025-05-18 17:02:28,087 - processing - INFO - POLE SUMMARY: PL410620
2025-05-18 17:02:28,088 - processing - INFO - ==================================================
2025-05-18 17:02:28,088 - processing - INFO - Found 3 neutral wire(s):
2025-05-18 17:02:28,088 - processing - INFO -   1. CPS ENERGY Neutral at height 354.28 inches (source: katapult)
2025-05-18 17:02:28,088 - processing - INFO -   2. CPS Energy  at height 354.0001911600001 inches (source: spidacalc)
2025-05-18 17:02:28,088 - processing - INFO -   3. CPS Energy  at height 354.0001911600001 inches (source: spidacalc)
2025-05-18 17:02:28,089 - processing - INFO - Highest neutral: CPS ENERGY Neutral at height 354.28 inches
2025-05-18 17:02:28,089 - processing - INFO - Found 6 attachment(s) below neutral:
2025-05-18 17:02:28,089 - processing - INFO -   1. CPS ENERGY Neutral at height 29'-6"
2025-05-18 17:02:28,090 - processing - INFO -   2. CPS ENERGY Supply Fiber at height 27'-12"
2025-05-18 17:02:28,090 - processing - INFO -   3. AT&T Fiber Optic Com at height 23'-7"
2025-05-18 17:02:28,090 - processing - INFO -   4. AT&T Telco Com at height 22'-4"
2025-05-18 17:02:28,090 - processing - INFO -   5. AT&T Com Drop at height 21'-5"
2025-05-18 17:02:28,091 - processing - INFO -   6. Charter Fiber Optic Com at height 24'-7"
2025-05-18 17:02:28,091 - processing - INFO - ==================================================
2025-05-18 17:02:28,118 - processing - INFO - Processing attachments below neutral for pole {'-Imported': 'PL410595'}
2025-05-18 17:02:28,120 - processing - INFO - 
==================================================
2025-05-18 17:02:28,122 - processing - INFO - POLE SUMMARY: {'-Imported': 'PL410595'}
2025-05-18 17:02:28,122 - processing - INFO - ==================================================
2025-05-18 17:02:28,123 - processing - INFO - Found 0 neutral wire(s):
2025-05-18 17:02:28,123 - processing - INFO - No neutral wires found!
2025-05-18 17:02:28,124 - processing - INFO - Found 0 attachment(s) below neutral:
2025-05-18 17:02:28,124 - processing - INFO - ==================================================
2025-05-18 17:02:28,166 - processing - INFO - Processing attachments below neutral for pole PL389359
2025-05-18 17:02:28,171 - processing - INFO - 
==================================================
2025-05-18 17:02:28,171 - processing - INFO - POLE SUMMARY: PL389359
2025-05-18 17:02:28,171 - processing - INFO - ==================================================
2025-05-18 17:02:28,171 - processing - INFO - Found 5 neutral wire(s):
2025-05-18 17:02:28,171 - processing - INFO -   1. CPS ENERGY Neutral at height 327.24 inches (source: katapult)
2025-05-18 17:02:28,172 - processing - INFO -   2. CPS ENERGY Neutral at height 327.15 inches (source: katapult)
2025-05-18 17:02:28,172 - processing - INFO -   3. CPS Energy  at height 327.0001765800001 inches (source: spidacalc)
2025-05-18 17:02:28,172 - processing - INFO -   4. CPS Energy  at height 327.0001765800001 inches (source: spidacalc)
2025-05-18 17:02:28,172 - processing - INFO -   5. CPS Energy  at height 327.0001765800001 inches (source: spidacalc)
2025-05-18 17:02:28,172 - processing - INFO - Highest neutral: CPS ENERGY Neutral at height 327.24 inches
2025-05-18 17:02:28,173 - processing - INFO - Found 6 attachment(s) below neutral:
2025-05-18 17:02:28,173 - processing - INFO -   1. CPS ENERGY Neutral at height 27'-3"
2025-05-18 17:02:28,173 - processing - INFO -   2. CPS ENERGY Supply Fiber at height 25'-9"
2025-05-18 17:02:28,173 - processing - INFO -   3. AT&T Fiber Optic Com at height 22'-8"
2025-05-18 17:02:28,174 - processing - INFO -   4. AT&T Telco Com at height 21'-8"
2025-05-18 17:02:28,174 - processing - INFO -   5. CPS ENERGY Neutral at height 27'-3"
2025-05-18 17:02:28,174 - processing - INFO -   6. Charter Fiber Optic Com at height 22'-12"
2025-05-18 17:02:28,174 - processing - INFO - ==================================================
