2025-05-16 16:48:47,339 - processing - INFO - Processing attachments below neutral for pole PL370858
2025-05-16 16:48:47,344 - processing - INFO - 
==================================================
2025-05-16 16:48:47,344 - processing - INFO - POLE SUMMARY: PL370858
2025-05-16 16:48:47,344 - processing - INFO - ==================================================
2025-05-16 16:48:47,345 - processing - INFO - Found 3 neutral wire(s):
2025-05-16 16:48:47,345 - processing - INFO -   1. CPS ENERGY Neutral at height 317.6 inches (source: katapult)
2025-05-16 16:48:47,346 - processing - INFO -   2. CPS Energy  at height 318.0001717200001 inches (source: spidacalc)
2025-05-16 16:48:47,375 - processing - INFO -   3. CPS Energy  at height 318.0001717200001 inches (source: spidacalc)
2025-05-16 16:48:47,376 - processing - INFO - Highest neutral: CPS Energy  at height 318.0001717200001 inches
2025-05-16 16:48:47,377 - processing - INFO - Found 5 attachment(s) below neutral:
2025-05-16 16:48:47,377 - processing - INFO -   1. CPS ENERGY Neutral at height 26'-6"
2025-05-16 16:48:47,378 - processing - INFO -   2. CPS ENERGY Supply Fiber at height 25'-5"
2025-05-16 16:48:47,378 - processing - INFO -   3. AT&T Fiber Optic Com at height 22'-10"
2025-05-16 16:48:47,379 - processing - INFO -   4. AT&T Telco Com at height 21'-10"
2025-05-16 16:48:47,379 - processing - INFO -   5. Charter Fiber Optic Com at height 22'-1"
2025-05-16 16:48:47,379 - processing - INFO - ==================================================
2025-05-16 16:48:47,450 - processing - INFO - Processing attachments below neutral for pole PL379971
2025-05-16 16:48:47,454 - processing - INFO - 
==================================================
2025-05-16 16:48:47,454 - processing - INFO - POLE SUMMARY: PL379971
2025-05-16 16:48:47,455 - processing - INFO - ==================================================
2025-05-16 16:48:47,455 - processing - INFO - Found 1 neutral wire(s):
2025-05-16 16:48:47,455 - processing - INFO -   1. CPS ENERGY Neutral at height 316.48 inches (source: katapult)
2025-05-16 16:48:47,456 - processing - INFO - Highest neutral: CPS ENERGY Neutral at height 316.48 inches
2025-05-16 16:48:47,456 - processing - INFO - Found 4 attachment(s) below neutral:
2025-05-16 16:48:47,457 - processing - INFO -   1. CPS ENERGY Neutral at height 26'-4"
2025-05-16 16:48:47,457 - processing - INFO -   2. CPS ENERGY Supply Fiber at height 24'-9"
2025-05-16 16:48:47,457 - processing - INFO -   3. AT&T Fiber Optic Com at height 23'-9"
2025-05-16 16:48:47,457 - processing - INFO -   4. AT&T Telco Com at height 22'-9"
2025-05-16 16:48:47,458 - processing - INFO - ==================================================
2025-05-16 16:48:47,505 - processing - INFO - Processing attachments below neutral for pole PL379966
2025-05-16 16:48:47,508 - processing - INFO - 
==================================================
2025-05-16 16:48:47,508 - processing - INFO - POLE SUMMARY: PL379966
2025-05-16 16:48:47,509 - processing - INFO - ==================================================
2025-05-16 16:48:47,509 - processing - INFO - Found 1 neutral wire(s):
2025-05-16 16:48:47,510 - processing - INFO -   1. CPS ENERGY Neutral at height 330.61 inches (source: katapult)
2025-05-16 16:48:47,510 - processing - INFO - Highest neutral: CPS ENERGY Neutral at height 330.61 inches
2025-05-16 16:48:47,511 - processing - INFO - Found 4 attachment(s) below neutral:
2025-05-16 16:48:47,511 - processing - INFO -   1. CPS ENERGY Neutral at height 27'-7"
2025-05-16 16:48:47,511 - processing - INFO -   2. CPS ENERGY Supply Fiber at height 26'-4"
2025-05-16 16:48:47,512 - processing - INFO -   3. AT&T Fiber Optic Com at height 23'-7"
2025-05-16 16:48:47,512 - processing - INFO -   4. AT&T Telco Com at height 22'-7"
2025-05-16 16:48:47,512 - processing - INFO - ==================================================
2025-05-16 16:48:47,579 - processing - INFO - Processing attachments below neutral for pole PL373937
2025-05-16 16:48:47,583 - processing - INFO - 
==================================================
2025-05-16 16:48:47,584 - processing - INFO - POLE SUMMARY: PL373937
2025-05-16 16:48:47,584 - processing - INFO - ==================================================
2025-05-16 16:48:47,584 - processing - INFO - Found 1 neutral wire(s):
2025-05-16 16:48:47,585 - processing - INFO -   1. CPS ENERGY Neutral at height 463.93 inches (source: katapult)
2025-05-16 16:48:47,585 - processing - INFO - Highest neutral: CPS ENERGY Neutral at height 463.93 inches
2025-05-16 16:48:47,586 - processing - INFO - Found 5 attachment(s) below neutral:
2025-05-16 16:48:47,586 - processing - INFO -   1. CPS ENERGY Neutral at height 38'-8"
2025-05-16 16:48:47,587 - processing - INFO -   2. CPS ENERGY Supply Fiber at height 36'-8"
2025-05-16 16:48:47,587 - processing - INFO -   3. AT&T Fiber Optic Com at height 32'-8"
2025-05-16 16:48:47,587 - processing - INFO -   4. AT&T Telco Com at height 27'-6"
2025-05-16 16:48:47,587 - processing - INFO -   5. CPS ENERGY Supply Fiber at height 36'-5"
2025-05-16 16:48:47,588 - processing - INFO - ==================================================
2025-05-16 16:48:47,679 - processing - INFO - Processing attachments below neutral for pole PL404475
2025-05-16 16:48:47,683 - processing - INFO - 
==================================================
2025-05-16 16:48:47,683 - processing - INFO - POLE SUMMARY: PL404475
2025-05-16 16:48:47,683 - processing - INFO - ==================================================
2025-05-16 16:48:47,684 - processing - INFO - Found 3 neutral wire(s):
2025-05-16 16:48:47,684 - processing - INFO -   1. CPS ENERGY Neutral at height 463.45 inches (source: katapult)
2025-05-16 16:48:47,684 - processing - INFO -   2. CPS ENERGY Neutral at height 432.76 inches (source: katapult)
2025-05-16 16:48:47,685 - processing - INFO -   3. CPS ENERGY Neutral at height 432.92 inches (source: katapult)
2025-05-16 16:48:47,685 - processing - INFO - Highest neutral: CPS ENERGY Neutral at height 463.45 inches
2025-05-16 16:48:47,686 - processing - INFO - Found 7 attachment(s) below neutral:
2025-05-16 16:48:47,686 - processing - INFO -   1. CPS ENERGY Neutral at height 38'-7"
2025-05-16 16:48:47,687 - processing - INFO -   2. CPS ENERGY Supply Fiber at height 37'-1"
2025-05-16 16:48:47,687 - processing - INFO -   3. AT&T Fiber Optic Com at height 31'-5"
2025-05-16 16:48:47,687 - processing - INFO -   4. AT&T Telco Com at height 21'-1"
2025-05-16 16:48:47,687 - processing - INFO -   5. CPS ENERGY Neutral at height 36'-1"
2025-05-16 16:48:47,688 - processing - INFO -   6. CPS ENERGY Neutral at height 36'-1"
2025-05-16 16:48:47,688 - processing - INFO -   7. CPS ENERGY Supply Fiber at height 36'-10"
2025-05-16 16:48:47,688 - processing - INFO - ==================================================
2025-05-16 16:48:47,735 - processing - INFO - Processing attachments below neutral for pole PL373935
2025-05-16 16:48:47,743 - processing - INFO - 
==================================================
2025-05-16 16:48:47,744 - processing - INFO - POLE SUMMARY: PL373935
2025-05-16 16:48:47,744 - processing - INFO - ==================================================
2025-05-16 16:48:47,745 - processing - INFO - Found 1 neutral wire(s):
2025-05-16 16:48:47,745 - processing - INFO -   1. CPS ENERGY Neutral at height 350.65 inches (source: katapult)
2025-05-16 16:48:47,746 - processing - INFO - Highest neutral: CPS ENERGY Neutral at height 350.65 inches
2025-05-16 16:48:47,746 - processing - INFO - Found 4 attachment(s) below neutral:
2025-05-16 16:48:47,746 - processing - INFO -   1. CPS ENERGY Neutral at height 29'-3"
2025-05-16 16:48:47,747 - processing - INFO -   2. CPS ENERGY Supply Fiber at height 27'-9"
2025-05-16 16:48:47,747 - processing - INFO -   3. AT&T Fiber Optic Com at height 24'-10"
2025-05-16 16:48:47,748 - processing - INFO -   4. AT&T Telco Com at height 23'-12"
2025-05-16 16:48:47,748 - processing - INFO - ==================================================
2025-05-16 16:48:47,788 - processing - INFO - Processing attachments below neutral for pole PL398490
2025-05-16 16:48:47,791 - processing - INFO - 
==================================================
2025-05-16 16:48:47,791 - processing - INFO - POLE SUMMARY: PL398490
2025-05-16 16:48:47,792 - processing - INFO - ==================================================
2025-05-16 16:48:47,792 - processing - INFO - Found 1 neutral wire(s):
2025-05-16 16:48:47,792 - processing - INFO -   1. CPS ENERGY Neutral at height 326.42 inches (source: katapult)
2025-05-16 16:48:47,792 - processing - INFO - Highest neutral: CPS ENERGY Neutral at height 326.42 inches
2025-05-16 16:48:47,793 - processing - INFO - Found 5 attachment(s) below neutral:
2025-05-16 16:48:47,793 - processing - INFO -   1. CPS ENERGY Neutral at height 27'-2"
2025-05-16 16:48:47,793 - processing - INFO -   2. CPS ENERGY Supply Fiber at height 26'-0"
2025-05-16 16:48:47,794 - processing - INFO -   3. AT&T Fiber Optic Com at height 24'-10"
2025-05-16 16:48:47,794 - processing - INFO -   4. AT&T Telco Com at height 23'-11"
2025-05-16 16:48:47,794 - processing - INFO -   5. CPS ENERGY Street Light Feed at height 27'-2"
2025-05-16 16:48:47,794 - processing - INFO - ==================================================
2025-05-16 16:48:47,856 - processing - INFO - Processing attachments below neutral for pole PL900997
2025-05-16 16:48:47,864 - processing - INFO - 
==================================================
2025-05-16 16:48:47,865 - processing - INFO - POLE SUMMARY: PL900997
2025-05-16 16:48:47,865 - processing - INFO - ==================================================
2025-05-16 16:48:47,865 - processing - INFO - Found 4 neutral wire(s):
2025-05-16 16:48:47,866 - processing - INFO -   1. CPS ENERGY Neutral at height 324.73 inches (source: katapult)
2025-05-16 16:48:47,866 - processing - INFO -   2. CPS ENERGY Neutral at height 342.91 inches (source: katapult)
2025-05-16 16:48:47,867 - processing - INFO -   3. CPS Energy  at height 325.0001755 inches (source: spidacalc)
2025-05-16 16:48:47,867 - processing - INFO -   4. CPS Energy  at height 325.0001755 inches (source: spidacalc)
2025-05-16 16:48:47,868 - processing - INFO - Highest neutral: CPS ENERGY Neutral at height 342.91 inches
2025-05-16 16:48:47,868 - processing - INFO - Found 7 attachment(s) below neutral:
2025-05-16 16:48:47,868 - processing - INFO -   1. CPS ENERGY Neutral at height 27'-1"
2025-05-16 16:48:47,869 - processing - INFO -   2. CPS ENERGY Street Light Feed at height 27'-1"
2025-05-16 16:48:47,869 - processing - INFO -   3. CPS ENERGY Supply Fiber at height 25'-10"
2025-05-16 16:48:47,870 - processing - INFO -   4. AT&T Fiber Optic Com at height 21'-6"
2025-05-16 16:48:47,870 - processing - INFO -   5. AT&T Telco Com at height 20'-6"
2025-05-16 16:48:47,870 - processing - INFO -   6. CPS ENERGY Service at height 27'-1"
2025-05-16 16:48:47,871 - processing - INFO -   7. Charter Fiber Optic Com at height 21'-6"
2025-05-16 16:48:47,871 - processing - INFO - ==================================================
2025-05-16 16:48:47,951 - processing - INFO - Processing attachments below neutral for pole PL404474
2025-05-16 16:48:47,955 - processing - INFO - 
==================================================
2025-05-16 16:48:47,955 - processing - INFO - POLE SUMMARY: PL404474
2025-05-16 16:48:47,956 - processing - INFO - ==================================================
2025-05-16 16:48:47,956 - processing - INFO - Found 3 neutral wire(s):
2025-05-16 16:48:47,956 - processing - INFO -   1. CPS ENERGY Neutral at height 311.85 inches (source: katapult)
2025-05-16 16:48:47,956 - processing - INFO -   2. CPS Energy  at height 312.00016848000007 inches (source: spidacalc)
2025-05-16 16:48:47,957 - processing - INFO -   3. CPS Energy  at height 312.00016848000007 inches (source: spidacalc)
2025-05-16 16:48:47,957 - processing - INFO - Highest neutral: CPS Energy  at height 312.00016848000007 inches
2025-05-16 16:48:47,957 - processing - INFO - Found 6 attachment(s) below neutral:
2025-05-16 16:48:47,958 - processing - INFO -   1. CPS ENERGY Neutral at height 25'-12"
2025-05-16 16:48:47,958 - processing - INFO -   2. CPS ENERGY Supply Fiber at height 24'-6"
2025-05-16 16:48:47,959 - processing - INFO -   3. AT&T Fiber Optic Com at height 22'-9"
2025-05-16 16:48:47,959 - processing - INFO -   4. AT&T Telco Com at height 21'-7"
2025-05-16 16:48:47,959 - processing - INFO -   5. CPS ENERGY Street Light Feed at height 25'-12"
2025-05-16 16:48:47,960 - processing - INFO -   6. Charter Fiber Optic Com at height 21'-7"
2025-05-16 16:48:47,960 - processing - INFO - ==================================================
2025-05-16 16:48:48,011 - processing - INFO - Processing attachments below neutral for pole PL401451
2025-05-16 16:48:48,015 - processing - INFO - 
==================================================
2025-05-16 16:48:48,015 - processing - INFO - POLE SUMMARY: PL401451
2025-05-16 16:48:48,016 - processing - INFO - ==================================================
2025-05-16 16:48:48,016 - processing - INFO - Found 2 neutral wire(s):
2025-05-16 16:48:48,016 - processing - INFO -   1. CPS ENERGY Neutral at height 318.97 inches (source: katapult)
2025-05-16 16:48:48,016 - processing - INFO -   2. CPS ENERGY Neutral at height 314.28 inches (source: katapult)
2025-05-16 16:48:48,017 - processing - INFO - Highest neutral: CPS ENERGY Neutral at height 318.97 inches
2025-05-16 16:48:48,017 - processing - INFO - Found 4 attachment(s) below neutral:
2025-05-16 16:48:48,017 - processing - INFO -   1. CPS ENERGY Neutral at height 26'-7"
2025-05-16 16:48:48,017 - processing - INFO -   2. CPS ENERGY Supply Fiber at height 24'-11"
2025-05-16 16:48:48,018 - processing - INFO -   3. AT&T Fiber Optic Com at height 22'-6"
2025-05-16 16:48:48,018 - processing - INFO -   4. AT&T Telco Com at height 21'-3"
2025-05-16 16:48:48,018 - processing - INFO - ==================================================
2025-05-16 16:48:48,110 - processing - INFO - Processing attachments below neutral for pole PL398491
2025-05-16 16:48:48,119 - processing - INFO - 
==================================================
2025-05-16 16:48:48,120 - processing - INFO - POLE SUMMARY: PL398491
2025-05-16 16:48:48,120 - processing - INFO - ==================================================
2025-05-16 16:48:48,121 - processing - INFO - Found 4 neutral wire(s):
2025-05-16 16:48:48,121 - processing - INFO -   1. CPS ENERGY Neutral at height 325.34 inches (source: katapult)
2025-05-16 16:48:48,122 - processing - INFO -   2. CPS ENERGY Neutral at height 322.75 inches (source: katapult)
2025-05-16 16:48:48,122 - processing - INFO -   3. CPS Energy  at height 324.00017496000004 inches (source: spidacalc)
2025-05-16 16:48:48,123 - processing - INFO -   4. CPS Energy  at height 327.0001765800001 inches (source: spidacalc)
2025-05-16 16:48:48,123 - processing - INFO - Highest neutral: CPS Energy  at height 327.0001765800001 inches
2025-05-16 16:48:48,124 - processing - INFO - Found 12 attachment(s) below neutral:
2025-05-16 16:48:48,124 - processing - INFO -   1. AT&T Com Drop at height 19'-8"
2025-05-16 16:48:48,124 - processing - INFO -   2. CPS ENERGY Service at height 27'-1"
2025-05-16 16:48:48,125 - processing - INFO -   3. AT&T Com Drop at height 19'-6"
2025-05-16 16:48:48,125 - processing - INFO -   4. AT&T Com Drop at height 19'-6"
2025-05-16 16:48:48,126 - processing - INFO -   5. CPS ENERGY Neutral at height 27'-1"
2025-05-16 16:48:48,126 - processing - INFO -   6. CPS ENERGY Neutral at height 26'-11"
2025-05-16 16:48:48,126 - processing - INFO -   7. CPS ENERGY Supply Fiber at height 25'-6"
2025-05-16 16:48:48,127 - processing - INFO -   8. AT&T Fiber Optic Com at height 21'-4"
2025-05-16 16:48:48,127 - processing - INFO -   9. AT&T Telco Com at height 20'-4"
2025-05-16 16:48:48,128 - processing - INFO -   10. AT&T Com Drop at height 19'-8"
2025-05-16 16:48:48,128 - processing - INFO -   11. Charter Fiber Optic Com at height 22'-4"
2025-05-16 16:48:48,128 - processing - INFO -   12. CPS ENERGY Supply Fiber at height 25'-9"
2025-05-16 16:48:48,129 - processing - INFO - ==================================================
2025-05-16 16:48:48,260 - processing - INFO - Processing attachments below neutral for pole PL410620
2025-05-16 16:48:48,265 - processing - INFO - 
==================================================
2025-05-16 16:48:48,265 - processing - INFO - POLE SUMMARY: PL410620
2025-05-16 16:48:48,266 - processing - INFO - ==================================================
2025-05-16 16:48:48,266 - processing - INFO - Found 3 neutral wire(s):
2025-05-16 16:48:48,266 - processing - INFO -   1. CPS ENERGY Neutral at height 354.28 inches (source: katapult)
2025-05-16 16:48:48,267 - processing - INFO -   2. CPS Energy  at height 354.0001911600001 inches (source: spidacalc)
2025-05-16 16:48:48,267 - processing - INFO -   3. CPS Energy  at height 354.0001911600001 inches (source: spidacalc)
2025-05-16 16:48:48,267 - processing - INFO - Highest neutral: CPS ENERGY Neutral at height 354.28 inches
2025-05-16 16:48:48,268 - processing - INFO - Found 6 attachment(s) below neutral:
2025-05-16 16:48:48,268 - processing - INFO -   1. CPS ENERGY Neutral at height 29'-6"
2025-05-16 16:48:48,269 - processing - INFO -   2. CPS ENERGY Supply Fiber at height 27'-12"
2025-05-16 16:48:48,269 - processing - INFO -   3. AT&T Fiber Optic Com at height 23'-7"
2025-05-16 16:48:48,269 - processing - INFO -   4. AT&T Telco Com at height 22'-4"
2025-05-16 16:48:48,270 - processing - INFO -   5. AT&T Com Drop at height 21'-5"
2025-05-16 16:48:48,270 - processing - INFO -   6. Charter Fiber Optic Com at height 24'-7"
2025-05-16 16:48:48,271 - processing - INFO - ==================================================
2025-05-16 16:48:48,342 - processing - INFO - Processing attachments below neutral for pole PL389359
2025-05-16 16:48:48,347 - processing - INFO - 
==================================================
2025-05-16 16:48:48,348 - processing - INFO - POLE SUMMARY: PL389359
2025-05-16 16:48:48,348 - processing - INFO - ==================================================
2025-05-16 16:48:48,348 - processing - INFO - Found 5 neutral wire(s):
2025-05-16 16:48:48,349 - processing - INFO -   1. CPS ENERGY Neutral at height 327.24 inches (source: katapult)
2025-05-16 16:48:48,349 - processing - INFO -   2. CPS ENERGY Neutral at height 327.15 inches (source: katapult)
2025-05-16 16:48:48,349 - processing - INFO -   3. CPS Energy  at height 327.0001765800001 inches (source: spidacalc)
2025-05-16 16:48:48,350 - processing - INFO -   4. CPS Energy  at height 327.0001765800001 inches (source: spidacalc)
2025-05-16 16:48:48,350 - processing - INFO -   5. CPS Energy  at height 327.0001765800001 inches (source: spidacalc)
2025-05-16 16:48:48,350 - processing - INFO - Highest neutral: CPS ENERGY Neutral at height 327.24 inches
2025-05-16 16:48:48,350 - processing - INFO - Found 6 attachment(s) below neutral:
2025-05-16 16:48:48,351 - processing - INFO -   1. CPS ENERGY Neutral at height 27'-3"
2025-05-16 16:48:48,351 - processing - INFO -   2. CPS ENERGY Supply Fiber at height 25'-9"
2025-05-16 16:48:48,351 - processing - INFO -   3. AT&T Fiber Optic Com at height 22'-8"
2025-05-16 16:48:48,351 - processing - INFO -   4. AT&T Telco Com at height 21'-8"
2025-05-16 16:48:48,352 - processing - INFO -   5. CPS ENERGY Neutral at height 27'-3"
2025-05-16 16:48:48,352 - processing - INFO -   6. Charter Fiber Optic Com at height 22'-12"
2025-05-16 16:48:48,353 - processing - INFO - ==================================================
