2025-05-18 17:30:54,184 - processing - INFO - Processing attachments below neutral for pole PL370858
2025-05-18 17:30:54,187 - processing - INFO - 
==================================================
2025-05-18 17:30:54,187 - processing - INFO - POLE SUMMARY: PL370858
2025-05-18 17:30:54,187 - processing - INFO - ==================================================
2025-05-18 17:30:54,188 - processing - INFO - Found 3 neutral wire(s):
2025-05-18 17:30:54,188 - processing - INFO -   1. CPS ENERGY Neutral at height 317.6 inches (source: katapult)
2025-05-18 17:30:54,188 - processing - INFO -   2. CPS Energy  at height 318.0001717200001 inches (source: spidacalc)
2025-05-18 17:30:54,188 - processing - INFO -   3. CPS Energy  at height 318.0001717200001 inches (source: spidacalc)
2025-05-18 17:30:54,189 - processing - INFO - Highest neutral: CPS Energy  at height 318.0001717200001 inches
2025-05-18 17:30:54,189 - processing - INFO - Found 5 attachment(s) below neutral:
2025-05-18 17:30:54,189 - processing - INFO -   1. CPS ENERGY Neutral at height 26'-6"
2025-05-18 17:30:54,190 - processing - INFO -   2. CPS ENERGY Supply Fiber at height 25'-5"
2025-05-18 17:30:54,190 - processing - INFO -   3. AT&T Fiber Optic Com at height 22'-10"
2025-05-18 17:30:54,190 - processing - INFO -   4. AT&T Telco Com at height 21'-10"
2025-05-18 17:30:54,190 - processing - INFO -   5. Charter Fiber Optic Com at height 22'-1"
2025-05-18 17:30:54,191 - processing - INFO - ==================================================
2025-05-18 17:30:54,224 - processing - INFO - Processing attachments below neutral for pole PL379971
2025-05-18 17:30:54,227 - processing - INFO - 
==================================================
2025-05-18 17:30:54,227 - processing - INFO - POLE SUMMARY: PL379971
2025-05-18 17:30:54,227 - processing - INFO - ==================================================
2025-05-18 17:30:54,227 - processing - INFO - Found 1 neutral wire(s):
2025-05-18 17:30:54,228 - processing - INFO -   1. CPS ENERGY Neutral at height 316.48 inches (source: katapult)
2025-05-18 17:30:54,228 - processing - INFO - Highest neutral: CPS ENERGY Neutral at height 316.48 inches
2025-05-18 17:30:54,228 - processing - INFO - Found 4 attachment(s) below neutral:
2025-05-18 17:30:54,228 - processing - INFO -   1. CPS ENERGY Neutral at height 26'-4"
2025-05-18 17:30:54,228 - processing - INFO -   2. CPS ENERGY Supply Fiber at height 24'-9"
2025-05-18 17:30:54,229 - processing - INFO -   3. AT&T Fiber Optic Com at height 23'-9"
2025-05-18 17:30:54,229 - processing - INFO -   4. AT&T Telco Com at height 22'-9"
2025-05-18 17:30:54,229 - processing - INFO - ==================================================
2025-05-18 17:30:54,248 - processing - INFO - Processing attachments below neutral for pole PL379966
2025-05-18 17:30:54,250 - processing - INFO - 
==================================================
2025-05-18 17:30:54,250 - processing - INFO - POLE SUMMARY: PL379966
2025-05-18 17:30:54,251 - processing - INFO - ==================================================
2025-05-18 17:30:54,251 - processing - INFO - Found 1 neutral wire(s):
2025-05-18 17:30:54,251 - processing - INFO -   1. CPS ENERGY Neutral at height 330.61 inches (source: katapult)
2025-05-18 17:30:54,251 - processing - INFO - Highest neutral: CPS ENERGY Neutral at height 330.61 inches
2025-05-18 17:30:54,251 - processing - INFO - Found 4 attachment(s) below neutral:
2025-05-18 17:30:54,252 - processing - INFO -   1. CPS ENERGY Neutral at height 27'-7"
2025-05-18 17:30:54,252 - processing - INFO -   2. CPS ENERGY Supply Fiber at height 26'-4"
2025-05-18 17:30:54,252 - processing - INFO -   3. AT&T Fiber Optic Com at height 23'-7"
2025-05-18 17:30:54,252 - processing - INFO -   4. AT&T Telco Com at height 22'-7"
2025-05-18 17:30:54,252 - processing - INFO - ==================================================
2025-05-18 17:30:54,285 - processing - INFO - Processing attachments below neutral for pole PL373937
2025-05-18 17:30:54,287 - processing - INFO - 
==================================================
2025-05-18 17:30:54,287 - processing - INFO - POLE SUMMARY: PL373937
2025-05-18 17:30:54,287 - processing - INFO - ==================================================
2025-05-18 17:30:54,287 - processing - INFO - Found 1 neutral wire(s):
2025-05-18 17:30:54,287 - processing - INFO -   1. CPS ENERGY Neutral at height 463.93 inches (source: katapult)
2025-05-18 17:30:54,288 - processing - INFO - Highest neutral: CPS ENERGY Neutral at height 463.93 inches
2025-05-18 17:30:54,288 - processing - INFO - Found 5 attachment(s) below neutral:
2025-05-18 17:30:54,288 - processing - INFO -   1. CPS ENERGY Neutral at height 38'-8"
2025-05-18 17:30:54,288 - processing - INFO -   2. CPS ENERGY Supply Fiber at height 36'-8"
2025-05-18 17:30:54,288 - processing - INFO -   3. AT&T Fiber Optic Com at height 32'-8"
2025-05-18 17:30:54,288 - processing - INFO -   4. AT&T Telco Com at height 27'-6"
2025-05-18 17:30:54,288 - processing - INFO -   5. CPS ENERGY Supply Fiber at height 36'-5"
2025-05-18 17:30:54,289 - processing - INFO - ==================================================
2025-05-18 17:30:54,326 - processing - INFO - Processing attachments below neutral for pole PL404475
2025-05-18 17:30:54,329 - processing - INFO - 
==================================================
2025-05-18 17:30:54,329 - processing - INFO - POLE SUMMARY: PL404475
2025-05-18 17:30:54,329 - processing - INFO - ==================================================
2025-05-18 17:30:54,329 - processing - INFO - Found 3 neutral wire(s):
2025-05-18 17:30:54,329 - processing - INFO -   1. CPS ENERGY Neutral at height 463.45 inches (source: katapult)
2025-05-18 17:30:54,329 - processing - INFO -   2. CPS ENERGY Neutral at height 432.76 inches (source: katapult)
2025-05-18 17:30:54,330 - processing - INFO -   3. CPS ENERGY Neutral at height 432.92 inches (source: katapult)
2025-05-18 17:30:54,330 - processing - INFO - Highest neutral: CPS ENERGY Neutral at height 463.45 inches
2025-05-18 17:30:54,330 - processing - INFO - Found 7 attachment(s) below neutral:
2025-05-18 17:30:54,330 - processing - INFO -   1. CPS ENERGY Neutral at height 38'-7"
2025-05-18 17:30:54,330 - processing - INFO -   2. CPS ENERGY Supply Fiber at height 37'-1"
2025-05-18 17:30:54,331 - processing - INFO -   3. AT&T Fiber Optic Com at height 31'-5"
2025-05-18 17:30:54,331 - processing - INFO -   4. AT&T Telco Com at height 21'-1"
2025-05-18 17:30:54,331 - processing - INFO -   5. CPS ENERGY Neutral at height 36'-1"
2025-05-18 17:30:54,331 - processing - INFO -   6. CPS ENERGY Neutral at height 36'-1"
2025-05-18 17:30:54,331 - processing - INFO -   7. CPS ENERGY Supply Fiber at height 36'-10"
2025-05-18 17:30:54,332 - processing - INFO - ==================================================
2025-05-18 17:30:54,351 - processing - INFO - Processing attachments below neutral for pole PL373935
2025-05-18 17:30:54,352 - processing - INFO - 
==================================================
2025-05-18 17:30:54,353 - processing - INFO - POLE SUMMARY: PL373935
2025-05-18 17:30:54,353 - processing - INFO - ==================================================
2025-05-18 17:30:54,353 - processing - INFO - Found 1 neutral wire(s):
2025-05-18 17:30:54,353 - processing - INFO -   1. CPS ENERGY Neutral at height 350.65 inches (source: katapult)
2025-05-18 17:30:54,353 - processing - INFO - Highest neutral: CPS ENERGY Neutral at height 350.65 inches
2025-05-18 17:30:54,353 - processing - INFO - Found 4 attachment(s) below neutral:
2025-05-18 17:30:54,354 - processing - INFO -   1. CPS ENERGY Neutral at height 29'-3"
2025-05-18 17:30:54,354 - processing - INFO -   2. CPS ENERGY Supply Fiber at height 27'-9"
2025-05-18 17:30:54,354 - processing - INFO -   3. AT&T Fiber Optic Com at height 24'-10"
2025-05-18 17:30:54,354 - processing - INFO -   4. AT&T Telco Com at height 23'-12"
2025-05-18 17:30:54,354 - processing - INFO - ==================================================
2025-05-18 17:30:54,369 - processing - INFO - Processing attachments below neutral for pole PL398490
2025-05-18 17:30:54,370 - processing - INFO - 
==================================================
2025-05-18 17:30:54,372 - processing - INFO - POLE SUMMARY: PL398490
2025-05-18 17:30:54,372 - processing - INFO - ==================================================
2025-05-18 17:30:54,372 - processing - INFO - Found 1 neutral wire(s):
2025-05-18 17:30:54,372 - processing - INFO -   1. CPS ENERGY Neutral at height 326.42 inches (source: katapult)
2025-05-18 17:30:54,372 - processing - INFO - Highest neutral: CPS ENERGY Neutral at height 326.42 inches
2025-05-18 17:30:54,372 - processing - INFO - Found 5 attachment(s) below neutral:
2025-05-18 17:30:54,373 - processing - INFO -   1. CPS ENERGY Neutral at height 27'-2"
2025-05-18 17:30:54,373 - processing - INFO -   2. CPS ENERGY Supply Fiber at height 26'-0"
2025-05-18 17:30:54,373 - processing - INFO -   3. AT&T Fiber Optic Com at height 24'-10"
2025-05-18 17:30:54,373 - processing - INFO -   4. AT&T Telco Com at height 23'-11"
2025-05-18 17:30:54,373 - processing - INFO -   5. CPS ENERGY Street Light Feed at height 27'-2"
2025-05-18 17:30:54,374 - processing - INFO - ==================================================
2025-05-18 17:30:54,394 - processing - INFO - Processing attachments below neutral for pole PL900997
2025-05-18 17:30:54,397 - processing - INFO - 
==================================================
2025-05-18 17:30:54,397 - processing - INFO - POLE SUMMARY: PL900997
2025-05-18 17:30:54,397 - processing - INFO - ==================================================
2025-05-18 17:30:54,397 - processing - INFO - Found 4 neutral wire(s):
2025-05-18 17:30:54,397 - processing - INFO -   1. CPS ENERGY Neutral at height 324.73 inches (source: katapult)
2025-05-18 17:30:54,397 - processing - INFO -   2. CPS ENERGY Neutral at height 342.91 inches (source: katapult)
2025-05-18 17:30:54,398 - processing - INFO -   3. CPS Energy  at height 325.0001755 inches (source: spidacalc)
2025-05-18 17:30:54,398 - processing - INFO -   4. CPS Energy  at height 325.0001755 inches (source: spidacalc)
2025-05-18 17:30:54,399 - processing - INFO - Highest neutral: CPS ENERGY Neutral at height 342.91 inches
2025-05-18 17:30:54,399 - processing - INFO - Found 7 attachment(s) below neutral:
2025-05-18 17:30:54,399 - processing - INFO -   1. CPS ENERGY Neutral at height 27'-1"
2025-05-18 17:30:54,399 - processing - INFO -   2. CPS ENERGY Street Light Feed at height 27'-1"
2025-05-18 17:30:54,399 - processing - INFO -   3. CPS ENERGY Supply Fiber at height 25'-10"
2025-05-18 17:30:54,400 - processing - INFO -   4. AT&T Fiber Optic Com at height 21'-6"
2025-05-18 17:30:54,400 - processing - INFO -   5. AT&T Telco Com at height 20'-6"
2025-05-18 17:30:54,400 - processing - INFO -   6. CPS ENERGY Service at height 27'-1"
2025-05-18 17:30:54,400 - processing - INFO -   7. Charter Fiber Optic Com at height 21'-6"
2025-05-18 17:30:54,400 - processing - INFO - ==================================================
2025-05-18 17:30:54,432 - processing - INFO - Processing attachments below neutral for pole PL404474
2025-05-18 17:30:54,434 - processing - INFO - 
==================================================
2025-05-18 17:30:54,434 - processing - INFO - POLE SUMMARY: PL404474
2025-05-18 17:30:54,434 - processing - INFO - ==================================================
2025-05-18 17:30:54,434 - processing - INFO - Found 3 neutral wire(s):
2025-05-18 17:30:54,434 - processing - INFO -   1. CPS ENERGY Neutral at height 311.85 inches (source: katapult)
2025-05-18 17:30:54,434 - processing - INFO -   2. CPS Energy  at height 312.00016848000007 inches (source: spidacalc)
2025-05-18 17:30:54,435 - processing - INFO -   3. CPS Energy  at height 312.00016848000007 inches (source: spidacalc)
2025-05-18 17:30:54,435 - processing - INFO - Highest neutral: CPS Energy  at height 312.00016848000007 inches
2025-05-18 17:30:54,435 - processing - INFO - Found 6 attachment(s) below neutral:
2025-05-18 17:30:54,435 - processing - INFO -   1. CPS ENERGY Neutral at height 25'-12"
2025-05-18 17:30:54,436 - processing - INFO -   2. CPS ENERGY Supply Fiber at height 24'-6"
2025-05-18 17:30:54,436 - processing - INFO -   3. AT&T Fiber Optic Com at height 22'-9"
2025-05-18 17:30:54,436 - processing - INFO -   4. AT&T Telco Com at height 21'-7"
2025-05-18 17:30:54,436 - processing - INFO -   5. CPS ENERGY Street Light Feed at height 25'-12"
2025-05-18 17:30:54,436 - processing - INFO -   6. Charter Fiber Optic Com at height 21'-7"
2025-05-18 17:30:54,437 - processing - INFO - ==================================================
2025-05-18 17:30:54,455 - processing - INFO - Processing attachments below neutral for pole PL401451
2025-05-18 17:30:54,457 - processing - INFO - 
==================================================
2025-05-18 17:30:54,457 - processing - INFO - POLE SUMMARY: PL401451
2025-05-18 17:30:54,457 - processing - INFO - ==================================================
2025-05-18 17:30:54,458 - processing - INFO - Found 2 neutral wire(s):
2025-05-18 17:30:54,458 - processing - INFO -   1. CPS ENERGY Neutral at height 318.97 inches (source: katapult)
2025-05-18 17:30:54,458 - processing - INFO -   2. CPS ENERGY Neutral at height 314.28 inches (source: katapult)
2025-05-18 17:30:54,458 - processing - INFO - Highest neutral: CPS ENERGY Neutral at height 318.97 inches
2025-05-18 17:30:54,458 - processing - INFO - Found 4 attachment(s) below neutral:
2025-05-18 17:30:54,458 - processing - INFO -   1. CPS ENERGY Neutral at height 26'-7"
2025-05-18 17:30:54,458 - processing - INFO -   2. CPS ENERGY Supply Fiber at height 24'-11"
2025-05-18 17:30:54,459 - processing - INFO -   3. AT&T Fiber Optic Com at height 22'-6"
2025-05-18 17:30:54,459 - processing - INFO -   4. AT&T Telco Com at height 21'-3"
2025-05-18 17:30:54,459 - processing - INFO - ==================================================
2025-05-18 17:30:54,489 - processing - INFO - Processing attachments below neutral for pole PL398491
2025-05-18 17:30:54,492 - processing - INFO - 
==================================================
2025-05-18 17:30:54,493 - processing - INFO - POLE SUMMARY: PL398491
2025-05-18 17:30:54,493 - processing - INFO - ==================================================
2025-05-18 17:30:54,493 - processing - INFO - Found 4 neutral wire(s):
2025-05-18 17:30:54,493 - processing - INFO -   1. CPS ENERGY Neutral at height 325.34 inches (source: katapult)
2025-05-18 17:30:54,494 - processing - INFO -   2. CPS ENERGY Neutral at height 322.75 inches (source: katapult)
2025-05-18 17:30:54,494 - processing - INFO -   3. CPS Energy  at height 324.00017496000004 inches (source: spidacalc)
2025-05-18 17:30:54,494 - processing - INFO -   4. CPS Energy  at height 327.0001765800001 inches (source: spidacalc)
2025-05-18 17:30:54,494 - processing - INFO - Highest neutral: CPS Energy  at height 327.0001765800001 inches
2025-05-18 17:30:54,494 - processing - INFO - Found 12 attachment(s) below neutral:
2025-05-18 17:30:54,494 - processing - INFO -   1. AT&T Com Drop at height 19'-8"
2025-05-18 17:30:54,494 - processing - INFO -   2. CPS ENERGY Service at height 27'-1"
2025-05-18 17:30:54,495 - processing - INFO -   3. AT&T Com Drop at height 19'-6"
2025-05-18 17:30:54,495 - processing - INFO -   4. AT&T Com Drop at height 19'-6"
2025-05-18 17:30:54,495 - processing - INFO -   5. CPS ENERGY Neutral at height 27'-1"
2025-05-18 17:30:54,495 - processing - INFO -   6. CPS ENERGY Neutral at height 26'-11"
2025-05-18 17:30:54,495 - processing - INFO -   7. CPS ENERGY Supply Fiber at height 25'-6"
2025-05-18 17:30:54,495 - processing - INFO -   8. AT&T Fiber Optic Com at height 21'-4"
2025-05-18 17:30:54,495 - processing - INFO -   9. AT&T Telco Com at height 20'-4"
2025-05-18 17:30:54,495 - processing - INFO -   10. AT&T Com Drop at height 19'-8"
2025-05-18 17:30:54,496 - processing - INFO -   11. Charter Fiber Optic Com at height 22'-4"
2025-05-18 17:30:54,496 - processing - INFO -   12. CPS ENERGY Supply Fiber at height 25'-9"
2025-05-18 17:30:54,496 - processing - INFO - ==================================================
2025-05-18 17:30:54,537 - processing - INFO - Processing attachments below neutral for pole PL410620
2025-05-18 17:30:54,540 - processing - INFO - 
==================================================
2025-05-18 17:30:54,540 - processing - INFO - POLE SUMMARY: PL410620
2025-05-18 17:30:54,540 - processing - INFO - ==================================================
2025-05-18 17:30:54,540 - processing - INFO - Found 3 neutral wire(s):
2025-05-18 17:30:54,541 - processing - INFO -   1. CPS ENERGY Neutral at height 354.28 inches (source: katapult)
2025-05-18 17:30:54,541 - processing - INFO -   2. CPS Energy  at height 354.0001911600001 inches (source: spidacalc)
2025-05-18 17:30:54,541 - processing - INFO -   3. CPS Energy  at height 354.0001911600001 inches (source: spidacalc)
2025-05-18 17:30:54,541 - processing - INFO - Highest neutral: CPS ENERGY Neutral at height 354.28 inches
2025-05-18 17:30:54,541 - processing - INFO - Found 6 attachment(s) below neutral:
2025-05-18 17:30:54,541 - processing - INFO -   1. CPS ENERGY Neutral at height 29'-6"
2025-05-18 17:30:54,543 - processing - INFO -   2. CPS ENERGY Supply Fiber at height 27'-12"
2025-05-18 17:30:54,543 - processing - INFO -   3. AT&T Fiber Optic Com at height 23'-7"
2025-05-18 17:30:54,543 - processing - INFO -   4. AT&T Telco Com at height 22'-4"
2025-05-18 17:30:54,543 - processing - INFO -   5. AT&T Com Drop at height 21'-5"
2025-05-18 17:30:54,543 - processing - INFO -   6. Charter Fiber Optic Com at height 24'-7"
2025-05-18 17:30:54,544 - processing - INFO - ==================================================
2025-05-18 17:30:54,558 - processing - INFO - Processing attachments below neutral for pole {'-Imported': 'PL410595'}
2025-05-18 17:30:54,559 - processing - INFO - 
==================================================
2025-05-18 17:30:54,559 - processing - INFO - POLE SUMMARY: {'-Imported': 'PL410595'}
2025-05-18 17:30:54,559 - processing - INFO - ==================================================
2025-05-18 17:30:54,559 - processing - INFO - Found 0 neutral wire(s):
2025-05-18 17:30:54,559 - processing - INFO - No neutral wires found!
2025-05-18 17:30:54,559 - processing - INFO - Found 0 attachment(s) below neutral:
2025-05-18 17:30:54,559 - processing - INFO - ==================================================
2025-05-18 17:30:54,574 - processing - INFO - Processing attachments below neutral for pole PL389359
2025-05-18 17:30:54,577 - processing - INFO - 
==================================================
2025-05-18 17:30:54,577 - processing - INFO - POLE SUMMARY: PL389359
2025-05-18 17:30:54,577 - processing - INFO - ==================================================
2025-05-18 17:30:54,577 - processing - INFO - Found 5 neutral wire(s):
2025-05-18 17:30:54,578 - processing - INFO -   1. CPS ENERGY Neutral at height 327.24 inches (source: katapult)
2025-05-18 17:30:54,578 - processing - INFO -   2. CPS ENERGY Neutral at height 327.15 inches (source: katapult)
2025-05-18 17:30:54,578 - processing - INFO -   3. CPS Energy  at height 327.0001765800001 inches (source: spidacalc)
2025-05-18 17:30:54,578 - processing - INFO -   4. CPS Energy  at height 327.0001765800001 inches (source: spidacalc)
2025-05-18 17:30:54,578 - processing - INFO -   5. CPS Energy  at height 327.0001765800001 inches (source: spidacalc)
2025-05-18 17:30:54,578 - processing - INFO - Highest neutral: CPS ENERGY Neutral at height 327.24 inches
2025-05-18 17:30:54,580 - processing - INFO - Found 6 attachment(s) below neutral:
2025-05-18 17:30:54,580 - processing - INFO -   1. CPS ENERGY Neutral at height 27'-3"
2025-05-18 17:30:54,580 - processing - INFO -   2. CPS ENERGY Supply Fiber at height 25'-9"
2025-05-18 17:30:54,580 - processing - INFO -   3. AT&T Fiber Optic Com at height 22'-8"
2025-05-18 17:30:54,580 - processing - INFO -   4. AT&T Telco Com at height 21'-8"
2025-05-18 17:30:54,580 - processing - INFO -   5. CPS ENERGY Neutral at height 27'-3"
2025-05-18 17:30:54,580 - processing - INFO -   6. Charter Fiber Optic Com at height 22'-12"
2025-05-18 17:30:54,580 - processing - INFO - ==================================================
