2025-05-16 16:17:39,743 - processing - INFO - Processing attachments below neutral for pole PL370858
2025-05-16 16:17:39,748 - processing - INFO - 
==================================================
2025-05-16 16:17:39,748 - processing - INFO - POLE SUMMARY: PL370858
2025-05-16 16:17:39,749 - processing - INFO - ==================================================
2025-05-16 16:17:39,749 - processing - INFO - Found 3 neutral wire(s):
2025-05-16 16:17:39,750 - processing - INFO -   1. CPS ENERGY Neutral at height 317.6 inches (source: katapult)
2025-05-16 16:17:39,750 - processing - INFO -   2. CPS Energy  at height 318.0001717200001 inches (source: spidacalc)
2025-05-16 16:17:39,752 - processing - INFO -   3. CPS Energy  at height 318.0001717200001 inches (source: spidacalc)
2025-05-16 16:17:39,752 - processing - INFO - Highest neutral: CPS Energy  at height 318.0001717200001 inches
2025-05-16 16:17:39,753 - processing - INFO - Found 5 attachment(s) below neutral:
2025-05-16 16:17:39,753 - processing - INFO -   1. CPS ENERGY Neutral at height 26'-6"
2025-05-16 16:17:39,753 - processing - INFO -   2. CPS ENERGY Supply Fiber at height 25'-5"
2025-05-16 16:17:39,754 - processing - INFO -   3. AT&T Fiber Optic Com at height 22'-10"
2025-05-16 16:17:39,754 - processing - INFO -   4. AT&T Telco Com at height 21'-10"
2025-05-16 16:17:39,754 - processing - INFO -   5. Charter Fiber Optic Com at height 22'-1"
2025-05-16 16:17:39,755 - processing - INFO - ==================================================
2025-05-16 16:17:39,813 - processing - INFO - Processing attachments below neutral for pole PL379971
2025-05-16 16:17:39,816 - processing - INFO - 
==================================================
2025-05-16 16:17:39,817 - processing - INFO - POLE SUMMARY: PL379971
2025-05-16 16:17:39,817 - processing - INFO - ==================================================
2025-05-16 16:17:39,818 - processing - INFO - Found 1 neutral wire(s):
2025-05-16 16:17:39,818 - processing - INFO -   1. CPS ENERGY Neutral at height 316.48 inches (source: katapult)
2025-05-16 16:17:39,818 - processing - INFO - Highest neutral: CPS ENERGY Neutral at height 316.48 inches
2025-05-16 16:17:39,819 - processing - INFO - Found 3 attachment(s) below neutral:
2025-05-16 16:17:39,819 - processing - INFO -   1. CPS ENERGY Supply Fiber at height 24'-9"
2025-05-16 16:17:39,820 - processing - INFO -   2. AT&T Fiber Optic Com at height 23'-9"
2025-05-16 16:17:39,820 - processing - INFO -   3. AT&T Telco Com at height 22'-9"
2025-05-16 16:17:39,821 - processing - INFO - ==================================================
2025-05-16 16:17:39,862 - processing - INFO - Processing attachments below neutral for pole PL379966
2025-05-16 16:17:39,865 - processing - INFO - 
==================================================
2025-05-16 16:17:39,865 - processing - INFO - POLE SUMMARY: PL379966
2025-05-16 16:17:39,866 - processing - INFO - ==================================================
2025-05-16 16:17:39,866 - processing - INFO - Found 1 neutral wire(s):
2025-05-16 16:17:39,866 - processing - INFO -   1. CPS ENERGY Neutral at height 330.61 inches (source: katapult)
2025-05-16 16:17:39,867 - processing - INFO - Highest neutral: CPS ENERGY Neutral at height 330.61 inches
2025-05-16 16:17:39,867 - processing - INFO - Found 3 attachment(s) below neutral:
2025-05-16 16:17:39,867 - processing - INFO -   1. CPS ENERGY Supply Fiber at height 26'-4"
2025-05-16 16:17:39,868 - processing - INFO -   2. AT&T Fiber Optic Com at height 23'-7"
2025-05-16 16:17:39,868 - processing - INFO -   3. AT&T Telco Com at height 22'-7"
2025-05-16 16:17:39,868 - processing - INFO - ==================================================
2025-05-16 16:17:39,939 - processing - INFO - Processing attachments below neutral for pole PL373937
2025-05-16 16:17:39,943 - processing - INFO - 
==================================================
2025-05-16 16:17:39,944 - processing - INFO - POLE SUMMARY: PL373937
2025-05-16 16:17:39,944 - processing - INFO - ==================================================
2025-05-16 16:17:39,945 - processing - INFO - Found 1 neutral wire(s):
2025-05-16 16:17:39,945 - processing - INFO -   1. CPS ENERGY Neutral at height 463.93 inches (source: katapult)
2025-05-16 16:17:39,945 - processing - INFO - Highest neutral: CPS ENERGY Neutral at height 463.93 inches
2025-05-16 16:17:39,946 - processing - INFO - Found 4 attachment(s) below neutral:
2025-05-16 16:17:39,946 - processing - INFO -   1. CPS ENERGY Supply Fiber at height 36'-8"
2025-05-16 16:17:39,946 - processing - INFO -   2. AT&T Fiber Optic Com at height 32'-8"
2025-05-16 16:17:39,947 - processing - INFO -   3. AT&T Telco Com at height 27'-6"
2025-05-16 16:17:39,947 - processing - INFO -   4. CPS ENERGY Supply Fiber at height 36'-5"
2025-05-16 16:17:39,947 - processing - INFO - ==================================================
2025-05-16 16:17:40,038 - processing - INFO - Processing attachments below neutral for pole PL404475
2025-05-16 16:17:40,044 - processing - INFO - 
==================================================
2025-05-16 16:17:40,044 - processing - INFO - POLE SUMMARY: PL404475
2025-05-16 16:17:40,045 - processing - INFO - ==================================================
2025-05-16 16:17:40,045 - processing - INFO - Found 3 neutral wire(s):
2025-05-16 16:17:40,045 - processing - INFO -   1. CPS ENERGY Neutral at height 463.45 inches (source: katapult)
2025-05-16 16:17:40,046 - processing - INFO -   2. CPS ENERGY Neutral at height 432.76 inches (source: katapult)
2025-05-16 16:17:40,046 - processing - INFO -   3. CPS ENERGY Neutral at height 432.92 inches (source: katapult)
2025-05-16 16:17:40,047 - processing - INFO - Highest neutral: CPS ENERGY Neutral at height 463.45 inches
2025-05-16 16:17:40,047 - processing - INFO - Found 6 attachment(s) below neutral:
2025-05-16 16:17:40,048 - processing - INFO -   1. CPS ENERGY Supply Fiber at height 37'-1"
2025-05-16 16:17:40,048 - processing - INFO -   2. AT&T Fiber Optic Com at height 31'-5"
2025-05-16 16:17:40,048 - processing - INFO -   3. AT&T Telco Com at height 21'-1"
2025-05-16 16:17:40,049 - processing - INFO -   4. CPS ENERGY Neutral at height 36'-1"
2025-05-16 16:17:40,049 - processing - INFO -   5. CPS ENERGY Neutral at height 36'-1"
2025-05-16 16:17:40,050 - processing - INFO -   6. CPS ENERGY Supply Fiber at height 36'-10"
2025-05-16 16:17:40,050 - processing - INFO - ==================================================
2025-05-16 16:17:40,101 - processing - INFO - Processing attachments below neutral for pole PL373935
2025-05-16 16:17:40,105 - processing - INFO - 
==================================================
2025-05-16 16:17:40,105 - processing - INFO - POLE SUMMARY: PL373935
2025-05-16 16:17:40,106 - processing - INFO - ==================================================
2025-05-16 16:17:40,106 - processing - INFO - Found 1 neutral wire(s):
2025-05-16 16:17:40,106 - processing - INFO -   1. CPS ENERGY Neutral at height 350.65 inches (source: katapult)
2025-05-16 16:17:40,107 - processing - INFO - Highest neutral: CPS ENERGY Neutral at height 350.65 inches
2025-05-16 16:17:40,107 - processing - INFO - Found 3 attachment(s) below neutral:
2025-05-16 16:17:40,108 - processing - INFO -   1. CPS ENERGY Supply Fiber at height 27'-9"
2025-05-16 16:17:40,108 - processing - INFO -   2. AT&T Fiber Optic Com at height 24'-10"
2025-05-16 16:17:40,108 - processing - INFO -   3. AT&T Telco Com at height 23'-12"
2025-05-16 16:17:40,109 - processing - INFO - ==================================================
2025-05-16 16:17:40,151 - processing - INFO - Processing attachments below neutral for pole PL398490
2025-05-16 16:17:40,154 - processing - INFO - 
==================================================
2025-05-16 16:17:40,154 - processing - INFO - POLE SUMMARY: PL398490
2025-05-16 16:17:40,154 - processing - INFO - ==================================================
2025-05-16 16:17:40,155 - processing - INFO - Found 1 neutral wire(s):
2025-05-16 16:17:40,155 - processing - INFO -   1. CPS ENERGY Neutral at height 326.42 inches (source: katapult)
2025-05-16 16:17:40,156 - processing - INFO - Highest neutral: CPS ENERGY Neutral at height 326.42 inches
2025-05-16 16:17:40,156 - processing - INFO - Found 4 attachment(s) below neutral:
2025-05-16 16:17:40,156 - processing - INFO -   1. CPS ENERGY Supply Fiber at height 26'-0"
2025-05-16 16:17:40,157 - processing - INFO -   2. AT&T Fiber Optic Com at height 24'-10"
2025-05-16 16:17:40,157 - processing - INFO -   3. AT&T Telco Com at height 23'-11"
2025-05-16 16:17:40,157 - processing - INFO -   4. CPS ENERGY Street Light Feed at height 27'-2"
2025-05-16 16:17:40,158 - processing - INFO - ==================================================
2025-05-16 16:17:40,219 - processing - INFO - Processing attachments below neutral for pole PL900997
2025-05-16 16:17:40,227 - processing - INFO - 
==================================================
2025-05-16 16:17:40,228 - processing - INFO - POLE SUMMARY: PL900997
2025-05-16 16:17:40,228 - processing - INFO - ==================================================
2025-05-16 16:17:40,229 - processing - INFO - Found 4 neutral wire(s):
2025-05-16 16:17:40,229 - processing - INFO -   1. CPS ENERGY Neutral at height 324.73 inches (source: katapult)
2025-05-16 16:17:40,229 - processing - INFO -   2. CPS ENERGY Neutral at height 342.91 inches (source: katapult)
2025-05-16 16:17:40,230 - processing - INFO -   3. CPS Energy  at height 325.0001755 inches (source: spidacalc)
2025-05-16 16:17:40,230 - processing - INFO -   4. CPS Energy  at height 325.0001755 inches (source: spidacalc)
2025-05-16 16:17:40,231 - processing - INFO - Highest neutral: CPS ENERGY Neutral at height 342.91 inches
2025-05-16 16:17:40,231 - processing - INFO - Found 7 attachment(s) below neutral:
2025-05-16 16:17:40,232 - processing - INFO -   1. CPS ENERGY Neutral at height 27'-1"
2025-05-16 16:17:40,232 - processing - INFO -   2. CPS ENERGY Street Light Feed at height 27'-1"
2025-05-16 16:17:40,232 - processing - INFO -   3. CPS ENERGY Supply Fiber at height 25'-10"
2025-05-16 16:17:40,233 - processing - INFO -   4. AT&T Fiber Optic Com at height 21'-6"
2025-05-16 16:17:40,233 - processing - INFO -   5. AT&T Telco Com at height 20'-6"
2025-05-16 16:17:40,234 - processing - INFO -   6. CPS ENERGY Service at height 27'-1"
2025-05-16 16:17:40,234 - processing - INFO -   7. Charter Fiber Optic Com at height 21'-6"
2025-05-16 16:17:40,234 - processing - INFO - ==================================================
2025-05-16 16:17:40,312 - processing - INFO - Processing attachments below neutral for pole PL404474
2025-05-16 16:17:40,318 - processing - INFO - 
==================================================
2025-05-16 16:17:40,318 - processing - INFO - POLE SUMMARY: PL404474
2025-05-16 16:17:40,319 - processing - INFO - ==================================================
2025-05-16 16:17:40,319 - processing - INFO - Found 3 neutral wire(s):
2025-05-16 16:17:40,320 - processing - INFO -   1. CPS ENERGY Neutral at height 311.85 inches (source: katapult)
2025-05-16 16:17:40,320 - processing - INFO -   2. CPS Energy  at height 312.00016848000007 inches (source: spidacalc)
2025-05-16 16:17:40,320 - processing - INFO -   3. CPS Energy  at height 312.00016848000007 inches (source: spidacalc)
2025-05-16 16:17:40,321 - processing - INFO - Highest neutral: CPS Energy  at height 312.00016848000007 inches
2025-05-16 16:17:40,321 - processing - INFO - Found 6 attachment(s) below neutral:
2025-05-16 16:17:40,322 - processing - INFO -   1. CPS ENERGY Neutral at height 25'-12"
2025-05-16 16:17:40,322 - processing - INFO -   2. CPS ENERGY Supply Fiber at height 24'-6"
2025-05-16 16:17:40,322 - processing - INFO -   3. AT&T Fiber Optic Com at height 22'-9"
2025-05-16 16:17:40,322 - processing - INFO -   4. AT&T Telco Com at height 21'-7"
2025-05-16 16:17:40,323 - processing - INFO -   5. CPS ENERGY Street Light Feed at height 25'-12"
2025-05-16 16:17:40,323 - processing - INFO -   6. Charter Fiber Optic Com at height 21'-7"
2025-05-16 16:17:40,323 - processing - INFO - ==================================================
2025-05-16 16:17:40,380 - processing - INFO - Processing attachments below neutral for pole PL401451
2025-05-16 16:17:40,384 - processing - INFO - 
==================================================
2025-05-16 16:17:40,384 - processing - INFO - POLE SUMMARY: PL401451
2025-05-16 16:17:40,384 - processing - INFO - ==================================================
2025-05-16 16:17:40,385 - processing - INFO - Found 2 neutral wire(s):
2025-05-16 16:17:40,385 - processing - INFO -   1. CPS ENERGY Neutral at height 318.97 inches (source: katapult)
2025-05-16 16:17:40,385 - processing - INFO -   2. CPS ENERGY Neutral at height 314.28 inches (source: katapult)
2025-05-16 16:17:40,386 - processing - INFO - Highest neutral: CPS ENERGY Neutral at height 318.97 inches
2025-05-16 16:17:40,386 - processing - INFO - Found 3 attachment(s) below neutral:
2025-05-16 16:17:40,386 - processing - INFO -   1. CPS ENERGY Supply Fiber at height 24'-11"
2025-05-16 16:17:40,387 - processing - INFO -   2. AT&T Fiber Optic Com at height 22'-6"
2025-05-16 16:17:40,387 - processing - INFO -   3. AT&T Telco Com at height 21'-3"
2025-05-16 16:17:40,387 - processing - INFO - ==================================================
2025-05-16 16:17:40,473 - processing - INFO - Processing attachments below neutral for pole PL398491
2025-05-16 16:17:40,481 - processing - INFO - 
==================================================
2025-05-16 16:17:40,481 - processing - INFO - POLE SUMMARY: PL398491
2025-05-16 16:17:40,481 - processing - INFO - ==================================================
2025-05-16 16:17:40,482 - processing - INFO - Found 4 neutral wire(s):
2025-05-16 16:17:40,482 - processing - INFO -   1. CPS ENERGY Neutral at height 325.34 inches (source: katapult)
2025-05-16 16:17:40,482 - processing - INFO -   2. CPS ENERGY Neutral at height 322.75 inches (source: katapult)
2025-05-16 16:17:40,483 - processing - INFO -   3. CPS Energy  at height 324.00017496000004 inches (source: spidacalc)
2025-05-16 16:17:40,483 - processing - INFO -   4. CPS Energy  at height 327.0001765800001 inches (source: spidacalc)
2025-05-16 16:17:40,484 - processing - INFO - Highest neutral: CPS Energy  at height 327.0001765800001 inches
2025-05-16 16:17:40,484 - processing - INFO - Found 12 attachment(s) below neutral:
2025-05-16 16:17:40,484 - processing - INFO -   1. AT&T Com Drop at height 19'-8"
2025-05-16 16:17:40,485 - processing - INFO -   2. CPS ENERGY Service at height 27'-1"
2025-05-16 16:17:40,485 - processing - INFO -   3. AT&T Com Drop at height 19'-6"
2025-05-16 16:17:40,485 - processing - INFO -   4. AT&T Com Drop at height 19'-6"
2025-05-16 16:17:40,486 - processing - INFO -   5. CPS ENERGY Neutral at height 27'-1"
2025-05-16 16:17:40,486 - processing - INFO -   6. CPS ENERGY Neutral at height 26'-11"
2025-05-16 16:17:40,486 - processing - INFO -   7. CPS ENERGY Supply Fiber at height 25'-6"
2025-05-16 16:17:40,487 - processing - INFO -   8. AT&T Fiber Optic Com at height 21'-4"
2025-05-16 16:17:40,487 - processing - INFO -   9. AT&T Telco Com at height 20'-4"
2025-05-16 16:17:40,487 - processing - INFO -   10. AT&T Com Drop at height 19'-8"
2025-05-16 16:17:40,488 - processing - INFO -   11. Charter Fiber Optic Com at height 22'-4"
2025-05-16 16:17:40,488 - processing - INFO -   12. CPS ENERGY Supply Fiber at height 25'-9"
2025-05-16 16:17:40,488 - processing - INFO - ==================================================
2025-05-16 16:17:40,606 - processing - INFO - Processing attachments below neutral for pole PL410620
2025-05-16 16:17:40,612 - processing - INFO - 
==================================================
2025-05-16 16:17:40,613 - processing - INFO - POLE SUMMARY: PL410620
2025-05-16 16:17:40,613 - processing - INFO - ==================================================
2025-05-16 16:17:40,613 - processing - INFO - Found 3 neutral wire(s):
2025-05-16 16:17:40,614 - processing - INFO -   1. CPS ENERGY Neutral at height 354.28 inches (source: katapult)
2025-05-16 16:17:40,614 - processing - INFO -   2. CPS Energy  at height 354.0001911600001 inches (source: spidacalc)
2025-05-16 16:17:40,615 - processing - INFO -   3. CPS Energy  at height 354.0001911600001 inches (source: spidacalc)
2025-05-16 16:17:40,615 - processing - INFO - Highest neutral: CPS ENERGY Neutral at height 354.28 inches
2025-05-16 16:17:40,616 - processing - INFO - Found 5 attachment(s) below neutral:
2025-05-16 16:17:40,616 - processing - INFO -   1. CPS ENERGY Supply Fiber at height 27'-12"
2025-05-16 16:17:40,616 - processing - INFO -   2. AT&T Fiber Optic Com at height 23'-7"
2025-05-16 16:17:40,617 - processing - INFO -   3. AT&T Telco Com at height 22'-4"
2025-05-16 16:17:40,617 - processing - INFO -   4. AT&T Com Drop at height 21'-5"
2025-05-16 16:17:40,617 - processing - INFO -   5. Charter Fiber Optic Com at height 24'-7"
2025-05-16 16:17:40,618 - processing - INFO - ==================================================
2025-05-16 16:17:40,693 - processing - INFO - Processing attachments below neutral for pole PL389359
2025-05-16 16:17:40,699 - processing - INFO - 
==================================================
2025-05-16 16:17:40,699 - processing - INFO - POLE SUMMARY: PL389359
2025-05-16 16:17:40,700 - processing - INFO - ==================================================
2025-05-16 16:17:40,700 - processing - INFO - Found 5 neutral wire(s):
2025-05-16 16:17:40,701 - processing - INFO -   1. CPS ENERGY Neutral at height 327.24 inches (source: katapult)
2025-05-16 16:17:40,701 - processing - INFO -   2. CPS ENERGY Neutral at height 327.15 inches (source: katapult)
2025-05-16 16:17:40,702 - processing - INFO -   3. CPS Energy  at height 327.0001765800001 inches (source: spidacalc)
2025-05-16 16:17:40,703 - processing - INFO -   4. CPS Energy  at height 327.0001765800001 inches (source: spidacalc)
2025-05-16 16:17:40,703 - processing - INFO -   5. CPS Energy  at height 327.0001765800001 inches (source: spidacalc)
2025-05-16 16:17:40,704 - processing - INFO - Highest neutral: CPS ENERGY Neutral at height 327.24 inches
2025-05-16 16:17:40,704 - processing - INFO - Found 5 attachment(s) below neutral:
2025-05-16 16:17:40,705 - processing - INFO -   1. CPS ENERGY Supply Fiber at height 25'-9"
2025-05-16 16:17:40,705 - processing - INFO -   2. AT&T Fiber Optic Com at height 22'-8"
2025-05-16 16:17:40,706 - processing - INFO -   3. AT&T Telco Com at height 21'-8"
2025-05-16 16:17:40,707 - processing - INFO -   4. CPS ENERGY Neutral at height 27'-3"
2025-05-16 16:17:40,707 - processing - INFO -   5. Charter Fiber Optic Com at height 22'-12"
2025-05-16 16:17:40,708 - processing - INFO - ==================================================
