2025-05-18 16:56:29,456 - processing - INFO - Processing attachments below neutral for pole PL370858
2025-05-18 16:56:29,459 - processing - INFO - 
==================================================
2025-05-18 16:56:29,459 - processing - INFO - POLE SUMMARY: PL370858
2025-05-18 16:56:29,459 - processing - INFO - ==================================================
2025-05-18 16:56:29,460 - processing - INFO - Found 3 neutral wire(s):
2025-05-18 16:56:29,460 - processing - INFO -   1. CPS ENERGY Neutral at height 317.6 inches (source: katapult)
2025-05-18 16:56:29,460 - processing - INFO -   2. CPS Energy  at height 318.0001717200001 inches (source: spidacalc)
2025-05-18 16:56:29,460 - processing - INFO -   3. CPS Energy  at height 318.0001717200001 inches (source: spidacalc)
2025-05-18 16:56:29,460 - processing - INFO - Highest neutral: CPS Energy  at height 318.0001717200001 inches
2025-05-18 16:56:29,461 - processing - INFO - Found 5 attachment(s) below neutral:
2025-05-18 16:56:29,461 - processing - INFO -   1. CPS ENERGY Neutral at height 26'-6"
2025-05-18 16:56:29,461 - processing - INFO -   2. CPS ENERGY Supply Fiber at height 25'-5"
2025-05-18 16:56:29,461 - processing - INFO -   3. AT&T Fiber Optic Com at height 22'-10"
2025-05-18 16:56:29,461 - processing - INFO -   4. AT&T Telco Com at height 21'-10"
2025-05-18 16:56:29,461 - processing - INFO -   5. Charter Fiber Optic Com at height 22'-1"
2025-05-18 16:56:29,462 - processing - INFO - ==================================================
2025-05-18 16:56:29,491 - processing - INFO - Processing attachments below neutral for pole PL379971
2025-05-18 16:56:29,492 - processing - INFO - 
==================================================
2025-05-18 16:56:29,492 - processing - INFO - POLE SUMMARY: PL379971
2025-05-18 16:56:29,492 - processing - INFO - ==================================================
2025-05-18 16:56:29,492 - processing - INFO - Found 1 neutral wire(s):
2025-05-18 16:56:29,493 - processing - INFO -   1. CPS ENERGY Neutral at height 316.48 inches (source: katapult)
2025-05-18 16:56:29,493 - processing - INFO - Highest neutral: CPS ENERGY Neutral at height 316.48 inches
2025-05-18 16:56:29,493 - processing - INFO - Found 4 attachment(s) below neutral:
2025-05-18 16:56:29,493 - processing - INFO -   1. CPS ENERGY Neutral at height 26'-4"
2025-05-18 16:56:29,493 - processing - INFO -   2. CPS ENERGY Supply Fiber at height 24'-9"
2025-05-18 16:56:29,494 - processing - INFO -   3. AT&T Fiber Optic Com at height 23'-9"
2025-05-18 16:56:29,494 - processing - INFO -   4. AT&T Telco Com at height 22'-9"
2025-05-18 16:56:29,494 - processing - INFO - ==================================================
2025-05-18 16:56:29,508 - processing - INFO - Processing attachments below neutral for pole PL379966
2025-05-18 16:56:29,509 - processing - INFO - 
==================================================
2025-05-18 16:56:29,509 - processing - INFO - POLE SUMMARY: PL379966
2025-05-18 16:56:29,509 - processing - INFO - ==================================================
2025-05-18 16:56:29,510 - processing - INFO - Found 1 neutral wire(s):
2025-05-18 16:56:29,510 - processing - INFO -   1. CPS ENERGY Neutral at height 330.61 inches (source: katapult)
2025-05-18 16:56:29,510 - processing - INFO - Highest neutral: CPS ENERGY Neutral at height 330.61 inches
2025-05-18 16:56:29,510 - processing - INFO - Found 4 attachment(s) below neutral:
2025-05-18 16:56:29,510 - processing - INFO -   1. CPS ENERGY Neutral at height 27'-7"
2025-05-18 16:56:29,511 - processing - INFO -   2. CPS ENERGY Supply Fiber at height 26'-4"
2025-05-18 16:56:29,511 - processing - INFO -   3. AT&T Fiber Optic Com at height 23'-7"
2025-05-18 16:56:29,511 - processing - INFO -   4. AT&T Telco Com at height 22'-7"
2025-05-18 16:56:29,511 - processing - INFO - ==================================================
2025-05-18 16:56:29,541 - processing - INFO - Processing attachments below neutral for pole PL373937
2025-05-18 16:56:29,543 - processing - INFO - 
==================================================
2025-05-18 16:56:29,543 - processing - INFO - POLE SUMMARY: PL373937
2025-05-18 16:56:29,544 - processing - INFO - ==================================================
2025-05-18 16:56:29,544 - processing - INFO - Found 1 neutral wire(s):
2025-05-18 16:56:29,544 - processing - INFO -   1. CPS ENERGY Neutral at height 463.93 inches (source: katapult)
2025-05-18 16:56:29,544 - processing - INFO - Highest neutral: CPS ENERGY Neutral at height 463.93 inches
2025-05-18 16:56:29,544 - processing - INFO - Found 5 attachment(s) below neutral:
2025-05-18 16:56:29,545 - processing - INFO -   1. CPS ENERGY Neutral at height 38'-8"
2025-05-18 16:56:29,545 - processing - INFO -   2. CPS ENERGY Supply Fiber at height 36'-8"
2025-05-18 16:56:29,545 - processing - INFO -   3. AT&T Fiber Optic Com at height 32'-8"
2025-05-18 16:56:29,545 - processing - INFO -   4. AT&T Telco Com at height 27'-6"
2025-05-18 16:56:29,545 - processing - INFO -   5. CPS ENERGY Supply Fiber at height 36'-5"
2025-05-18 16:56:29,545 - processing - INFO - ==================================================
2025-05-18 16:56:29,578 - processing - INFO - Processing attachments below neutral for pole PL404475
2025-05-18 16:56:29,581 - processing - INFO - 
==================================================
2025-05-18 16:56:29,581 - processing - INFO - POLE SUMMARY: PL404475
2025-05-18 16:56:29,581 - processing - INFO - ==================================================
2025-05-18 16:56:29,581 - processing - INFO - Found 3 neutral wire(s):
2025-05-18 16:56:29,581 - processing - INFO -   1. CPS ENERGY Neutral at height 463.45 inches (source: katapult)
2025-05-18 16:56:29,582 - processing - INFO -   2. CPS ENERGY Neutral at height 432.76 inches (source: katapult)
2025-05-18 16:56:29,582 - processing - INFO -   3. CPS ENERGY Neutral at height 432.92 inches (source: katapult)
2025-05-18 16:56:29,582 - processing - INFO - Highest neutral: CPS ENERGY Neutral at height 463.45 inches
2025-05-18 16:56:29,582 - processing - INFO - Found 7 attachment(s) below neutral:
2025-05-18 16:56:29,582 - processing - INFO -   1. CPS ENERGY Neutral at height 38'-7"
2025-05-18 16:56:29,582 - processing - INFO -   2. CPS ENERGY Supply Fiber at height 37'-1"
2025-05-18 16:56:29,584 - processing - INFO -   3. AT&T Fiber Optic Com at height 31'-5"
2025-05-18 16:56:29,584 - processing - INFO -   4. AT&T Telco Com at height 21'-1"
2025-05-18 16:56:29,584 - processing - INFO -   5. CPS ENERGY Neutral at height 36'-1"
2025-05-18 16:56:29,584 - processing - INFO -   6. CPS ENERGY Neutral at height 36'-1"
2025-05-18 16:56:29,584 - processing - INFO -   7. CPS ENERGY Supply Fiber at height 36'-10"
2025-05-18 16:56:29,584 - processing - INFO - ==================================================
2025-05-18 16:56:29,601 - processing - INFO - Processing attachments below neutral for pole PL373935
2025-05-18 16:56:29,602 - processing - INFO - 
==================================================
2025-05-18 16:56:29,603 - processing - INFO - POLE SUMMARY: PL373935
2025-05-18 16:56:29,603 - processing - INFO - ==================================================
2025-05-18 16:56:29,603 - processing - INFO - Found 1 neutral wire(s):
2025-05-18 16:56:29,603 - processing - INFO -   1. CPS ENERGY Neutral at height 350.65 inches (source: katapult)
2025-05-18 16:56:29,603 - processing - INFO - Highest neutral: CPS ENERGY Neutral at height 350.65 inches
2025-05-18 16:56:29,603 - processing - INFO - Found 4 attachment(s) below neutral:
2025-05-18 16:56:29,603 - processing - INFO -   1. CPS ENERGY Neutral at height 29'-3"
2025-05-18 16:56:29,603 - processing - INFO -   2. CPS ENERGY Supply Fiber at height 27'-9"
2025-05-18 16:56:29,604 - processing - INFO -   3. AT&T Fiber Optic Com at height 24'-10"
2025-05-18 16:56:29,604 - processing - INFO -   4. AT&T Telco Com at height 23'-12"
2025-05-18 16:56:29,604 - processing - INFO - ==================================================
2025-05-18 16:56:29,617 - processing - INFO - Processing attachments below neutral for pole PL398490
2025-05-18 16:56:29,619 - processing - INFO - 
==================================================
2025-05-18 16:56:29,619 - processing - INFO - POLE SUMMARY: PL398490
2025-05-18 16:56:29,620 - processing - INFO - ==================================================
2025-05-18 16:56:29,620 - processing - INFO - Found 1 neutral wire(s):
2025-05-18 16:56:29,620 - processing - INFO -   1. CPS ENERGY Neutral at height 326.42 inches (source: katapult)
2025-05-18 16:56:29,620 - processing - INFO - Highest neutral: CPS ENERGY Neutral at height 326.42 inches
2025-05-18 16:56:29,620 - processing - INFO - Found 5 attachment(s) below neutral:
2025-05-18 16:56:29,621 - processing - INFO -   1. CPS ENERGY Neutral at height 27'-2"
2025-05-18 16:56:29,621 - processing - INFO -   2. CPS ENERGY Supply Fiber at height 26'-0"
2025-05-18 16:56:29,621 - processing - INFO -   3. AT&T Fiber Optic Com at height 24'-10"
2025-05-18 16:56:29,621 - processing - INFO -   4. AT&T Telco Com at height 23'-11"
2025-05-18 16:56:29,621 - processing - INFO -   5. CPS ENERGY Street Light Feed at height 27'-2"
2025-05-18 16:56:29,621 - processing - INFO - ==================================================
2025-05-18 16:56:29,643 - processing - INFO - Processing attachments below neutral for pole PL900997
2025-05-18 16:56:29,646 - processing - INFO - 
==================================================
2025-05-18 16:56:29,646 - processing - INFO - POLE SUMMARY: PL900997
2025-05-18 16:56:29,646 - processing - INFO - ==================================================
2025-05-18 16:56:29,648 - processing - INFO - Found 4 neutral wire(s):
2025-05-18 16:56:29,648 - processing - INFO -   1. CPS ENERGY Neutral at height 324.73 inches (source: katapult)
2025-05-18 16:56:29,648 - processing - INFO -   2. CPS ENERGY Neutral at height 342.91 inches (source: katapult)
2025-05-18 16:56:29,648 - processing - INFO -   3. CPS Energy  at height 325.0001755 inches (source: spidacalc)
2025-05-18 16:56:29,648 - processing - INFO -   4. CPS Energy  at height 325.0001755 inches (source: spidacalc)
2025-05-18 16:56:29,648 - processing - INFO - Highest neutral: CPS ENERGY Neutral at height 342.91 inches
2025-05-18 16:56:29,648 - processing - INFO - Found 7 attachment(s) below neutral:
2025-05-18 16:56:29,648 - processing - INFO -   1. CPS ENERGY Neutral at height 27'-1"
2025-05-18 16:56:29,648 - processing - INFO -   2. CPS ENERGY Street Light Feed at height 27'-1"
2025-05-18 16:56:29,649 - processing - INFO -   3. CPS ENERGY Supply Fiber at height 25'-10"
2025-05-18 16:56:29,649 - processing - INFO -   4. AT&T Fiber Optic Com at height 21'-6"
2025-05-18 16:56:29,649 - processing - INFO -   5. AT&T Telco Com at height 20'-6"
2025-05-18 16:56:29,649 - processing - INFO -   6. CPS ENERGY Service at height 27'-1"
2025-05-18 16:56:29,649 - processing - INFO -   7. Charter Fiber Optic Com at height 21'-6"
2025-05-18 16:56:29,649 - processing - INFO - ==================================================
2025-05-18 16:56:29,682 - processing - INFO - Processing attachments below neutral for pole PL404474
2025-05-18 16:56:29,684 - processing - INFO - 
==================================================
2025-05-18 16:56:29,685 - processing - INFO - POLE SUMMARY: PL404474
2025-05-18 16:56:29,685 - processing - INFO - ==================================================
2025-05-18 16:56:29,685 - processing - INFO - Found 3 neutral wire(s):
2025-05-18 16:56:29,685 - processing - INFO -   1. CPS ENERGY Neutral at height 311.85 inches (source: katapult)
2025-05-18 16:56:29,685 - processing - INFO -   2. CPS Energy  at height 312.00016848000007 inches (source: spidacalc)
2025-05-18 16:56:29,685 - processing - INFO -   3. CPS Energy  at height 312.00016848000007 inches (source: spidacalc)
2025-05-18 16:56:29,686 - processing - INFO - Highest neutral: CPS Energy  at height 312.00016848000007 inches
2025-05-18 16:56:29,686 - processing - INFO - Found 6 attachment(s) below neutral:
2025-05-18 16:56:29,686 - processing - INFO -   1. CPS ENERGY Neutral at height 25'-12"
2025-05-18 16:56:29,686 - processing - INFO -   2. CPS ENERGY Supply Fiber at height 24'-6"
2025-05-18 16:56:29,686 - processing - INFO -   3. AT&T Fiber Optic Com at height 22'-9"
2025-05-18 16:56:29,686 - processing - INFO -   4. AT&T Telco Com at height 21'-7"
2025-05-18 16:56:29,686 - processing - INFO -   5. CPS ENERGY Street Light Feed at height 25'-12"
2025-05-18 16:56:29,687 - processing - INFO -   6. Charter Fiber Optic Com at height 21'-7"
2025-05-18 16:56:29,687 - processing - INFO - ==================================================
2025-05-18 16:56:29,706 - processing - INFO - Processing attachments below neutral for pole PL401451
2025-05-18 16:56:29,709 - processing - INFO - 
==================================================
2025-05-18 16:56:29,709 - processing - INFO - POLE SUMMARY: PL401451
2025-05-18 16:56:29,709 - processing - INFO - ==================================================
2025-05-18 16:56:29,709 - processing - INFO - Found 2 neutral wire(s):
2025-05-18 16:56:29,709 - processing - INFO -   1. CPS ENERGY Neutral at height 318.97 inches (source: katapult)
2025-05-18 16:56:29,709 - processing - INFO -   2. CPS ENERGY Neutral at height 314.28 inches (source: katapult)
2025-05-18 16:56:29,710 - processing - INFO - Highest neutral: CPS ENERGY Neutral at height 318.97 inches
2025-05-18 16:56:29,710 - processing - INFO - Found 4 attachment(s) below neutral:
2025-05-18 16:56:29,710 - processing - INFO -   1. CPS ENERGY Neutral at height 26'-7"
2025-05-18 16:56:29,710 - processing - INFO -   2. CPS ENERGY Supply Fiber at height 24'-11"
2025-05-18 16:56:29,710 - processing - INFO -   3. AT&T Fiber Optic Com at height 22'-6"
2025-05-18 16:56:29,710 - processing - INFO -   4. AT&T Telco Com at height 21'-3"
2025-05-18 16:56:29,711 - processing - INFO - ==================================================
2025-05-18 16:56:29,739 - processing - INFO - Processing attachments below neutral for pole PL398491
2025-05-18 16:56:29,742 - processing - INFO - 
==================================================
2025-05-18 16:56:29,742 - processing - INFO - POLE SUMMARY: PL398491
2025-05-18 16:56:29,742 - processing - INFO - ==================================================
2025-05-18 16:56:29,742 - processing - INFO - Found 4 neutral wire(s):
2025-05-18 16:56:29,743 - processing - INFO -   1. CPS ENERGY Neutral at height 325.34 inches (source: katapult)
2025-05-18 16:56:29,743 - processing - INFO -   2. CPS ENERGY Neutral at height 322.75 inches (source: katapult)
2025-05-18 16:56:29,743 - processing - INFO -   3. CPS Energy  at height 324.00017496000004 inches (source: spidacalc)
2025-05-18 16:56:29,743 - processing - INFO -   4. CPS Energy  at height 327.0001765800001 inches (source: spidacalc)
2025-05-18 16:56:29,743 - processing - INFO - Highest neutral: CPS Energy  at height 327.0001765800001 inches
2025-05-18 16:56:29,744 - processing - INFO - Found 12 attachment(s) below neutral:
2025-05-18 16:56:29,744 - processing - INFO -   1. AT&T Com Drop at height 19'-8"
2025-05-18 16:56:29,744 - processing - INFO -   2. CPS ENERGY Service at height 27'-1"
2025-05-18 16:56:29,744 - processing - INFO -   3. AT&T Com Drop at height 19'-6"
2025-05-18 16:56:29,744 - processing - INFO -   4. AT&T Com Drop at height 19'-6"
2025-05-18 16:56:29,744 - processing - INFO -   5. CPS ENERGY Neutral at height 27'-1"
2025-05-18 16:56:29,745 - processing - INFO -   6. CPS ENERGY Neutral at height 26'-11"
2025-05-18 16:56:29,745 - processing - INFO -   7. CPS ENERGY Supply Fiber at height 25'-6"
2025-05-18 16:56:29,745 - processing - INFO -   8. AT&T Fiber Optic Com at height 21'-4"
2025-05-18 16:56:29,745 - processing - INFO -   9. AT&T Telco Com at height 20'-4"
2025-05-18 16:56:29,745 - processing - INFO -   10. AT&T Com Drop at height 19'-8"
2025-05-18 16:56:29,745 - processing - INFO -   11. Charter Fiber Optic Com at height 22'-4"
2025-05-18 16:56:29,746 - processing - INFO -   12. CPS ENERGY Supply Fiber at height 25'-9"
2025-05-18 16:56:29,746 - processing - INFO - ==================================================
2025-05-18 16:56:29,788 - processing - INFO - Processing attachments below neutral for pole PL410620
2025-05-18 16:56:29,791 - processing - INFO - 
==================================================
2025-05-18 16:56:29,791 - processing - INFO - POLE SUMMARY: PL410620
2025-05-18 16:56:29,791 - processing - INFO - ==================================================
2025-05-18 16:56:29,791 - processing - INFO - Found 3 neutral wire(s):
2025-05-18 16:56:29,791 - processing - INFO -   1. CPS ENERGY Neutral at height 354.28 inches (source: katapult)
2025-05-18 16:56:29,791 - processing - INFO -   2. CPS Energy  at height 354.0001911600001 inches (source: spidacalc)
2025-05-18 16:56:29,792 - processing - INFO -   3. CPS Energy  at height 354.0001911600001 inches (source: spidacalc)
2025-05-18 16:56:29,792 - processing - INFO - Highest neutral: CPS ENERGY Neutral at height 354.28 inches
2025-05-18 16:56:29,792 - processing - INFO - Found 6 attachment(s) below neutral:
2025-05-18 16:56:29,792 - processing - INFO -   1. CPS ENERGY Neutral at height 29'-6"
2025-05-18 16:56:29,792 - processing - INFO -   2. CPS ENERGY Supply Fiber at height 27'-12"
2025-05-18 16:56:29,793 - processing - INFO -   3. AT&T Fiber Optic Com at height 23'-7"
2025-05-18 16:56:29,793 - processing - INFO -   4. AT&T Telco Com at height 22'-4"
2025-05-18 16:56:29,793 - processing - INFO -   5. AT&T Com Drop at height 21'-5"
2025-05-18 16:56:29,793 - processing - INFO -   6. Charter Fiber Optic Com at height 24'-7"
2025-05-18 16:56:29,793 - processing - INFO - ==================================================
2025-05-18 16:56:29,808 - processing - INFO - Processing attachments below neutral for pole {'-Imported': 'PL410595'}
2025-05-18 16:56:29,809 - processing - INFO - 
==================================================
2025-05-18 16:56:29,810 - processing - INFO - POLE SUMMARY: {'-Imported': 'PL410595'}
2025-05-18 16:56:29,810 - processing - INFO - ==================================================
2025-05-18 16:56:29,810 - processing - INFO - Found 0 neutral wire(s):
2025-05-18 16:56:29,810 - processing - INFO - No neutral wires found!
2025-05-18 16:56:29,810 - processing - INFO - Found 0 attachment(s) below neutral:
2025-05-18 16:56:29,811 - processing - INFO - ==================================================
2025-05-18 16:56:29,826 - processing - INFO - Processing attachments below neutral for pole PL389359
2025-05-18 16:56:29,829 - processing - INFO - 
==================================================
2025-05-18 16:56:29,829 - processing - INFO - POLE SUMMARY: PL389359
2025-05-18 16:56:29,829 - processing - INFO - ==================================================
2025-05-18 16:56:29,829 - processing - INFO - Found 5 neutral wire(s):
2025-05-18 16:56:29,830 - processing - INFO -   1. CPS ENERGY Neutral at height 327.24 inches (source: katapult)
2025-05-18 16:56:29,830 - processing - INFO -   2. CPS ENERGY Neutral at height 327.15 inches (source: katapult)
2025-05-18 16:56:29,830 - processing - INFO -   3. CPS Energy  at height 327.0001765800001 inches (source: spidacalc)
2025-05-18 16:56:29,830 - processing - INFO -   4. CPS Energy  at height 327.0001765800001 inches (source: spidacalc)
2025-05-18 16:56:29,830 - processing - INFO -   5. CPS Energy  at height 327.0001765800001 inches (source: spidacalc)
2025-05-18 16:56:29,831 - processing - INFO - Highest neutral: CPS ENERGY Neutral at height 327.24 inches
2025-05-18 16:56:29,831 - processing - INFO - Found 6 attachment(s) below neutral:
2025-05-18 16:56:29,831 - processing - INFO -   1. CPS ENERGY Neutral at height 27'-3"
2025-05-18 16:56:29,831 - processing - INFO -   2. CPS ENERGY Supply Fiber at height 25'-9"
2025-05-18 16:56:29,831 - processing - INFO -   3. AT&T Fiber Optic Com at height 22'-8"
2025-05-18 16:56:29,831 - processing - INFO -   4. AT&T Telco Com at height 21'-8"
2025-05-18 16:56:29,832 - processing - INFO -   5. CPS ENERGY Neutral at height 27'-3"
2025-05-18 16:56:29,832 - processing - INFO -   6. Charter Fiber Optic Com at height 22'-12"
2025-05-18 16:56:29,832 - processing - INFO - ==================================================
2025-05-18 16:56:54,172 - processing - INFO - Processing attachments below neutral for pole PL370858
2025-05-18 16:56:54,178 - processing - INFO - 
==================================================
2025-05-18 16:56:54,178 - processing - INFO - POLE SUMMARY: PL370858
2025-05-18 16:56:54,179 - processing - INFO - ==================================================
2025-05-18 16:56:54,179 - processing - INFO - Found 3 neutral wire(s):
2025-05-18 16:56:54,179 - processing - INFO -   1. CPS ENERGY Neutral at height 317.6 inches (source: katapult)
2025-05-18 16:56:54,179 - processing - INFO -   2. CPS Energy  at height 318.0001717200001 inches (source: spidacalc)
2025-05-18 16:56:54,180 - processing - INFO -   3. CPS Energy  at height 318.0001717200001 inches (source: spidacalc)
2025-05-18 16:56:54,180 - processing - INFO - Highest neutral: CPS Energy  at height 318.0001717200001 inches
2025-05-18 16:56:54,183 - processing - INFO - Found 5 attachment(s) below neutral:
2025-05-18 16:56:54,183 - processing - INFO -   1. CPS ENERGY Neutral at height 26'-6"
2025-05-18 16:56:54,184 - processing - INFO -   2. CPS ENERGY Supply Fiber at height 25'-5"
2025-05-18 16:56:54,184 - processing - INFO -   3. AT&T Fiber Optic Com at height 22'-10"
2025-05-18 16:56:54,185 - processing - INFO -   4. AT&T Telco Com at height 21'-10"
2025-05-18 16:56:54,187 - processing - INFO -   5. Charter Fiber Optic Com at height 22'-1"
2025-05-18 16:56:54,188 - processing - INFO - ==================================================
2025-05-18 16:56:54,239 - processing - INFO - Processing attachments below neutral for pole PL379971
2025-05-18 16:56:54,242 - processing - INFO - 
==================================================
2025-05-18 16:56:54,242 - processing - INFO - POLE SUMMARY: PL379971
2025-05-18 16:56:54,242 - processing - INFO - ==================================================
2025-05-18 16:56:54,242 - processing - INFO - Found 1 neutral wire(s):
2025-05-18 16:56:54,243 - processing - INFO -   1. CPS ENERGY Neutral at height 316.48 inches (source: katapult)
2025-05-18 16:56:54,243 - processing - INFO - Highest neutral: CPS ENERGY Neutral at height 316.48 inches
2025-05-18 16:56:54,243 - processing - INFO - Found 4 attachment(s) below neutral:
2025-05-18 16:56:54,243 - processing - INFO -   1. CPS ENERGY Neutral at height 26'-4"
2025-05-18 16:56:54,243 - processing - INFO -   2. CPS ENERGY Supply Fiber at height 24'-9"
2025-05-18 16:56:54,243 - processing - INFO -   3. AT&T Fiber Optic Com at height 23'-9"
2025-05-18 16:56:54,244 - processing - INFO -   4. AT&T Telco Com at height 22'-9"
2025-05-18 16:56:54,244 - processing - INFO - ==================================================
2025-05-18 16:56:54,260 - processing - INFO - Processing attachments below neutral for pole PL379966
2025-05-18 16:56:54,261 - processing - INFO - 
==================================================
2025-05-18 16:56:54,262 - processing - INFO - POLE SUMMARY: PL379966
2025-05-18 16:56:54,262 - processing - INFO - ==================================================
2025-05-18 16:56:54,262 - processing - INFO - Found 1 neutral wire(s):
2025-05-18 16:56:54,262 - processing - INFO -   1. CPS ENERGY Neutral at height 330.61 inches (source: katapult)
2025-05-18 16:56:54,263 - processing - INFO - Highest neutral: CPS ENERGY Neutral at height 330.61 inches
2025-05-18 16:56:54,263 - processing - INFO - Found 4 attachment(s) below neutral:
2025-05-18 16:56:54,263 - processing - INFO -   1. CPS ENERGY Neutral at height 27'-7"
2025-05-18 16:56:54,263 - processing - INFO -   2. CPS ENERGY Supply Fiber at height 26'-4"
2025-05-18 16:56:54,263 - processing - INFO -   3. AT&T Fiber Optic Com at height 23'-7"
2025-05-18 16:56:54,263 - processing - INFO -   4. AT&T Telco Com at height 22'-7"
2025-05-18 16:56:54,264 - processing - INFO - ==================================================
2025-05-18 16:56:54,297 - processing - INFO - Processing attachments below neutral for pole PL373937
2025-05-18 16:56:54,298 - processing - INFO - 
==================================================
2025-05-18 16:56:54,299 - processing - INFO - POLE SUMMARY: PL373937
2025-05-18 16:56:54,299 - processing - INFO - ==================================================
2025-05-18 16:56:54,299 - processing - INFO - Found 1 neutral wire(s):
2025-05-18 16:56:54,299 - processing - INFO -   1. CPS ENERGY Neutral at height 463.93 inches (source: katapult)
2025-05-18 16:56:54,299 - processing - INFO - Highest neutral: CPS ENERGY Neutral at height 463.93 inches
2025-05-18 16:56:54,300 - processing - INFO - Found 5 attachment(s) below neutral:
2025-05-18 16:56:54,300 - processing - INFO -   1. CPS ENERGY Neutral at height 38'-8"
2025-05-18 16:56:54,300 - processing - INFO -   2. CPS ENERGY Supply Fiber at height 36'-8"
2025-05-18 16:56:54,300 - processing - INFO -   3. AT&T Fiber Optic Com at height 32'-8"
2025-05-18 16:56:54,301 - processing - INFO -   4. AT&T Telco Com at height 27'-6"
2025-05-18 16:56:54,301 - processing - INFO -   5. CPS ENERGY Supply Fiber at height 36'-5"
2025-05-18 16:56:54,301 - processing - INFO - ==================================================
2025-05-18 16:56:54,340 - processing - INFO - Processing attachments below neutral for pole PL404475
2025-05-18 16:56:54,342 - processing - INFO - 
==================================================
2025-05-18 16:56:54,343 - processing - INFO - POLE SUMMARY: PL404475
2025-05-18 16:56:54,343 - processing - INFO - ==================================================
2025-05-18 16:56:54,343 - processing - INFO - Found 3 neutral wire(s):
2025-05-18 16:56:54,343 - processing - INFO -   1. CPS ENERGY Neutral at height 463.45 inches (source: katapult)
2025-05-18 16:56:54,343 - processing - INFO -   2. CPS ENERGY Neutral at height 432.76 inches (source: katapult)
2025-05-18 16:56:54,343 - processing - INFO -   3. CPS ENERGY Neutral at height 432.92 inches (source: katapult)
2025-05-18 16:56:54,344 - processing - INFO - Highest neutral: CPS ENERGY Neutral at height 463.45 inches
2025-05-18 16:56:54,344 - processing - INFO - Found 7 attachment(s) below neutral:
2025-05-18 16:56:54,344 - processing - INFO -   1. CPS ENERGY Neutral at height 38'-7"
2025-05-18 16:56:54,344 - processing - INFO -   2. CPS ENERGY Supply Fiber at height 37'-1"
2025-05-18 16:56:54,344 - processing - INFO -   3. AT&T Fiber Optic Com at height 31'-5"
2025-05-18 16:56:54,345 - processing - INFO -   4. AT&T Telco Com at height 21'-1"
2025-05-18 16:56:54,345 - processing - INFO -   5. CPS ENERGY Neutral at height 36'-1"
2025-05-18 16:56:54,345 - processing - INFO -   6. CPS ENERGY Neutral at height 36'-1"
2025-05-18 16:56:54,345 - processing - INFO -   7. CPS ENERGY Supply Fiber at height 36'-10"
2025-05-18 16:56:54,347 - processing - INFO - ==================================================
2025-05-18 16:56:54,365 - processing - INFO - Processing attachments below neutral for pole PL373935
2025-05-18 16:56:54,367 - processing - INFO - 
==================================================
2025-05-18 16:56:54,367 - processing - INFO - POLE SUMMARY: PL373935
2025-05-18 16:56:54,367 - processing - INFO - ==================================================
2025-05-18 16:56:54,368 - processing - INFO - Found 1 neutral wire(s):
2025-05-18 16:56:54,368 - processing - INFO -   1. CPS ENERGY Neutral at height 350.65 inches (source: katapult)
2025-05-18 16:56:54,368 - processing - INFO - Highest neutral: CPS ENERGY Neutral at height 350.65 inches
2025-05-18 16:56:54,368 - processing - INFO - Found 4 attachment(s) below neutral:
2025-05-18 16:56:54,369 - processing - INFO -   1. CPS ENERGY Neutral at height 29'-3"
2025-05-18 16:56:54,369 - processing - INFO -   2. CPS ENERGY Supply Fiber at height 27'-9"
2025-05-18 16:56:54,369 - processing - INFO -   3. AT&T Fiber Optic Com at height 24'-10"
2025-05-18 16:56:54,369 - processing - INFO -   4. AT&T Telco Com at height 23'-12"
2025-05-18 16:56:54,369 - processing - INFO - ==================================================
2025-05-18 16:56:54,384 - processing - INFO - Processing attachments below neutral for pole PL398490
2025-05-18 16:56:54,386 - processing - INFO - 
==================================================
2025-05-18 16:56:54,387 - processing - INFO - POLE SUMMARY: PL398490
2025-05-18 16:56:54,387 - processing - INFO - ==================================================
2025-05-18 16:56:54,387 - processing - INFO - Found 1 neutral wire(s):
2025-05-18 16:56:54,387 - processing - INFO -   1. CPS ENERGY Neutral at height 326.42 inches (source: katapult)
2025-05-18 16:56:54,388 - processing - INFO - Highest neutral: CPS ENERGY Neutral at height 326.42 inches
2025-05-18 16:56:54,388 - processing - INFO - Found 5 attachment(s) below neutral:
2025-05-18 16:56:54,388 - processing - INFO -   1. CPS ENERGY Neutral at height 27'-2"
2025-05-18 16:56:54,388 - processing - INFO -   2. CPS ENERGY Supply Fiber at height 26'-0"
2025-05-18 16:56:54,388 - processing - INFO -   3. AT&T Fiber Optic Com at height 24'-10"
2025-05-18 16:56:54,389 - processing - INFO -   4. AT&T Telco Com at height 23'-11"
2025-05-18 16:56:54,389 - processing - INFO -   5. CPS ENERGY Street Light Feed at height 27'-2"
2025-05-18 16:56:54,389 - processing - INFO - ==================================================
2025-05-18 16:56:54,415 - processing - INFO - Processing attachments below neutral for pole PL900997
2025-05-18 16:56:54,419 - processing - INFO - 
==================================================
2025-05-18 16:56:54,420 - processing - INFO - POLE SUMMARY: PL900997
2025-05-18 16:56:54,420 - processing - INFO - ==================================================
2025-05-18 16:56:54,420 - processing - INFO - Found 4 neutral wire(s):
2025-05-18 16:56:54,420 - processing - INFO -   1. CPS ENERGY Neutral at height 324.73 inches (source: katapult)
2025-05-18 16:56:54,421 - processing - INFO -   2. CPS ENERGY Neutral at height 342.91 inches (source: katapult)
2025-05-18 16:56:54,421 - processing - INFO -   3. CPS Energy  at height 325.0001755 inches (source: spidacalc)
2025-05-18 16:56:54,421 - processing - INFO -   4. CPS Energy  at height 325.0001755 inches (source: spidacalc)
2025-05-18 16:56:54,421 - processing - INFO - Highest neutral: CPS ENERGY Neutral at height 342.91 inches
2025-05-18 16:56:54,421 - processing - INFO - Found 7 attachment(s) below neutral:
2025-05-18 16:56:54,422 - processing - INFO -   1. CPS ENERGY Neutral at height 27'-1"
2025-05-18 16:56:54,422 - processing - INFO -   2. CPS ENERGY Street Light Feed at height 27'-1"
2025-05-18 16:56:54,423 - processing - INFO -   3. CPS ENERGY Supply Fiber at height 25'-10"
2025-05-18 16:56:54,423 - processing - INFO -   4. AT&T Fiber Optic Com at height 21'-6"
2025-05-18 16:56:54,423 - processing - INFO -   5. AT&T Telco Com at height 20'-6"
2025-05-18 16:56:54,423 - processing - INFO -   6. CPS ENERGY Service at height 27'-1"
2025-05-18 16:56:54,424 - processing - INFO -   7. Charter Fiber Optic Com at height 21'-6"
2025-05-18 16:56:54,424 - processing - INFO - ==================================================
2025-05-18 16:56:54,469 - processing - INFO - Processing attachments below neutral for pole PL404474
2025-05-18 16:56:54,472 - processing - INFO - 
==================================================
2025-05-18 16:56:54,472 - processing - INFO - POLE SUMMARY: PL404474
2025-05-18 16:56:54,473 - processing - INFO - ==================================================
2025-05-18 16:56:54,473 - processing - INFO - Found 3 neutral wire(s):
2025-05-18 16:56:54,473 - processing - INFO -   1. CPS ENERGY Neutral at height 311.85 inches (source: katapult)
2025-05-18 16:56:54,473 - processing - INFO -   2. CPS Energy  at height 312.00016848000007 inches (source: spidacalc)
2025-05-18 16:56:54,473 - processing - INFO -   3. CPS Energy  at height 312.00016848000007 inches (source: spidacalc)
2025-05-18 16:56:54,473 - processing - INFO - Highest neutral: CPS Energy  at height 312.00016848000007 inches
2025-05-18 16:56:54,474 - processing - INFO - Found 6 attachment(s) below neutral:
2025-05-18 16:56:54,474 - processing - INFO -   1. CPS ENERGY Neutral at height 25'-12"
2025-05-18 16:56:54,474 - processing - INFO -   2. CPS ENERGY Supply Fiber at height 24'-6"
2025-05-18 16:56:54,474 - processing - INFO -   3. AT&T Fiber Optic Com at height 22'-9"
2025-05-18 16:56:54,474 - processing - INFO -   4. AT&T Telco Com at height 21'-7"
2025-05-18 16:56:54,475 - processing - INFO -   5. CPS ENERGY Street Light Feed at height 25'-12"
2025-05-18 16:56:54,475 - processing - INFO -   6. Charter Fiber Optic Com at height 21'-7"
2025-05-18 16:56:54,475 - processing - INFO - ==================================================
2025-05-18 16:56:54,499 - processing - INFO - Processing attachments below neutral for pole PL401451
2025-05-18 16:56:54,502 - processing - INFO - 
==================================================
2025-05-18 16:56:54,502 - processing - INFO - POLE SUMMARY: PL401451
2025-05-18 16:56:54,502 - processing - INFO - ==================================================
2025-05-18 16:56:54,503 - processing - INFO - Found 2 neutral wire(s):
2025-05-18 16:56:54,503 - processing - INFO -   1. CPS ENERGY Neutral at height 318.97 inches (source: katapult)
2025-05-18 16:56:54,503 - processing - INFO -   2. CPS ENERGY Neutral at height 314.28 inches (source: katapult)
2025-05-18 16:56:54,503 - processing - INFO - Highest neutral: CPS ENERGY Neutral at height 318.97 inches
2025-05-18 16:56:54,503 - processing - INFO - Found 4 attachment(s) below neutral:
2025-05-18 16:56:54,504 - processing - INFO -   1. CPS ENERGY Neutral at height 26'-7"
2025-05-18 16:56:54,504 - processing - INFO -   2. CPS ENERGY Supply Fiber at height 24'-11"
2025-05-18 16:56:54,504 - processing - INFO -   3. AT&T Fiber Optic Com at height 22'-6"
2025-05-18 16:56:54,504 - processing - INFO -   4. AT&T Telco Com at height 21'-3"
2025-05-18 16:56:54,504 - processing - INFO - ==================================================
2025-05-18 16:56:54,542 - processing - INFO - Processing attachments below neutral for pole PL398491
2025-05-18 16:56:54,546 - processing - INFO - 
==================================================
2025-05-18 16:56:54,546 - processing - INFO - POLE SUMMARY: PL398491
2025-05-18 16:56:54,546 - processing - INFO - ==================================================
2025-05-18 16:56:54,546 - processing - INFO - Found 4 neutral wire(s):
2025-05-18 16:56:54,548 - processing - INFO -   1. CPS ENERGY Neutral at height 325.34 inches (source: katapult)
2025-05-18 16:56:54,548 - processing - INFO -   2. CPS ENERGY Neutral at height 322.75 inches (source: katapult)
2025-05-18 16:56:54,548 - processing - INFO -   3. CPS Energy  at height 324.00017496000004 inches (source: spidacalc)
2025-05-18 16:56:54,548 - processing - INFO -   4. CPS Energy  at height 327.0001765800001 inches (source: spidacalc)
2025-05-18 16:56:54,548 - processing - INFO - Highest neutral: CPS Energy  at height 327.0001765800001 inches
2025-05-18 16:56:54,549 - processing - INFO - Found 12 attachment(s) below neutral:
2025-05-18 16:56:54,549 - processing - INFO -   1. AT&T Com Drop at height 19'-8"
2025-05-18 16:56:54,549 - processing - INFO -   2. CPS ENERGY Service at height 27'-1"
2025-05-18 16:56:54,549 - processing - INFO -   3. AT&T Com Drop at height 19'-6"
2025-05-18 16:56:54,549 - processing - INFO -   4. AT&T Com Drop at height 19'-6"
2025-05-18 16:56:54,550 - processing - INFO -   5. CPS ENERGY Neutral at height 27'-1"
2025-05-18 16:56:54,550 - processing - INFO -   6. CPS ENERGY Neutral at height 26'-11"
2025-05-18 16:56:54,550 - processing - INFO -   7. CPS ENERGY Supply Fiber at height 25'-6"
2025-05-18 16:56:54,550 - processing - INFO -   8. AT&T Fiber Optic Com at height 21'-4"
2025-05-18 16:56:54,551 - processing - INFO -   9. AT&T Telco Com at height 20'-4"
2025-05-18 16:56:54,551 - processing - INFO -   10. AT&T Com Drop at height 19'-8"
2025-05-18 16:56:54,551 - processing - INFO -   11. Charter Fiber Optic Com at height 22'-4"
2025-05-18 16:56:54,551 - processing - INFO -   12. CPS ENERGY Supply Fiber at height 25'-9"
2025-05-18 16:56:54,551 - processing - INFO - ==================================================
2025-05-18 16:56:54,606 - processing - INFO - Processing attachments below neutral for pole PL410620
2025-05-18 16:56:54,616 - processing - INFO - 
==================================================
2025-05-18 16:56:54,617 - processing - INFO - POLE SUMMARY: PL410620
2025-05-18 16:56:54,617 - processing - INFO - ==================================================
2025-05-18 16:56:54,617 - processing - INFO - Found 3 neutral wire(s):
2025-05-18 16:56:54,617 - processing - INFO -   1. CPS ENERGY Neutral at height 354.28 inches (source: katapult)
2025-05-18 16:56:54,617 - processing - INFO -   2. CPS Energy  at height 354.0001911600001 inches (source: spidacalc)
2025-05-18 16:56:54,618 - processing - INFO -   3. CPS Energy  at height 354.0001911600001 inches (source: spidacalc)
2025-05-18 16:56:54,618 - processing - INFO - Highest neutral: CPS ENERGY Neutral at height 354.28 inches
2025-05-18 16:56:54,618 - processing - INFO - Found 6 attachment(s) below neutral:
2025-05-18 16:56:54,618 - processing - INFO -   1. CPS ENERGY Neutral at height 29'-6"
2025-05-18 16:56:54,619 - processing - INFO -   2. CPS ENERGY Supply Fiber at height 27'-12"
2025-05-18 16:56:54,619 - processing - INFO -   3. AT&T Fiber Optic Com at height 23'-7"
2025-05-18 16:56:54,619 - processing - INFO -   4. AT&T Telco Com at height 22'-4"
2025-05-18 16:56:54,619 - processing - INFO -   5. AT&T Com Drop at height 21'-5"
2025-05-18 16:56:54,619 - processing - INFO -   6. Charter Fiber Optic Com at height 24'-7"
2025-05-18 16:56:54,619 - processing - INFO - ==================================================
2025-05-18 16:56:54,636 - processing - INFO - Processing attachments below neutral for pole {'-Imported': 'PL410595'}
2025-05-18 16:56:54,638 - processing - INFO - 
==================================================
2025-05-18 16:56:54,638 - processing - INFO - POLE SUMMARY: {'-Imported': 'PL410595'}
2025-05-18 16:56:54,638 - processing - INFO - ==================================================
2025-05-18 16:56:54,638 - processing - INFO - Found 0 neutral wire(s):
2025-05-18 16:56:54,638 - processing - INFO - No neutral wires found!
2025-05-18 16:56:54,639 - processing - INFO - Found 0 attachment(s) below neutral:
2025-05-18 16:56:54,639 - processing - INFO - ==================================================
2025-05-18 16:56:54,657 - processing - INFO - Processing attachments below neutral for pole PL389359
2025-05-18 16:56:54,659 - processing - INFO - 
==================================================
2025-05-18 16:56:54,659 - processing - INFO - POLE SUMMARY: PL389359
2025-05-18 16:56:54,660 - processing - INFO - ==================================================
2025-05-18 16:56:54,660 - processing - INFO - Found 5 neutral wire(s):
2025-05-18 16:56:54,660 - processing - INFO -   1. CPS ENERGY Neutral at height 327.24 inches (source: katapult)
2025-05-18 16:56:54,660 - processing - INFO -   2. CPS ENERGY Neutral at height 327.15 inches (source: katapult)
2025-05-18 16:56:54,661 - processing - INFO -   3. CPS Energy  at height 327.0001765800001 inches (source: spidacalc)
2025-05-18 16:56:54,661 - processing - INFO -   4. CPS Energy  at height 327.0001765800001 inches (source: spidacalc)
2025-05-18 16:56:54,661 - processing - INFO -   5. CPS Energy  at height 327.0001765800001 inches (source: spidacalc)
2025-05-18 16:56:54,661 - processing - INFO - Highest neutral: CPS ENERGY Neutral at height 327.24 inches
2025-05-18 16:56:54,662 - processing - INFO - Found 6 attachment(s) below neutral:
2025-05-18 16:56:54,662 - processing - INFO -   1. CPS ENERGY Neutral at height 27'-3"
2025-05-18 16:56:54,662 - processing - INFO -   2. CPS ENERGY Supply Fiber at height 25'-9"
2025-05-18 16:56:54,662 - processing - INFO -   3. AT&T Fiber Optic Com at height 22'-8"
2025-05-18 16:56:54,663 - processing - INFO -   4. AT&T Telco Com at height 21'-8"
2025-05-18 16:56:54,663 - processing - INFO -   5. CPS ENERGY Neutral at height 27'-3"
2025-05-18 16:56:54,663 - processing - INFO -   6. Charter Fiber Optic Com at height 22'-12"
2025-05-18 16:56:54,663 - processing - INFO - ==================================================
