2025-05-16 16:55:29,999 - processing - INFO - Processing attachments below neutral for pole PL370858
2025-05-16 16:55:30,004 - processing - INFO - 
==================================================
2025-05-16 16:55:30,005 - processing - INFO - POLE SUMMARY: PL370858
2025-05-16 16:55:30,005 - processing - INFO - ==================================================
2025-05-16 16:55:30,006 - processing - INFO - Found 3 neutral wire(s):
2025-05-16 16:55:30,006 - processing - INFO -   1. CPS ENERGY Neutral at height 317.6 inches (source: katapult)
2025-05-16 16:55:30,006 - processing - INFO -   2. CPS Energy  at height 318.0001717200001 inches (source: spidacalc)
2025-05-16 16:55:30,007 - processing - INFO -   3. CPS Energy  at height 318.0001717200001 inches (source: spidacalc)
2025-05-16 16:55:30,007 - processing - INFO - Highest neutral: CPS Energy  at height 318.0001717200001 inches
2025-05-16 16:55:30,008 - processing - INFO - Found 5 attachment(s) below neutral:
2025-05-16 16:55:30,008 - processing - INFO -   1. CPS ENERGY Neutral at height 26'-6"
2025-05-16 16:55:30,009 - processing - INFO -   2. CPS ENERGY Supply Fiber at height 25'-5"
2025-05-16 16:55:30,009 - processing - INFO -   3. AT&T Fiber Optic Com at height 22'-10"
2025-05-16 16:55:30,009 - processing - INFO -   4. AT&T Telco Com at height 21'-10"
2025-05-16 16:55:30,010 - processing - INFO -   5. Charter Fiber Optic Com at height 22'-1"
2025-05-16 16:55:30,010 - processing - INFO - ==================================================
2025-05-16 16:55:30,073 - processing - INFO - Processing attachments below neutral for pole PL379971
2025-05-16 16:55:30,076 - processing - INFO - 
==================================================
2025-05-16 16:55:30,077 - processing - INFO - POLE SUMMARY: PL379971
2025-05-16 16:55:30,077 - processing - INFO - ==================================================
2025-05-16 16:55:30,077 - processing - INFO - Found 1 neutral wire(s):
2025-05-16 16:55:30,078 - processing - INFO -   1. CPS ENERGY Neutral at height 316.48 inches (source: katapult)
2025-05-16 16:55:30,078 - processing - INFO - Highest neutral: CPS ENERGY Neutral at height 316.48 inches
2025-05-16 16:55:30,079 - processing - INFO - Found 4 attachment(s) below neutral:
2025-05-16 16:55:30,079 - processing - INFO -   1. CPS ENERGY Neutral at height 26'-4"
2025-05-16 16:55:30,080 - processing - INFO -   2. CPS ENERGY Supply Fiber at height 24'-9"
2025-05-16 16:55:30,080 - processing - INFO -   3. AT&T Fiber Optic Com at height 23'-9"
2025-05-16 16:55:30,081 - processing - INFO -   4. AT&T Telco Com at height 22'-9"
2025-05-16 16:55:30,081 - processing - INFO - ==================================================
2025-05-16 16:55:30,131 - processing - INFO - Processing attachments below neutral for pole PL379966
2025-05-16 16:55:30,135 - processing - INFO - 
==================================================
2025-05-16 16:55:30,135 - processing - INFO - POLE SUMMARY: PL379966
2025-05-16 16:55:30,135 - processing - INFO - ==================================================
2025-05-16 16:55:30,136 - processing - INFO - Found 1 neutral wire(s):
2025-05-16 16:55:30,136 - processing - INFO -   1. CPS ENERGY Neutral at height 330.61 inches (source: katapult)
2025-05-16 16:55:30,137 - processing - INFO - Highest neutral: CPS ENERGY Neutral at height 330.61 inches
2025-05-16 16:55:30,137 - processing - INFO - Found 4 attachment(s) below neutral:
2025-05-16 16:55:30,137 - processing - INFO -   1. CPS ENERGY Neutral at height 27'-7"
2025-05-16 16:55:30,137 - processing - INFO -   2. CPS ENERGY Supply Fiber at height 26'-4"
2025-05-16 16:55:30,138 - processing - INFO -   3. AT&T Fiber Optic Com at height 23'-7"
2025-05-16 16:55:30,138 - processing - INFO -   4. AT&T Telco Com at height 22'-7"
2025-05-16 16:55:30,138 - processing - INFO - ==================================================
2025-05-16 16:55:30,225 - processing - INFO - Processing attachments below neutral for pole PL373937
2025-05-16 16:55:30,229 - processing - INFO - 
==================================================
2025-05-16 16:55:30,230 - processing - INFO - POLE SUMMARY: PL373937
2025-05-16 16:55:30,231 - processing - INFO - ==================================================
2025-05-16 16:55:30,231 - processing - INFO - Found 1 neutral wire(s):
2025-05-16 16:55:30,231 - processing - INFO -   1. CPS ENERGY Neutral at height 463.93 inches (source: katapult)
2025-05-16 16:55:30,232 - processing - INFO - Highest neutral: CPS ENERGY Neutral at height 463.93 inches
2025-05-16 16:55:30,232 - processing - INFO - Found 5 attachment(s) below neutral:
2025-05-16 16:55:30,233 - processing - INFO -   1. CPS ENERGY Neutral at height 38'-8"
2025-05-16 16:55:30,233 - processing - INFO -   2. CPS ENERGY Supply Fiber at height 36'-8"
2025-05-16 16:55:30,234 - processing - INFO -   3. AT&T Fiber Optic Com at height 32'-8"
2025-05-16 16:55:30,234 - processing - INFO -   4. AT&T Telco Com at height 27'-6"
2025-05-16 16:55:30,234 - processing - INFO -   5. CPS ENERGY Supply Fiber at height 36'-5"
2025-05-16 16:55:30,235 - processing - INFO - ==================================================
2025-05-16 16:55:30,343 - processing - INFO - Processing attachments below neutral for pole PL404475
2025-05-16 16:55:30,349 - processing - INFO - 
==================================================
2025-05-16 16:55:30,349 - processing - INFO - POLE SUMMARY: PL404475
2025-05-16 16:55:30,350 - processing - INFO - ==================================================
2025-05-16 16:55:30,350 - processing - INFO - Found 3 neutral wire(s):
2025-05-16 16:55:30,350 - processing - INFO -   1. CPS ENERGY Neutral at height 463.45 inches (source: katapult)
2025-05-16 16:55:30,351 - processing - INFO -   2. CPS ENERGY Neutral at height 432.76 inches (source: katapult)
2025-05-16 16:55:30,351 - processing - INFO -   3. CPS ENERGY Neutral at height 432.92 inches (source: katapult)
2025-05-16 16:55:30,352 - processing - INFO - Highest neutral: CPS ENERGY Neutral at height 463.45 inches
2025-05-16 16:55:30,352 - processing - INFO - Found 7 attachment(s) below neutral:
2025-05-16 16:55:30,353 - processing - INFO -   1. CPS ENERGY Neutral at height 38'-7"
2025-05-16 16:55:30,353 - processing - INFO -   2. CPS ENERGY Supply Fiber at height 37'-1"
2025-05-16 16:55:30,354 - processing - INFO -   3. AT&T Fiber Optic Com at height 31'-5"
2025-05-16 16:55:30,355 - processing - INFO -   4. AT&T Telco Com at height 21'-1"
2025-05-16 16:55:30,355 - processing - INFO -   5. CPS ENERGY Neutral at height 36'-1"
2025-05-16 16:55:30,355 - processing - INFO -   6. CPS ENERGY Neutral at height 36'-1"
2025-05-16 16:55:30,356 - processing - INFO -   7. CPS ENERGY Supply Fiber at height 36'-10"
2025-05-16 16:55:30,356 - processing - INFO - ==================================================
2025-05-16 16:55:30,409 - processing - INFO - Processing attachments below neutral for pole PL373935
2025-05-16 16:55:30,412 - processing - INFO - 
==================================================
2025-05-16 16:55:30,412 - processing - INFO - POLE SUMMARY: PL373935
2025-05-16 16:55:30,412 - processing - INFO - ==================================================
2025-05-16 16:55:30,413 - processing - INFO - Found 1 neutral wire(s):
2025-05-16 16:55:30,413 - processing - INFO -   1. CPS ENERGY Neutral at height 350.65 inches (source: katapult)
2025-05-16 16:55:30,414 - processing - INFO - Highest neutral: CPS ENERGY Neutral at height 350.65 inches
2025-05-16 16:55:30,414 - processing - INFO - Found 4 attachment(s) below neutral:
2025-05-16 16:55:30,414 - processing - INFO -   1. CPS ENERGY Neutral at height 29'-3"
2025-05-16 16:55:30,415 - processing - INFO -   2. CPS ENERGY Supply Fiber at height 27'-9"
2025-05-16 16:55:30,415 - processing - INFO -   3. AT&T Fiber Optic Com at height 24'-10"
2025-05-16 16:55:30,415 - processing - INFO -   4. AT&T Telco Com at height 23'-12"
2025-05-16 16:55:30,416 - processing - INFO - ==================================================
2025-05-16 16:55:30,463 - processing - INFO - Processing attachments below neutral for pole PL398490
2025-05-16 16:55:30,467 - processing - INFO - 
==================================================
2025-05-16 16:55:30,467 - processing - INFO - POLE SUMMARY: PL398490
2025-05-16 16:55:30,467 - processing - INFO - ==================================================
2025-05-16 16:55:30,468 - processing - INFO - Found 1 neutral wire(s):
2025-05-16 16:55:30,468 - processing - INFO -   1. CPS ENERGY Neutral at height 326.42 inches (source: katapult)
2025-05-16 16:55:30,469 - processing - INFO - Highest neutral: CPS ENERGY Neutral at height 326.42 inches
2025-05-16 16:55:30,469 - processing - INFO - Found 5 attachment(s) below neutral:
2025-05-16 16:55:30,469 - processing - INFO -   1. CPS ENERGY Neutral at height 27'-2"
2025-05-16 16:55:30,470 - processing - INFO -   2. CPS ENERGY Supply Fiber at height 26'-0"
2025-05-16 16:55:30,470 - processing - INFO -   3. AT&T Fiber Optic Com at height 24'-10"
2025-05-16 16:55:30,470 - processing - INFO -   4. AT&T Telco Com at height 23'-11"
2025-05-16 16:55:30,471 - processing - INFO -   5. CPS ENERGY Street Light Feed at height 27'-2"
2025-05-16 16:55:30,471 - processing - INFO - ==================================================
2025-05-16 16:55:30,532 - processing - INFO - Processing attachments below neutral for pole PL900997
2025-05-16 16:55:30,538 - processing - INFO - 
==================================================
2025-05-16 16:55:30,538 - processing - INFO - POLE SUMMARY: PL900997
2025-05-16 16:55:30,539 - processing - INFO - ==================================================
2025-05-16 16:55:30,539 - processing - INFO - Found 4 neutral wire(s):
2025-05-16 16:55:30,539 - processing - INFO -   1. CPS ENERGY Neutral at height 324.73 inches (source: katapult)
2025-05-16 16:55:30,540 - processing - INFO -   2. CPS ENERGY Neutral at height 342.91 inches (source: katapult)
2025-05-16 16:55:30,540 - processing - INFO -   3. CPS Energy  at height 325.0001755 inches (source: spidacalc)
2025-05-16 16:55:30,540 - processing - INFO -   4. CPS Energy  at height 325.0001755 inches (source: spidacalc)
2025-05-16 16:55:30,541 - processing - INFO - Highest neutral: CPS ENERGY Neutral at height 342.91 inches
2025-05-16 16:55:30,541 - processing - INFO - Found 7 attachment(s) below neutral:
2025-05-16 16:55:30,541 - processing - INFO -   1. CPS ENERGY Neutral at height 27'-1"
2025-05-16 16:55:30,542 - processing - INFO -   2. CPS ENERGY Street Light Feed at height 27'-1"
2025-05-16 16:55:30,542 - processing - INFO -   3. CPS ENERGY Supply Fiber at height 25'-10"
2025-05-16 16:55:30,542 - processing - INFO -   4. AT&T Fiber Optic Com at height 21'-6"
2025-05-16 16:55:30,543 - processing - INFO -   5. AT&T Telco Com at height 20'-6"
2025-05-16 16:55:30,543 - processing - INFO -   6. CPS ENERGY Service at height 27'-1"
2025-05-16 16:55:30,543 - processing - INFO -   7. Charter Fiber Optic Com at height 21'-6"
2025-05-16 16:55:30,544 - processing - INFO - ==================================================
2025-05-16 16:55:30,621 - processing - INFO - Processing attachments below neutral for pole PL404474
2025-05-16 16:55:30,626 - processing - INFO - 
==================================================
2025-05-16 16:55:30,626 - processing - INFO - POLE SUMMARY: PL404474
2025-05-16 16:55:30,627 - processing - INFO - ==================================================
2025-05-16 16:55:30,627 - processing - INFO - Found 3 neutral wire(s):
2025-05-16 16:55:30,627 - processing - INFO -   1. CPS ENERGY Neutral at height 311.85 inches (source: katapult)
2025-05-16 16:55:30,628 - processing - INFO -   2. CPS Energy  at height 312.00016848000007 inches (source: spidacalc)
2025-05-16 16:55:30,628 - processing - INFO -   3. CPS Energy  at height 312.00016848000007 inches (source: spidacalc)
2025-05-16 16:55:30,628 - processing - INFO - Highest neutral: CPS Energy  at height 312.00016848000007 inches
2025-05-16 16:55:30,629 - processing - INFO - Found 6 attachment(s) below neutral:
2025-05-16 16:55:30,629 - processing - INFO -   1. CPS ENERGY Neutral at height 25'-12"
2025-05-16 16:55:30,629 - processing - INFO -   2. CPS ENERGY Supply Fiber at height 24'-6"
2025-05-16 16:55:30,629 - processing - INFO -   3. AT&T Fiber Optic Com at height 22'-9"
2025-05-16 16:55:30,630 - processing - INFO -   4. AT&T Telco Com at height 21'-7"
2025-05-16 16:55:30,630 - processing - INFO -   5. CPS ENERGY Street Light Feed at height 25'-12"
2025-05-16 16:55:30,630 - processing - INFO -   6. Charter Fiber Optic Com at height 21'-7"
2025-05-16 16:55:30,631 - processing - INFO - ==================================================
2025-05-16 16:55:30,683 - processing - INFO - Processing attachments below neutral for pole PL401451
2025-05-16 16:55:30,688 - processing - INFO - 
==================================================
2025-05-16 16:55:30,688 - processing - INFO - POLE SUMMARY: PL401451
2025-05-16 16:55:30,689 - processing - INFO - ==================================================
2025-05-16 16:55:30,689 - processing - INFO - Found 2 neutral wire(s):
2025-05-16 16:55:30,689 - processing - INFO -   1. CPS ENERGY Neutral at height 318.97 inches (source: katapult)
2025-05-16 16:55:30,690 - processing - INFO -   2. CPS ENERGY Neutral at height 314.28 inches (source: katapult)
2025-05-16 16:55:30,690 - processing - INFO - Highest neutral: CPS ENERGY Neutral at height 318.97 inches
2025-05-16 16:55:30,691 - processing - INFO - Found 4 attachment(s) below neutral:
2025-05-16 16:55:30,691 - processing - INFO -   1. CPS ENERGY Neutral at height 26'-7"
2025-05-16 16:55:30,691 - processing - INFO -   2. CPS ENERGY Supply Fiber at height 24'-11"
2025-05-16 16:55:30,692 - processing - INFO -   3. AT&T Fiber Optic Com at height 22'-6"
2025-05-16 16:55:30,692 - processing - INFO -   4. AT&T Telco Com at height 21'-3"
2025-05-16 16:55:30,693 - processing - INFO - ==================================================
2025-05-16 16:55:30,817 - processing - INFO - Processing attachments below neutral for pole PL398491
2025-05-16 16:55:30,831 - processing - INFO - 
==================================================
2025-05-16 16:55:30,832 - processing - INFO - POLE SUMMARY: PL398491
2025-05-16 16:55:30,833 - processing - INFO - ==================================================
2025-05-16 16:55:30,833 - processing - INFO - Found 4 neutral wire(s):
2025-05-16 16:55:30,834 - processing - INFO -   1. CPS ENERGY Neutral at height 325.34 inches (source: katapult)
2025-05-16 16:55:30,835 - processing - INFO -   2. CPS ENERGY Neutral at height 322.75 inches (source: katapult)
2025-05-16 16:55:30,835 - processing - INFO -   3. CPS Energy  at height 324.00017496000004 inches (source: spidacalc)
2025-05-16 16:55:30,836 - processing - INFO -   4. CPS Energy  at height 327.0001765800001 inches (source: spidacalc)
2025-05-16 16:55:30,836 - processing - INFO - Highest neutral: CPS Energy  at height 327.0001765800001 inches
2025-05-16 16:55:30,837 - processing - INFO - Found 12 attachment(s) below neutral:
2025-05-16 16:55:30,837 - processing - INFO -   1. AT&T Com Drop at height 19'-8"
2025-05-16 16:55:30,838 - processing - INFO -   2. CPS ENERGY Service at height 27'-1"
2025-05-16 16:55:30,838 - processing - INFO -   3. AT&T Com Drop at height 19'-6"
2025-05-16 16:55:30,839 - processing - INFO -   4. AT&T Com Drop at height 19'-6"
2025-05-16 16:55:30,839 - processing - INFO -   5. CPS ENERGY Neutral at height 27'-1"
2025-05-16 16:55:30,839 - processing - INFO -   6. CPS ENERGY Neutral at height 26'-11"
2025-05-16 16:55:30,840 - processing - INFO -   7. CPS ENERGY Supply Fiber at height 25'-6"
2025-05-16 16:55:30,841 - processing - INFO -   8. AT&T Fiber Optic Com at height 21'-4"
2025-05-16 16:55:30,841 - processing - INFO -   9. AT&T Telco Com at height 20'-4"
2025-05-16 16:55:30,842 - processing - INFO -   10. AT&T Com Drop at height 19'-8"
2025-05-16 16:55:30,842 - processing - INFO -   11. Charter Fiber Optic Com at height 22'-4"
2025-05-16 16:55:30,843 - processing - INFO -   12. CPS ENERGY Supply Fiber at height 25'-9"
2025-05-16 16:55:30,843 - processing - INFO - ==================================================
2025-05-16 16:55:30,996 - processing - INFO - Processing attachments below neutral for pole PL410620
2025-05-16 16:55:31,003 - processing - INFO - 
==================================================
2025-05-16 16:55:31,003 - processing - INFO - POLE SUMMARY: PL410620
2025-05-16 16:55:31,004 - processing - INFO - ==================================================
2025-05-16 16:55:31,004 - processing - INFO - Found 3 neutral wire(s):
2025-05-16 16:55:31,004 - processing - INFO -   1. CPS ENERGY Neutral at height 354.28 inches (source: katapult)
2025-05-16 16:55:31,005 - processing - INFO -   2. CPS Energy  at height 354.0001911600001 inches (source: spidacalc)
2025-05-16 16:55:31,005 - processing - INFO -   3. CPS Energy  at height 354.0001911600001 inches (source: spidacalc)
2025-05-16 16:55:31,006 - processing - INFO - Highest neutral: CPS ENERGY Neutral at height 354.28 inches
2025-05-16 16:55:31,006 - processing - INFO - Found 6 attachment(s) below neutral:
2025-05-16 16:55:31,007 - processing - INFO -   1. CPS ENERGY Neutral at height 29'-6"
2025-05-16 16:55:31,007 - processing - INFO -   2. CPS ENERGY Supply Fiber at height 27'-12"
2025-05-16 16:55:31,007 - processing - INFO -   3. AT&T Fiber Optic Com at height 23'-7"
2025-05-16 16:55:31,008 - processing - INFO -   4. AT&T Telco Com at height 22'-4"
2025-05-16 16:55:31,008 - processing - INFO -   5. AT&T Com Drop at height 21'-5"
2025-05-16 16:55:31,009 - processing - INFO -   6. Charter Fiber Optic Com at height 24'-7"
2025-05-16 16:55:31,009 - processing - INFO - ==================================================
2025-05-16 16:55:31,055 - processing - INFO - Processing attachments below neutral for pole {'-Imported': 'PL410595'}
2025-05-16 16:55:31,057 - processing - INFO - 
==================================================
2025-05-16 16:55:31,058 - processing - INFO - POLE SUMMARY: {'-Imported': 'PL410595'}
2025-05-16 16:55:31,058 - processing - INFO - ==================================================
2025-05-16 16:55:31,058 - processing - INFO - Found 0 neutral wire(s):
2025-05-16 16:55:31,059 - processing - INFO - No neutral wires found!
2025-05-16 16:55:31,059 - processing - INFO - Found 0 attachment(s) below neutral:
2025-05-16 16:55:31,059 - processing - INFO - ==================================================
2025-05-16 16:55:31,116 - processing - INFO - Processing attachments below neutral for pole PL389359
2025-05-16 16:55:31,124 - processing - INFO - 
==================================================
2025-05-16 16:55:31,124 - processing - INFO - POLE SUMMARY: PL389359
2025-05-16 16:55:31,125 - processing - INFO - ==================================================
2025-05-16 16:55:31,125 - processing - INFO - Found 5 neutral wire(s):
2025-05-16 16:55:31,126 - processing - INFO -   1. CPS ENERGY Neutral at height 327.24 inches (source: katapult)
2025-05-16 16:55:31,126 - processing - INFO -   2. CPS ENERGY Neutral at height 327.15 inches (source: katapult)
2025-05-16 16:55:31,126 - processing - INFO -   3. CPS Energy  at height 327.0001765800001 inches (source: spidacalc)
2025-05-16 16:55:31,127 - processing - INFO -   4. CPS Energy  at height 327.0001765800001 inches (source: spidacalc)
2025-05-16 16:55:31,127 - processing - INFO -   5. CPS Energy  at height 327.0001765800001 inches (source: spidacalc)
2025-05-16 16:55:31,128 - processing - INFO - Highest neutral: CPS ENERGY Neutral at height 327.24 inches
2025-05-16 16:55:31,128 - processing - INFO - Found 6 attachment(s) below neutral:
2025-05-16 16:55:31,129 - processing - INFO -   1. CPS ENERGY Neutral at height 27'-3"
2025-05-16 16:55:31,129 - processing - INFO -   2. CPS ENERGY Supply Fiber at height 25'-9"
2025-05-16 16:55:31,129 - processing - INFO -   3. AT&T Fiber Optic Com at height 22'-8"
2025-05-16 16:55:31,130 - processing - INFO -   4. AT&T Telco Com at height 21'-8"
2025-05-16 16:55:31,130 - processing - INFO -   5. CPS ENERGY Neutral at height 27'-3"
2025-05-16 16:55:31,131 - processing - INFO -   6. Charter Fiber Optic Com at height 22'-12"
2025-05-16 16:55:31,131 - processing - INFO - ==================================================
2025-05-16 16:55:33,283 - processing - INFO - Processing attachments below neutral for pole PL370858
2025-05-16 16:55:33,288 - processing - INFO - 
==================================================
2025-05-16 16:55:33,288 - processing - INFO - POLE SUMMARY: PL370858
2025-05-16 16:55:33,289 - processing - INFO - ==================================================
2025-05-16 16:55:33,289 - processing - INFO - Found 3 neutral wire(s):
2025-05-16 16:55:33,289 - processing - INFO -   1. CPS ENERGY Neutral at height 317.6 inches (source: katapult)
2025-05-16 16:55:33,290 - processing - INFO -   2. CPS Energy  at height 318.0001717200001 inches (source: spidacalc)
2025-05-16 16:55:33,290 - processing - INFO -   3. CPS Energy  at height 318.0001717200001 inches (source: spidacalc)
2025-05-16 16:55:33,291 - processing - INFO - Highest neutral: CPS Energy  at height 318.0001717200001 inches
2025-05-16 16:55:33,291 - processing - INFO - Found 5 attachment(s) below neutral:
2025-05-16 16:55:33,292 - processing - INFO -   1. CPS ENERGY Neutral at height 26'-6"
2025-05-16 16:55:33,292 - processing - INFO -   2. CPS ENERGY Supply Fiber at height 25'-5"
2025-05-16 16:55:33,292 - processing - INFO -   3. AT&T Fiber Optic Com at height 22'-10"
2025-05-16 16:55:33,293 - processing - INFO -   4. AT&T Telco Com at height 21'-10"
2025-05-16 16:55:33,293 - processing - INFO -   5. Charter Fiber Optic Com at height 22'-1"
2025-05-16 16:55:33,293 - processing - INFO - ==================================================
2025-05-16 16:55:33,365 - processing - INFO - Processing attachments below neutral for pole PL379971
2025-05-16 16:55:33,369 - processing - INFO - 
==================================================
2025-05-16 16:55:33,369 - processing - INFO - POLE SUMMARY: PL379971
2025-05-16 16:55:33,370 - processing - INFO - ==================================================
2025-05-16 16:55:33,370 - processing - INFO - Found 1 neutral wire(s):
2025-05-16 16:55:33,371 - processing - INFO -   1. CPS ENERGY Neutral at height 316.48 inches (source: katapult)
2025-05-16 16:55:33,371 - processing - INFO - Highest neutral: CPS ENERGY Neutral at height 316.48 inches
2025-05-16 16:55:33,372 - processing - INFO - Found 4 attachment(s) below neutral:
2025-05-16 16:55:33,372 - processing - INFO -   1. CPS ENERGY Neutral at height 26'-4"
2025-05-16 16:55:33,373 - processing - INFO -   2. CPS ENERGY Supply Fiber at height 24'-9"
2025-05-16 16:55:33,373 - processing - INFO -   3. AT&T Fiber Optic Com at height 23'-9"
2025-05-16 16:55:33,374 - processing - INFO -   4. AT&T Telco Com at height 22'-9"
2025-05-16 16:55:33,374 - processing - INFO - ==================================================
2025-05-16 16:55:33,427 - processing - INFO - Processing attachments below neutral for pole PL379966
2025-05-16 16:55:33,431 - processing - INFO - 
==================================================
2025-05-16 16:55:33,432 - processing - INFO - POLE SUMMARY: PL379966
2025-05-16 16:55:33,432 - processing - INFO - ==================================================
2025-05-16 16:55:33,433 - processing - INFO - Found 1 neutral wire(s):
2025-05-16 16:55:33,433 - processing - INFO -   1. CPS ENERGY Neutral at height 330.61 inches (source: katapult)
2025-05-16 16:55:33,434 - processing - INFO - Highest neutral: CPS ENERGY Neutral at height 330.61 inches
2025-05-16 16:55:33,434 - processing - INFO - Found 4 attachment(s) below neutral:
2025-05-16 16:55:33,435 - processing - INFO -   1. CPS ENERGY Neutral at height 27'-7"
2025-05-16 16:55:33,435 - processing - INFO -   2. CPS ENERGY Supply Fiber at height 26'-4"
2025-05-16 16:55:33,435 - processing - INFO -   3. AT&T Fiber Optic Com at height 23'-7"
2025-05-16 16:55:33,436 - processing - INFO -   4. AT&T Telco Com at height 22'-7"
2025-05-16 16:55:33,436 - processing - INFO - ==================================================
2025-05-16 16:55:33,521 - processing - INFO - Processing attachments below neutral for pole PL373937
2025-05-16 16:55:33,526 - processing - INFO - 
==================================================
2025-05-16 16:55:33,527 - processing - INFO - POLE SUMMARY: PL373937
2025-05-16 16:55:33,527 - processing - INFO - ==================================================
2025-05-16 16:55:33,528 - processing - INFO - Found 1 neutral wire(s):
2025-05-16 16:55:33,528 - processing - INFO -   1. CPS ENERGY Neutral at height 463.93 inches (source: katapult)
2025-05-16 16:55:33,529 - processing - INFO - Highest neutral: CPS ENERGY Neutral at height 463.93 inches
2025-05-16 16:55:33,529 - processing - INFO - Found 5 attachment(s) below neutral:
2025-05-16 16:55:33,530 - processing - INFO -   1. CPS ENERGY Neutral at height 38'-8"
2025-05-16 16:55:33,530 - processing - INFO -   2. CPS ENERGY Supply Fiber at height 36'-8"
2025-05-16 16:55:33,531 - processing - INFO -   3. AT&T Fiber Optic Com at height 32'-8"
2025-05-16 16:55:33,531 - processing - INFO -   4. AT&T Telco Com at height 27'-6"
2025-05-16 16:55:33,531 - processing - INFO -   5. CPS ENERGY Supply Fiber at height 36'-5"
2025-05-16 16:55:33,532 - processing - INFO - ==================================================
2025-05-16 16:55:33,633 - processing - INFO - Processing attachments below neutral for pole PL404475
2025-05-16 16:55:33,639 - processing - INFO - 
==================================================
2025-05-16 16:55:33,639 - processing - INFO - POLE SUMMARY: PL404475
2025-05-16 16:55:33,640 - processing - INFO - ==================================================
2025-05-16 16:55:33,640 - processing - INFO - Found 3 neutral wire(s):
2025-05-16 16:55:33,641 - processing - INFO -   1. CPS ENERGY Neutral at height 463.45 inches (source: katapult)
2025-05-16 16:55:33,641 - processing - INFO -   2. CPS ENERGY Neutral at height 432.76 inches (source: katapult)
2025-05-16 16:55:33,642 - processing - INFO -   3. CPS ENERGY Neutral at height 432.92 inches (source: katapult)
2025-05-16 16:55:33,642 - processing - INFO - Highest neutral: CPS ENERGY Neutral at height 463.45 inches
2025-05-16 16:55:33,642 - processing - INFO - Found 7 attachment(s) below neutral:
2025-05-16 16:55:33,643 - processing - INFO -   1. CPS ENERGY Neutral at height 38'-7"
2025-05-16 16:55:33,643 - processing - INFO -   2. CPS ENERGY Supply Fiber at height 37'-1"
2025-05-16 16:55:33,644 - processing - INFO -   3. AT&T Fiber Optic Com at height 31'-5"
2025-05-16 16:55:33,644 - processing - INFO -   4. AT&T Telco Com at height 21'-1"
2025-05-16 16:55:33,644 - processing - INFO -   5. CPS ENERGY Neutral at height 36'-1"
2025-05-16 16:55:33,645 - processing - INFO -   6. CPS ENERGY Neutral at height 36'-1"
2025-05-16 16:55:33,645 - processing - INFO -   7. CPS ENERGY Supply Fiber at height 36'-10"
2025-05-16 16:55:33,645 - processing - INFO - ==================================================
2025-05-16 16:55:33,691 - processing - INFO - Processing attachments below neutral for pole PL373935
2025-05-16 16:55:33,695 - processing - INFO - 
==================================================
2025-05-16 16:55:33,696 - processing - INFO - POLE SUMMARY: PL373935
2025-05-16 16:55:33,696 - processing - INFO - ==================================================
2025-05-16 16:55:33,696 - processing - INFO - Found 1 neutral wire(s):
2025-05-16 16:55:33,697 - processing - INFO -   1. CPS ENERGY Neutral at height 350.65 inches (source: katapult)
2025-05-16 16:55:33,697 - processing - INFO - Highest neutral: CPS ENERGY Neutral at height 350.65 inches
2025-05-16 16:55:33,697 - processing - INFO - Found 4 attachment(s) below neutral:
2025-05-16 16:55:33,698 - processing - INFO -   1. CPS ENERGY Neutral at height 29'-3"
2025-05-16 16:55:33,698 - processing - INFO -   2. CPS ENERGY Supply Fiber at height 27'-9"
2025-05-16 16:55:33,698 - processing - INFO -   3. AT&T Fiber Optic Com at height 24'-10"
2025-05-16 16:55:33,699 - processing - INFO -   4. AT&T Telco Com at height 23'-12"
2025-05-16 16:55:33,699 - processing - INFO - ==================================================
2025-05-16 16:55:33,747 - processing - INFO - Processing attachments below neutral for pole PL398490
2025-05-16 16:55:33,750 - processing - INFO - 
==================================================
2025-05-16 16:55:33,751 - processing - INFO - POLE SUMMARY: PL398490
2025-05-16 16:55:33,751 - processing - INFO - ==================================================
2025-05-16 16:55:33,751 - processing - INFO - Found 1 neutral wire(s):
2025-05-16 16:55:33,751 - processing - INFO -   1. CPS ENERGY Neutral at height 326.42 inches (source: katapult)
2025-05-16 16:55:33,752 - processing - INFO - Highest neutral: CPS ENERGY Neutral at height 326.42 inches
2025-05-16 16:55:33,752 - processing - INFO - Found 5 attachment(s) below neutral:
2025-05-16 16:55:33,752 - processing - INFO -   1. CPS ENERGY Neutral at height 27'-2"
2025-05-16 16:55:33,753 - processing - INFO -   2. CPS ENERGY Supply Fiber at height 26'-0"
2025-05-16 16:55:33,753 - processing - INFO -   3. AT&T Fiber Optic Com at height 24'-10"
2025-05-16 16:55:33,753 - processing - INFO -   4. AT&T Telco Com at height 23'-11"
2025-05-16 16:55:33,754 - processing - INFO -   5. CPS ENERGY Street Light Feed at height 27'-2"
2025-05-16 16:55:33,754 - processing - INFO - ==================================================
2025-05-16 16:55:33,813 - processing - INFO - Processing attachments below neutral for pole PL900997
2025-05-16 16:55:33,820 - processing - INFO - 
==================================================
2025-05-16 16:55:33,820 - processing - INFO - POLE SUMMARY: PL900997
2025-05-16 16:55:33,821 - processing - INFO - ==================================================
2025-05-16 16:55:33,821 - processing - INFO - Found 4 neutral wire(s):
2025-05-16 16:55:33,822 - processing - INFO -   1. CPS ENERGY Neutral at height 324.73 inches (source: katapult)
2025-05-16 16:55:33,822 - processing - INFO -   2. CPS ENERGY Neutral at height 342.91 inches (source: katapult)
2025-05-16 16:55:33,822 - processing - INFO -   3. CPS Energy  at height 325.0001755 inches (source: spidacalc)
2025-05-16 16:55:33,823 - processing - INFO -   4. CPS Energy  at height 325.0001755 inches (source: spidacalc)
2025-05-16 16:55:33,823 - processing - INFO - Highest neutral: CPS ENERGY Neutral at height 342.91 inches
2025-05-16 16:55:33,823 - processing - INFO - Found 7 attachment(s) below neutral:
2025-05-16 16:55:33,824 - processing - INFO -   1. CPS ENERGY Neutral at height 27'-1"
2025-05-16 16:55:33,824 - processing - INFO -   2. CPS ENERGY Street Light Feed at height 27'-1"
2025-05-16 16:55:33,824 - processing - INFO -   3. CPS ENERGY Supply Fiber at height 25'-10"
2025-05-16 16:55:33,825 - processing - INFO -   4. AT&T Fiber Optic Com at height 21'-6"
2025-05-16 16:55:33,825 - processing - INFO -   5. AT&T Telco Com at height 20'-6"
2025-05-16 16:55:33,825 - processing - INFO -   6. CPS ENERGY Service at height 27'-1"
2025-05-16 16:55:33,826 - processing - INFO -   7. Charter Fiber Optic Com at height 21'-6"
2025-05-16 16:55:33,826 - processing - INFO - ==================================================
2025-05-16 16:55:33,903 - processing - INFO - Processing attachments below neutral for pole PL404474
2025-05-16 16:55:33,908 - processing - INFO - 
==================================================
2025-05-16 16:55:33,909 - processing - INFO - POLE SUMMARY: PL404474
2025-05-16 16:55:33,909 - processing - INFO - ==================================================
2025-05-16 16:55:33,909 - processing - INFO - Found 3 neutral wire(s):
2025-05-16 16:55:33,909 - processing - INFO -   1. CPS ENERGY Neutral at height 311.85 inches (source: katapult)
2025-05-16 16:55:33,910 - processing - INFO -   2. CPS Energy  at height 312.00016848000007 inches (source: spidacalc)
2025-05-16 16:55:33,910 - processing - INFO -   3. CPS Energy  at height 312.00016848000007 inches (source: spidacalc)
2025-05-16 16:55:33,911 - processing - INFO - Highest neutral: CPS Energy  at height 312.00016848000007 inches
2025-05-16 16:55:33,911 - processing - INFO - Found 6 attachment(s) below neutral:
2025-05-16 16:55:33,912 - processing - INFO -   1. CPS ENERGY Neutral at height 25'-12"
2025-05-16 16:55:33,912 - processing - INFO -   2. CPS ENERGY Supply Fiber at height 24'-6"
2025-05-16 16:55:33,913 - processing - INFO -   3. AT&T Fiber Optic Com at height 22'-9"
2025-05-16 16:55:33,913 - processing - INFO -   4. AT&T Telco Com at height 21'-7"
2025-05-16 16:55:33,913 - processing - INFO -   5. CPS ENERGY Street Light Feed at height 25'-12"
2025-05-16 16:55:33,914 - processing - INFO -   6. Charter Fiber Optic Com at height 21'-7"
2025-05-16 16:55:33,914 - processing - INFO - ==================================================
2025-05-16 16:55:33,968 - processing - INFO - Processing attachments below neutral for pole PL401451
2025-05-16 16:55:33,973 - processing - INFO - 
==================================================
2025-05-16 16:55:33,973 - processing - INFO - POLE SUMMARY: PL401451
2025-05-16 16:55:33,974 - processing - INFO - ==================================================
2025-05-16 16:55:33,974 - processing - INFO - Found 2 neutral wire(s):
2025-05-16 16:55:33,975 - processing - INFO -   1. CPS ENERGY Neutral at height 318.97 inches (source: katapult)
2025-05-16 16:55:33,975 - processing - INFO -   2. CPS ENERGY Neutral at height 314.28 inches (source: katapult)
2025-05-16 16:55:33,975 - processing - INFO - Highest neutral: CPS ENERGY Neutral at height 318.97 inches
2025-05-16 16:55:33,976 - processing - INFO - Found 4 attachment(s) below neutral:
2025-05-16 16:55:33,976 - processing - INFO -   1. CPS ENERGY Neutral at height 26'-7"
2025-05-16 16:55:33,977 - processing - INFO -   2. CPS ENERGY Supply Fiber at height 24'-11"
2025-05-16 16:55:33,977 - processing - INFO -   3. AT&T Fiber Optic Com at height 22'-6"
2025-05-16 16:55:33,977 - processing - INFO -   4. AT&T Telco Com at height 21'-3"
2025-05-16 16:55:33,978 - processing - INFO - ==================================================
2025-05-16 16:55:34,068 - processing - INFO - Processing attachments below neutral for pole PL398491
2025-05-16 16:55:34,075 - processing - INFO - 
==================================================
2025-05-16 16:55:34,076 - processing - INFO - POLE SUMMARY: PL398491
2025-05-16 16:55:34,076 - processing - INFO - ==================================================
2025-05-16 16:55:34,077 - processing - INFO - Found 4 neutral wire(s):
2025-05-16 16:55:34,077 - processing - INFO -   1. CPS ENERGY Neutral at height 325.34 inches (source: katapult)
2025-05-16 16:55:34,078 - processing - INFO -   2. CPS ENERGY Neutral at height 322.75 inches (source: katapult)
2025-05-16 16:55:34,078 - processing - INFO -   3. CPS Energy  at height 324.00017496000004 inches (source: spidacalc)
2025-05-16 16:55:34,079 - processing - INFO -   4. CPS Energy  at height 327.0001765800001 inches (source: spidacalc)
2025-05-16 16:55:34,079 - processing - INFO - Highest neutral: CPS Energy  at height 327.0001765800001 inches
2025-05-16 16:55:34,079 - processing - INFO - Found 12 attachment(s) below neutral:
2025-05-16 16:55:34,080 - processing - INFO -   1. AT&T Com Drop at height 19'-8"
2025-05-16 16:55:34,080 - processing - INFO -   2. CPS ENERGY Service at height 27'-1"
2025-05-16 16:55:34,081 - processing - INFO -   3. AT&T Com Drop at height 19'-6"
2025-05-16 16:55:34,081 - processing - INFO -   4. AT&T Com Drop at height 19'-6"
2025-05-16 16:55:34,082 - processing - INFO -   5. CPS ENERGY Neutral at height 27'-1"
2025-05-16 16:55:34,082 - processing - INFO -   6. CPS ENERGY Neutral at height 26'-11"
2025-05-16 16:55:34,083 - processing - INFO -   7. CPS ENERGY Supply Fiber at height 25'-6"
2025-05-16 16:55:34,083 - processing - INFO -   8. AT&T Fiber Optic Com at height 21'-4"
2025-05-16 16:55:34,083 - processing - INFO -   9. AT&T Telco Com at height 20'-4"
2025-05-16 16:55:34,084 - processing - INFO -   10. AT&T Com Drop at height 19'-8"
2025-05-16 16:55:34,084 - processing - INFO -   11. Charter Fiber Optic Com at height 22'-4"
2025-05-16 16:55:34,084 - processing - INFO -   12. CPS ENERGY Supply Fiber at height 25'-9"
2025-05-16 16:55:34,085 - processing - INFO - ==================================================
2025-05-16 16:55:34,207 - processing - INFO - Processing attachments below neutral for pole PL410620
2025-05-16 16:55:34,213 - processing - INFO - 
==================================================
2025-05-16 16:55:34,214 - processing - INFO - POLE SUMMARY: PL410620
2025-05-16 16:55:34,214 - processing - INFO - ==================================================
2025-05-16 16:55:34,214 - processing - INFO - Found 3 neutral wire(s):
2025-05-16 16:55:34,215 - processing - INFO -   1. CPS ENERGY Neutral at height 354.28 inches (source: katapult)
2025-05-16 16:55:34,215 - processing - INFO -   2. CPS Energy  at height 354.0001911600001 inches (source: spidacalc)
2025-05-16 16:55:34,216 - processing - INFO -   3. CPS Energy  at height 354.0001911600001 inches (source: spidacalc)
2025-05-16 16:55:34,216 - processing - INFO - Highest neutral: CPS ENERGY Neutral at height 354.28 inches
2025-05-16 16:55:34,217 - processing - INFO - Found 6 attachment(s) below neutral:
2025-05-16 16:55:34,217 - processing - INFO -   1. CPS ENERGY Neutral at height 29'-6"
2025-05-16 16:55:34,217 - processing - INFO -   2. CPS ENERGY Supply Fiber at height 27'-12"
2025-05-16 16:55:34,218 - processing - INFO -   3. AT&T Fiber Optic Com at height 23'-7"
2025-05-16 16:55:34,218 - processing - INFO -   4. AT&T Telco Com at height 22'-4"
2025-05-16 16:55:34,218 - processing - INFO -   5. AT&T Com Drop at height 21'-5"
2025-05-16 16:55:34,219 - processing - INFO -   6. Charter Fiber Optic Com at height 24'-7"
2025-05-16 16:55:34,219 - processing - INFO - ==================================================
2025-05-16 16:55:34,253 - processing - INFO - Processing attachments below neutral for pole {'-Imported': 'PL410595'}
2025-05-16 16:55:34,255 - processing - INFO - 
==================================================
2025-05-16 16:55:34,255 - processing - INFO - POLE SUMMARY: {'-Imported': 'PL410595'}
2025-05-16 16:55:34,256 - processing - INFO - ==================================================
2025-05-16 16:55:34,256 - processing - INFO - Found 0 neutral wire(s):
2025-05-16 16:55:34,257 - processing - INFO - No neutral wires found!
2025-05-16 16:55:34,257 - processing - INFO - Found 0 attachment(s) below neutral:
2025-05-16 16:55:34,257 - processing - INFO - ==================================================
2025-05-16 16:55:34,305 - processing - INFO - Processing attachments below neutral for pole PL389359
2025-05-16 16:55:34,310 - processing - INFO - 
==================================================
2025-05-16 16:55:34,310 - processing - INFO - POLE SUMMARY: PL389359
2025-05-16 16:55:34,311 - processing - INFO - ==================================================
2025-05-16 16:55:34,311 - processing - INFO - Found 5 neutral wire(s):
2025-05-16 16:55:34,312 - processing - INFO -   1. CPS ENERGY Neutral at height 327.24 inches (source: katapult)
2025-05-16 16:55:34,312 - processing - INFO -   2. CPS ENERGY Neutral at height 327.15 inches (source: katapult)
2025-05-16 16:55:34,312 - processing - INFO -   3. CPS Energy  at height 327.0001765800001 inches (source: spidacalc)
2025-05-16 16:55:34,313 - processing - INFO -   4. CPS Energy  at height 327.0001765800001 inches (source: spidacalc)
2025-05-16 16:55:34,313 - processing - INFO -   5. CPS Energy  at height 327.0001765800001 inches (source: spidacalc)
2025-05-16 16:55:34,314 - processing - INFO - Highest neutral: CPS ENERGY Neutral at height 327.24 inches
2025-05-16 16:55:34,314 - processing - INFO - Found 6 attachment(s) below neutral:
2025-05-16 16:55:34,315 - processing - INFO -   1. CPS ENERGY Neutral at height 27'-3"
2025-05-16 16:55:34,315 - processing - INFO -   2. CPS ENERGY Supply Fiber at height 25'-9"
2025-05-16 16:55:34,315 - processing - INFO -   3. AT&T Fiber Optic Com at height 22'-8"
2025-05-16 16:55:34,315 - processing - INFO -   4. AT&T Telco Com at height 21'-8"
2025-05-16 16:55:34,316 - processing - INFO -   5. CPS ENERGY Neutral at height 27'-3"
2025-05-16 16:55:34,316 - processing - INFO -   6. Charter Fiber Optic Com at height 22'-12"
2025-05-16 16:55:34,316 - processing - INFO - ==================================================
