2025-05-16 16:44:45,800 - processing - INFO - Processing attachments below neutral for pole PL370858
2025-05-16 16:44:45,808 - processing - INFO - 
==================================================
2025-05-16 16:44:45,809 - processing - INFO - POLE SUMMARY: PL370858
2025-05-16 16:44:45,810 - processing - INFO - ==================================================
2025-05-16 16:44:45,810 - processing - INFO - Found 3 neutral wire(s):
2025-05-16 16:44:45,810 - processing - INFO -   1. CPS ENERGY Neutral at height 317.6 inches (source: katapult)
2025-05-16 16:44:45,811 - processing - INFO -   2. CPS Energy  at height 318.0001717200001 inches (source: spidacalc)
2025-05-16 16:44:45,812 - processing - INFO -   3. CPS Energy  at height 318.0001717200001 inches (source: spidacalc)
2025-05-16 16:44:45,812 - processing - INFO - Highest neutral: CPS Energy  at height 318.0001717200001 inches
2025-05-16 16:44:45,813 - processing - INFO - Found 5 attachment(s) below neutral:
2025-05-16 16:44:45,814 - processing - INFO -   1. CPS ENERGY Neutral at height 26'-6"
2025-05-16 16:44:45,814 - processing - INFO -   2. CPS ENERGY Supply Fiber at height 25'-5"
2025-05-16 16:44:45,814 - processing - INFO -   3. AT&T Fiber Optic Com at height 22'-10"
2025-05-16 16:44:45,815 - processing - INFO -   4. AT&T Telco Com at height 21'-10"
2025-05-16 16:44:45,815 - processing - INFO -   5. Charter Fiber Optic Com at height 22'-1"
2025-05-16 16:44:45,816 - processing - INFO - ==================================================
2025-05-16 16:44:45,902 - processing - INFO - Processing attachments below neutral for pole PL379971
2025-05-16 16:44:45,905 - processing - INFO - 
==================================================
2025-05-16 16:44:45,906 - processing - INFO - POLE SUMMARY: PL379971
2025-05-16 16:44:45,906 - processing - INFO - ==================================================
2025-05-16 16:44:45,907 - processing - INFO - Found 1 neutral wire(s):
2025-05-16 16:44:45,907 - processing - INFO -   1. CPS ENERGY Neutral at height 316.48 inches (source: katapult)
2025-05-16 16:44:45,907 - processing - INFO - Highest neutral: CPS ENERGY Neutral at height 316.48 inches
2025-05-16 16:44:45,908 - processing - INFO - Found 4 attachment(s) below neutral:
2025-05-16 16:44:45,908 - processing - INFO -   1. CPS ENERGY Neutral at height 26'-4"
2025-05-16 16:44:45,909 - processing - INFO -   2. CPS ENERGY Supply Fiber at height 24'-9"
2025-05-16 16:44:45,909 - processing - INFO -   3. AT&T Fiber Optic Com at height 23'-9"
2025-05-16 16:44:45,909 - processing - INFO -   4. AT&T Telco Com at height 22'-9"
2025-05-16 16:44:45,909 - processing - INFO - ==================================================
2025-05-16 16:44:45,957 - processing - INFO - Processing attachments below neutral for pole PL379966
2025-05-16 16:44:45,961 - processing - INFO - 
==================================================
2025-05-16 16:44:45,961 - processing - INFO - POLE SUMMARY: PL379966
2025-05-16 16:44:45,962 - processing - INFO - ==================================================
2025-05-16 16:44:45,962 - processing - INFO - Found 1 neutral wire(s):
2025-05-16 16:44:45,962 - processing - INFO -   1. CPS ENERGY Neutral at height 330.61 inches (source: katapult)
2025-05-16 16:44:45,963 - processing - INFO - Highest neutral: CPS ENERGY Neutral at height 330.61 inches
2025-05-16 16:44:45,963 - processing - INFO - Found 4 attachment(s) below neutral:
2025-05-16 16:44:45,963 - processing - INFO -   1. CPS ENERGY Neutral at height 27'-7"
2025-05-16 16:44:45,963 - processing - INFO -   2. CPS ENERGY Supply Fiber at height 26'-4"
2025-05-16 16:44:45,964 - processing - INFO -   3. AT&T Fiber Optic Com at height 23'-7"
2025-05-16 16:44:45,964 - processing - INFO -   4. AT&T Telco Com at height 22'-7"
2025-05-16 16:44:45,964 - processing - INFO - ==================================================
2025-05-16 16:44:46,048 - processing - INFO - Processing attachments below neutral for pole PL373937
2025-05-16 16:44:46,052 - processing - INFO - 
==================================================
2025-05-16 16:44:46,053 - processing - INFO - POLE SUMMARY: PL373937
2025-05-16 16:44:46,053 - processing - INFO - ==================================================
2025-05-16 16:44:46,053 - processing - INFO - Found 1 neutral wire(s):
2025-05-16 16:44:46,054 - processing - INFO -   1. CPS ENERGY Neutral at height 463.93 inches (source: katapult)
2025-05-16 16:44:46,054 - processing - INFO - Highest neutral: CPS ENERGY Neutral at height 463.93 inches
2025-05-16 16:44:46,055 - processing - INFO - Found 5 attachment(s) below neutral:
2025-05-16 16:44:46,055 - processing - INFO -   1. CPS ENERGY Neutral at height 38'-8"
2025-05-16 16:44:46,055 - processing - INFO -   2. CPS ENERGY Supply Fiber at height 36'-8"
2025-05-16 16:44:46,056 - processing - INFO -   3. AT&T Fiber Optic Com at height 32'-8"
2025-05-16 16:44:46,056 - processing - INFO -   4. AT&T Telco Com at height 27'-6"
2025-05-16 16:44:46,056 - processing - INFO -   5. CPS ENERGY Supply Fiber at height 36'-5"
2025-05-16 16:44:46,057 - processing - INFO - ==================================================
2025-05-16 16:44:46,158 - processing - INFO - Processing attachments below neutral for pole PL404475
2025-05-16 16:44:46,164 - processing - INFO - 
==================================================
2025-05-16 16:44:46,164 - processing - INFO - POLE SUMMARY: PL404475
2025-05-16 16:44:46,165 - processing - INFO - ==================================================
2025-05-16 16:44:46,165 - processing - INFO - Found 3 neutral wire(s):
2025-05-16 16:44:46,166 - processing - INFO -   1. CPS ENERGY Neutral at height 463.45 inches (source: katapult)
2025-05-16 16:44:46,166 - processing - INFO -   2. CPS ENERGY Neutral at height 432.76 inches (source: katapult)
2025-05-16 16:44:46,167 - processing - INFO -   3. CPS ENERGY Neutral at height 432.92 inches (source: katapult)
2025-05-16 16:44:46,167 - processing - INFO - Highest neutral: CPS ENERGY Neutral at height 463.45 inches
2025-05-16 16:44:46,168 - processing - INFO - Found 7 attachment(s) below neutral:
2025-05-16 16:44:46,168 - processing - INFO -   1. CPS ENERGY Neutral at height 38'-7"
2025-05-16 16:44:46,168 - processing - INFO -   2. CPS ENERGY Supply Fiber at height 37'-1"
2025-05-16 16:44:46,169 - processing - INFO -   3. AT&T Fiber Optic Com at height 31'-5"
2025-05-16 16:44:46,169 - processing - INFO -   4. AT&T Telco Com at height 21'-1"
2025-05-16 16:44:46,170 - processing - INFO -   5. CPS ENERGY Neutral at height 36'-1"
2025-05-16 16:44:46,170 - processing - INFO -   6. CPS ENERGY Neutral at height 36'-1"
2025-05-16 16:44:46,170 - processing - INFO -   7. CPS ENERGY Supply Fiber at height 36'-10"
2025-05-16 16:44:46,171 - processing - INFO - ==================================================
2025-05-16 16:44:46,225 - processing - INFO - Processing attachments below neutral for pole PL373935
2025-05-16 16:44:46,228 - processing - INFO - 
==================================================
2025-05-16 16:44:46,229 - processing - INFO - POLE SUMMARY: PL373935
2025-05-16 16:44:46,229 - processing - INFO - ==================================================
2025-05-16 16:44:46,229 - processing - INFO - Found 1 neutral wire(s):
2025-05-16 16:44:46,230 - processing - INFO -   1. CPS ENERGY Neutral at height 350.65 inches (source: katapult)
2025-05-16 16:44:46,230 - processing - INFO - Highest neutral: CPS ENERGY Neutral at height 350.65 inches
2025-05-16 16:44:46,230 - processing - INFO - Found 4 attachment(s) below neutral:
2025-05-16 16:44:46,231 - processing - INFO -   1. CPS ENERGY Neutral at height 29'-3"
2025-05-16 16:44:46,231 - processing - INFO -   2. CPS ENERGY Supply Fiber at height 27'-9"
2025-05-16 16:44:46,232 - processing - INFO -   3. AT&T Fiber Optic Com at height 24'-10"
2025-05-16 16:44:46,232 - processing - INFO -   4. AT&T Telco Com at height 23'-12"
2025-05-16 16:44:46,233 - processing - INFO - ==================================================
2025-05-16 16:44:46,283 - processing - INFO - Processing attachments below neutral for pole PL398490
2025-05-16 16:44:46,286 - processing - INFO - 
==================================================
2025-05-16 16:44:46,287 - processing - INFO - POLE SUMMARY: PL398490
2025-05-16 16:44:46,287 - processing - INFO - ==================================================
2025-05-16 16:44:46,287 - processing - INFO - Found 1 neutral wire(s):
2025-05-16 16:44:46,288 - processing - INFO -   1. CPS ENERGY Neutral at height 326.42 inches (source: katapult)
2025-05-16 16:44:46,288 - processing - INFO - Highest neutral: CPS ENERGY Neutral at height 326.42 inches
2025-05-16 16:44:46,288 - processing - INFO - Found 5 attachment(s) below neutral:
2025-05-16 16:44:46,289 - processing - INFO -   1. CPS ENERGY Neutral at height 27'-2"
2025-05-16 16:44:46,289 - processing - INFO -   2. CPS ENERGY Supply Fiber at height 26'-0"
2025-05-16 16:44:46,289 - processing - INFO -   3. AT&T Fiber Optic Com at height 24'-10"
2025-05-16 16:44:46,290 - processing - INFO -   4. AT&T Telco Com at height 23'-11"
2025-05-16 16:44:46,290 - processing - INFO -   5. CPS ENERGY Street Light Feed at height 27'-2"
2025-05-16 16:44:46,290 - processing - INFO - ==================================================
2025-05-16 16:44:46,366 - processing - INFO - Processing attachments below neutral for pole PL900997
2025-05-16 16:44:46,374 - processing - INFO - 
==================================================
2025-05-16 16:44:46,374 - processing - INFO - POLE SUMMARY: PL900997
2025-05-16 16:44:46,375 - processing - INFO - ==================================================
2025-05-16 16:44:46,375 - processing - INFO - Found 4 neutral wire(s):
2025-05-16 16:44:46,375 - processing - INFO -   1. CPS ENERGY Neutral at height 324.73 inches (source: katapult)
2025-05-16 16:44:46,376 - processing - INFO -   2. CPS ENERGY Neutral at height 342.91 inches (source: katapult)
2025-05-16 16:44:46,376 - processing - INFO -   3. CPS Energy  at height 325.0001755 inches (source: spidacalc)
2025-05-16 16:44:46,376 - processing - INFO -   4. CPS Energy  at height 325.0001755 inches (source: spidacalc)
2025-05-16 16:44:46,377 - processing - INFO - Highest neutral: CPS ENERGY Neutral at height 342.91 inches
2025-05-16 16:44:46,377 - processing - INFO - Found 7 attachment(s) below neutral:
2025-05-16 16:44:46,378 - processing - INFO -   1. CPS ENERGY Neutral at height 27'-1"
2025-05-16 16:44:46,378 - processing - INFO -   2. CPS ENERGY Street Light Feed at height 27'-1"
2025-05-16 16:44:46,378 - processing - INFO -   3. CPS ENERGY Supply Fiber at height 25'-10"
2025-05-16 16:44:46,378 - processing - INFO -   4. AT&T Fiber Optic Com at height 21'-6"
2025-05-16 16:44:46,379 - processing - INFO -   5. AT&T Telco Com at height 20'-6"
2025-05-16 16:44:46,379 - processing - INFO -   6. CPS ENERGY Service at height 27'-1"
2025-05-16 16:44:46,379 - processing - INFO -   7. Charter Fiber Optic Com at height 21'-6"
2025-05-16 16:44:46,380 - processing - INFO - ==================================================
2025-05-16 16:44:46,458 - processing - INFO - Processing attachments below neutral for pole PL404474
2025-05-16 16:44:46,463 - processing - INFO - 
==================================================
2025-05-16 16:44:46,463 - processing - INFO - POLE SUMMARY: PL404474
2025-05-16 16:44:46,463 - processing - INFO - ==================================================
2025-05-16 16:44:46,464 - processing - INFO - Found 3 neutral wire(s):
2025-05-16 16:44:46,464 - processing - INFO -   1. CPS ENERGY Neutral at height 311.85 inches (source: katapult)
2025-05-16 16:44:46,464 - processing - INFO -   2. CPS Energy  at height 312.00016848000007 inches (source: spidacalc)
2025-05-16 16:44:46,465 - processing - INFO -   3. CPS Energy  at height 312.00016848000007 inches (source: spidacalc)
2025-05-16 16:44:46,465 - processing - INFO - Highest neutral: CPS Energy  at height 312.00016848000007 inches
2025-05-16 16:44:46,466 - processing - INFO - Found 6 attachment(s) below neutral:
2025-05-16 16:44:46,466 - processing - INFO -   1. CPS ENERGY Neutral at height 25'-12"
2025-05-16 16:44:46,467 - processing - INFO -   2. CPS ENERGY Supply Fiber at height 24'-6"
2025-05-16 16:44:46,467 - processing - INFO -   3. AT&T Fiber Optic Com at height 22'-9"
2025-05-16 16:44:46,467 - processing - INFO -   4. AT&T Telco Com at height 21'-7"
2025-05-16 16:44:46,467 - processing - INFO -   5. CPS ENERGY Street Light Feed at height 25'-12"
2025-05-16 16:44:46,468 - processing - INFO -   6. Charter Fiber Optic Com at height 21'-7"
2025-05-16 16:44:46,468 - processing - INFO - ==================================================
2025-05-16 16:44:46,524 - processing - INFO - Processing attachments below neutral for pole PL401451
2025-05-16 16:44:46,529 - processing - INFO - 
==================================================
2025-05-16 16:44:46,529 - processing - INFO - POLE SUMMARY: PL401451
2025-05-16 16:44:46,530 - processing - INFO - ==================================================
2025-05-16 16:44:46,530 - processing - INFO - Found 2 neutral wire(s):
2025-05-16 16:44:46,530 - processing - INFO -   1. CPS ENERGY Neutral at height 318.97 inches (source: katapult)
2025-05-16 16:44:46,531 - processing - INFO -   2. CPS ENERGY Neutral at height 314.28 inches (source: katapult)
2025-05-16 16:44:46,531 - processing - INFO - Highest neutral: CPS ENERGY Neutral at height 318.97 inches
2025-05-16 16:44:46,532 - processing - INFO - Found 4 attachment(s) below neutral:
2025-05-16 16:44:46,532 - processing - INFO -   1. CPS ENERGY Neutral at height 26'-7"
2025-05-16 16:44:46,532 - processing - INFO -   2. CPS ENERGY Supply Fiber at height 24'-11"
2025-05-16 16:44:46,533 - processing - INFO -   3. AT&T Fiber Optic Com at height 22'-6"
2025-05-16 16:44:46,533 - processing - INFO -   4. AT&T Telco Com at height 21'-3"
2025-05-16 16:44:46,533 - processing - INFO - ==================================================
2025-05-16 16:44:46,623 - processing - INFO - Processing attachments below neutral for pole PL398491
2025-05-16 16:44:46,630 - processing - INFO - 
==================================================
2025-05-16 16:44:46,630 - processing - INFO - POLE SUMMARY: PL398491
2025-05-16 16:44:46,631 - processing - INFO - ==================================================
2025-05-16 16:44:46,631 - processing - INFO - Found 4 neutral wire(s):
2025-05-16 16:44:46,631 - processing - INFO -   1. CPS ENERGY Neutral at height 325.34 inches (source: katapult)
2025-05-16 16:44:46,631 - processing - INFO -   2. CPS ENERGY Neutral at height 322.75 inches (source: katapult)
2025-05-16 16:44:46,632 - processing - INFO -   3. CPS Energy  at height 324.00017496000004 inches (source: spidacalc)
2025-05-16 16:44:46,633 - processing - INFO -   4. CPS Energy  at height 327.0001765800001 inches (source: spidacalc)
2025-05-16 16:44:46,633 - processing - INFO - Highest neutral: CPS Energy  at height 327.0001765800001 inches
2025-05-16 16:44:46,634 - processing - INFO - Found 12 attachment(s) below neutral:
2025-05-16 16:44:46,634 - processing - INFO -   1. AT&T Com Drop at height 19'-8"
2025-05-16 16:44:46,634 - processing - INFO -   2. CPS ENERGY Service at height 27'-1"
2025-05-16 16:44:46,635 - processing - INFO -   3. AT&T Com Drop at height 19'-6"
2025-05-16 16:44:46,635 - processing - INFO -   4. AT&T Com Drop at height 19'-6"
2025-05-16 16:44:46,635 - processing - INFO -   5. CPS ENERGY Neutral at height 27'-1"
2025-05-16 16:44:46,636 - processing - INFO -   6. CPS ENERGY Neutral at height 26'-11"
2025-05-16 16:44:46,636 - processing - INFO -   7. CPS ENERGY Supply Fiber at height 25'-6"
2025-05-16 16:44:46,636 - processing - INFO -   8. AT&T Fiber Optic Com at height 21'-4"
2025-05-16 16:44:46,637 - processing - INFO -   9. AT&T Telco Com at height 20'-4"
2025-05-16 16:44:46,637 - processing - INFO -   10. AT&T Com Drop at height 19'-8"
2025-05-16 16:44:46,637 - processing - INFO -   11. Charter Fiber Optic Com at height 22'-4"
2025-05-16 16:44:46,638 - processing - INFO -   12. CPS ENERGY Supply Fiber at height 25'-9"
2025-05-16 16:44:46,638 - processing - INFO - ==================================================
2025-05-16 16:44:46,765 - processing - INFO - Processing attachments below neutral for pole PL410620
2025-05-16 16:44:46,769 - processing - INFO - 
==================================================
2025-05-16 16:44:46,770 - processing - INFO - POLE SUMMARY: PL410620
2025-05-16 16:44:46,770 - processing - INFO - ==================================================
2025-05-16 16:44:46,770 - processing - INFO - Found 3 neutral wire(s):
2025-05-16 16:44:46,770 - processing - INFO -   1. CPS ENERGY Neutral at height 354.28 inches (source: katapult)
2025-05-16 16:44:46,771 - processing - INFO -   2. CPS Energy  at height 354.0001911600001 inches (source: spidacalc)
2025-05-16 16:44:46,771 - processing - INFO -   3. CPS Energy  at height 354.0001911600001 inches (source: spidacalc)
2025-05-16 16:44:46,772 - processing - INFO - Highest neutral: CPS ENERGY Neutral at height 354.28 inches
2025-05-16 16:44:46,772 - processing - INFO - Found 6 attachment(s) below neutral:
2025-05-16 16:44:46,773 - processing - INFO -   1. CPS ENERGY Neutral at height 29'-6"
2025-05-16 16:44:46,773 - processing - INFO -   2. CPS ENERGY Supply Fiber at height 27'-12"
2025-05-16 16:44:46,773 - processing - INFO -   3. AT&T Fiber Optic Com at height 23'-7"
2025-05-16 16:44:46,773 - processing - INFO -   4. AT&T Telco Com at height 22'-4"
2025-05-16 16:44:46,774 - processing - INFO -   5. AT&T Com Drop at height 21'-5"
2025-05-16 16:44:46,774 - processing - INFO -   6. Charter Fiber Optic Com at height 24'-7"
2025-05-16 16:44:46,774 - processing - INFO - ==================================================
2025-05-16 16:44:46,852 - processing - INFO - Processing attachments below neutral for pole PL389359
2025-05-16 16:44:46,858 - processing - INFO - 
==================================================
2025-05-16 16:44:46,859 - processing - INFO - POLE SUMMARY: PL389359
2025-05-16 16:44:46,859 - processing - INFO - ==================================================
2025-05-16 16:44:46,860 - processing - INFO - Found 5 neutral wire(s):
2025-05-16 16:44:46,860 - processing - INFO -   1. CPS ENERGY Neutral at height 327.24 inches (source: katapult)
2025-05-16 16:44:46,860 - processing - INFO -   2. CPS ENERGY Neutral at height 327.15 inches (source: katapult)
2025-05-16 16:44:46,861 - processing - INFO -   3. CPS Energy  at height 327.0001765800001 inches (source: spidacalc)
2025-05-16 16:44:46,861 - processing - INFO -   4. CPS Energy  at height 327.0001765800001 inches (source: spidacalc)
2025-05-16 16:44:46,862 - processing - INFO -   5. CPS Energy  at height 327.0001765800001 inches (source: spidacalc)
2025-05-16 16:44:46,862 - processing - INFO - Highest neutral: CPS ENERGY Neutral at height 327.24 inches
2025-05-16 16:44:46,862 - processing - INFO - Found 6 attachment(s) below neutral:
2025-05-16 16:44:46,863 - processing - INFO -   1. CPS ENERGY Neutral at height 27'-3"
2025-05-16 16:44:46,863 - processing - INFO -   2. CPS ENERGY Supply Fiber at height 25'-9"
2025-05-16 16:44:46,863 - processing - INFO -   3. AT&T Fiber Optic Com at height 22'-8"
2025-05-16 16:44:46,864 - processing - INFO -   4. AT&T Telco Com at height 21'-8"
2025-05-16 16:44:46,864 - processing - INFO -   5. CPS ENERGY Neutral at height 27'-3"
2025-05-16 16:44:46,865 - processing - INFO -   6. Charter Fiber Optic Com at height 22'-12"
2025-05-16 16:44:46,865 - processing - INFO - ==================================================
