2025-05-16 16:56:58,393 - processing - INFO - Processing attachments below neutral for pole PL370858
2025-05-16 16:56:58,398 - processing - INFO - 
==================================================
2025-05-16 16:56:58,398 - processing - INFO - POLE SUMMARY: PL370858
2025-05-16 16:56:58,398 - processing - INFO - ==================================================
2025-05-16 16:56:58,399 - processing - INFO - Found 3 neutral wire(s):
2025-05-16 16:56:58,399 - processing - INFO -   1. CPS ENERGY Neutral at height 317.6 inches (source: katapult)
2025-05-16 16:56:58,400 - processing - INFO -   2. CPS Energy  at height 318.0001717200001 inches (source: spidacalc)
2025-05-16 16:56:58,401 - processing - INFO -   3. CPS Energy  at height 318.0001717200001 inches (source: spidacalc)
2025-05-16 16:56:58,402 - processing - INFO - Highest neutral: CPS Energy  at height 318.0001717200001 inches
2025-05-16 16:56:58,402 - processing - INFO - Found 5 attachment(s) below neutral:
2025-05-16 16:56:58,403 - processing - INFO -   1. CPS ENERGY Neutral at height 26'-6"
2025-05-16 16:56:58,403 - processing - INFO -   2. CPS ENERGY Supply Fiber at height 25'-5"
2025-05-16 16:56:58,403 - processing - INFO -   3. AT&T Fiber Optic Com at height 22'-10"
2025-05-16 16:56:58,404 - processing - INFO -   4. AT&T Telco Com at height 21'-10"
2025-05-16 16:56:58,404 - processing - INFO -   5. Charter Fiber Optic Com at height 22'-1"
2025-05-16 16:56:58,404 - processing - INFO - ==================================================
2025-05-16 16:56:58,460 - processing - INFO - Processing attachments below neutral for pole PL379971
2025-05-16 16:56:58,463 - processing - INFO - 
==================================================
2025-05-16 16:56:58,463 - processing - INFO - POLE SUMMARY: PL379971
2025-05-16 16:56:58,463 - processing - INFO - ==================================================
2025-05-16 16:56:58,464 - processing - INFO - Found 1 neutral wire(s):
2025-05-16 16:56:58,464 - processing - INFO -   1. CPS ENERGY Neutral at height 316.48 inches (source: katapult)
2025-05-16 16:56:58,464 - processing - INFO - Highest neutral: CPS ENERGY Neutral at height 316.48 inches
2025-05-16 16:56:58,465 - processing - INFO - Found 4 attachment(s) below neutral:
2025-05-16 16:56:58,465 - processing - INFO -   1. CPS ENERGY Neutral at height 26'-4"
2025-05-16 16:56:58,465 - processing - INFO -   2. CPS ENERGY Supply Fiber at height 24'-9"
2025-05-16 16:56:58,465 - processing - INFO -   3. AT&T Fiber Optic Com at height 23'-9"
2025-05-16 16:56:58,466 - processing - INFO -   4. AT&T Telco Com at height 22'-9"
2025-05-16 16:56:58,466 - processing - INFO - ==================================================
2025-05-16 16:56:58,498 - processing - INFO - Processing attachments below neutral for pole PL379966
2025-05-16 16:56:58,500 - processing - INFO - 
==================================================
2025-05-16 16:56:58,500 - processing - INFO - POLE SUMMARY: PL379966
2025-05-16 16:56:58,501 - processing - INFO - ==================================================
2025-05-16 16:56:58,501 - processing - INFO - Found 1 neutral wire(s):
2025-05-16 16:56:58,501 - processing - INFO -   1. CPS ENERGY Neutral at height 330.61 inches (source: katapult)
2025-05-16 16:56:58,501 - processing - INFO - Highest neutral: CPS ENERGY Neutral at height 330.61 inches
2025-05-16 16:56:58,501 - processing - INFO - Found 4 attachment(s) below neutral:
2025-05-16 16:56:58,502 - processing - INFO -   1. CPS ENERGY Neutral at height 27'-7"
2025-05-16 16:56:58,502 - processing - INFO -   2. CPS ENERGY Supply Fiber at height 26'-4"
2025-05-16 16:56:58,502 - processing - INFO -   3. AT&T Fiber Optic Com at height 23'-7"
2025-05-16 16:56:58,502 - processing - INFO -   4. AT&T Telco Com at height 22'-7"
2025-05-16 16:56:58,503 - processing - INFO - ==================================================
2025-05-16 16:56:58,562 - processing - INFO - Processing attachments below neutral for pole PL373937
2025-05-16 16:56:58,566 - processing - INFO - 
==================================================
2025-05-16 16:56:58,566 - processing - INFO - POLE SUMMARY: PL373937
2025-05-16 16:56:58,567 - processing - INFO - ==================================================
2025-05-16 16:56:58,567 - processing - INFO - Found 1 neutral wire(s):
2025-05-16 16:56:58,567 - processing - INFO -   1. CPS ENERGY Neutral at height 463.93 inches (source: katapult)
2025-05-16 16:56:58,567 - processing - INFO - Highest neutral: CPS ENERGY Neutral at height 463.93 inches
2025-05-16 16:56:58,568 - processing - INFO - Found 5 attachment(s) below neutral:
2025-05-16 16:56:58,568 - processing - INFO -   1. CPS ENERGY Neutral at height 38'-8"
2025-05-16 16:56:58,568 - processing - INFO -   2. CPS ENERGY Supply Fiber at height 36'-8"
2025-05-16 16:56:58,569 - processing - INFO -   3. AT&T Fiber Optic Com at height 32'-8"
2025-05-16 16:56:58,569 - processing - INFO -   4. AT&T Telco Com at height 27'-6"
2025-05-16 16:56:58,569 - processing - INFO -   5. CPS ENERGY Supply Fiber at height 36'-5"
2025-05-16 16:56:58,570 - processing - INFO - ==================================================
2025-05-16 16:56:58,650 - processing - INFO - Processing attachments below neutral for pole PL404475
2025-05-16 16:56:58,653 - processing - INFO - 
==================================================
2025-05-16 16:56:58,654 - processing - INFO - POLE SUMMARY: PL404475
2025-05-16 16:56:58,654 - processing - INFO - ==================================================
2025-05-16 16:56:58,655 - processing - INFO - Found 3 neutral wire(s):
2025-05-16 16:56:58,655 - processing - INFO -   1. CPS ENERGY Neutral at height 463.45 inches (source: katapult)
2025-05-16 16:56:58,655 - processing - INFO -   2. CPS ENERGY Neutral at height 432.76 inches (source: katapult)
2025-05-16 16:56:58,656 - processing - INFO -   3. CPS ENERGY Neutral at height 432.92 inches (source: katapult)
2025-05-16 16:56:58,656 - processing - INFO - Highest neutral: CPS ENERGY Neutral at height 463.45 inches
2025-05-16 16:56:58,656 - processing - INFO - Found 7 attachment(s) below neutral:
2025-05-16 16:56:58,656 - processing - INFO -   1. CPS ENERGY Neutral at height 38'-7"
2025-05-16 16:56:58,657 - processing - INFO -   2. CPS ENERGY Supply Fiber at height 37'-1"
2025-05-16 16:56:58,657 - processing - INFO -   3. AT&T Fiber Optic Com at height 31'-5"
2025-05-16 16:56:58,657 - processing - INFO -   4. AT&T Telco Com at height 21'-1"
2025-05-16 16:56:58,657 - processing - INFO -   5. CPS ENERGY Neutral at height 36'-1"
2025-05-16 16:56:58,657 - processing - INFO -   6. CPS ENERGY Neutral at height 36'-1"
2025-05-16 16:56:58,658 - processing - INFO -   7. CPS ENERGY Supply Fiber at height 36'-10"
2025-05-16 16:56:58,658 - processing - INFO - ==================================================
2025-05-16 16:56:58,696 - processing - INFO - Processing attachments below neutral for pole PL373935
2025-05-16 16:56:58,699 - processing - INFO - 
==================================================
2025-05-16 16:56:58,700 - processing - INFO - POLE SUMMARY: PL373935
2025-05-16 16:56:58,700 - processing - INFO - ==================================================
2025-05-16 16:56:58,700 - processing - INFO - Found 1 neutral wire(s):
2025-05-16 16:56:58,701 - processing - INFO -   1. CPS ENERGY Neutral at height 350.65 inches (source: katapult)
2025-05-16 16:56:58,701 - processing - INFO - Highest neutral: CPS ENERGY Neutral at height 350.65 inches
2025-05-16 16:56:58,702 - processing - INFO - Found 4 attachment(s) below neutral:
2025-05-16 16:56:58,702 - processing - INFO -   1. CPS ENERGY Neutral at height 29'-3"
2025-05-16 16:56:58,702 - processing - INFO -   2. CPS ENERGY Supply Fiber at height 27'-9"
2025-05-16 16:56:58,703 - processing - INFO -   3. AT&T Fiber Optic Com at height 24'-10"
2025-05-16 16:56:58,703 - processing - INFO -   4. AT&T Telco Com at height 23'-12"
2025-05-16 16:56:58,703 - processing - INFO - ==================================================
2025-05-16 16:56:58,739 - processing - INFO - Processing attachments below neutral for pole PL398490
2025-05-16 16:56:58,743 - processing - INFO - 
==================================================
2025-05-16 16:56:58,743 - processing - INFO - POLE SUMMARY: PL398490
2025-05-16 16:56:58,743 - processing - INFO - ==================================================
2025-05-16 16:56:58,744 - processing - INFO - Found 1 neutral wire(s):
2025-05-16 16:56:58,744 - processing - INFO -   1. CPS ENERGY Neutral at height 326.42 inches (source: katapult)
2025-05-16 16:56:58,744 - processing - INFO - Highest neutral: CPS ENERGY Neutral at height 326.42 inches
2025-05-16 16:56:58,744 - processing - INFO - Found 5 attachment(s) below neutral:
2025-05-16 16:56:58,745 - processing - INFO -   1. CPS ENERGY Neutral at height 27'-2"
2025-05-16 16:56:58,745 - processing - INFO -   2. CPS ENERGY Supply Fiber at height 26'-0"
2025-05-16 16:56:58,745 - processing - INFO -   3. AT&T Fiber Optic Com at height 24'-10"
2025-05-16 16:56:58,746 - processing - INFO -   4. AT&T Telco Com at height 23'-11"
2025-05-16 16:56:58,746 - processing - INFO -   5. CPS ENERGY Street Light Feed at height 27'-2"
2025-05-16 16:56:58,746 - processing - INFO - ==================================================
2025-05-16 16:56:58,798 - processing - INFO - Processing attachments below neutral for pole PL900997
2025-05-16 16:56:58,804 - processing - INFO - 
==================================================
2025-05-16 16:56:58,804 - processing - INFO - POLE SUMMARY: PL900997
2025-05-16 16:56:58,804 - processing - INFO - ==================================================
2025-05-16 16:56:58,805 - processing - INFO - Found 4 neutral wire(s):
2025-05-16 16:56:58,805 - processing - INFO -   1. CPS ENERGY Neutral at height 324.73 inches (source: katapult)
2025-05-16 16:56:58,805 - processing - INFO -   2. CPS ENERGY Neutral at height 342.91 inches (source: katapult)
2025-05-16 16:56:58,806 - processing - INFO -   3. CPS Energy  at height 325.0001755 inches (source: spidacalc)
2025-05-16 16:56:58,806 - processing - INFO -   4. CPS Energy  at height 325.0001755 inches (source: spidacalc)
2025-05-16 16:56:58,807 - processing - INFO - Highest neutral: CPS ENERGY Neutral at height 342.91 inches
2025-05-16 16:56:58,807 - processing - INFO - Found 7 attachment(s) below neutral:
2025-05-16 16:56:58,807 - processing - INFO -   1. CPS ENERGY Neutral at height 27'-1"
2025-05-16 16:56:58,807 - processing - INFO -   2. CPS ENERGY Street Light Feed at height 27'-1"
2025-05-16 16:56:58,808 - processing - INFO -   3. CPS ENERGY Supply Fiber at height 25'-10"
2025-05-16 16:56:58,808 - processing - INFO -   4. AT&T Fiber Optic Com at height 21'-6"
2025-05-16 16:56:58,808 - processing - INFO -   5. AT&T Telco Com at height 20'-6"
2025-05-16 16:56:58,808 - processing - INFO -   6. CPS ENERGY Service at height 27'-1"
2025-05-16 16:56:58,809 - processing - INFO -   7. Charter Fiber Optic Com at height 21'-6"
2025-05-16 16:56:58,809 - processing - INFO - ==================================================
2025-05-16 16:56:58,873 - processing - INFO - Processing attachments below neutral for pole PL404474
2025-05-16 16:56:58,877 - processing - INFO - 
==================================================
2025-05-16 16:56:58,877 - processing - INFO - POLE SUMMARY: PL404474
2025-05-16 16:56:58,877 - processing - INFO - ==================================================
2025-05-16 16:56:58,878 - processing - INFO - Found 3 neutral wire(s):
2025-05-16 16:56:58,878 - processing - INFO -   1. CPS ENERGY Neutral at height 311.85 inches (source: katapult)
2025-05-16 16:56:58,878 - processing - INFO -   2. CPS Energy  at height 312.00016848000007 inches (source: spidacalc)
2025-05-16 16:56:58,879 - processing - INFO -   3. CPS Energy  at height 312.00016848000007 inches (source: spidacalc)
2025-05-16 16:56:58,879 - processing - INFO - Highest neutral: CPS Energy  at height 312.00016848000007 inches
2025-05-16 16:56:58,880 - processing - INFO - Found 6 attachment(s) below neutral:
2025-05-16 16:56:58,880 - processing - INFO -   1. CPS ENERGY Neutral at height 25'-12"
2025-05-16 16:56:58,880 - processing - INFO -   2. CPS ENERGY Supply Fiber at height 24'-6"
2025-05-16 16:56:58,880 - processing - INFO -   3. AT&T Fiber Optic Com at height 22'-9"
2025-05-16 16:56:58,881 - processing - INFO -   4. AT&T Telco Com at height 21'-7"
2025-05-16 16:56:58,881 - processing - INFO -   5. CPS ENERGY Street Light Feed at height 25'-12"
2025-05-16 16:56:58,881 - processing - INFO -   6. Charter Fiber Optic Com at height 21'-7"
2025-05-16 16:56:58,881 - processing - INFO - ==================================================
2025-05-16 16:56:58,932 - processing - INFO - Processing attachments below neutral for pole PL401451
2025-05-16 16:56:58,937 - processing - INFO - 
==================================================
2025-05-16 16:56:58,937 - processing - INFO - POLE SUMMARY: PL401451
2025-05-16 16:56:58,937 - processing - INFO - ==================================================
2025-05-16 16:56:58,938 - processing - INFO - Found 2 neutral wire(s):
2025-05-16 16:56:58,938 - processing - INFO -   1. CPS ENERGY Neutral at height 318.97 inches (source: katapult)
2025-05-16 16:56:58,938 - processing - INFO -   2. CPS ENERGY Neutral at height 314.28 inches (source: katapult)
2025-05-16 16:56:58,939 - processing - INFO - Highest neutral: CPS ENERGY Neutral at height 318.97 inches
2025-05-16 16:56:58,939 - processing - INFO - Found 4 attachment(s) below neutral:
2025-05-16 16:56:58,939 - processing - INFO -   1. CPS ENERGY Neutral at height 26'-7"
2025-05-16 16:56:58,940 - processing - INFO -   2. CPS ENERGY Supply Fiber at height 24'-11"
2025-05-16 16:56:58,940 - processing - INFO -   3. AT&T Fiber Optic Com at height 22'-6"
2025-05-16 16:56:58,940 - processing - INFO -   4. AT&T Telco Com at height 21'-3"
2025-05-16 16:56:58,940 - processing - INFO - ==================================================
2025-05-16 16:56:59,011 - processing - INFO - Processing attachments below neutral for pole PL398491
2025-05-16 16:56:59,016 - processing - INFO - 
==================================================
2025-05-16 16:56:59,017 - processing - INFO - POLE SUMMARY: PL398491
2025-05-16 16:56:59,017 - processing - INFO - ==================================================
2025-05-16 16:56:59,017 - processing - INFO - Found 4 neutral wire(s):
2025-05-16 16:56:59,018 - processing - INFO -   1. CPS ENERGY Neutral at height 325.34 inches (source: katapult)
2025-05-16 16:56:59,018 - processing - INFO -   2. CPS ENERGY Neutral at height 322.75 inches (source: katapult)
2025-05-16 16:56:59,019 - processing - INFO -   3. CPS Energy  at height 324.00017496000004 inches (source: spidacalc)
2025-05-16 16:56:59,019 - processing - INFO -   4. CPS Energy  at height 327.0001765800001 inches (source: spidacalc)
2025-05-16 16:56:59,020 - processing - INFO - Highest neutral: CPS Energy  at height 327.0001765800001 inches
2025-05-16 16:56:59,020 - processing - INFO - Found 12 attachment(s) below neutral:
2025-05-16 16:56:59,020 - processing - INFO -   1. AT&T Com Drop at height 19'-8"
2025-05-16 16:56:59,020 - processing - INFO -   2. CPS ENERGY Service at height 27'-1"
2025-05-16 16:56:59,021 - processing - INFO -   3. AT&T Com Drop at height 19'-6"
2025-05-16 16:56:59,021 - processing - INFO -   4. AT&T Com Drop at height 19'-6"
2025-05-16 16:56:59,021 - processing - INFO -   5. CPS ENERGY Neutral at height 27'-1"
2025-05-16 16:56:59,022 - processing - INFO -   6. CPS ENERGY Neutral at height 26'-11"
2025-05-16 16:56:59,022 - processing - INFO -   7. CPS ENERGY Supply Fiber at height 25'-6"
2025-05-16 16:56:59,022 - processing - INFO -   8. AT&T Fiber Optic Com at height 21'-4"
2025-05-16 16:56:59,022 - processing - INFO -   9. AT&T Telco Com at height 20'-4"
2025-05-16 16:56:59,023 - processing - INFO -   10. AT&T Com Drop at height 19'-8"
2025-05-16 16:56:59,023 - processing - INFO -   11. Charter Fiber Optic Com at height 22'-4"
2025-05-16 16:56:59,023 - processing - INFO -   12. CPS ENERGY Supply Fiber at height 25'-9"
2025-05-16 16:56:59,024 - processing - INFO - ==================================================
2025-05-16 16:56:59,128 - processing - INFO - Processing attachments below neutral for pole PL410620
2025-05-16 16:56:59,132 - processing - INFO - 
==================================================
2025-05-16 16:56:59,132 - processing - INFO - POLE SUMMARY: PL410620
2025-05-16 16:56:59,132 - processing - INFO - ==================================================
2025-05-16 16:56:59,133 - processing - INFO - Found 3 neutral wire(s):
2025-05-16 16:56:59,133 - processing - INFO -   1. CPS ENERGY Neutral at height 354.28 inches (source: katapult)
2025-05-16 16:56:59,134 - processing - INFO -   2. CPS Energy  at height 354.0001911600001 inches (source: spidacalc)
2025-05-16 16:56:59,134 - processing - INFO -   3. CPS Energy  at height 354.0001911600001 inches (source: spidacalc)
2025-05-16 16:56:59,134 - processing - INFO - Highest neutral: CPS ENERGY Neutral at height 354.28 inches
2025-05-16 16:56:59,135 - processing - INFO - Found 6 attachment(s) below neutral:
2025-05-16 16:56:59,135 - processing - INFO -   1. CPS ENERGY Neutral at height 29'-6"
2025-05-16 16:56:59,135 - processing - INFO -   2. CPS ENERGY Supply Fiber at height 27'-12"
2025-05-16 16:56:59,135 - processing - INFO -   3. AT&T Fiber Optic Com at height 23'-7"
2025-05-16 16:56:59,135 - processing - INFO -   4. AT&T Telco Com at height 22'-4"
2025-05-16 16:56:59,136 - processing - INFO -   5. AT&T Com Drop at height 21'-5"
2025-05-16 16:56:59,136 - processing - INFO -   6. Charter Fiber Optic Com at height 24'-7"
2025-05-16 16:56:59,136 - processing - INFO - ==================================================
2025-05-16 16:56:59,193 - processing - INFO - Processing attachments below neutral for pole PL389359
2025-05-16 16:56:59,198 - processing - INFO - 
==================================================
2025-05-16 16:56:59,199 - processing - INFO - POLE SUMMARY: PL389359
2025-05-16 16:56:59,199 - processing - INFO - ==================================================
2025-05-16 16:56:59,199 - processing - INFO - Found 5 neutral wire(s):
2025-05-16 16:56:59,200 - processing - INFO -   1. CPS ENERGY Neutral at height 327.24 inches (source: katapult)
2025-05-16 16:56:59,200 - processing - INFO -   2. CPS ENERGY Neutral at height 327.15 inches (source: katapult)
2025-05-16 16:56:59,201 - processing - INFO -   3. CPS Energy  at height 327.0001765800001 inches (source: spidacalc)
2025-05-16 16:56:59,201 - processing - INFO -   4. CPS Energy  at height 327.0001765800001 inches (source: spidacalc)
2025-05-16 16:56:59,201 - processing - INFO -   5. CPS Energy  at height 327.0001765800001 inches (source: spidacalc)
2025-05-16 16:56:59,202 - processing - INFO - Highest neutral: CPS ENERGY Neutral at height 327.24 inches
2025-05-16 16:56:59,202 - processing - INFO - Found 6 attachment(s) below neutral:
2025-05-16 16:56:59,202 - processing - INFO -   1. CPS ENERGY Neutral at height 27'-3"
2025-05-16 16:56:59,202 - processing - INFO -   2. CPS ENERGY Supply Fiber at height 25'-9"
2025-05-16 16:56:59,203 - processing - INFO -   3. AT&T Fiber Optic Com at height 22'-8"
2025-05-16 16:56:59,203 - processing - INFO -   4. AT&T Telco Com at height 21'-8"
2025-05-16 16:56:59,203 - processing - INFO -   5. CPS ENERGY Neutral at height 27'-3"
2025-05-16 16:56:59,203 - processing - INFO -   6. Charter Fiber Optic Com at height 22'-12"
2025-05-16 16:56:59,204 - processing - INFO - ==================================================
