2025-05-16 16:54:08,945 - processing - INFO - Processing attachments below neutral for pole PL370858
2025-05-16 16:54:08,949 - processing - INFO - 
==================================================
2025-05-16 16:54:08,949 - processing - INFO - POLE SUMMARY: PL370858
2025-05-16 16:54:08,950 - processing - INFO - ==================================================
2025-05-16 16:54:08,950 - processing - INFO - Found 3 neutral wire(s):
2025-05-16 16:54:08,950 - processing - INFO -   1. CPS ENERGY Neutral at height 317.6 inches (source: katapult)
2025-05-16 16:54:08,950 - processing - INFO -   2. CPS Energy  at height 318.0001717200001 inches (source: spidacalc)
2025-05-16 16:54:08,952 - processing - INFO -   3. CPS Energy  at height 318.0001717200001 inches (source: spidacalc)
2025-05-16 16:54:08,952 - processing - INFO - Highest neutral: CPS Energy  at height 318.0001717200001 inches
2025-05-16 16:54:08,952 - processing - INFO - Found 5 attachment(s) below neutral:
2025-05-16 16:54:08,953 - processing - INFO -   1. CPS ENERGY Neutral at height 26'-6"
2025-05-16 16:54:08,953 - processing - INFO -   2. CPS ENERGY Supply Fiber at height 25'-5"
2025-05-16 16:54:08,953 - processing - INFO -   3. AT&T Fiber Optic Com at height 22'-10"
2025-05-16 16:54:08,954 - processing - INFO -   4. AT&T Telco Com at height 21'-10"
2025-05-16 16:54:08,954 - processing - INFO -   5. Charter Fiber Optic Com at height 22'-1"
2025-05-16 16:54:08,954 - processing - INFO - ==================================================
2025-05-16 16:54:09,007 - processing - INFO - Processing attachments below neutral for pole PL379971
2025-05-16 16:54:09,010 - processing - INFO - 
==================================================
2025-05-16 16:54:09,010 - processing - INFO - POLE SUMMARY: PL379971
2025-05-16 16:54:09,011 - processing - INFO - ==================================================
2025-05-16 16:54:09,011 - processing - INFO - Found 1 neutral wire(s):
2025-05-16 16:54:09,011 - processing - INFO -   1. CPS ENERGY Neutral at height 316.48 inches (source: katapult)
2025-05-16 16:54:09,011 - processing - INFO - Highest neutral: CPS ENERGY Neutral at height 316.48 inches
2025-05-16 16:54:09,012 - processing - INFO - Found 4 attachment(s) below neutral:
2025-05-16 16:54:09,012 - processing - INFO -   1. CPS ENERGY Neutral at height 26'-4"
2025-05-16 16:54:09,012 - processing - INFO -   2. CPS ENERGY Supply Fiber at height 24'-9"
2025-05-16 16:54:09,012 - processing - INFO -   3. AT&T Fiber Optic Com at height 23'-9"
2025-05-16 16:54:09,013 - processing - INFO -   4. AT&T Telco Com at height 22'-9"
2025-05-16 16:54:09,013 - processing - INFO - ==================================================
2025-05-16 16:54:09,047 - processing - INFO - Processing attachments below neutral for pole PL379966
2025-05-16 16:54:09,049 - processing - INFO - 
==================================================
2025-05-16 16:54:09,050 - processing - INFO - POLE SUMMARY: PL379966
2025-05-16 16:54:09,050 - processing - INFO - ==================================================
2025-05-16 16:54:09,050 - processing - INFO - Found 1 neutral wire(s):
2025-05-16 16:54:09,051 - processing - INFO -   1. CPS ENERGY Neutral at height 330.61 inches (source: katapult)
2025-05-16 16:54:09,051 - processing - INFO - Highest neutral: CPS ENERGY Neutral at height 330.61 inches
2025-05-16 16:54:09,051 - processing - INFO - Found 4 attachment(s) below neutral:
2025-05-16 16:54:09,052 - processing - INFO -   1. CPS ENERGY Neutral at height 27'-7"
2025-05-16 16:54:09,052 - processing - INFO -   2. CPS ENERGY Supply Fiber at height 26'-4"
2025-05-16 16:54:09,053 - processing - INFO -   3. AT&T Fiber Optic Com at height 23'-7"
2025-05-16 16:54:09,053 - processing - INFO -   4. AT&T Telco Com at height 22'-7"
2025-05-16 16:54:09,053 - processing - INFO - ==================================================
2025-05-16 16:54:09,116 - processing - INFO - Processing attachments below neutral for pole PL373937
2025-05-16 16:54:09,120 - processing - INFO - 
==================================================
2025-05-16 16:54:09,120 - processing - INFO - POLE SUMMARY: PL373937
2025-05-16 16:54:09,120 - processing - INFO - ==================================================
2025-05-16 16:54:09,121 - processing - INFO - Found 1 neutral wire(s):
2025-05-16 16:54:09,121 - processing - INFO -   1. CPS ENERGY Neutral at height 463.93 inches (source: katapult)
2025-05-16 16:54:09,121 - processing - INFO - Highest neutral: CPS ENERGY Neutral at height 463.93 inches
2025-05-16 16:54:09,121 - processing - INFO - Found 5 attachment(s) below neutral:
2025-05-16 16:54:09,122 - processing - INFO -   1. CPS ENERGY Neutral at height 38'-8"
2025-05-16 16:54:09,122 - processing - INFO -   2. CPS ENERGY Supply Fiber at height 36'-8"
2025-05-16 16:54:09,122 - processing - INFO -   3. AT&T Fiber Optic Com at height 32'-8"
2025-05-16 16:54:09,122 - processing - INFO -   4. AT&T Telco Com at height 27'-6"
2025-05-16 16:54:09,123 - processing - INFO -   5. CPS ENERGY Supply Fiber at height 36'-5"
2025-05-16 16:54:09,123 - processing - INFO - ==================================================
2025-05-16 16:54:09,201 - processing - INFO - Processing attachments below neutral for pole PL404475
2025-05-16 16:54:09,205 - processing - INFO - 
==================================================
2025-05-16 16:54:09,206 - processing - INFO - POLE SUMMARY: PL404475
2025-05-16 16:54:09,206 - processing - INFO - ==================================================
2025-05-16 16:54:09,206 - processing - INFO - Found 3 neutral wire(s):
2025-05-16 16:54:09,206 - processing - INFO -   1. CPS ENERGY Neutral at height 463.45 inches (source: katapult)
2025-05-16 16:54:09,207 - processing - INFO -   2. CPS ENERGY Neutral at height 432.76 inches (source: katapult)
2025-05-16 16:54:09,207 - processing - INFO -   3. CPS ENERGY Neutral at height 432.92 inches (source: katapult)
2025-05-16 16:54:09,207 - processing - INFO - Highest neutral: CPS ENERGY Neutral at height 463.45 inches
2025-05-16 16:54:09,207 - processing - INFO - Found 7 attachment(s) below neutral:
2025-05-16 16:54:09,207 - processing - INFO -   1. CPS ENERGY Neutral at height 38'-7"
2025-05-16 16:54:09,208 - processing - INFO -   2. CPS ENERGY Supply Fiber at height 37'-1"
2025-05-16 16:54:09,208 - processing - INFO -   3. AT&T Fiber Optic Com at height 31'-5"
2025-05-16 16:54:09,208 - processing - INFO -   4. AT&T Telco Com at height 21'-1"
2025-05-16 16:54:09,209 - processing - INFO -   5. CPS ENERGY Neutral at height 36'-1"
2025-05-16 16:54:09,209 - processing - INFO -   6. CPS ENERGY Neutral at height 36'-1"
2025-05-16 16:54:09,210 - processing - INFO -   7. CPS ENERGY Supply Fiber at height 36'-10"
2025-05-16 16:54:09,210 - processing - INFO - ==================================================
2025-05-16 16:54:09,253 - processing - INFO - Processing attachments below neutral for pole PL373935
2025-05-16 16:54:09,256 - processing - INFO - 
==================================================
2025-05-16 16:54:09,256 - processing - INFO - POLE SUMMARY: PL373935
2025-05-16 16:54:09,257 - processing - INFO - ==================================================
2025-05-16 16:54:09,257 - processing - INFO - Found 1 neutral wire(s):
2025-05-16 16:54:09,258 - processing - INFO -   1. CPS ENERGY Neutral at height 350.65 inches (source: katapult)
2025-05-16 16:54:09,258 - processing - INFO - Highest neutral: CPS ENERGY Neutral at height 350.65 inches
2025-05-16 16:54:09,258 - processing - INFO - Found 4 attachment(s) below neutral:
2025-05-16 16:54:09,259 - processing - INFO -   1. CPS ENERGY Neutral at height 29'-3"
2025-05-16 16:54:09,259 - processing - INFO -   2. CPS ENERGY Supply Fiber at height 27'-9"
2025-05-16 16:54:09,259 - processing - INFO -   3. AT&T Fiber Optic Com at height 24'-10"
2025-05-16 16:54:09,260 - processing - INFO -   4. AT&T Telco Com at height 23'-12"
2025-05-16 16:54:09,260 - processing - INFO - ==================================================
2025-05-16 16:54:09,302 - processing - INFO - Processing attachments below neutral for pole PL398490
2025-05-16 16:54:09,305 - processing - INFO - 
==================================================
2025-05-16 16:54:09,305 - processing - INFO - POLE SUMMARY: PL398490
2025-05-16 16:54:09,306 - processing - INFO - ==================================================
2025-05-16 16:54:09,306 - processing - INFO - Found 1 neutral wire(s):
2025-05-16 16:54:09,306 - processing - INFO -   1. CPS ENERGY Neutral at height 326.42 inches (source: katapult)
2025-05-16 16:54:09,307 - processing - INFO - Highest neutral: CPS ENERGY Neutral at height 326.42 inches
2025-05-16 16:54:09,307 - processing - INFO - Found 5 attachment(s) below neutral:
2025-05-16 16:54:09,307 - processing - INFO -   1. CPS ENERGY Neutral at height 27'-2"
2025-05-16 16:54:09,308 - processing - INFO -   2. CPS ENERGY Supply Fiber at height 26'-0"
2025-05-16 16:54:09,308 - processing - INFO -   3. AT&T Fiber Optic Com at height 24'-10"
2025-05-16 16:54:09,308 - processing - INFO -   4. AT&T Telco Com at height 23'-11"
2025-05-16 16:54:09,309 - processing - INFO -   5. CPS ENERGY Street Light Feed at height 27'-2"
2025-05-16 16:54:09,309 - processing - INFO - ==================================================
2025-05-16 16:54:09,391 - processing - INFO - Processing attachments below neutral for pole PL900997
2025-05-16 16:54:09,400 - processing - INFO - 
==================================================
2025-05-16 16:54:09,401 - processing - INFO - POLE SUMMARY: PL900997
2025-05-16 16:54:09,401 - processing - INFO - ==================================================
2025-05-16 16:54:09,402 - processing - INFO - Found 4 neutral wire(s):
2025-05-16 16:54:09,402 - processing - INFO -   1. CPS ENERGY Neutral at height 324.73 inches (source: katapult)
2025-05-16 16:54:09,403 - processing - INFO -   2. CPS ENERGY Neutral at height 342.91 inches (source: katapult)
2025-05-16 16:54:09,404 - processing - INFO -   3. CPS Energy  at height 325.0001755 inches (source: spidacalc)
2025-05-16 16:54:09,404 - processing - INFO -   4. CPS Energy  at height 325.0001755 inches (source: spidacalc)
2025-05-16 16:54:09,405 - processing - INFO - Highest neutral: CPS ENERGY Neutral at height 342.91 inches
2025-05-16 16:54:09,406 - processing - INFO - Found 7 attachment(s) below neutral:
2025-05-16 16:54:09,406 - processing - INFO -   1. CPS ENERGY Neutral at height 27'-1"
2025-05-16 16:54:09,406 - processing - INFO -   2. CPS ENERGY Street Light Feed at height 27'-1"
2025-05-16 16:54:09,407 - processing - INFO -   3. CPS ENERGY Supply Fiber at height 25'-10"
2025-05-16 16:54:09,407 - processing - INFO -   4. AT&T Fiber Optic Com at height 21'-6"
2025-05-16 16:54:09,408 - processing - INFO -   5. AT&T Telco Com at height 20'-6"
2025-05-16 16:54:09,408 - processing - INFO -   6. CPS ENERGY Service at height 27'-1"
2025-05-16 16:54:09,409 - processing - INFO -   7. Charter Fiber Optic Com at height 21'-6"
2025-05-16 16:54:09,409 - processing - INFO - ==================================================
2025-05-16 16:54:09,508 - processing - INFO - Processing attachments below neutral for pole PL404474
2025-05-16 16:54:09,515 - processing - INFO - 
==================================================
2025-05-16 16:54:09,516 - processing - INFO - POLE SUMMARY: PL404474
2025-05-16 16:54:09,516 - processing - INFO - ==================================================
2025-05-16 16:54:09,516 - processing - INFO - Found 3 neutral wire(s):
2025-05-16 16:54:09,517 - processing - INFO -   1. CPS ENERGY Neutral at height 311.85 inches (source: katapult)
2025-05-16 16:54:09,518 - processing - INFO -   2. CPS Energy  at height 312.00016848000007 inches (source: spidacalc)
2025-05-16 16:54:09,518 - processing - INFO -   3. CPS Energy  at height 312.00016848000007 inches (source: spidacalc)
2025-05-16 16:54:09,519 - processing - INFO - Highest neutral: CPS Energy  at height 312.00016848000007 inches
2025-05-16 16:54:09,519 - processing - INFO - Found 6 attachment(s) below neutral:
2025-05-16 16:54:09,520 - processing - INFO -   1. CPS ENERGY Neutral at height 25'-12"
2025-05-16 16:54:09,520 - processing - INFO -   2. CPS ENERGY Supply Fiber at height 24'-6"
2025-05-16 16:54:09,520 - processing - INFO -   3. AT&T Fiber Optic Com at height 22'-9"
2025-05-16 16:54:09,521 - processing - INFO -   4. AT&T Telco Com at height 21'-7"
2025-05-16 16:54:09,521 - processing - INFO -   5. CPS ENERGY Street Light Feed at height 25'-12"
2025-05-16 16:54:09,521 - processing - INFO -   6. Charter Fiber Optic Com at height 21'-7"
2025-05-16 16:54:09,522 - processing - INFO - ==================================================
2025-05-16 16:54:09,573 - processing - INFO - Processing attachments below neutral for pole PL401451
2025-05-16 16:54:09,577 - processing - INFO - 
==================================================
2025-05-16 16:54:09,577 - processing - INFO - POLE SUMMARY: PL401451
2025-05-16 16:54:09,578 - processing - INFO - ==================================================
2025-05-16 16:54:09,578 - processing - INFO - Found 2 neutral wire(s):
2025-05-16 16:54:09,579 - processing - INFO -   1. CPS ENERGY Neutral at height 318.97 inches (source: katapult)
2025-05-16 16:54:09,579 - processing - INFO -   2. CPS ENERGY Neutral at height 314.28 inches (source: katapult)
2025-05-16 16:54:09,579 - processing - INFO - Highest neutral: CPS ENERGY Neutral at height 318.97 inches
2025-05-16 16:54:09,580 - processing - INFO - Found 4 attachment(s) below neutral:
2025-05-16 16:54:09,580 - processing - INFO -   1. CPS ENERGY Neutral at height 26'-7"
2025-05-16 16:54:09,580 - processing - INFO -   2. CPS ENERGY Supply Fiber at height 24'-11"
2025-05-16 16:54:09,581 - processing - INFO -   3. AT&T Fiber Optic Com at height 22'-6"
2025-05-16 16:54:09,581 - processing - INFO -   4. AT&T Telco Com at height 21'-3"
2025-05-16 16:54:09,581 - processing - INFO - ==================================================
2025-05-16 16:54:09,665 - processing - INFO - Processing attachments below neutral for pole PL398491
2025-05-16 16:54:09,671 - processing - INFO - 
==================================================
2025-05-16 16:54:09,672 - processing - INFO - POLE SUMMARY: PL398491
2025-05-16 16:54:09,672 - processing - INFO - ==================================================
2025-05-16 16:54:09,672 - processing - INFO - Found 4 neutral wire(s):
2025-05-16 16:54:09,673 - processing - INFO -   1. CPS ENERGY Neutral at height 325.34 inches (source: katapult)
2025-05-16 16:54:09,673 - processing - INFO -   2. CPS ENERGY Neutral at height 322.75 inches (source: katapult)
2025-05-16 16:54:09,673 - processing - INFO -   3. CPS Energy  at height 324.00017496000004 inches (source: spidacalc)
2025-05-16 16:54:09,674 - processing - INFO -   4. CPS Energy  at height 327.0001765800001 inches (source: spidacalc)
2025-05-16 16:54:09,674 - processing - INFO - Highest neutral: CPS Energy  at height 327.0001765800001 inches
2025-05-16 16:54:09,674 - processing - INFO - Found 12 attachment(s) below neutral:
2025-05-16 16:54:09,674 - processing - INFO -   1. AT&T Com Drop at height 19'-8"
2025-05-16 16:54:09,675 - processing - INFO -   2. CPS ENERGY Service at height 27'-1"
2025-05-16 16:54:09,675 - processing - INFO -   3. AT&T Com Drop at height 19'-6"
2025-05-16 16:54:09,676 - processing - INFO -   4. AT&T Com Drop at height 19'-6"
2025-05-16 16:54:09,676 - processing - INFO -   5. CPS ENERGY Neutral at height 27'-1"
2025-05-16 16:54:09,676 - processing - INFO -   6. CPS ENERGY Neutral at height 26'-11"
2025-05-16 16:54:09,677 - processing - INFO -   7. CPS ENERGY Supply Fiber at height 25'-6"
2025-05-16 16:54:09,677 - processing - INFO -   8. AT&T Fiber Optic Com at height 21'-4"
2025-05-16 16:54:09,677 - processing - INFO -   9. AT&T Telco Com at height 20'-4"
2025-05-16 16:54:09,677 - processing - INFO -   10. AT&T Com Drop at height 19'-8"
2025-05-16 16:54:09,678 - processing - INFO -   11. Charter Fiber Optic Com at height 22'-4"
2025-05-16 16:54:09,678 - processing - INFO -   12. CPS ENERGY Supply Fiber at height 25'-9"
2025-05-16 16:54:09,678 - processing - INFO - ==================================================
2025-05-16 16:54:09,782 - processing - INFO - Processing attachments below neutral for pole PL410620
2025-05-16 16:54:09,786 - processing - INFO - 
==================================================
2025-05-16 16:54:09,786 - processing - INFO - POLE SUMMARY: PL410620
2025-05-16 16:54:09,786 - processing - INFO - ==================================================
2025-05-16 16:54:09,786 - processing - INFO - Found 3 neutral wire(s):
2025-05-16 16:54:09,787 - processing - INFO -   1. CPS ENERGY Neutral at height 354.28 inches (source: katapult)
2025-05-16 16:54:09,787 - processing - INFO -   2. CPS Energy  at height 354.0001911600001 inches (source: spidacalc)
2025-05-16 16:54:09,787 - processing - INFO -   3. CPS Energy  at height 354.0001911600001 inches (source: spidacalc)
2025-05-16 16:54:09,787 - processing - INFO - Highest neutral: CPS ENERGY Neutral at height 354.28 inches
2025-05-16 16:54:09,788 - processing - INFO - Found 6 attachment(s) below neutral:
2025-05-16 16:54:09,788 - processing - INFO -   1. CPS ENERGY Neutral at height 29'-6"
2025-05-16 16:54:09,788 - processing - INFO -   2. CPS ENERGY Supply Fiber at height 27'-12"
2025-05-16 16:54:09,789 - processing - INFO -   3. AT&T Fiber Optic Com at height 23'-7"
2025-05-16 16:54:09,789 - processing - INFO -   4. AT&T Telco Com at height 22'-4"
2025-05-16 16:54:09,789 - processing - INFO -   5. AT&T Com Drop at height 21'-5"
2025-05-16 16:54:09,790 - processing - INFO -   6. Charter Fiber Optic Com at height 24'-7"
2025-05-16 16:54:09,790 - processing - INFO - ==================================================
2025-05-16 16:54:09,850 - processing - INFO - Processing attachments below neutral for pole PL389359
2025-05-16 16:54:09,856 - processing - INFO - 
==================================================
2025-05-16 16:54:09,856 - processing - INFO - POLE SUMMARY: PL389359
2025-05-16 16:54:09,856 - processing - INFO - ==================================================
2025-05-16 16:54:09,857 - processing - INFO - Found 5 neutral wire(s):
2025-05-16 16:54:09,857 - processing - INFO -   1. CPS ENERGY Neutral at height 327.24 inches (source: katapult)
2025-05-16 16:54:09,858 - processing - INFO -   2. CPS ENERGY Neutral at height 327.15 inches (source: katapult)
2025-05-16 16:54:09,858 - processing - INFO -   3. CPS Energy  at height 327.0001765800001 inches (source: spidacalc)
2025-05-16 16:54:09,859 - processing - INFO -   4. CPS Energy  at height 327.0001765800001 inches (source: spidacalc)
2025-05-16 16:54:09,859 - processing - INFO -   5. CPS Energy  at height 327.0001765800001 inches (source: spidacalc)
2025-05-16 16:54:09,860 - processing - INFO - Highest neutral: CPS ENERGY Neutral at height 327.24 inches
2025-05-16 16:54:09,860 - processing - INFO - Found 6 attachment(s) below neutral:
2025-05-16 16:54:09,860 - processing - INFO -   1. CPS ENERGY Neutral at height 27'-3"
2025-05-16 16:54:09,860 - processing - INFO -   2. CPS ENERGY Supply Fiber at height 25'-9"
2025-05-16 16:54:09,861 - processing - INFO -   3. AT&T Fiber Optic Com at height 22'-8"
2025-05-16 16:54:09,861 - processing - INFO -   4. AT&T Telco Com at height 21'-8"
2025-05-16 16:54:09,861 - processing - INFO -   5. CPS ENERGY Neutral at height 27'-3"
2025-05-16 16:54:09,862 - processing - INFO -   6. Charter Fiber Optic Com at height 22'-12"
2025-05-16 16:54:09,862 - processing - INFO - ==================================================
