2025-05-16 16:59:26,498 - processing - INFO - Processing attachments below neutral for pole PL370858
2025-05-16 16:59:26,502 - processing - INFO - 
==================================================
2025-05-16 16:59:26,503 - processing - INFO - POLE SUMMARY: PL370858
2025-05-16 16:59:26,503 - processing - INFO - ==================================================
2025-05-16 16:59:26,503 - processing - INFO - Found 3 neutral wire(s):
2025-05-16 16:59:26,504 - processing - INFO -   1. CPS ENERGY Neutral at height 317.6 inches (source: katapult)
2025-05-16 16:59:26,504 - processing - INFO -   2. CPS Energy  at height 318.0001717200001 inches (source: spidacalc)
2025-05-16 16:59:26,505 - processing - INFO -   3. CPS Energy  at height 318.0001717200001 inches (source: spidacalc)
2025-05-16 16:59:26,505 - processing - INFO - Highest neutral: CPS Energy  at height 318.0001717200001 inches
2025-05-16 16:59:26,506 - processing - INFO - Found 5 attachment(s) below neutral:
2025-05-16 16:59:26,506 - processing - INFO -   1. CPS ENERGY Neutral at height 26'-6"
2025-05-16 16:59:26,506 - processing - INFO -   2. CPS ENERGY Supply Fiber at height 25'-5"
2025-05-16 16:59:26,507 - processing - INFO -   3. AT&T Fiber Optic Com at height 22'-10"
2025-05-16 16:59:26,507 - processing - INFO -   4. AT&T Telco Com at height 21'-10"
2025-05-16 16:59:26,507 - processing - INFO -   5. Charter Fiber Optic Com at height 22'-1"
2025-05-16 16:59:26,507 - processing - INFO - ==================================================
2025-05-16 16:59:26,558 - processing - INFO - Processing attachments below neutral for pole PL379971
2025-05-16 16:59:26,561 - processing - INFO - 
==================================================
2025-05-16 16:59:26,561 - processing - INFO - POLE SUMMARY: PL379971
2025-05-16 16:59:26,562 - processing - INFO - ==================================================
2025-05-16 16:59:26,562 - processing - INFO - Found 1 neutral wire(s):
2025-05-16 16:59:26,562 - processing - INFO -   1. CPS ENERGY Neutral at height 316.48 inches (source: katapult)
2025-05-16 16:59:26,563 - processing - INFO - Highest neutral: CPS ENERGY Neutral at height 316.48 inches
2025-05-16 16:59:26,563 - processing - INFO - Found 4 attachment(s) below neutral:
2025-05-16 16:59:26,563 - processing - INFO -   1. CPS ENERGY Neutral at height 26'-4"
2025-05-16 16:59:26,563 - processing - INFO -   2. CPS ENERGY Supply Fiber at height 24'-9"
2025-05-16 16:59:26,564 - processing - INFO -   3. AT&T Fiber Optic Com at height 23'-9"
2025-05-16 16:59:26,564 - processing - INFO -   4. AT&T Telco Com at height 22'-9"
2025-05-16 16:59:26,564 - processing - INFO - ==================================================
2025-05-16 16:59:26,595 - processing - INFO - Processing attachments below neutral for pole PL379966
2025-05-16 16:59:26,598 - processing - INFO - 
==================================================
2025-05-16 16:59:26,598 - processing - INFO - POLE SUMMARY: PL379966
2025-05-16 16:59:26,598 - processing - INFO - ==================================================
2025-05-16 16:59:26,599 - processing - INFO - Found 1 neutral wire(s):
2025-05-16 16:59:26,599 - processing - INFO -   1. CPS ENERGY Neutral at height 330.61 inches (source: katapult)
2025-05-16 16:59:26,599 - processing - INFO - Highest neutral: CPS ENERGY Neutral at height 330.61 inches
2025-05-16 16:59:26,599 - processing - INFO - Found 4 attachment(s) below neutral:
2025-05-16 16:59:26,600 - processing - INFO -   1. CPS ENERGY Neutral at height 27'-7"
2025-05-16 16:59:26,600 - processing - INFO -   2. CPS ENERGY Supply Fiber at height 26'-4"
2025-05-16 16:59:26,600 - processing - INFO -   3. AT&T Fiber Optic Com at height 23'-7"
2025-05-16 16:59:26,600 - processing - INFO -   4. AT&T Telco Com at height 22'-7"
2025-05-16 16:59:26,601 - processing - INFO - ==================================================
2025-05-16 16:59:26,658 - processing - INFO - Processing attachments below neutral for pole PL373937
2025-05-16 16:59:26,661 - processing - INFO - 
==================================================
2025-05-16 16:59:26,661 - processing - INFO - POLE SUMMARY: PL373937
2025-05-16 16:59:26,661 - processing - INFO - ==================================================
2025-05-16 16:59:26,662 - processing - INFO - Found 1 neutral wire(s):
2025-05-16 16:59:26,662 - processing - INFO -   1. CPS ENERGY Neutral at height 463.93 inches (source: katapult)
2025-05-16 16:59:26,662 - processing - INFO - Highest neutral: CPS ENERGY Neutral at height 463.93 inches
2025-05-16 16:59:26,662 - processing - INFO - Found 5 attachment(s) below neutral:
2025-05-16 16:59:26,663 - processing - INFO -   1. CPS ENERGY Neutral at height 38'-8"
2025-05-16 16:59:26,663 - processing - INFO -   2. CPS ENERGY Supply Fiber at height 36'-8"
2025-05-16 16:59:26,663 - processing - INFO -   3. AT&T Fiber Optic Com at height 32'-8"
2025-05-16 16:59:26,663 - processing - INFO -   4. AT&T Telco Com at height 27'-6"
2025-05-16 16:59:26,664 - processing - INFO -   5. CPS ENERGY Supply Fiber at height 36'-5"
2025-05-16 16:59:26,664 - processing - INFO - ==================================================
2025-05-16 16:59:26,739 - processing - INFO - Processing attachments below neutral for pole PL404475
2025-05-16 16:59:26,743 - processing - INFO - 
==================================================
2025-05-16 16:59:26,744 - processing - INFO - POLE SUMMARY: PL404475
2025-05-16 16:59:26,744 - processing - INFO - ==================================================
2025-05-16 16:59:26,744 - processing - INFO - Found 3 neutral wire(s):
2025-05-16 16:59:26,745 - processing - INFO -   1. CPS ENERGY Neutral at height 463.45 inches (source: katapult)
2025-05-16 16:59:26,745 - processing - INFO -   2. CPS ENERGY Neutral at height 432.76 inches (source: katapult)
2025-05-16 16:59:26,745 - processing - INFO -   3. CPS ENERGY Neutral at height 432.92 inches (source: katapult)
2025-05-16 16:59:26,746 - processing - INFO - Highest neutral: CPS ENERGY Neutral at height 463.45 inches
2025-05-16 16:59:26,746 - processing - INFO - Found 7 attachment(s) below neutral:
2025-05-16 16:59:26,747 - processing - INFO -   1. CPS ENERGY Neutral at height 38'-7"
2025-05-16 16:59:26,747 - processing - INFO -   2. CPS ENERGY Supply Fiber at height 37'-1"
2025-05-16 16:59:26,747 - processing - INFO -   3. AT&T Fiber Optic Com at height 31'-5"
2025-05-16 16:59:26,747 - processing - INFO -   4. AT&T Telco Com at height 21'-1"
2025-05-16 16:59:26,748 - processing - INFO -   5. CPS ENERGY Neutral at height 36'-1"
2025-05-16 16:59:26,748 - processing - INFO -   6. CPS ENERGY Neutral at height 36'-1"
2025-05-16 16:59:26,748 - processing - INFO -   7. CPS ENERGY Supply Fiber at height 36'-10"
2025-05-16 16:59:26,748 - processing - INFO - ==================================================
2025-05-16 16:59:26,792 - processing - INFO - Processing attachments below neutral for pole PL373935
2025-05-16 16:59:26,795 - processing - INFO - 
==================================================
2025-05-16 16:59:26,795 - processing - INFO - POLE SUMMARY: PL373935
2025-05-16 16:59:26,795 - processing - INFO - ==================================================
2025-05-16 16:59:26,795 - processing - INFO - Found 1 neutral wire(s):
2025-05-16 16:59:26,796 - processing - INFO -   1. CPS ENERGY Neutral at height 350.65 inches (source: katapult)
2025-05-16 16:59:26,796 - processing - INFO - Highest neutral: CPS ENERGY Neutral at height 350.65 inches
2025-05-16 16:59:26,796 - processing - INFO - Found 4 attachment(s) below neutral:
2025-05-16 16:59:26,797 - processing - INFO -   1. CPS ENERGY Neutral at height 29'-3"
2025-05-16 16:59:26,797 - processing - INFO -   2. CPS ENERGY Supply Fiber at height 27'-9"
2025-05-16 16:59:26,797 - processing - INFO -   3. AT&T Fiber Optic Com at height 24'-10"
2025-05-16 16:59:26,797 - processing - INFO -   4. AT&T Telco Com at height 23'-12"
2025-05-16 16:59:26,798 - processing - INFO - ==================================================
2025-05-16 16:59:26,840 - processing - INFO - Processing attachments below neutral for pole PL398490
2025-05-16 16:59:26,844 - processing - INFO - 
==================================================
2025-05-16 16:59:26,845 - processing - INFO - POLE SUMMARY: PL398490
2025-05-16 16:59:26,845 - processing - INFO - ==================================================
2025-05-16 16:59:26,845 - processing - INFO - Found 1 neutral wire(s):
2025-05-16 16:59:26,846 - processing - INFO -   1. CPS ENERGY Neutral at height 326.42 inches (source: katapult)
2025-05-16 16:59:26,846 - processing - INFO - Highest neutral: CPS ENERGY Neutral at height 326.42 inches
2025-05-16 16:59:26,847 - processing - INFO - Found 5 attachment(s) below neutral:
2025-05-16 16:59:26,847 - processing - INFO -   1. CPS ENERGY Neutral at height 27'-2"
2025-05-16 16:59:26,848 - processing - INFO -   2. CPS ENERGY Supply Fiber at height 26'-0"
2025-05-16 16:59:26,848 - processing - INFO -   3. AT&T Fiber Optic Com at height 24'-10"
2025-05-16 16:59:26,849 - processing - INFO -   4. AT&T Telco Com at height 23'-11"
2025-05-16 16:59:26,849 - processing - INFO -   5. CPS ENERGY Street Light Feed at height 27'-2"
2025-05-16 16:59:26,849 - processing - INFO - ==================================================
2025-05-16 16:59:26,906 - processing - INFO - Processing attachments below neutral for pole PL900997
2025-05-16 16:59:26,912 - processing - INFO - 
==================================================
2025-05-16 16:59:26,912 - processing - INFO - POLE SUMMARY: PL900997
2025-05-16 16:59:26,913 - processing - INFO - ==================================================
2025-05-16 16:59:26,913 - processing - INFO - Found 4 neutral wire(s):
2025-05-16 16:59:26,913 - processing - INFO -   1. CPS ENERGY Neutral at height 324.73 inches (source: katapult)
2025-05-16 16:59:26,914 - processing - INFO -   2. CPS ENERGY Neutral at height 342.91 inches (source: katapult)
2025-05-16 16:59:26,914 - processing - INFO -   3. CPS Energy  at height 325.0001755 inches (source: spidacalc)
2025-05-16 16:59:26,914 - processing - INFO -   4. CPS Energy  at height 325.0001755 inches (source: spidacalc)
2025-05-16 16:59:26,915 - processing - INFO - Highest neutral: CPS ENERGY Neutral at height 342.91 inches
2025-05-16 16:59:26,915 - processing - INFO - Found 7 attachment(s) below neutral:
2025-05-16 16:59:26,915 - processing - INFO -   1. CPS ENERGY Neutral at height 27'-1"
2025-05-16 16:59:26,915 - processing - INFO -   2. CPS ENERGY Street Light Feed at height 27'-1"
2025-05-16 16:59:26,916 - processing - INFO -   3. CPS ENERGY Supply Fiber at height 25'-10"
2025-05-16 16:59:26,916 - processing - INFO -   4. AT&T Fiber Optic Com at height 21'-6"
2025-05-16 16:59:26,916 - processing - INFO -   5. AT&T Telco Com at height 20'-6"
2025-05-16 16:59:26,917 - processing - INFO -   6. CPS ENERGY Service at height 27'-1"
2025-05-16 16:59:26,917 - processing - INFO -   7. Charter Fiber Optic Com at height 21'-6"
2025-05-16 16:59:26,917 - processing - INFO - ==================================================
2025-05-16 16:59:26,986 - processing - INFO - Processing attachments below neutral for pole PL404474
2025-05-16 16:59:26,990 - processing - INFO - 
==================================================
2025-05-16 16:59:26,991 - processing - INFO - POLE SUMMARY: PL404474
2025-05-16 16:59:26,991 - processing - INFO - ==================================================
2025-05-16 16:59:26,992 - processing - INFO - Found 3 neutral wire(s):
2025-05-16 16:59:26,992 - processing - INFO -   1. CPS ENERGY Neutral at height 311.85 inches (source: katapult)
2025-05-16 16:59:26,992 - processing - INFO -   2. CPS Energy  at height 312.00016848000007 inches (source: spidacalc)
2025-05-16 16:59:26,993 - processing - INFO -   3. CPS Energy  at height 312.00016848000007 inches (source: spidacalc)
2025-05-16 16:59:26,993 - processing - INFO - Highest neutral: CPS Energy  at height 312.00016848000007 inches
2025-05-16 16:59:26,993 - processing - INFO - Found 6 attachment(s) below neutral:
2025-05-16 16:59:26,994 - processing - INFO -   1. CPS ENERGY Neutral at height 25'-12"
2025-05-16 16:59:26,994 - processing - INFO -   2. CPS ENERGY Supply Fiber at height 24'-6"
2025-05-16 16:59:26,994 - processing - INFO -   3. AT&T Fiber Optic Com at height 22'-9"
2025-05-16 16:59:26,995 - processing - INFO -   4. AT&T Telco Com at height 21'-7"
2025-05-16 16:59:26,995 - processing - INFO -   5. CPS ENERGY Street Light Feed at height 25'-12"
2025-05-16 16:59:26,995 - processing - INFO -   6. Charter Fiber Optic Com at height 21'-7"
2025-05-16 16:59:26,996 - processing - INFO - ==================================================
2025-05-16 16:59:27,043 - processing - INFO - Processing attachments below neutral for pole PL401451
2025-05-16 16:59:27,048 - processing - INFO - 
==================================================
2025-05-16 16:59:27,048 - processing - INFO - POLE SUMMARY: PL401451
2025-05-16 16:59:27,049 - processing - INFO - ==================================================
2025-05-16 16:59:27,049 - processing - INFO - Found 2 neutral wire(s):
2025-05-16 16:59:27,049 - processing - INFO -   1. CPS ENERGY Neutral at height 318.97 inches (source: katapult)
2025-05-16 16:59:27,050 - processing - INFO -   2. CPS ENERGY Neutral at height 314.28 inches (source: katapult)
2025-05-16 16:59:27,050 - processing - INFO - Highest neutral: CPS ENERGY Neutral at height 318.97 inches
2025-05-16 16:59:27,050 - processing - INFO - Found 4 attachment(s) below neutral:
2025-05-16 16:59:27,051 - processing - INFO -   1. CPS ENERGY Neutral at height 26'-7"
2025-05-16 16:59:27,051 - processing - INFO -   2. CPS ENERGY Supply Fiber at height 24'-11"
2025-05-16 16:59:27,051 - processing - INFO -   3. AT&T Fiber Optic Com at height 22'-6"
2025-05-16 16:59:27,051 - processing - INFO -   4. AT&T Telco Com at height 21'-3"
2025-05-16 16:59:27,052 - processing - INFO - ==================================================
2025-05-16 16:59:27,127 - processing - INFO - Processing attachments below neutral for pole PL398491
2025-05-16 16:59:27,133 - processing - INFO - 
==================================================
2025-05-16 16:59:27,133 - processing - INFO - POLE SUMMARY: PL398491
2025-05-16 16:59:27,134 - processing - INFO - ==================================================
2025-05-16 16:59:27,134 - processing - INFO - Found 4 neutral wire(s):
2025-05-16 16:59:27,134 - processing - INFO -   1. CPS ENERGY Neutral at height 325.34 inches (source: katapult)
2025-05-16 16:59:27,135 - processing - INFO -   2. CPS ENERGY Neutral at height 322.75 inches (source: katapult)
2025-05-16 16:59:27,135 - processing - INFO -   3. CPS Energy  at height 324.00017496000004 inches (source: spidacalc)
2025-05-16 16:59:27,135 - processing - INFO -   4. CPS Energy  at height 327.0001765800001 inches (source: spidacalc)
2025-05-16 16:59:27,135 - processing - INFO - Highest neutral: CPS Energy  at height 327.0001765800001 inches
2025-05-16 16:59:27,136 - processing - INFO - Found 12 attachment(s) below neutral:
2025-05-16 16:59:27,136 - processing - INFO -   1. AT&T Com Drop at height 19'-8"
2025-05-16 16:59:27,136 - processing - INFO -   2. CPS ENERGY Service at height 27'-1"
2025-05-16 16:59:27,137 - processing - INFO -   3. AT&T Com Drop at height 19'-6"
2025-05-16 16:59:27,137 - processing - INFO -   4. AT&T Com Drop at height 19'-6"
2025-05-16 16:59:27,137 - processing - INFO -   5. CPS ENERGY Neutral at height 27'-1"
2025-05-16 16:59:27,138 - processing - INFO -   6. CPS ENERGY Neutral at height 26'-11"
2025-05-16 16:59:27,138 - processing - INFO -   7. CPS ENERGY Supply Fiber at height 25'-6"
2025-05-16 16:59:27,138 - processing - INFO -   8. AT&T Fiber Optic Com at height 21'-4"
2025-05-16 16:59:27,139 - processing - INFO -   9. AT&T Telco Com at height 20'-4"
2025-05-16 16:59:27,139 - processing - INFO -   10. AT&T Com Drop at height 19'-8"
2025-05-16 16:59:27,139 - processing - INFO -   11. Charter Fiber Optic Com at height 22'-4"
2025-05-16 16:59:27,139 - processing - INFO -   12. CPS ENERGY Supply Fiber at height 25'-9"
2025-05-16 16:59:27,140 - processing - INFO - ==================================================
2025-05-16 16:59:27,238 - processing - INFO - Processing attachments below neutral for pole PL410620
2025-05-16 16:59:27,241 - processing - INFO - 
==================================================
2025-05-16 16:59:27,242 - processing - INFO - POLE SUMMARY: PL410620
2025-05-16 16:59:27,242 - processing - INFO - ==================================================
2025-05-16 16:59:27,242 - processing - INFO - Found 3 neutral wire(s):
2025-05-16 16:59:27,242 - processing - INFO -   1. CPS ENERGY Neutral at height 354.28 inches (source: katapult)
2025-05-16 16:59:27,243 - processing - INFO -   2. CPS Energy  at height 354.0001911600001 inches (source: spidacalc)
2025-05-16 16:59:27,243 - processing - INFO -   3. CPS Energy  at height 354.0001911600001 inches (source: spidacalc)
2025-05-16 16:59:27,243 - processing - INFO - Highest neutral: CPS ENERGY Neutral at height 354.28 inches
2025-05-16 16:59:27,244 - processing - INFO - Found 6 attachment(s) below neutral:
2025-05-16 16:59:27,244 - processing - INFO -   1. CPS ENERGY Neutral at height 29'-6"
2025-05-16 16:59:27,244 - processing - INFO -   2. CPS ENERGY Supply Fiber at height 27'-12"
2025-05-16 16:59:27,245 - processing - INFO -   3. AT&T Fiber Optic Com at height 23'-7"
2025-05-16 16:59:27,245 - processing - INFO -   4. AT&T Telco Com at height 22'-4"
2025-05-16 16:59:27,246 - processing - INFO -   5. AT&T Com Drop at height 21'-5"
2025-05-16 16:59:27,246 - processing - INFO -   6. Charter Fiber Optic Com at height 24'-7"
2025-05-16 16:59:27,246 - processing - INFO - ==================================================
2025-05-16 16:59:27,271 - processing - INFO - Processing attachments below neutral for pole {'-Imported': 'PL410595'}
2025-05-16 16:59:27,272 - processing - INFO - 
==================================================
2025-05-16 16:59:27,273 - processing - INFO - POLE SUMMARY: {'-Imported': 'PL410595'}
2025-05-16 16:59:27,273 - processing - INFO - ==================================================
2025-05-16 16:59:27,273 - processing - INFO - Found 0 neutral wire(s):
2025-05-16 16:59:27,274 - processing - INFO - No neutral wires found!
2025-05-16 16:59:27,274 - processing - INFO - Found 0 attachment(s) below neutral:
2025-05-16 16:59:27,274 - processing - INFO - ==================================================
2025-05-16 16:59:27,317 - processing - INFO - Processing attachments below neutral for pole PL389359
2025-05-16 16:59:27,323 - processing - INFO - 
==================================================
2025-05-16 16:59:27,323 - processing - INFO - POLE SUMMARY: PL389359
2025-05-16 16:59:27,323 - processing - INFO - ==================================================
2025-05-16 16:59:27,324 - processing - INFO - Found 5 neutral wire(s):
2025-05-16 16:59:27,324 - processing - INFO -   1. CPS ENERGY Neutral at height 327.24 inches (source: katapult)
2025-05-16 16:59:27,324 - processing - INFO -   2. CPS ENERGY Neutral at height 327.15 inches (source: katapult)
2025-05-16 16:59:27,325 - processing - INFO -   3. CPS Energy  at height 327.0001765800001 inches (source: spidacalc)
2025-05-16 16:59:27,325 - processing - INFO -   4. CPS Energy  at height 327.0001765800001 inches (source: spidacalc)
2025-05-16 16:59:27,325 - processing - INFO -   5. CPS Energy  at height 327.0001765800001 inches (source: spidacalc)
2025-05-16 16:59:27,326 - processing - INFO - Highest neutral: CPS ENERGY Neutral at height 327.24 inches
2025-05-16 16:59:27,326 - processing - INFO - Found 6 attachment(s) below neutral:
2025-05-16 16:59:27,326 - processing - INFO -   1. CPS ENERGY Neutral at height 27'-3"
2025-05-16 16:59:27,326 - processing - INFO -   2. CPS ENERGY Supply Fiber at height 25'-9"
2025-05-16 16:59:27,327 - processing - INFO -   3. AT&T Fiber Optic Com at height 22'-8"
2025-05-16 16:59:27,327 - processing - INFO -   4. AT&T Telco Com at height 21'-8"
2025-05-16 16:59:27,327 - processing - INFO -   5. CPS ENERGY Neutral at height 27'-3"
2025-05-16 16:59:27,328 - processing - INFO -   6. Charter Fiber Optic Com at height 22'-12"
2025-05-16 16:59:27,328 - processing - INFO - ==================================================
