2025-05-16 16:35:46,739 - processing - INFO - Processing attachments below neutral for pole PL370858
2025-05-16 16:35:46,746 - processing - INFO - 
==================================================
2025-05-16 16:35:46,747 - processing - INFO - POLE SUMMARY: PL370858
2025-05-16 16:35:46,747 - processing - INFO - ==================================================
2025-05-16 16:35:46,748 - processing - INFO - Found 3 neutral wire(s):
2025-05-16 16:35:46,748 - processing - INFO -   1. CPS ENERGY Neutral at height 317.6 inches (source: katapult)
2025-05-16 16:35:46,748 - processing - INFO -   2. CPS Energy  at height 318.0001717200001 inches (source: spidacalc)
2025-05-16 16:35:46,749 - processing - INFO -   3. CPS Energy  at height 318.0001717200001 inches (source: spidacalc)
2025-05-16 16:35:46,750 - processing - INFO - Highest neutral: CPS Energy  at height 318.0001717200001 inches
2025-05-16 16:35:46,750 - processing - INFO - Found 5 attachment(s) below neutral:
2025-05-16 16:35:46,751 - processing - INFO -   1. CPS ENERGY Neutral at height 26'-6"
2025-05-16 16:35:46,751 - processing - INFO -   2. CPS ENERGY Supply Fiber at height 25'-5"
2025-05-16 16:35:46,751 - processing - INFO -   3. AT&T Fiber Optic Com at height 22'-10"
2025-05-16 16:35:46,752 - processing - INFO -   4. AT&T Telco Com at height 21'-10"
2025-05-16 16:35:46,752 - processing - INFO -   5. Charter Fiber Optic Com at height 22'-1"
2025-05-16 16:35:46,752 - processing - INFO - ==================================================
2025-05-16 16:35:46,828 - processing - INFO - Processing attachments below neutral for pole PL379971
2025-05-16 16:35:46,832 - processing - INFO - 
==================================================
2025-05-16 16:35:46,832 - processing - INFO - POLE SUMMARY: PL379971
2025-05-16 16:35:46,833 - processing - INFO - ==================================================
2025-05-16 16:35:46,833 - processing - INFO - Found 1 neutral wire(s):
2025-05-16 16:35:46,834 - processing - INFO -   1. CPS ENERGY Neutral at height 316.48 inches (source: katapult)
2025-05-16 16:35:46,834 - processing - INFO - Highest neutral: CPS ENERGY Neutral at height 316.48 inches
2025-05-16 16:35:46,835 - processing - INFO - Found 4 attachment(s) below neutral:
2025-05-16 16:35:46,835 - processing - INFO -   1. CPS ENERGY Neutral at height 26'-4"
2025-05-16 16:35:46,835 - processing - INFO -   2. CPS ENERGY Supply Fiber at height 24'-9"
2025-05-16 16:35:46,836 - processing - INFO -   3. AT&T Fiber Optic Com at height 23'-9"
2025-05-16 16:35:46,836 - processing - INFO -   4. AT&T Telco Com at height 22'-9"
2025-05-16 16:35:46,836 - processing - INFO - ==================================================
2025-05-16 16:35:46,878 - processing - INFO - Processing attachments below neutral for pole PL379966
2025-05-16 16:35:46,882 - processing - INFO - 
==================================================
2025-05-16 16:35:46,883 - processing - INFO - POLE SUMMARY: PL379966
2025-05-16 16:35:46,883 - processing - INFO - ==================================================
2025-05-16 16:35:46,884 - processing - INFO - Found 1 neutral wire(s):
2025-05-16 16:35:46,884 - processing - INFO -   1. CPS ENERGY Neutral at height 330.61 inches (source: katapult)
2025-05-16 16:35:46,885 - processing - INFO - Highest neutral: CPS ENERGY Neutral at height 330.61 inches
2025-05-16 16:35:46,885 - processing - INFO - Found 4 attachment(s) below neutral:
2025-05-16 16:35:46,886 - processing - INFO -   1. CPS ENERGY Neutral at height 27'-7"
2025-05-16 16:35:46,886 - processing - INFO -   2. CPS ENERGY Supply Fiber at height 26'-4"
2025-05-16 16:35:46,886 - processing - INFO -   3. AT&T Fiber Optic Com at height 23'-7"
2025-05-16 16:35:46,887 - processing - INFO -   4. AT&T Telco Com at height 22'-7"
2025-05-16 16:35:46,887 - processing - INFO - ==================================================
2025-05-16 16:35:46,971 - processing - INFO - Processing attachments below neutral for pole PL373937
2025-05-16 16:35:46,975 - processing - INFO - 
==================================================
2025-05-16 16:35:46,976 - processing - INFO - POLE SUMMARY: PL373937
2025-05-16 16:35:46,976 - processing - INFO - ==================================================
2025-05-16 16:35:46,977 - processing - INFO - Found 1 neutral wire(s):
2025-05-16 16:35:46,977 - processing - INFO -   1. CPS ENERGY Neutral at height 463.93 inches (source: katapult)
2025-05-16 16:35:46,977 - processing - INFO - Highest neutral: CPS ENERGY Neutral at height 463.93 inches
2025-05-16 16:35:46,978 - processing - INFO - Found 5 attachment(s) below neutral:
2025-05-16 16:35:46,978 - processing - INFO -   1. CPS ENERGY Neutral at height 38'-8"
2025-05-16 16:35:46,978 - processing - INFO -   2. CPS ENERGY Supply Fiber at height 36'-8"
2025-05-16 16:35:46,979 - processing - INFO -   3. AT&T Fiber Optic Com at height 32'-8"
2025-05-16 16:35:46,979 - processing - INFO -   4. AT&T Telco Com at height 27'-6"
2025-05-16 16:35:46,979 - processing - INFO -   5. CPS ENERGY Supply Fiber at height 36'-5"
2025-05-16 16:35:46,980 - processing - INFO - ==================================================
2025-05-16 16:35:47,087 - processing - INFO - Processing attachments below neutral for pole PL404475
2025-05-16 16:35:47,093 - processing - INFO - 
==================================================
2025-05-16 16:35:47,093 - processing - INFO - POLE SUMMARY: PL404475
2025-05-16 16:35:47,094 - processing - INFO - ==================================================
2025-05-16 16:35:47,094 - processing - INFO - Found 3 neutral wire(s):
2025-05-16 16:35:47,094 - processing - INFO -   1. CPS ENERGY Neutral at height 463.45 inches (source: katapult)
2025-05-16 16:35:47,095 - processing - INFO -   2. CPS ENERGY Neutral at height 432.76 inches (source: katapult)
2025-05-16 16:35:47,095 - processing - INFO -   3. CPS ENERGY Neutral at height 432.92 inches (source: katapult)
2025-05-16 16:35:47,095 - processing - INFO - Highest neutral: CPS ENERGY Neutral at height 463.45 inches
2025-05-16 16:35:47,096 - processing - INFO - Found 7 attachment(s) below neutral:
2025-05-16 16:35:47,096 - processing - INFO -   1. CPS ENERGY Neutral at height 38'-7"
2025-05-16 16:35:47,096 - processing - INFO -   2. CPS ENERGY Supply Fiber at height 37'-1"
2025-05-16 16:35:47,097 - processing - INFO -   3. AT&T Fiber Optic Com at height 31'-5"
2025-05-16 16:35:47,097 - processing - INFO -   4. AT&T Telco Com at height 21'-1"
2025-05-16 16:35:47,097 - processing - INFO -   5. CPS ENERGY Neutral at height 36'-1"
2025-05-16 16:35:47,098 - processing - INFO -   6. CPS ENERGY Neutral at height 36'-1"
2025-05-16 16:35:47,098 - processing - INFO -   7. CPS ENERGY Supply Fiber at height 36'-10"
2025-05-16 16:35:47,098 - processing - INFO - ==================================================
2025-05-16 16:35:47,158 - processing - INFO - Processing attachments below neutral for pole PL373935
2025-05-16 16:35:47,162 - processing - INFO - 
==================================================
2025-05-16 16:35:47,162 - processing - INFO - POLE SUMMARY: PL373935
2025-05-16 16:35:47,163 - processing - INFO - ==================================================
2025-05-16 16:35:47,163 - processing - INFO - Found 1 neutral wire(s):
2025-05-16 16:35:47,163 - processing - INFO -   1. CPS ENERGY Neutral at height 350.65 inches (source: katapult)
2025-05-16 16:35:47,164 - processing - INFO - Highest neutral: CPS ENERGY Neutral at height 350.65 inches
2025-05-16 16:35:47,164 - processing - INFO - Found 4 attachment(s) below neutral:
2025-05-16 16:35:47,165 - processing - INFO -   1. CPS ENERGY Neutral at height 29'-3"
2025-05-16 16:35:47,165 - processing - INFO -   2. CPS ENERGY Supply Fiber at height 27'-9"
2025-05-16 16:35:47,165 - processing - INFO -   3. AT&T Fiber Optic Com at height 24'-10"
2025-05-16 16:35:47,166 - processing - INFO -   4. AT&T Telco Com at height 23'-12"
2025-05-16 16:35:47,166 - processing - INFO - ==================================================
2025-05-16 16:35:47,217 - processing - INFO - Processing attachments below neutral for pole PL398490
2025-05-16 16:35:47,221 - processing - INFO - 
==================================================
2025-05-16 16:35:47,221 - processing - INFO - POLE SUMMARY: PL398490
2025-05-16 16:35:47,221 - processing - INFO - ==================================================
2025-05-16 16:35:47,222 - processing - INFO - Found 1 neutral wire(s):
2025-05-16 16:35:47,222 - processing - INFO -   1. CPS ENERGY Neutral at height 326.42 inches (source: katapult)
2025-05-16 16:35:47,223 - processing - INFO - Highest neutral: CPS ENERGY Neutral at height 326.42 inches
2025-05-16 16:35:47,223 - processing - INFO - Found 5 attachment(s) below neutral:
2025-05-16 16:35:47,223 - processing - INFO -   1. CPS ENERGY Neutral at height 27'-2"
2025-05-16 16:35:47,224 - processing - INFO -   2. CPS ENERGY Supply Fiber at height 26'-0"
2025-05-16 16:35:47,224 - processing - INFO -   3. AT&T Fiber Optic Com at height 24'-10"
2025-05-16 16:35:47,224 - processing - INFO -   4. AT&T Telco Com at height 23'-11"
2025-05-16 16:35:47,225 - processing - INFO -   5. CPS ENERGY Street Light Feed at height 27'-2"
2025-05-16 16:35:47,225 - processing - INFO - ==================================================
2025-05-16 16:35:47,299 - processing - INFO - Processing attachments below neutral for pole PL900997
2025-05-16 16:35:47,306 - processing - INFO - 
==================================================
2025-05-16 16:35:47,306 - processing - INFO - POLE SUMMARY: PL900997
2025-05-16 16:35:47,307 - processing - INFO - ==================================================
2025-05-16 16:35:47,307 - processing - INFO - Found 4 neutral wire(s):
2025-05-16 16:35:47,308 - processing - INFO -   1. CPS ENERGY Neutral at height 324.73 inches (source: katapult)
2025-05-16 16:35:47,308 - processing - INFO -   2. CPS ENERGY Neutral at height 342.91 inches (source: katapult)
2025-05-16 16:35:47,308 - processing - INFO -   3. CPS Energy  at height 325.0001755 inches (source: spidacalc)
2025-05-16 16:35:47,309 - processing - INFO -   4. CPS Energy  at height 325.0001755 inches (source: spidacalc)
2025-05-16 16:35:47,309 - processing - INFO - Highest neutral: CPS ENERGY Neutral at height 342.91 inches
2025-05-16 16:35:47,310 - processing - INFO - Found 7 attachment(s) below neutral:
2025-05-16 16:35:47,310 - processing - INFO -   1. CPS ENERGY Neutral at height 27'-1"
2025-05-16 16:35:47,310 - processing - INFO -   2. CPS ENERGY Street Light Feed at height 27'-1"
2025-05-16 16:35:47,311 - processing - INFO -   3. CPS ENERGY Supply Fiber at height 25'-10"
2025-05-16 16:35:47,311 - processing - INFO -   4. AT&T Fiber Optic Com at height 21'-6"
2025-05-16 16:35:47,312 - processing - INFO -   5. AT&T Telco Com at height 20'-6"
2025-05-16 16:35:47,312 - processing - INFO -   6. CPS ENERGY Service at height 27'-1"
2025-05-16 16:35:47,312 - processing - INFO -   7. Charter Fiber Optic Com at height 21'-6"
2025-05-16 16:35:47,313 - processing - INFO - ==================================================
2025-05-16 16:35:47,393 - processing - INFO - Processing attachments below neutral for pole PL404474
2025-05-16 16:35:47,399 - processing - INFO - 
==================================================
2025-05-16 16:35:47,400 - processing - INFO - POLE SUMMARY: PL404474
2025-05-16 16:35:47,400 - processing - INFO - ==================================================
2025-05-16 16:35:47,400 - processing - INFO - Found 3 neutral wire(s):
2025-05-16 16:35:47,401 - processing - INFO -   1. CPS ENERGY Neutral at height 311.85 inches (source: katapult)
2025-05-16 16:35:47,401 - processing - INFO -   2. CPS Energy  at height 312.00016848000007 inches (source: spidacalc)
2025-05-16 16:35:47,402 - processing - INFO -   3. CPS Energy  at height 312.00016848000007 inches (source: spidacalc)
2025-05-16 16:35:47,402 - processing - INFO - Highest neutral: CPS Energy  at height 312.00016848000007 inches
2025-05-16 16:35:47,403 - processing - INFO - Found 6 attachment(s) below neutral:
2025-05-16 16:35:47,403 - processing - INFO -   1. CPS ENERGY Neutral at height 25'-12"
2025-05-16 16:35:47,403 - processing - INFO -   2. CPS ENERGY Supply Fiber at height 24'-6"
2025-05-16 16:35:47,404 - processing - INFO -   3. AT&T Fiber Optic Com at height 22'-9"
2025-05-16 16:35:47,404 - processing - INFO -   4. AT&T Telco Com at height 21'-7"
2025-05-16 16:35:47,404 - processing - INFO -   5. CPS ENERGY Street Light Feed at height 25'-12"
2025-05-16 16:35:47,405 - processing - INFO -   6. Charter Fiber Optic Com at height 21'-7"
2025-05-16 16:35:47,405 - processing - INFO - ==================================================
2025-05-16 16:35:47,461 - processing - INFO - Processing attachments below neutral for pole PL401451
2025-05-16 16:35:47,466 - processing - INFO - 
==================================================
2025-05-16 16:35:47,466 - processing - INFO - POLE SUMMARY: PL401451
2025-05-16 16:35:47,467 - processing - INFO - ==================================================
2025-05-16 16:35:47,467 - processing - INFO - Found 2 neutral wire(s):
2025-05-16 16:35:47,468 - processing - INFO -   1. CPS ENERGY Neutral at height 318.97 inches (source: katapult)
2025-05-16 16:35:47,468 - processing - INFO -   2. CPS ENERGY Neutral at height 314.28 inches (source: katapult)
2025-05-16 16:35:47,469 - processing - INFO - Highest neutral: CPS ENERGY Neutral at height 318.97 inches
2025-05-16 16:35:47,469 - processing - INFO - Found 4 attachment(s) below neutral:
2025-05-16 16:35:47,469 - processing - INFO -   1. CPS ENERGY Neutral at height 26'-7"
2025-05-16 16:35:47,470 - processing - INFO -   2. CPS ENERGY Supply Fiber at height 24'-11"
2025-05-16 16:35:47,470 - processing - INFO -   3. AT&T Fiber Optic Com at height 22'-6"
2025-05-16 16:35:47,470 - processing - INFO -   4. AT&T Telco Com at height 21'-3"
2025-05-16 16:35:47,471 - processing - INFO - ==================================================
2025-05-16 16:35:47,564 - processing - INFO - Processing attachments below neutral for pole PL398491
2025-05-16 16:35:47,573 - processing - INFO - 
==================================================
2025-05-16 16:35:47,573 - processing - INFO - POLE SUMMARY: PL398491
2025-05-16 16:35:47,574 - processing - INFO - ==================================================
2025-05-16 16:35:47,574 - processing - INFO - Found 4 neutral wire(s):
2025-05-16 16:35:47,574 - processing - INFO -   1. CPS ENERGY Neutral at height 325.34 inches (source: katapult)
2025-05-16 16:35:47,575 - processing - INFO -   2. CPS ENERGY Neutral at height 322.75 inches (source: katapult)
2025-05-16 16:35:47,575 - processing - INFO -   3. CPS Energy  at height 324.00017496000004 inches (source: spidacalc)
2025-05-16 16:35:47,576 - processing - INFO -   4. CPS Energy  at height 327.0001765800001 inches (source: spidacalc)
2025-05-16 16:35:47,576 - processing - INFO - Highest neutral: CPS Energy  at height 327.0001765800001 inches
2025-05-16 16:35:47,577 - processing - INFO - Found 12 attachment(s) below neutral:
2025-05-16 16:35:47,577 - processing - INFO -   1. AT&T Com Drop at height 19'-8"
2025-05-16 16:35:47,578 - processing - INFO -   2. CPS ENERGY Service at height 27'-1"
2025-05-16 16:35:47,578 - processing - INFO -   3. AT&T Com Drop at height 19'-6"
2025-05-16 16:35:47,578 - processing - INFO -   4. AT&T Com Drop at height 19'-6"
2025-05-16 16:35:47,579 - processing - INFO -   5. CPS ENERGY Neutral at height 27'-1"
2025-05-16 16:35:47,579 - processing - INFO -   6. CPS ENERGY Neutral at height 26'-11"
2025-05-16 16:35:47,580 - processing - INFO -   7. CPS ENERGY Supply Fiber at height 25'-6"
2025-05-16 16:35:47,580 - processing - INFO -   8. AT&T Fiber Optic Com at height 21'-4"
2025-05-16 16:35:47,581 - processing - INFO -   9. AT&T Telco Com at height 20'-4"
2025-05-16 16:35:47,581 - processing - INFO -   10. AT&T Com Drop at height 19'-8"
2025-05-16 16:35:47,581 - processing - INFO -   11. Charter Fiber Optic Com at height 22'-4"
2025-05-16 16:35:47,582 - processing - INFO -   12. CPS ENERGY Supply Fiber at height 25'-9"
2025-05-16 16:35:47,582 - processing - INFO - ==================================================
2025-05-16 16:35:47,703 - processing - INFO - Processing attachments below neutral for pole PL410620
2025-05-16 16:35:47,708 - processing - INFO - 
==================================================
2025-05-16 16:35:47,708 - processing - INFO - POLE SUMMARY: PL410620
2025-05-16 16:35:47,709 - processing - INFO - ==================================================
2025-05-16 16:35:47,709 - processing - INFO - Found 3 neutral wire(s):
2025-05-16 16:35:47,709 - processing - INFO -   1. CPS ENERGY Neutral at height 354.28 inches (source: katapult)
2025-05-16 16:35:47,710 - processing - INFO -   2. CPS Energy  at height 354.0001911600001 inches (source: spidacalc)
2025-05-16 16:35:47,710 - processing - INFO -   3. CPS Energy  at height 354.0001911600001 inches (source: spidacalc)
2025-05-16 16:35:47,711 - processing - INFO - Highest neutral: CPS ENERGY Neutral at height 354.28 inches
2025-05-16 16:35:47,711 - processing - INFO - Found 6 attachment(s) below neutral:
2025-05-16 16:35:47,712 - processing - INFO -   1. CPS ENERGY Neutral at height 29'-6"
2025-05-16 16:35:47,712 - processing - INFO -   2. CPS ENERGY Supply Fiber at height 27'-12"
2025-05-16 16:35:47,713 - processing - INFO -   3. AT&T Fiber Optic Com at height 23'-7"
2025-05-16 16:35:47,713 - processing - INFO -   4. AT&T Telco Com at height 22'-4"
2025-05-16 16:35:47,713 - processing - INFO -   5. AT&T Com Drop at height 21'-5"
2025-05-16 16:35:47,714 - processing - INFO -   6. Charter Fiber Optic Com at height 24'-7"
2025-05-16 16:35:47,714 - processing - INFO - ==================================================
2025-05-16 16:35:47,802 - processing - INFO - Processing attachments below neutral for pole PL389359
2025-05-16 16:35:47,809 - processing - INFO - 
==================================================
2025-05-16 16:35:47,809 - processing - INFO - POLE SUMMARY: PL389359
2025-05-16 16:35:47,810 - processing - INFO - ==================================================
2025-05-16 16:35:47,810 - processing - INFO - Found 5 neutral wire(s):
2025-05-16 16:35:47,811 - processing - INFO -   1. CPS ENERGY Neutral at height 327.24 inches (source: katapult)
2025-05-16 16:35:47,811 - processing - INFO -   2. CPS ENERGY Neutral at height 327.15 inches (source: katapult)
2025-05-16 16:35:47,812 - processing - INFO -   3. CPS Energy  at height 327.0001765800001 inches (source: spidacalc)
2025-05-16 16:35:47,812 - processing - INFO -   4. CPS Energy  at height 327.0001765800001 inches (source: spidacalc)
2025-05-16 16:35:47,813 - processing - INFO -   5. CPS Energy  at height 327.0001765800001 inches (source: spidacalc)
2025-05-16 16:35:47,813 - processing - INFO - Highest neutral: CPS ENERGY Neutral at height 327.24 inches
2025-05-16 16:35:47,814 - processing - INFO - Found 6 attachment(s) below neutral:
2025-05-16 16:35:47,814 - processing - INFO -   1. CPS ENERGY Neutral at height 27'-3"
2025-05-16 16:35:47,815 - processing - INFO -   2. CPS ENERGY Supply Fiber at height 25'-9"
2025-05-16 16:35:47,815 - processing - INFO -   3. AT&T Fiber Optic Com at height 22'-8"
2025-05-16 16:35:47,815 - processing - INFO -   4. AT&T Telco Com at height 21'-8"
2025-05-16 16:35:47,816 - processing - INFO -   5. CPS ENERGY Neutral at height 27'-3"
2025-05-16 16:35:47,816 - processing - INFO -   6. Charter Fiber Optic Com at height 22'-12"
2025-05-16 16:35:47,817 - processing - INFO - ==================================================
