2025-05-16 16:24:30,121 - processing - INFO - Processing attachments below neutral for pole PL370858
2025-05-16 16:24:30,127 - processing - INFO - 
==================================================
2025-05-16 16:24:30,127 - processing - INFO - POLE SUMMARY: PL370858
2025-05-16 16:24:30,128 - processing - INFO - ==================================================
2025-05-16 16:24:30,128 - processing - INFO - Found 3 neutral wire(s):
2025-05-16 16:24:30,128 - processing - INFO -   1. CPS ENERGY Neutral at height 317.6 inches (source: katapult)
2025-05-16 16:24:30,129 - processing - INFO -   2. CPS Energy  at height 318.0001717200001 inches (source: spidacalc)
2025-05-16 16:24:30,129 - processing - INFO -   3. CPS Energy  at height 318.0001717200001 inches (source: spidacalc)
2025-05-16 16:24:30,130 - processing - INFO - Highest neutral: CPS Energy  at height 318.0001717200001 inches
2025-05-16 16:24:30,130 - processing - INFO - Found 5 attachment(s) below neutral:
2025-05-16 16:24:30,130 - processing - INFO -   1. CPS ENERGY Neutral at height 26'-6"
2025-05-16 16:24:30,130 - processing - INFO -   2. CPS ENERGY Supply Fiber at height 25'-5"
2025-05-16 16:24:30,131 - processing - INFO -   3. AT&T Fiber Optic Com at height 22'-10"
2025-05-16 16:24:30,131 - processing - INFO -   4. AT&T Telco Com at height 21'-10"
2025-05-16 16:24:30,131 - processing - INFO -   5. Charter Fiber Optic Com at height 22'-1"
2025-05-16 16:24:30,131 - processing - INFO - ==================================================
2025-05-16 16:24:30,193 - processing - INFO - Processing attachments below neutral for pole PL379971
2025-05-16 16:24:30,196 - processing - INFO - 
==================================================
2025-05-16 16:24:30,197 - processing - INFO - POLE SUMMARY: PL379971
2025-05-16 16:24:30,198 - processing - INFO - ==================================================
2025-05-16 16:24:30,198 - processing - INFO - Found 1 neutral wire(s):
2025-05-16 16:24:30,198 - processing - INFO -   1. CPS ENERGY Neutral at height 316.48 inches (source: katapult)
2025-05-16 16:24:30,199 - processing - INFO - Highest neutral: CPS ENERGY Neutral at height 316.48 inches
2025-05-16 16:24:30,199 - processing - INFO - Found 3 attachment(s) below neutral:
2025-05-16 16:24:30,200 - processing - INFO -   1. CPS ENERGY Supply Fiber at height 24'-9"
2025-05-16 16:24:30,200 - processing - INFO -   2. AT&T Fiber Optic Com at height 23'-9"
2025-05-16 16:24:30,201 - processing - INFO -   3. AT&T Telco Com at height 22'-9"
2025-05-16 16:24:30,201 - processing - INFO - ==================================================
2025-05-16 16:24:30,242 - processing - INFO - Processing attachments below neutral for pole PL379966
2025-05-16 16:24:30,245 - processing - INFO - 
==================================================
2025-05-16 16:24:30,246 - processing - INFO - POLE SUMMARY: PL379966
2025-05-16 16:24:30,246 - processing - INFO - ==================================================
2025-05-16 16:24:30,246 - processing - INFO - Found 1 neutral wire(s):
2025-05-16 16:24:30,247 - processing - INFO -   1. CPS ENERGY Neutral at height 330.61 inches (source: katapult)
2025-05-16 16:24:30,247 - processing - INFO - Highest neutral: CPS ENERGY Neutral at height 330.61 inches
2025-05-16 16:24:30,247 - processing - INFO - Found 3 attachment(s) below neutral:
2025-05-16 16:24:30,248 - processing - INFO -   1. CPS ENERGY Supply Fiber at height 26'-4"
2025-05-16 16:24:30,248 - processing - INFO -   2. AT&T Fiber Optic Com at height 23'-7"
2025-05-16 16:24:30,248 - processing - INFO -   3. AT&T Telco Com at height 22'-7"
2025-05-16 16:24:30,249 - processing - INFO - ==================================================
2025-05-16 16:24:30,327 - processing - INFO - Processing attachments below neutral for pole PL373937
2025-05-16 16:24:30,330 - processing - INFO - 
==================================================
2025-05-16 16:24:30,331 - processing - INFO - POLE SUMMARY: PL373937
2025-05-16 16:24:30,331 - processing - INFO - ==================================================
2025-05-16 16:24:30,332 - processing - INFO - Found 1 neutral wire(s):
2025-05-16 16:24:30,332 - processing - INFO -   1. CPS ENERGY Neutral at height 463.93 inches (source: katapult)
2025-05-16 16:24:30,333 - processing - INFO - Highest neutral: CPS ENERGY Neutral at height 463.93 inches
2025-05-16 16:24:30,333 - processing - INFO - Found 4 attachment(s) below neutral:
2025-05-16 16:24:30,334 - processing - INFO -   1. CPS ENERGY Supply Fiber at height 36'-8"
2025-05-16 16:24:30,334 - processing - INFO -   2. AT&T Fiber Optic Com at height 32'-8"
2025-05-16 16:24:30,335 - processing - INFO -   3. AT&T Telco Com at height 27'-6"
2025-05-16 16:24:30,335 - processing - INFO -   4. CPS ENERGY Supply Fiber at height 36'-5"
2025-05-16 16:24:30,336 - processing - INFO - ==================================================
2025-05-16 16:24:30,427 - processing - INFO - Processing attachments below neutral for pole PL404475
2025-05-16 16:24:30,432 - processing - INFO - 
==================================================
2025-05-16 16:24:30,433 - processing - INFO - POLE SUMMARY: PL404475
2025-05-16 16:24:30,433 - processing - INFO - ==================================================
2025-05-16 16:24:30,434 - processing - INFO - Found 3 neutral wire(s):
2025-05-16 16:24:30,434 - processing - INFO -   1. CPS ENERGY Neutral at height 463.45 inches (source: katapult)
2025-05-16 16:24:30,434 - processing - INFO -   2. CPS ENERGY Neutral at height 432.76 inches (source: katapult)
2025-05-16 16:24:30,435 - processing - INFO -   3. CPS ENERGY Neutral at height 432.92 inches (source: katapult)
2025-05-16 16:24:30,435 - processing - INFO - Highest neutral: CPS ENERGY Neutral at height 463.45 inches
2025-05-16 16:24:30,436 - processing - INFO - Found 6 attachment(s) below neutral:
2025-05-16 16:24:30,436 - processing - INFO -   1. CPS ENERGY Supply Fiber at height 37'-1"
2025-05-16 16:24:30,436 - processing - INFO -   2. AT&T Fiber Optic Com at height 31'-5"
2025-05-16 16:24:30,437 - processing - INFO -   3. AT&T Telco Com at height 21'-1"
2025-05-16 16:24:30,437 - processing - INFO -   4. CPS ENERGY Neutral at height 36'-1"
2025-05-16 16:24:30,437 - processing - INFO -   5. CPS ENERGY Neutral at height 36'-1"
2025-05-16 16:24:30,438 - processing - INFO -   6. CPS ENERGY Supply Fiber at height 36'-10"
2025-05-16 16:24:30,438 - processing - INFO - ==================================================
2025-05-16 16:24:30,485 - processing - INFO - Processing attachments below neutral for pole PL373935
2025-05-16 16:24:30,488 - processing - INFO - 
==================================================
2025-05-16 16:24:30,489 - processing - INFO - POLE SUMMARY: PL373935
2025-05-16 16:24:30,489 - processing - INFO - ==================================================
2025-05-16 16:24:30,489 - processing - INFO - Found 1 neutral wire(s):
2025-05-16 16:24:30,490 - processing - INFO -   1. CPS ENERGY Neutral at height 350.65 inches (source: katapult)
2025-05-16 16:24:30,490 - processing - INFO - Highest neutral: CPS ENERGY Neutral at height 350.65 inches
2025-05-16 16:24:30,490 - processing - INFO - Found 3 attachment(s) below neutral:
2025-05-16 16:24:30,491 - processing - INFO -   1. CPS ENERGY Supply Fiber at height 27'-9"
2025-05-16 16:24:30,491 - processing - INFO -   2. AT&T Fiber Optic Com at height 24'-10"
2025-05-16 16:24:30,491 - processing - INFO -   3. AT&T Telco Com at height 23'-12"
2025-05-16 16:24:30,492 - processing - INFO - ==================================================
2025-05-16 16:24:30,531 - processing - INFO - Processing attachments below neutral for pole PL398490
2025-05-16 16:24:30,536 - processing - INFO - 
==================================================
2025-05-16 16:24:30,536 - processing - INFO - POLE SUMMARY: PL398490
2025-05-16 16:24:30,537 - processing - INFO - ==================================================
2025-05-16 16:24:30,537 - processing - INFO - Found 1 neutral wire(s):
2025-05-16 16:24:30,537 - processing - INFO -   1. CPS ENERGY Neutral at height 326.42 inches (source: katapult)
2025-05-16 16:24:30,538 - processing - INFO - Highest neutral: CPS ENERGY Neutral at height 326.42 inches
2025-05-16 16:24:30,538 - processing - INFO - Found 4 attachment(s) below neutral:
2025-05-16 16:24:30,539 - processing - INFO -   1. CPS ENERGY Supply Fiber at height 26'-0"
2025-05-16 16:24:30,539 - processing - INFO -   2. AT&T Fiber Optic Com at height 24'-10"
2025-05-16 16:24:30,540 - processing - INFO -   3. AT&T Telco Com at height 23'-11"
2025-05-16 16:24:30,540 - processing - INFO -   4. CPS ENERGY Street Light Feed at height 27'-2"
2025-05-16 16:24:30,540 - processing - INFO - ==================================================
2025-05-16 16:24:30,605 - processing - INFO - Processing attachments below neutral for pole PL900997
2025-05-16 16:24:30,610 - processing - INFO - 
==================================================
2025-05-16 16:24:30,611 - processing - INFO - POLE SUMMARY: PL900997
2025-05-16 16:24:30,611 - processing - INFO - ==================================================
2025-05-16 16:24:30,612 - processing - INFO - Found 4 neutral wire(s):
2025-05-16 16:24:30,613 - processing - INFO -   1. CPS ENERGY Neutral at height 324.73 inches (source: katapult)
2025-05-16 16:24:30,613 - processing - INFO -   2. CPS ENERGY Neutral at height 342.91 inches (source: katapult)
2025-05-16 16:24:30,613 - processing - INFO -   3. CPS Energy  at height 325.0001755 inches (source: spidacalc)
2025-05-16 16:24:30,614 - processing - INFO -   4. CPS Energy  at height 325.0001755 inches (source: spidacalc)
2025-05-16 16:24:30,614 - processing - INFO - Highest neutral: CPS ENERGY Neutral at height 342.91 inches
2025-05-16 16:24:30,615 - processing - INFO - Found 7 attachment(s) below neutral:
2025-05-16 16:24:30,615 - processing - INFO -   1. CPS ENERGY Neutral at height 27'-1"
2025-05-16 16:24:30,615 - processing - INFO -   2. CPS ENERGY Street Light Feed at height 27'-1"
2025-05-16 16:24:30,616 - processing - INFO -   3. CPS ENERGY Supply Fiber at height 25'-10"
2025-05-16 16:24:30,616 - processing - INFO -   4. AT&T Fiber Optic Com at height 21'-6"
2025-05-16 16:24:30,617 - processing - INFO -   5. AT&T Telco Com at height 20'-6"
2025-05-16 16:24:30,617 - processing - INFO -   6. CPS ENERGY Service at height 27'-1"
2025-05-16 16:24:30,617 - processing - INFO -   7. Charter Fiber Optic Com at height 21'-6"
2025-05-16 16:24:30,618 - processing - INFO - ==================================================
2025-05-16 16:24:30,694 - processing - INFO - Processing attachments below neutral for pole PL404474
2025-05-16 16:24:30,698 - processing - INFO - 
==================================================
2025-05-16 16:24:30,699 - processing - INFO - POLE SUMMARY: PL404474
2025-05-16 16:24:30,699 - processing - INFO - ==================================================
2025-05-16 16:24:30,700 - processing - INFO - Found 3 neutral wire(s):
2025-05-16 16:24:30,700 - processing - INFO -   1. CPS ENERGY Neutral at height 311.85 inches (source: katapult)
2025-05-16 16:24:30,701 - processing - INFO -   2. CPS Energy  at height 312.00016848000007 inches (source: spidacalc)
2025-05-16 16:24:30,701 - processing - INFO -   3. CPS Energy  at height 312.00016848000007 inches (source: spidacalc)
2025-05-16 16:24:30,701 - processing - INFO - Highest neutral: CPS Energy  at height 312.00016848000007 inches
2025-05-16 16:24:30,702 - processing - INFO - Found 6 attachment(s) below neutral:
2025-05-16 16:24:30,702 - processing - INFO -   1. CPS ENERGY Neutral at height 25'-12"
2025-05-16 16:24:30,702 - processing - INFO -   2. CPS ENERGY Supply Fiber at height 24'-6"
2025-05-16 16:24:30,702 - processing - INFO -   3. AT&T Fiber Optic Com at height 22'-9"
2025-05-16 16:24:30,703 - processing - INFO -   4. AT&T Telco Com at height 21'-7"
2025-05-16 16:24:30,703 - processing - INFO -   5. CPS ENERGY Street Light Feed at height 25'-12"
2025-05-16 16:24:30,704 - processing - INFO -   6. Charter Fiber Optic Com at height 21'-7"
2025-05-16 16:24:30,704 - processing - INFO - ==================================================
2025-05-16 16:24:30,759 - processing - INFO - Processing attachments below neutral for pole PL401451
2025-05-16 16:24:30,763 - processing - INFO - 
==================================================
2025-05-16 16:24:30,764 - processing - INFO - POLE SUMMARY: PL401451
2025-05-16 16:24:30,764 - processing - INFO - ==================================================
2025-05-16 16:24:30,765 - processing - INFO - Found 2 neutral wire(s):
2025-05-16 16:24:30,765 - processing - INFO -   1. CPS ENERGY Neutral at height 318.97 inches (source: katapult)
2025-05-16 16:24:30,765 - processing - INFO -   2. CPS ENERGY Neutral at height 314.28 inches (source: katapult)
2025-05-16 16:24:30,766 - processing - INFO - Highest neutral: CPS ENERGY Neutral at height 318.97 inches
2025-05-16 16:24:30,766 - processing - INFO - Found 3 attachment(s) below neutral:
2025-05-16 16:24:30,766 - processing - INFO -   1. CPS ENERGY Supply Fiber at height 24'-11"
2025-05-16 16:24:30,767 - processing - INFO -   2. AT&T Fiber Optic Com at height 22'-6"
2025-05-16 16:24:30,767 - processing - INFO -   3. AT&T Telco Com at height 21'-3"
2025-05-16 16:24:30,768 - processing - INFO - ==================================================
2025-05-16 16:24:30,854 - processing - INFO - Processing attachments below neutral for pole PL398491
2025-05-16 16:24:30,862 - processing - INFO - 
==================================================
2025-05-16 16:24:30,862 - processing - INFO - POLE SUMMARY: PL398491
2025-05-16 16:24:30,862 - processing - INFO - ==================================================
2025-05-16 16:24:30,863 - processing - INFO - Found 4 neutral wire(s):
2025-05-16 16:24:30,863 - processing - INFO -   1. CPS ENERGY Neutral at height 325.34 inches (source: katapult)
2025-05-16 16:24:30,864 - processing - INFO -   2. CPS ENERGY Neutral at height 322.75 inches (source: katapult)
2025-05-16 16:24:30,864 - processing - INFO -   3. CPS Energy  at height 324.00017496000004 inches (source: spidacalc)
2025-05-16 16:24:30,865 - processing - INFO -   4. CPS Energy  at height 327.0001765800001 inches (source: spidacalc)
2025-05-16 16:24:30,865 - processing - INFO - Highest neutral: CPS Energy  at height 327.0001765800001 inches
2025-05-16 16:24:30,865 - processing - INFO - Found 12 attachment(s) below neutral:
2025-05-16 16:24:30,866 - processing - INFO -   1. AT&T Com Drop at height 19'-8"
2025-05-16 16:24:30,866 - processing - INFO -   2. CPS ENERGY Service at height 27'-1"
2025-05-16 16:24:30,866 - processing - INFO -   3. AT&T Com Drop at height 19'-6"
2025-05-16 16:24:30,867 - processing - INFO -   4. AT&T Com Drop at height 19'-6"
2025-05-16 16:24:30,867 - processing - INFO -   5. CPS ENERGY Neutral at height 27'-1"
2025-05-16 16:24:30,868 - processing - INFO -   6. CPS ENERGY Neutral at height 26'-11"
2025-05-16 16:24:30,868 - processing - INFO -   7. CPS ENERGY Supply Fiber at height 25'-6"
2025-05-16 16:24:30,868 - processing - INFO -   8. AT&T Fiber Optic Com at height 21'-4"
2025-05-16 16:24:30,869 - processing - INFO -   9. AT&T Telco Com at height 20'-4"
2025-05-16 16:24:30,869 - processing - INFO -   10. AT&T Com Drop at height 19'-8"
2025-05-16 16:24:30,869 - processing - INFO -   11. Charter Fiber Optic Com at height 22'-4"
2025-05-16 16:24:30,869 - processing - INFO -   12. CPS ENERGY Supply Fiber at height 25'-9"
2025-05-16 16:24:30,870 - processing - INFO - ==================================================
2025-05-16 16:24:30,989 - processing - INFO - Processing attachments below neutral for pole PL410620
2025-05-16 16:24:30,993 - processing - INFO - 
==================================================
2025-05-16 16:24:30,993 - processing - INFO - POLE SUMMARY: PL410620
2025-05-16 16:24:30,994 - processing - INFO - ==================================================
2025-05-16 16:24:30,994 - processing - INFO - Found 3 neutral wire(s):
2025-05-16 16:24:30,995 - processing - INFO -   1. CPS ENERGY Neutral at height 354.28 inches (source: katapult)
2025-05-16 16:24:30,995 - processing - INFO -   2. CPS Energy  at height 354.0001911600001 inches (source: spidacalc)
2025-05-16 16:24:30,996 - processing - INFO -   3. CPS Energy  at height 354.0001911600001 inches (source: spidacalc)
2025-05-16 16:24:30,996 - processing - INFO - Highest neutral: CPS ENERGY Neutral at height 354.28 inches
2025-05-16 16:24:30,996 - processing - INFO - Found 5 attachment(s) below neutral:
2025-05-16 16:24:30,996 - processing - INFO -   1. CPS ENERGY Supply Fiber at height 27'-12"
2025-05-16 16:24:30,997 - processing - INFO -   2. AT&T Fiber Optic Com at height 23'-7"
2025-05-16 16:24:30,997 - processing - INFO -   3. AT&T Telco Com at height 22'-4"
2025-05-16 16:24:30,997 - processing - INFO -   4. AT&T Com Drop at height 21'-5"
2025-05-16 16:24:30,998 - processing - INFO -   5. Charter Fiber Optic Com at height 24'-7"
2025-05-16 16:24:30,998 - processing - INFO - ==================================================
2025-05-16 16:24:31,071 - processing - INFO - Processing attachments below neutral for pole PL389359
2025-05-16 16:24:31,076 - processing - INFO - 
==================================================
2025-05-16 16:24:31,077 - processing - INFO - POLE SUMMARY: PL389359
2025-05-16 16:24:31,077 - processing - INFO - ==================================================
2025-05-16 16:24:31,077 - processing - INFO - Found 5 neutral wire(s):
2025-05-16 16:24:31,078 - processing - INFO -   1. CPS ENERGY Neutral at height 327.24 inches (source: katapult)
2025-05-16 16:24:31,078 - processing - INFO -   2. CPS ENERGY Neutral at height 327.15 inches (source: katapult)
2025-05-16 16:24:31,079 - processing - INFO -   3. CPS Energy  at height 327.0001765800001 inches (source: spidacalc)
2025-05-16 16:24:31,079 - processing - INFO -   4. CPS Energy  at height 327.0001765800001 inches (source: spidacalc)
2025-05-16 16:24:31,079 - processing - INFO -   5. CPS Energy  at height 327.0001765800001 inches (source: spidacalc)
2025-05-16 16:24:31,080 - processing - INFO - Highest neutral: CPS ENERGY Neutral at height 327.24 inches
2025-05-16 16:24:31,080 - processing - INFO - Found 5 attachment(s) below neutral:
2025-05-16 16:24:31,081 - processing - INFO -   1. CPS ENERGY Supply Fiber at height 25'-9"
2025-05-16 16:24:31,081 - processing - INFO -   2. AT&T Fiber Optic Com at height 22'-8"
2025-05-16 16:24:31,081 - processing - INFO -   3. AT&T Telco Com at height 21'-8"
2025-05-16 16:24:31,081 - processing - INFO -   4. CPS ENERGY Neutral at height 27'-3"
2025-05-16 16:24:31,082 - processing - INFO -   5. Charter Fiber Optic Com at height 22'-12"
2025-05-16 16:24:31,082 - processing - INFO - ==================================================
