2025-05-16 16:59:02,990 - processing - INFO - Processing attachments below neutral for pole PL370858
2025-05-16 16:59:02,994 - processing - INFO - 
==================================================
2025-05-16 16:59:02,995 - processing - INFO - POLE SUMMARY: PL370858
2025-05-16 16:59:02,995 - processing - INFO - ==================================================
2025-05-16 16:59:02,995 - processing - INFO - Found 3 neutral wire(s):
2025-05-16 16:59:02,995 - processing - INFO -   1. CPS ENERGY Neutral at height 317.6 inches (source: katapult)
2025-05-16 16:59:02,996 - processing - INFO -   2. CPS Energy  at height 318.0001717200001 inches (source: spidacalc)
2025-05-16 16:59:03,019 - processing - INFO -   3. CPS Energy  at height 318.0001717200001 inches (source: spidacalc)
2025-05-16 16:59:03,020 - processing - INFO - Highest neutral: CPS Energy  at height 318.0001717200001 inches
2025-05-16 16:59:03,020 - processing - INFO - Found 5 attachment(s) below neutral:
2025-05-16 16:59:03,020 - processing - INFO -   1. CPS ENERGY Neutral at height 26'-6"
2025-05-16 16:59:03,021 - processing - INFO -   2. CPS ENERGY Supply Fiber at height 25'-5"
2025-05-16 16:59:03,021 - processing - INFO -   3. AT&T Fiber Optic Com at height 22'-10"
2025-05-16 16:59:03,022 - processing - INFO -   4. AT&T Telco Com at height 21'-10"
2025-05-16 16:59:03,022 - processing - INFO -   5. Charter Fiber Optic Com at height 22'-1"
2025-05-16 16:59:03,023 - processing - INFO - ==================================================
2025-05-16 16:59:03,084 - processing - INFO - Processing attachments below neutral for pole PL379971
2025-05-16 16:59:03,087 - processing - INFO - 
==================================================
2025-05-16 16:59:03,087 - processing - INFO - POLE SUMMARY: PL379971
2025-05-16 16:59:03,087 - processing - INFO - ==================================================
2025-05-16 16:59:03,088 - processing - INFO - Found 1 neutral wire(s):
2025-05-16 16:59:03,088 - processing - INFO -   1. CPS ENERGY Neutral at height 316.48 inches (source: katapult)
2025-05-16 16:59:03,088 - processing - INFO - Highest neutral: CPS ENERGY Neutral at height 316.48 inches
2025-05-16 16:59:03,089 - processing - INFO - Found 4 attachment(s) below neutral:
2025-05-16 16:59:03,089 - processing - INFO -   1. CPS ENERGY Neutral at height 26'-4"
2025-05-16 16:59:03,090 - processing - INFO -   2. CPS ENERGY Supply Fiber at height 24'-9"
2025-05-16 16:59:03,090 - processing - INFO -   3. AT&T Fiber Optic Com at height 23'-9"
2025-05-16 16:59:03,090 - processing - INFO -   4. AT&T Telco Com at height 22'-9"
2025-05-16 16:59:03,091 - processing - INFO - ==================================================
2025-05-16 16:59:03,128 - processing - INFO - Processing attachments below neutral for pole PL379966
2025-05-16 16:59:03,131 - processing - INFO - 
==================================================
2025-05-16 16:59:03,131 - processing - INFO - POLE SUMMARY: PL379966
2025-05-16 16:59:03,132 - processing - INFO - ==================================================
2025-05-16 16:59:03,132 - processing - INFO - Found 1 neutral wire(s):
2025-05-16 16:59:03,132 - processing - INFO -   1. CPS ENERGY Neutral at height 330.61 inches (source: katapult)
2025-05-16 16:59:03,133 - processing - INFO - Highest neutral: CPS ENERGY Neutral at height 330.61 inches
2025-05-16 16:59:03,133 - processing - INFO - Found 4 attachment(s) below neutral:
2025-05-16 16:59:03,133 - processing - INFO -   1. CPS ENERGY Neutral at height 27'-7"
2025-05-16 16:59:03,133 - processing - INFO -   2. CPS ENERGY Supply Fiber at height 26'-4"
2025-05-16 16:59:03,134 - processing - INFO -   3. AT&T Fiber Optic Com at height 23'-7"
2025-05-16 16:59:03,134 - processing - INFO -   4. AT&T Telco Com at height 22'-7"
2025-05-16 16:59:03,134 - processing - INFO - ==================================================
2025-05-16 16:59:03,200 - processing - INFO - Processing attachments below neutral for pole PL373937
2025-05-16 16:59:03,204 - processing - INFO - 
==================================================
2025-05-16 16:59:03,205 - processing - INFO - POLE SUMMARY: PL373937
2025-05-16 16:59:03,205 - processing - INFO - ==================================================
2025-05-16 16:59:03,206 - processing - INFO - Found 1 neutral wire(s):
2025-05-16 16:59:03,206 - processing - INFO -   1. CPS ENERGY Neutral at height 463.93 inches (source: katapult)
2025-05-16 16:59:03,206 - processing - INFO - Highest neutral: CPS ENERGY Neutral at height 463.93 inches
2025-05-16 16:59:03,207 - processing - INFO - Found 5 attachment(s) below neutral:
2025-05-16 16:59:03,207 - processing - INFO -   1. CPS ENERGY Neutral at height 38'-8"
2025-05-16 16:59:03,207 - processing - INFO -   2. CPS ENERGY Supply Fiber at height 36'-8"
2025-05-16 16:59:03,207 - processing - INFO -   3. AT&T Fiber Optic Com at height 32'-8"
2025-05-16 16:59:03,207 - processing - INFO -   4. AT&T Telco Com at height 27'-6"
2025-05-16 16:59:03,208 - processing - INFO -   5. CPS ENERGY Supply Fiber at height 36'-5"
2025-05-16 16:59:03,208 - processing - INFO - ==================================================
2025-05-16 16:59:03,321 - processing - INFO - Processing attachments below neutral for pole PL404475
2025-05-16 16:59:03,329 - processing - INFO - 
==================================================
2025-05-16 16:59:03,329 - processing - INFO - POLE SUMMARY: PL404475
2025-05-16 16:59:03,330 - processing - INFO - ==================================================
2025-05-16 16:59:03,331 - processing - INFO - Found 3 neutral wire(s):
2025-05-16 16:59:03,331 - processing - INFO -   1. CPS ENERGY Neutral at height 463.45 inches (source: katapult)
2025-05-16 16:59:03,332 - processing - INFO -   2. CPS ENERGY Neutral at height 432.76 inches (source: katapult)
2025-05-16 16:59:03,332 - processing - INFO -   3. CPS ENERGY Neutral at height 432.92 inches (source: katapult)
2025-05-16 16:59:03,333 - processing - INFO - Highest neutral: CPS ENERGY Neutral at height 463.45 inches
2025-05-16 16:59:03,333 - processing - INFO - Found 7 attachment(s) below neutral:
2025-05-16 16:59:03,334 - processing - INFO -   1. CPS ENERGY Neutral at height 38'-7"
2025-05-16 16:59:03,334 - processing - INFO -   2. CPS ENERGY Supply Fiber at height 37'-1"
2025-05-16 16:59:03,335 - processing - INFO -   3. AT&T Fiber Optic Com at height 31'-5"
2025-05-16 16:59:03,335 - processing - INFO -   4. AT&T Telco Com at height 21'-1"
2025-05-16 16:59:03,336 - processing - INFO -   5. CPS ENERGY Neutral at height 36'-1"
2025-05-16 16:59:03,336 - processing - INFO -   6. CPS ENERGY Neutral at height 36'-1"
2025-05-16 16:59:03,337 - processing - INFO -   7. CPS ENERGY Supply Fiber at height 36'-10"
2025-05-16 16:59:03,337 - processing - INFO - ==================================================
2025-05-16 16:59:03,395 - processing - INFO - Processing attachments below neutral for pole PL373935
2025-05-16 16:59:03,399 - processing - INFO - 
==================================================
2025-05-16 16:59:03,400 - processing - INFO - POLE SUMMARY: PL373935
2025-05-16 16:59:03,400 - processing - INFO - ==================================================
2025-05-16 16:59:03,400 - processing - INFO - Found 1 neutral wire(s):
2025-05-16 16:59:03,401 - processing - INFO -   1. CPS ENERGY Neutral at height 350.65 inches (source: katapult)
2025-05-16 16:59:03,401 - processing - INFO - Highest neutral: CPS ENERGY Neutral at height 350.65 inches
2025-05-16 16:59:03,401 - processing - INFO - Found 4 attachment(s) below neutral:
2025-05-16 16:59:03,402 - processing - INFO -   1. CPS ENERGY Neutral at height 29'-3"
2025-05-16 16:59:03,402 - processing - INFO -   2. CPS ENERGY Supply Fiber at height 27'-9"
2025-05-16 16:59:03,402 - processing - INFO -   3. AT&T Fiber Optic Com at height 24'-10"
2025-05-16 16:59:03,403 - processing - INFO -   4. AT&T Telco Com at height 23'-12"
2025-05-16 16:59:03,403 - processing - INFO - ==================================================
2025-05-16 16:59:03,443 - processing - INFO - Processing attachments below neutral for pole PL398490
2025-05-16 16:59:03,447 - processing - INFO - 
==================================================
2025-05-16 16:59:03,448 - processing - INFO - POLE SUMMARY: PL398490
2025-05-16 16:59:03,448 - processing - INFO - ==================================================
2025-05-16 16:59:03,448 - processing - INFO - Found 1 neutral wire(s):
2025-05-16 16:59:03,449 - processing - INFO -   1. CPS ENERGY Neutral at height 326.42 inches (source: katapult)
2025-05-16 16:59:03,449 - processing - INFO - Highest neutral: CPS ENERGY Neutral at height 326.42 inches
2025-05-16 16:59:03,450 - processing - INFO - Found 5 attachment(s) below neutral:
2025-05-16 16:59:03,450 - processing - INFO -   1. CPS ENERGY Neutral at height 27'-2"
2025-05-16 16:59:03,450 - processing - INFO -   2. CPS ENERGY Supply Fiber at height 26'-0"
2025-05-16 16:59:03,451 - processing - INFO -   3. AT&T Fiber Optic Com at height 24'-10"
2025-05-16 16:59:03,451 - processing - INFO -   4. AT&T Telco Com at height 23'-11"
2025-05-16 16:59:03,451 - processing - INFO -   5. CPS ENERGY Street Light Feed at height 27'-2"
2025-05-16 16:59:03,452 - processing - INFO - ==================================================
2025-05-16 16:59:03,516 - processing - INFO - Processing attachments below neutral for pole PL900997
2025-05-16 16:59:03,523 - processing - INFO - 
==================================================
2025-05-16 16:59:03,523 - processing - INFO - POLE SUMMARY: PL900997
2025-05-16 16:59:03,524 - processing - INFO - ==================================================
2025-05-16 16:59:03,524 - processing - INFO - Found 4 neutral wire(s):
2025-05-16 16:59:03,524 - processing - INFO -   1. CPS ENERGY Neutral at height 324.73 inches (source: katapult)
2025-05-16 16:59:03,525 - processing - INFO -   2. CPS ENERGY Neutral at height 342.91 inches (source: katapult)
2025-05-16 16:59:03,526 - processing - INFO -   3. CPS Energy  at height 325.0001755 inches (source: spidacalc)
2025-05-16 16:59:03,526 - processing - INFO -   4. CPS Energy  at height 325.0001755 inches (source: spidacalc)
2025-05-16 16:59:03,527 - processing - INFO - Highest neutral: CPS ENERGY Neutral at height 342.91 inches
2025-05-16 16:59:03,527 - processing - INFO - Found 7 attachment(s) below neutral:
2025-05-16 16:59:03,527 - processing - INFO -   1. CPS ENERGY Neutral at height 27'-1"
2025-05-16 16:59:03,527 - processing - INFO -   2. CPS ENERGY Street Light Feed at height 27'-1"
2025-05-16 16:59:03,527 - processing - INFO -   3. CPS ENERGY Supply Fiber at height 25'-10"
2025-05-16 16:59:03,528 - processing - INFO -   4. AT&T Fiber Optic Com at height 21'-6"
2025-05-16 16:59:03,528 - processing - INFO -   5. AT&T Telco Com at height 20'-6"
2025-05-16 16:59:03,528 - processing - INFO -   6. CPS ENERGY Service at height 27'-1"
2025-05-16 16:59:03,528 - processing - INFO -   7. Charter Fiber Optic Com at height 21'-6"
2025-05-16 16:59:03,528 - processing - INFO - ==================================================
2025-05-16 16:59:03,591 - processing - INFO - Processing attachments below neutral for pole PL404474
2025-05-16 16:59:03,597 - processing - INFO - 
==================================================
2025-05-16 16:59:03,597 - processing - INFO - POLE SUMMARY: PL404474
2025-05-16 16:59:03,598 - processing - INFO - ==================================================
2025-05-16 16:59:03,598 - processing - INFO - Found 3 neutral wire(s):
2025-05-16 16:59:03,599 - processing - INFO -   1. CPS ENERGY Neutral at height 311.85 inches (source: katapult)
2025-05-16 16:59:03,599 - processing - INFO -   2. CPS Energy  at height 312.00016848000007 inches (source: spidacalc)
2025-05-16 16:59:03,600 - processing - INFO -   3. CPS Energy  at height 312.00016848000007 inches (source: spidacalc)
2025-05-16 16:59:03,600 - processing - INFO - Highest neutral: CPS Energy  at height 312.00016848000007 inches
2025-05-16 16:59:03,600 - processing - INFO - Found 6 attachment(s) below neutral:
2025-05-16 16:59:03,600 - processing - INFO -   1. CPS ENERGY Neutral at height 25'-12"
2025-05-16 16:59:03,601 - processing - INFO -   2. CPS ENERGY Supply Fiber at height 24'-6"
2025-05-16 16:59:03,601 - processing - INFO -   3. AT&T Fiber Optic Com at height 22'-9"
2025-05-16 16:59:03,601 - processing - INFO -   4. AT&T Telco Com at height 21'-7"
2025-05-16 16:59:03,601 - processing - INFO -   5. CPS ENERGY Street Light Feed at height 25'-12"
2025-05-16 16:59:03,602 - processing - INFO -   6. Charter Fiber Optic Com at height 21'-7"
2025-05-16 16:59:03,602 - processing - INFO - ==================================================
2025-05-16 16:59:03,649 - processing - INFO - Processing attachments below neutral for pole PL401451
2025-05-16 16:59:03,653 - processing - INFO - 
==================================================
2025-05-16 16:59:03,653 - processing - INFO - POLE SUMMARY: PL401451
2025-05-16 16:59:03,654 - processing - INFO - ==================================================
2025-05-16 16:59:03,654 - processing - INFO - Found 2 neutral wire(s):
2025-05-16 16:59:03,654 - processing - INFO -   1. CPS ENERGY Neutral at height 318.97 inches (source: katapult)
2025-05-16 16:59:03,655 - processing - INFO -   2. CPS ENERGY Neutral at height 314.28 inches (source: katapult)
2025-05-16 16:59:03,655 - processing - INFO - Highest neutral: CPS ENERGY Neutral at height 318.97 inches
2025-05-16 16:59:03,656 - processing - INFO - Found 4 attachment(s) below neutral:
2025-05-16 16:59:03,656 - processing - INFO -   1. CPS ENERGY Neutral at height 26'-7"
2025-05-16 16:59:03,656 - processing - INFO -   2. CPS ENERGY Supply Fiber at height 24'-11"
2025-05-16 16:59:03,657 - processing - INFO -   3. AT&T Fiber Optic Com at height 22'-6"
2025-05-16 16:59:03,657 - processing - INFO -   4. AT&T Telco Com at height 21'-3"
2025-05-16 16:59:03,657 - processing - INFO - ==================================================
2025-05-16 16:59:03,733 - processing - INFO - Processing attachments below neutral for pole PL398491
2025-05-16 16:59:03,739 - processing - INFO - 
==================================================
2025-05-16 16:59:03,739 - processing - INFO - POLE SUMMARY: PL398491
2025-05-16 16:59:03,740 - processing - INFO - ==================================================
2025-05-16 16:59:03,740 - processing - INFO - Found 4 neutral wire(s):
2025-05-16 16:59:03,740 - processing - INFO -   1. CPS ENERGY Neutral at height 325.34 inches (source: katapult)
2025-05-16 16:59:03,740 - processing - INFO -   2. CPS ENERGY Neutral at height 322.75 inches (source: katapult)
2025-05-16 16:59:03,741 - processing - INFO -   3. CPS Energy  at height 324.00017496000004 inches (source: spidacalc)
2025-05-16 16:59:03,741 - processing - INFO -   4. CPS Energy  at height 327.0001765800001 inches (source: spidacalc)
2025-05-16 16:59:03,741 - processing - INFO - Highest neutral: CPS Energy  at height 327.0001765800001 inches
2025-05-16 16:59:03,742 - processing - INFO - Found 12 attachment(s) below neutral:
2025-05-16 16:59:03,742 - processing - INFO -   1. AT&T Com Drop at height 19'-8"
2025-05-16 16:59:03,743 - processing - INFO -   2. CPS ENERGY Service at height 27'-1"
2025-05-16 16:59:03,743 - processing - INFO -   3. AT&T Com Drop at height 19'-6"
2025-05-16 16:59:03,743 - processing - INFO -   4. AT&T Com Drop at height 19'-6"
2025-05-16 16:59:03,744 - processing - INFO -   5. CPS ENERGY Neutral at height 27'-1"
2025-05-16 16:59:03,744 - processing - INFO -   6. CPS ENERGY Neutral at height 26'-11"
2025-05-16 16:59:03,744 - processing - INFO -   7. CPS ENERGY Supply Fiber at height 25'-6"
2025-05-16 16:59:03,745 - processing - INFO -   8. AT&T Fiber Optic Com at height 21'-4"
2025-05-16 16:59:03,745 - processing - INFO -   9. AT&T Telco Com at height 20'-4"
2025-05-16 16:59:03,745 - processing - INFO -   10. AT&T Com Drop at height 19'-8"
2025-05-16 16:59:03,745 - processing - INFO -   11. Charter Fiber Optic Com at height 22'-4"
2025-05-16 16:59:03,746 - processing - INFO -   12. CPS ENERGY Supply Fiber at height 25'-9"
2025-05-16 16:59:03,746 - processing - INFO - ==================================================
2025-05-16 16:59:03,856 - processing - INFO - Processing attachments below neutral for pole PL410620
2025-05-16 16:59:03,862 - processing - INFO - 
==================================================
2025-05-16 16:59:03,862 - processing - INFO - POLE SUMMARY: PL410620
2025-05-16 16:59:03,862 - processing - INFO - ==================================================
2025-05-16 16:59:03,863 - processing - INFO - Found 3 neutral wire(s):
2025-05-16 16:59:03,863 - processing - INFO -   1. CPS ENERGY Neutral at height 354.28 inches (source: katapult)
2025-05-16 16:59:03,863 - processing - INFO -   2. CPS Energy  at height 354.0001911600001 inches (source: spidacalc)
2025-05-16 16:59:03,864 - processing - INFO -   3. CPS Energy  at height 354.0001911600001 inches (source: spidacalc)
2025-05-16 16:59:03,865 - processing - INFO - Highest neutral: CPS ENERGY Neutral at height 354.28 inches
2025-05-16 16:59:03,865 - processing - INFO - Found 6 attachment(s) below neutral:
2025-05-16 16:59:03,865 - processing - INFO -   1. CPS ENERGY Neutral at height 29'-6"
2025-05-16 16:59:03,866 - processing - INFO -   2. CPS ENERGY Supply Fiber at height 27'-12"
2025-05-16 16:59:03,866 - processing - INFO -   3. AT&T Fiber Optic Com at height 23'-7"
2025-05-16 16:59:03,866 - processing - INFO -   4. AT&T Telco Com at height 22'-4"
2025-05-16 16:59:03,867 - processing - INFO -   5. AT&T Com Drop at height 21'-5"
2025-05-16 16:59:03,867 - processing - INFO -   6. Charter Fiber Optic Com at height 24'-7"
2025-05-16 16:59:03,867 - processing - INFO - ==================================================
2025-05-16 16:59:03,941 - processing - INFO - Processing attachments below neutral for pole PL389359
2025-05-16 16:59:03,947 - processing - INFO - 
==================================================
2025-05-16 16:59:03,948 - processing - INFO - POLE SUMMARY: PL389359
2025-05-16 16:59:03,948 - processing - INFO - ==================================================
2025-05-16 16:59:03,948 - processing - INFO - Found 5 neutral wire(s):
2025-05-16 16:59:03,949 - processing - INFO -   1. CPS ENERGY Neutral at height 327.24 inches (source: katapult)
2025-05-16 16:59:03,949 - processing - INFO -   2. CPS ENERGY Neutral at height 327.15 inches (source: katapult)
2025-05-16 16:59:03,950 - processing - INFO -   3. CPS Energy  at height 327.0001765800001 inches (source: spidacalc)
2025-05-16 16:59:03,951 - processing - INFO -   4. CPS Energy  at height 327.0001765800001 inches (source: spidacalc)
2025-05-16 16:59:03,951 - processing - INFO -   5. CPS Energy  at height 327.0001765800001 inches (source: spidacalc)
2025-05-16 16:59:03,951 - processing - INFO - Highest neutral: CPS ENERGY Neutral at height 327.24 inches
2025-05-16 16:59:03,952 - processing - INFO - Found 6 attachment(s) below neutral:
2025-05-16 16:59:03,952 - processing - INFO -   1. CPS ENERGY Neutral at height 27'-3"
2025-05-16 16:59:03,952 - processing - INFO -   2. CPS ENERGY Supply Fiber at height 25'-9"
2025-05-16 16:59:03,952 - processing - INFO -   3. AT&T Fiber Optic Com at height 22'-8"
2025-05-16 16:59:03,953 - processing - INFO -   4. AT&T Telco Com at height 21'-8"
2025-05-16 16:59:03,953 - processing - INFO -   5. CPS ENERGY Neutral at height 27'-3"
2025-05-16 16:59:03,953 - processing - INFO -   6. Charter Fiber Optic Com at height 22'-12"
2025-05-16 16:59:03,954 - processing - INFO - ==================================================
