2025-05-18 17:03:11,765 - processing - INFO - Processing attachments below neutral for pole PL370858
2025-05-18 17:03:11,768 - processing - INFO - 
==================================================
2025-05-18 17:03:11,768 - processing - INFO - POLE SUMMARY: PL370858
2025-05-18 17:03:11,769 - processing - INFO - ==================================================
2025-05-18 17:03:11,769 - processing - INFO - Found 3 neutral wire(s):
2025-05-18 17:03:11,769 - processing - INFO -   1. CPS ENERGY Neutral at height 317.6 inches (source: katapult)
2025-05-18 17:03:11,769 - processing - INFO -   2. CPS Energy  at height 318.0001717200001 inches (source: spidacalc)
2025-05-18 17:03:11,769 - processing - INFO -   3. CPS Energy  at height 318.0001717200001 inches (source: spidacalc)
2025-05-18 17:03:11,769 - processing - INFO - Highest neutral: CPS Energy  at height 318.0001717200001 inches
2025-05-18 17:03:11,769 - processing - INFO - Found 5 attachment(s) below neutral:
2025-05-18 17:03:11,771 - processing - INFO -   1. CPS ENERGY Neutral at height 26'-6"
2025-05-18 17:03:11,771 - processing - INFO -   2. CPS ENERGY Supply Fiber at height 25'-5"
2025-05-18 17:03:11,771 - processing - INFO -   3. AT&T Fiber Optic Com at height 22'-10"
2025-05-18 17:03:11,771 - processing - INFO -   4. AT&T Telco Com at height 21'-10"
2025-05-18 17:03:11,771 - processing - INFO -   5. Charter Fiber Optic Com at height 22'-1"
2025-05-18 17:03:11,772 - processing - INFO - ==================================================
2025-05-18 17:03:11,808 - processing - INFO - Processing attachments below neutral for pole PL379971
2025-05-18 17:03:11,810 - processing - INFO - 
==================================================
2025-05-18 17:03:11,810 - processing - INFO - POLE SUMMARY: PL379971
2025-05-18 17:03:11,810 - processing - INFO - ==================================================
2025-05-18 17:03:11,810 - processing - INFO - Found 1 neutral wire(s):
2025-05-18 17:03:11,810 - processing - INFO -   1. CPS ENERGY Neutral at height 316.48 inches (source: katapult)
2025-05-18 17:03:11,811 - processing - INFO - Highest neutral: CPS ENERGY Neutral at height 316.48 inches
2025-05-18 17:03:11,811 - processing - INFO - Found 4 attachment(s) below neutral:
2025-05-18 17:03:11,811 - processing - INFO -   1. CPS ENERGY Neutral at height 26'-4"
2025-05-18 17:03:11,811 - processing - INFO -   2. CPS ENERGY Supply Fiber at height 24'-9"
2025-05-18 17:03:11,811 - processing - INFO -   3. AT&T Fiber Optic Com at height 23'-9"
2025-05-18 17:03:11,811 - processing - INFO -   4. AT&T Telco Com at height 22'-9"
2025-05-18 17:03:11,812 - processing - INFO - ==================================================
2025-05-18 17:03:11,831 - processing - INFO - Processing attachments below neutral for pole PL379966
2025-05-18 17:03:11,833 - processing - INFO - 
==================================================
2025-05-18 17:03:11,833 - processing - INFO - POLE SUMMARY: PL379966
2025-05-18 17:03:11,834 - processing - INFO - ==================================================
2025-05-18 17:03:11,834 - processing - INFO - Found 1 neutral wire(s):
2025-05-18 17:03:11,834 - processing - INFO -   1. CPS ENERGY Neutral at height 330.61 inches (source: katapult)
2025-05-18 17:03:11,834 - processing - INFO - Highest neutral: CPS ENERGY Neutral at height 330.61 inches
2025-05-18 17:03:11,834 - processing - INFO - Found 4 attachment(s) below neutral:
2025-05-18 17:03:11,835 - processing - INFO -   1. CPS ENERGY Neutral at height 27'-7"
2025-05-18 17:03:11,835 - processing - INFO -   2. CPS ENERGY Supply Fiber at height 26'-4"
2025-05-18 17:03:11,835 - processing - INFO -   3. AT&T Fiber Optic Com at height 23'-7"
2025-05-18 17:03:11,835 - processing - INFO -   4. AT&T Telco Com at height 22'-7"
2025-05-18 17:03:11,835 - processing - INFO - ==================================================
2025-05-18 17:03:11,868 - processing - INFO - Processing attachments below neutral for pole PL373937
2025-05-18 17:03:11,870 - processing - INFO - 
==================================================
2025-05-18 17:03:11,870 - processing - INFO - POLE SUMMARY: PL373937
2025-05-18 17:03:11,870 - processing - INFO - ==================================================
2025-05-18 17:03:11,870 - processing - INFO - Found 1 neutral wire(s):
2025-05-18 17:03:11,870 - processing - INFO -   1. CPS ENERGY Neutral at height 463.93 inches (source: katapult)
2025-05-18 17:03:11,871 - processing - INFO - Highest neutral: CPS ENERGY Neutral at height 463.93 inches
2025-05-18 17:03:11,871 - processing - INFO - Found 5 attachment(s) below neutral:
2025-05-18 17:03:11,871 - processing - INFO -   1. CPS ENERGY Neutral at height 38'-8"
2025-05-18 17:03:11,871 - processing - INFO -   2. CPS ENERGY Supply Fiber at height 36'-8"
2025-05-18 17:03:11,871 - processing - INFO -   3. AT&T Fiber Optic Com at height 32'-8"
2025-05-18 17:03:11,872 - processing - INFO -   4. AT&T Telco Com at height 27'-6"
2025-05-18 17:03:11,872 - processing - INFO -   5. CPS ENERGY Supply Fiber at height 36'-5"
2025-05-18 17:03:11,872 - processing - INFO - ==================================================
2025-05-18 17:03:11,919 - processing - INFO - Processing attachments below neutral for pole PL404475
2025-05-18 17:03:11,921 - processing - INFO - 
==================================================
2025-05-18 17:03:11,921 - processing - INFO - POLE SUMMARY: PL404475
2025-05-18 17:03:11,921 - processing - INFO - ==================================================
2025-05-18 17:03:11,922 - processing - INFO - Found 3 neutral wire(s):
2025-05-18 17:03:11,922 - processing - INFO -   1. CPS ENERGY Neutral at height 463.45 inches (source: katapult)
2025-05-18 17:03:11,922 - processing - INFO -   2. CPS ENERGY Neutral at height 432.76 inches (source: katapult)
2025-05-18 17:03:11,922 - processing - INFO -   3. CPS ENERGY Neutral at height 432.92 inches (source: katapult)
2025-05-18 17:03:11,922 - processing - INFO - Highest neutral: CPS ENERGY Neutral at height 463.45 inches
2025-05-18 17:03:11,923 - processing - INFO - Found 7 attachment(s) below neutral:
2025-05-18 17:03:11,923 - processing - INFO -   1. CPS ENERGY Neutral at height 38'-7"
2025-05-18 17:03:11,923 - processing - INFO -   2. CPS ENERGY Supply Fiber at height 37'-1"
2025-05-18 17:03:11,923 - processing - INFO -   3. AT&T Fiber Optic Com at height 31'-5"
2025-05-18 17:03:11,923 - processing - INFO -   4. AT&T Telco Com at height 21'-1"
2025-05-18 17:03:11,923 - processing - INFO -   5. CPS ENERGY Neutral at height 36'-1"
2025-05-18 17:03:11,924 - processing - INFO -   6. CPS ENERGY Neutral at height 36'-1"
2025-05-18 17:03:11,924 - processing - INFO -   7. CPS ENERGY Supply Fiber at height 36'-10"
2025-05-18 17:03:11,924 - processing - INFO - ==================================================
2025-05-18 17:03:11,955 - processing - INFO - Processing attachments below neutral for pole PL373935
2025-05-18 17:03:11,957 - processing - INFO - 
==================================================
2025-05-18 17:03:11,957 - processing - INFO - POLE SUMMARY: PL373935
2025-05-18 17:03:11,957 - processing - INFO - ==================================================
2025-05-18 17:03:11,958 - processing - INFO - Found 1 neutral wire(s):
2025-05-18 17:03:11,958 - processing - INFO -   1. CPS ENERGY Neutral at height 350.65 inches (source: katapult)
2025-05-18 17:03:11,958 - processing - INFO - Highest neutral: CPS ENERGY Neutral at height 350.65 inches
2025-05-18 17:03:11,958 - processing - INFO - Found 4 attachment(s) below neutral:
2025-05-18 17:03:11,958 - processing - INFO -   1. CPS ENERGY Neutral at height 29'-3"
2025-05-18 17:03:11,959 - processing - INFO -   2. CPS ENERGY Supply Fiber at height 27'-9"
2025-05-18 17:03:11,959 - processing - INFO -   3. AT&T Fiber Optic Com at height 24'-10"
2025-05-18 17:03:11,959 - processing - INFO -   4. AT&T Telco Com at height 23'-12"
2025-05-18 17:03:11,959 - processing - INFO - ==================================================
2025-05-18 17:03:11,981 - processing - INFO - Processing attachments below neutral for pole PL398490
2025-05-18 17:03:11,983 - processing - INFO - 
==================================================
2025-05-18 17:03:11,984 - processing - INFO - POLE SUMMARY: PL398490
2025-05-18 17:03:11,984 - processing - INFO - ==================================================
2025-05-18 17:03:11,984 - processing - INFO - Found 1 neutral wire(s):
2025-05-18 17:03:11,984 - processing - INFO -   1. CPS ENERGY Neutral at height 326.42 inches (source: katapult)
2025-05-18 17:03:11,984 - processing - INFO - Highest neutral: CPS ENERGY Neutral at height 326.42 inches
2025-05-18 17:03:11,984 - processing - INFO - Found 5 attachment(s) below neutral:
2025-05-18 17:03:11,984 - processing - INFO -   1. CPS ENERGY Neutral at height 27'-2"
2025-05-18 17:03:11,985 - processing - INFO -   2. CPS ENERGY Supply Fiber at height 26'-0"
2025-05-18 17:03:11,985 - processing - INFO -   3. AT&T Fiber Optic Com at height 24'-10"
2025-05-18 17:03:11,985 - processing - INFO -   4. AT&T Telco Com at height 23'-11"
2025-05-18 17:03:11,985 - processing - INFO -   5. CPS ENERGY Street Light Feed at height 27'-2"
2025-05-18 17:03:11,985 - processing - INFO - ==================================================
2025-05-18 17:03:12,011 - processing - INFO - Processing attachments below neutral for pole PL900997
2025-05-18 17:03:12,014 - processing - INFO - 
==================================================
2025-05-18 17:03:12,015 - processing - INFO - POLE SUMMARY: PL900997
2025-05-18 17:03:12,015 - processing - INFO - ==================================================
2025-05-18 17:03:12,015 - processing - INFO - Found 4 neutral wire(s):
2025-05-18 17:03:12,015 - processing - INFO -   1. CPS ENERGY Neutral at height 324.73 inches (source: katapult)
2025-05-18 17:03:12,016 - processing - INFO -   2. CPS ENERGY Neutral at height 342.91 inches (source: katapult)
2025-05-18 17:03:12,016 - processing - INFO -   3. CPS Energy  at height 325.0001755 inches (source: spidacalc)
2025-05-18 17:03:12,016 - processing - INFO -   4. CPS Energy  at height 325.0001755 inches (source: spidacalc)
2025-05-18 17:03:12,016 - processing - INFO - Highest neutral: CPS ENERGY Neutral at height 342.91 inches
2025-05-18 17:03:12,016 - processing - INFO - Found 7 attachment(s) below neutral:
2025-05-18 17:03:12,016 - processing - INFO -   1. CPS ENERGY Neutral at height 27'-1"
2025-05-18 17:03:12,017 - processing - INFO -   2. CPS ENERGY Street Light Feed at height 27'-1"
2025-05-18 17:03:12,017 - processing - INFO -   3. CPS ENERGY Supply Fiber at height 25'-10"
2025-05-18 17:03:12,017 - processing - INFO -   4. AT&T Fiber Optic Com at height 21'-6"
2025-05-18 17:03:12,017 - processing - INFO -   5. AT&T Telco Com at height 20'-6"
2025-05-18 17:03:12,017 - processing - INFO -   6. CPS ENERGY Service at height 27'-1"
2025-05-18 17:03:12,018 - processing - INFO -   7. Charter Fiber Optic Com at height 21'-6"
2025-05-18 17:03:12,018 - processing - INFO - ==================================================
2025-05-18 17:03:12,057 - processing - INFO - Processing attachments below neutral for pole PL404474
2025-05-18 17:03:12,060 - processing - INFO - 
==================================================
2025-05-18 17:03:12,061 - processing - INFO - POLE SUMMARY: PL404474
2025-05-18 17:03:12,061 - processing - INFO - ==================================================
2025-05-18 17:03:12,061 - processing - INFO - Found 3 neutral wire(s):
2025-05-18 17:03:12,061 - processing - INFO -   1. CPS ENERGY Neutral at height 311.85 inches (source: katapult)
2025-05-18 17:03:12,061 - processing - INFO -   2. CPS Energy  at height 312.00016848000007 inches (source: spidacalc)
2025-05-18 17:03:12,062 - processing - INFO -   3. CPS Energy  at height 312.00016848000007 inches (source: spidacalc)
2025-05-18 17:03:12,062 - processing - INFO - Highest neutral: CPS Energy  at height 312.00016848000007 inches
2025-05-18 17:03:12,062 - processing - INFO - Found 6 attachment(s) below neutral:
2025-05-18 17:03:12,062 - processing - INFO -   1. CPS ENERGY Neutral at height 25'-12"
2025-05-18 17:03:12,063 - processing - INFO -   2. CPS ENERGY Supply Fiber at height 24'-6"
2025-05-18 17:03:12,063 - processing - INFO -   3. AT&T Fiber Optic Com at height 22'-9"
2025-05-18 17:03:12,063 - processing - INFO -   4. AT&T Telco Com at height 21'-7"
2025-05-18 17:03:12,063 - processing - INFO -   5. CPS ENERGY Street Light Feed at height 25'-12"
2025-05-18 17:03:12,063 - processing - INFO -   6. Charter Fiber Optic Com at height 21'-7"
2025-05-18 17:03:12,064 - processing - INFO - ==================================================
2025-05-18 17:03:12,088 - processing - INFO - Processing attachments below neutral for pole PL401451
2025-05-18 17:03:12,091 - processing - INFO - 
==================================================
2025-05-18 17:03:12,091 - processing - INFO - POLE SUMMARY: PL401451
2025-05-18 17:03:12,091 - processing - INFO - ==================================================
2025-05-18 17:03:12,092 - processing - INFO - Found 2 neutral wire(s):
2025-05-18 17:03:12,092 - processing - INFO -   1. CPS ENERGY Neutral at height 318.97 inches (source: katapult)
2025-05-18 17:03:12,092 - processing - INFO -   2. CPS ENERGY Neutral at height 314.28 inches (source: katapult)
2025-05-18 17:03:12,092 - processing - INFO - Highest neutral: CPS ENERGY Neutral at height 318.97 inches
2025-05-18 17:03:12,092 - processing - INFO - Found 4 attachment(s) below neutral:
2025-05-18 17:03:12,093 - processing - INFO -   1. CPS ENERGY Neutral at height 26'-7"
2025-05-18 17:03:12,093 - processing - INFO -   2. CPS ENERGY Supply Fiber at height 24'-11"
2025-05-18 17:03:12,093 - processing - INFO -   3. AT&T Fiber Optic Com at height 22'-6"
2025-05-18 17:03:12,093 - processing - INFO -   4. AT&T Telco Com at height 21'-3"
2025-05-18 17:03:12,093 - processing - INFO - ==================================================
2025-05-18 17:03:12,136 - processing - INFO - Processing attachments below neutral for pole PL398491
2025-05-18 17:03:12,140 - processing - INFO - 
==================================================
2025-05-18 17:03:12,140 - processing - INFO - POLE SUMMARY: PL398491
2025-05-18 17:03:12,140 - processing - INFO - ==================================================
2025-05-18 17:03:12,140 - processing - INFO - Found 4 neutral wire(s):
2025-05-18 17:03:12,141 - processing - INFO -   1. CPS ENERGY Neutral at height 325.34 inches (source: katapult)
2025-05-18 17:03:12,141 - processing - INFO -   2. CPS ENERGY Neutral at height 322.75 inches (source: katapult)
2025-05-18 17:03:12,141 - processing - INFO -   3. CPS Energy  at height 324.00017496000004 inches (source: spidacalc)
2025-05-18 17:03:12,141 - processing - INFO -   4. CPS Energy  at height 327.0001765800001 inches (source: spidacalc)
2025-05-18 17:03:12,141 - processing - INFO - Highest neutral: CPS Energy  at height 327.0001765800001 inches
2025-05-18 17:03:12,142 - processing - INFO - Found 12 attachment(s) below neutral:
2025-05-18 17:03:12,142 - processing - INFO -   1. AT&T Com Drop at height 19'-8"
2025-05-18 17:03:12,142 - processing - INFO -   2. CPS ENERGY Service at height 27'-1"
2025-05-18 17:03:12,142 - processing - INFO -   3. AT&T Com Drop at height 19'-6"
2025-05-18 17:03:12,142 - processing - INFO -   4. AT&T Com Drop at height 19'-6"
2025-05-18 17:03:12,143 - processing - INFO -   5. CPS ENERGY Neutral at height 27'-1"
2025-05-18 17:03:12,143 - processing - INFO -   6. CPS ENERGY Neutral at height 26'-11"
2025-05-18 17:03:12,143 - processing - INFO -   7. CPS ENERGY Supply Fiber at height 25'-6"
2025-05-18 17:03:12,143 - processing - INFO -   8. AT&T Fiber Optic Com at height 21'-4"
2025-05-18 17:03:12,143 - processing - INFO -   9. AT&T Telco Com at height 20'-4"
2025-05-18 17:03:12,144 - processing - INFO -   10. AT&T Com Drop at height 19'-8"
2025-05-18 17:03:12,144 - processing - INFO -   11. Charter Fiber Optic Com at height 22'-4"
2025-05-18 17:03:12,144 - processing - INFO -   12. CPS ENERGY Supply Fiber at height 25'-9"
2025-05-18 17:03:12,144 - processing - INFO - ==================================================
2025-05-18 17:03:12,197 - processing - INFO - Processing attachments below neutral for pole PL410620
2025-05-18 17:03:12,199 - processing - INFO - 
==================================================
2025-05-18 17:03:12,200 - processing - INFO - POLE SUMMARY: PL410620
2025-05-18 17:03:12,200 - processing - INFO - ==================================================
2025-05-18 17:03:12,200 - processing - INFO - Found 3 neutral wire(s):
2025-05-18 17:03:12,200 - processing - INFO -   1. CPS ENERGY Neutral at height 354.28 inches (source: katapult)
2025-05-18 17:03:12,200 - processing - INFO -   2. CPS Energy  at height 354.0001911600001 inches (source: spidacalc)
2025-05-18 17:03:12,201 - processing - INFO -   3. CPS Energy  at height 354.0001911600001 inches (source: spidacalc)
2025-05-18 17:03:12,201 - processing - INFO - Highest neutral: CPS ENERGY Neutral at height 354.28 inches
2025-05-18 17:03:12,201 - processing - INFO - Found 6 attachment(s) below neutral:
2025-05-18 17:03:12,202 - processing - INFO -   1. CPS ENERGY Neutral at height 29'-6"
2025-05-18 17:03:12,202 - processing - INFO -   2. CPS ENERGY Supply Fiber at height 27'-12"
2025-05-18 17:03:12,202 - processing - INFO -   3. AT&T Fiber Optic Com at height 23'-7"
2025-05-18 17:03:12,202 - processing - INFO -   4. AT&T Telco Com at height 22'-4"
2025-05-18 17:03:12,202 - processing - INFO -   5. AT&T Com Drop at height 21'-5"
2025-05-18 17:03:12,203 - processing - INFO -   6. Charter Fiber Optic Com at height 24'-7"
2025-05-18 17:03:12,203 - processing - INFO - ==================================================
2025-05-18 17:03:12,220 - processing - INFO - Processing attachments below neutral for pole {'-Imported': 'PL410595'}
2025-05-18 17:03:12,221 - processing - INFO - 
==================================================
2025-05-18 17:03:12,221 - processing - INFO - POLE SUMMARY: {'-Imported': 'PL410595'}
2025-05-18 17:03:12,221 - processing - INFO - ==================================================
2025-05-18 17:03:12,221 - processing - INFO - Found 0 neutral wire(s):
2025-05-18 17:03:12,222 - processing - INFO - No neutral wires found!
2025-05-18 17:03:12,222 - processing - INFO - Found 0 attachment(s) below neutral:
2025-05-18 17:03:12,222 - processing - INFO - ==================================================
2025-05-18 17:03:12,240 - processing - INFO - Processing attachments below neutral for pole PL389359
2025-05-18 17:03:12,244 - processing - INFO - 
==================================================
2025-05-18 17:03:12,244 - processing - INFO - POLE SUMMARY: PL389359
2025-05-18 17:03:12,245 - processing - INFO - ==================================================
2025-05-18 17:03:12,245 - processing - INFO - Found 5 neutral wire(s):
2025-05-18 17:03:12,245 - processing - INFO -   1. CPS ENERGY Neutral at height 327.24 inches (source: katapult)
2025-05-18 17:03:12,245 - processing - INFO -   2. CPS ENERGY Neutral at height 327.15 inches (source: katapult)
2025-05-18 17:03:12,246 - processing - INFO -   3. CPS Energy  at height 327.0001765800001 inches (source: spidacalc)
2025-05-18 17:03:12,246 - processing - INFO -   4. CPS Energy  at height 327.0001765800001 inches (source: spidacalc)
2025-05-18 17:03:12,246 - processing - INFO -   5. CPS Energy  at height 327.0001765800001 inches (source: spidacalc)
2025-05-18 17:03:12,246 - processing - INFO - Highest neutral: CPS ENERGY Neutral at height 327.24 inches
2025-05-18 17:03:12,247 - processing - INFO - Found 6 attachment(s) below neutral:
2025-05-18 17:03:12,247 - processing - INFO -   1. CPS ENERGY Neutral at height 27'-3"
2025-05-18 17:03:12,247 - processing - INFO -   2. CPS ENERGY Supply Fiber at height 25'-9"
2025-05-18 17:03:12,247 - processing - INFO -   3. AT&T Fiber Optic Com at height 22'-8"
2025-05-18 17:03:12,247 - processing - INFO -   4. AT&T Telco Com at height 21'-8"
2025-05-18 17:03:12,248 - processing - INFO -   5. CPS ENERGY Neutral at height 27'-3"
2025-05-18 17:03:12,248 - processing - INFO -   6. Charter Fiber Optic Com at height 22'-12"
2025-05-18 17:03:12,248 - processing - INFO - ==================================================
2025-05-18 17:04:19,001 - processing - INFO - Processing attachments below neutral for pole PL370858
2025-05-18 17:04:19,002 - processing - INFO - 
==================================================
2025-05-18 17:04:19,003 - processing - INFO - POLE SUMMARY: PL370858
2025-05-18 17:04:19,003 - processing - INFO - ==================================================
2025-05-18 17:04:19,003 - processing - INFO - Found 3 neutral wire(s):
2025-05-18 17:04:19,004 - processing - INFO -   1. CPS ENERGY Neutral at height 317.6 inches (source: katapult)
2025-05-18 17:04:19,004 - processing - INFO -   2. CPS Energy  at height 318.0001717200001 inches (source: spidacalc)
2025-05-18 17:04:19,004 - processing - INFO -   3. CPS Energy  at height 318.0001717200001 inches (source: spidacalc)
2025-05-18 17:04:19,005 - processing - INFO - Highest neutral: CPS Energy  at height 318.0001717200001 inches
2025-05-18 17:04:19,005 - processing - INFO - Found 5 attachment(s) below neutral:
2025-05-18 17:04:19,005 - processing - INFO -   1. CPS ENERGY Neutral at height 26'-6"
2025-05-18 17:04:19,005 - processing - INFO -   2. CPS ENERGY Supply Fiber at height 25'-5"
2025-05-18 17:04:19,006 - processing - INFO -   3. AT&T Fiber Optic Com at height 22'-10"
2025-05-18 17:04:19,006 - processing - INFO -   4. AT&T Telco Com at height 21'-10"
2025-05-18 17:04:19,006 - processing - INFO -   5. Charter Fiber Optic Com at height 22'-1"
2025-05-18 17:04:19,006 - processing - INFO - ==================================================
2025-05-18 17:04:19,042 - processing - INFO - Processing attachments below neutral for pole PL379971
2025-05-18 17:04:19,043 - processing - INFO - 
==================================================
2025-05-18 17:04:19,044 - processing - INFO - POLE SUMMARY: PL379971
2025-05-18 17:04:19,044 - processing - INFO - ==================================================
2025-05-18 17:04:19,044 - processing - INFO - Found 1 neutral wire(s):
2025-05-18 17:04:19,044 - processing - INFO -   1. CPS ENERGY Neutral at height 316.48 inches (source: katapult)
2025-05-18 17:04:19,044 - processing - INFO - Highest neutral: CPS ENERGY Neutral at height 316.48 inches
2025-05-18 17:04:19,045 - processing - INFO - Found 4 attachment(s) below neutral:
2025-05-18 17:04:19,045 - processing - INFO -   1. CPS ENERGY Neutral at height 26'-4"
2025-05-18 17:04:19,045 - processing - INFO -   2. CPS ENERGY Supply Fiber at height 24'-9"
2025-05-18 17:04:19,045 - processing - INFO -   3. AT&T Fiber Optic Com at height 23'-9"
2025-05-18 17:04:19,045 - processing - INFO -   4. AT&T Telco Com at height 22'-9"
2025-05-18 17:04:19,045 - processing - INFO - ==================================================
2025-05-18 17:04:19,064 - processing - INFO - Processing attachments below neutral for pole PL379966
2025-05-18 17:04:19,066 - processing - INFO - 
==================================================
2025-05-18 17:04:19,066 - processing - INFO - POLE SUMMARY: PL379966
2025-05-18 17:04:19,066 - processing - INFO - ==================================================
2025-05-18 17:04:19,067 - processing - INFO - Found 1 neutral wire(s):
2025-05-18 17:04:19,067 - processing - INFO -   1. CPS ENERGY Neutral at height 330.61 inches (source: katapult)
2025-05-18 17:04:19,067 - processing - INFO - Highest neutral: CPS ENERGY Neutral at height 330.61 inches
2025-05-18 17:04:19,067 - processing - INFO - Found 4 attachment(s) below neutral:
2025-05-18 17:04:19,068 - processing - INFO -   1. CPS ENERGY Neutral at height 27'-7"
2025-05-18 17:04:19,068 - processing - INFO -   2. CPS ENERGY Supply Fiber at height 26'-4"
2025-05-18 17:04:19,068 - processing - INFO -   3. AT&T Fiber Optic Com at height 23'-7"
2025-05-18 17:04:19,068 - processing - INFO -   4. AT&T Telco Com at height 22'-7"
2025-05-18 17:04:19,068 - processing - INFO - ==================================================
2025-05-18 17:04:19,104 - processing - INFO - Processing attachments below neutral for pole PL373937
2025-05-18 17:04:19,105 - processing - INFO - 
==================================================
2025-05-18 17:04:19,106 - processing - INFO - POLE SUMMARY: PL373937
2025-05-18 17:04:19,106 - processing - INFO - ==================================================
2025-05-18 17:04:19,106 - processing - INFO - Found 1 neutral wire(s):
2025-05-18 17:04:19,106 - processing - INFO -   1. CPS ENERGY Neutral at height 463.93 inches (source: katapult)
2025-05-18 17:04:19,106 - processing - INFO - Highest neutral: CPS ENERGY Neutral at height 463.93 inches
2025-05-18 17:04:19,107 - processing - INFO - Found 5 attachment(s) below neutral:
2025-05-18 17:04:19,107 - processing - INFO -   1. CPS ENERGY Neutral at height 38'-8"
2025-05-18 17:04:19,107 - processing - INFO -   2. CPS ENERGY Supply Fiber at height 36'-8"
2025-05-18 17:04:19,107 - processing - INFO -   3. AT&T Fiber Optic Com at height 32'-8"
2025-05-18 17:04:19,108 - processing - INFO -   4. AT&T Telco Com at height 27'-6"
2025-05-18 17:04:19,108 - processing - INFO -   5. CPS ENERGY Supply Fiber at height 36'-5"
2025-05-18 17:04:19,108 - processing - INFO - ==================================================
2025-05-18 17:04:19,156 - processing - INFO - Processing attachments below neutral for pole PL404475
2025-05-18 17:04:19,159 - processing - INFO - 
==================================================
2025-05-18 17:04:19,159 - processing - INFO - POLE SUMMARY: PL404475
2025-05-18 17:04:19,159 - processing - INFO - ==================================================
2025-05-18 17:04:19,159 - processing - INFO - Found 3 neutral wire(s):
2025-05-18 17:04:19,159 - processing - INFO -   1. CPS ENERGY Neutral at height 463.45 inches (source: katapult)
2025-05-18 17:04:19,161 - processing - INFO -   2. CPS ENERGY Neutral at height 432.76 inches (source: katapult)
2025-05-18 17:04:19,161 - processing - INFO -   3. CPS ENERGY Neutral at height 432.92 inches (source: katapult)
2025-05-18 17:04:19,161 - processing - INFO - Highest neutral: CPS ENERGY Neutral at height 463.45 inches
2025-05-18 17:04:19,161 - processing - INFO - Found 7 attachment(s) below neutral:
2025-05-18 17:04:19,161 - processing - INFO -   1. CPS ENERGY Neutral at height 38'-7"
2025-05-18 17:04:19,161 - processing - INFO -   2. CPS ENERGY Supply Fiber at height 37'-1"
2025-05-18 17:04:19,162 - processing - INFO -   3. AT&T Fiber Optic Com at height 31'-5"
2025-05-18 17:04:19,162 - processing - INFO -   4. AT&T Telco Com at height 21'-1"
2025-05-18 17:04:19,162 - processing - INFO -   5. CPS ENERGY Neutral at height 36'-1"
2025-05-18 17:04:19,162 - processing - INFO -   6. CPS ENERGY Neutral at height 36'-1"
2025-05-18 17:04:19,163 - processing - INFO -   7. CPS ENERGY Supply Fiber at height 36'-10"
2025-05-18 17:04:19,163 - processing - INFO - ==================================================
2025-05-18 17:04:19,195 - processing - INFO - Processing attachments below neutral for pole PL373935
2025-05-18 17:04:19,197 - processing - INFO - 
==================================================
2025-05-18 17:04:19,197 - processing - INFO - POLE SUMMARY: PL373935
2025-05-18 17:04:19,197 - processing - INFO - ==================================================
2025-05-18 17:04:19,198 - processing - INFO - Found 1 neutral wire(s):
2025-05-18 17:04:19,198 - processing - INFO -   1. CPS ENERGY Neutral at height 350.65 inches (source: katapult)
2025-05-18 17:04:19,198 - processing - INFO - Highest neutral: CPS ENERGY Neutral at height 350.65 inches
2025-05-18 17:04:19,198 - processing - INFO - Found 4 attachment(s) below neutral:
2025-05-18 17:04:19,199 - processing - INFO -   1. CPS ENERGY Neutral at height 29'-3"
2025-05-18 17:04:19,199 - processing - INFO -   2. CPS ENERGY Supply Fiber at height 27'-9"
2025-05-18 17:04:19,199 - processing - INFO -   3. AT&T Fiber Optic Com at height 24'-10"
2025-05-18 17:04:19,199 - processing - INFO -   4. AT&T Telco Com at height 23'-12"
2025-05-18 17:04:19,199 - processing - INFO - ==================================================
2025-05-18 17:04:19,220 - processing - INFO - Processing attachments below neutral for pole PL398490
2025-05-18 17:04:19,222 - processing - INFO - 
==================================================
2025-05-18 17:04:19,222 - processing - INFO - POLE SUMMARY: PL398490
2025-05-18 17:04:19,222 - processing - INFO - ==================================================
2025-05-18 17:04:19,223 - processing - INFO - Found 1 neutral wire(s):
2025-05-18 17:04:19,223 - processing - INFO -   1. CPS ENERGY Neutral at height 326.42 inches (source: katapult)
2025-05-18 17:04:19,223 - processing - INFO - Highest neutral: CPS ENERGY Neutral at height 326.42 inches
2025-05-18 17:04:19,223 - processing - INFO - Found 5 attachment(s) below neutral:
2025-05-18 17:04:19,224 - processing - INFO -   1. CPS ENERGY Neutral at height 27'-2"
2025-05-18 17:04:19,224 - processing - INFO -   2. CPS ENERGY Supply Fiber at height 26'-0"
2025-05-18 17:04:19,224 - processing - INFO -   3. AT&T Fiber Optic Com at height 24'-10"
2025-05-18 17:04:19,224 - processing - INFO -   4. AT&T Telco Com at height 23'-11"
2025-05-18 17:04:19,224 - processing - INFO -   5. CPS ENERGY Street Light Feed at height 27'-2"
2025-05-18 17:04:19,225 - processing - INFO - ==================================================
2025-05-18 17:04:19,255 - processing - INFO - Processing attachments below neutral for pole PL900997
2025-05-18 17:04:19,258 - processing - INFO - 
==================================================
2025-05-18 17:04:19,258 - processing - INFO - POLE SUMMARY: PL900997
2025-05-18 17:04:19,259 - processing - INFO - ==================================================
2025-05-18 17:04:19,259 - processing - INFO - Found 4 neutral wire(s):
2025-05-18 17:04:19,259 - processing - INFO -   1. CPS ENERGY Neutral at height 324.73 inches (source: katapult)
2025-05-18 17:04:19,259 - processing - INFO -   2. CPS ENERGY Neutral at height 342.91 inches (source: katapult)
2025-05-18 17:04:19,259 - processing - INFO -   3. CPS Energy  at height 325.0001755 inches (source: spidacalc)
2025-05-18 17:04:19,260 - processing - INFO -   4. CPS Energy  at height 325.0001755 inches (source: spidacalc)
2025-05-18 17:04:19,260 - processing - INFO - Highest neutral: CPS ENERGY Neutral at height 342.91 inches
2025-05-18 17:04:19,260 - processing - INFO - Found 7 attachment(s) below neutral:
2025-05-18 17:04:19,260 - processing - INFO -   1. CPS ENERGY Neutral at height 27'-1"
2025-05-18 17:04:19,261 - processing - INFO -   2. CPS ENERGY Street Light Feed at height 27'-1"
2025-05-18 17:04:19,261 - processing - INFO -   3. CPS ENERGY Supply Fiber at height 25'-10"
2025-05-18 17:04:19,261 - processing - INFO -   4. AT&T Fiber Optic Com at height 21'-6"
2025-05-18 17:04:19,261 - processing - INFO -   5. AT&T Telco Com at height 20'-6"
2025-05-18 17:04:19,261 - processing - INFO -   6. CPS ENERGY Service at height 27'-1"
2025-05-18 17:04:19,262 - processing - INFO -   7. Charter Fiber Optic Com at height 21'-6"
2025-05-18 17:04:19,262 - processing - INFO - ==================================================
2025-05-18 17:04:19,303 - processing - INFO - Processing attachments below neutral for pole PL404474
2025-05-18 17:04:19,306 - processing - INFO - 
==================================================
2025-05-18 17:04:19,306 - processing - INFO - POLE SUMMARY: PL404474
2025-05-18 17:04:19,306 - processing - INFO - ==================================================
2025-05-18 17:04:19,307 - processing - INFO - Found 3 neutral wire(s):
2025-05-18 17:04:19,307 - processing - INFO -   1. CPS ENERGY Neutral at height 311.85 inches (source: katapult)
2025-05-18 17:04:19,307 - processing - INFO -   2. CPS Energy  at height 312.00016848000007 inches (source: spidacalc)
2025-05-18 17:04:19,307 - processing - INFO -   3. CPS Energy  at height 312.00016848000007 inches (source: spidacalc)
2025-05-18 17:04:19,307 - processing - INFO - Highest neutral: CPS Energy  at height 312.00016848000007 inches
2025-05-18 17:04:19,308 - processing - INFO - Found 6 attachment(s) below neutral:
2025-05-18 17:04:19,308 - processing - INFO -   1. CPS ENERGY Neutral at height 25'-12"
2025-05-18 17:04:19,308 - processing - INFO -   2. CPS ENERGY Supply Fiber at height 24'-6"
2025-05-18 17:04:19,308 - processing - INFO -   3. AT&T Fiber Optic Com at height 22'-9"
2025-05-18 17:04:19,308 - processing - INFO -   4. AT&T Telco Com at height 21'-7"
2025-05-18 17:04:19,308 - processing - INFO -   5. CPS ENERGY Street Light Feed at height 25'-12"
2025-05-18 17:04:19,309 - processing - INFO -   6. Charter Fiber Optic Com at height 21'-7"
2025-05-18 17:04:19,309 - processing - INFO - ==================================================
2025-05-18 17:04:19,332 - processing - INFO - Processing attachments below neutral for pole PL401451
2025-05-18 17:04:19,334 - processing - INFO - 
==================================================
2025-05-18 17:04:19,334 - processing - INFO - POLE SUMMARY: PL401451
2025-05-18 17:04:19,334 - processing - INFO - ==================================================
2025-05-18 17:04:19,335 - processing - INFO - Found 2 neutral wire(s):
2025-05-18 17:04:19,335 - processing - INFO -   1. CPS ENERGY Neutral at height 318.97 inches (source: katapult)
2025-05-18 17:04:19,335 - processing - INFO -   2. CPS ENERGY Neutral at height 314.28 inches (source: katapult)
2025-05-18 17:04:19,335 - processing - INFO - Highest neutral: CPS ENERGY Neutral at height 318.97 inches
2025-05-18 17:04:19,335 - processing - INFO - Found 4 attachment(s) below neutral:
2025-05-18 17:04:19,336 - processing - INFO -   1. CPS ENERGY Neutral at height 26'-7"
2025-05-18 17:04:19,336 - processing - INFO -   2. CPS ENERGY Supply Fiber at height 24'-11"
2025-05-18 17:04:19,336 - processing - INFO -   3. AT&T Fiber Optic Com at height 22'-6"
2025-05-18 17:04:19,336 - processing - INFO -   4. AT&T Telco Com at height 21'-3"
2025-05-18 17:04:19,336 - processing - INFO - ==================================================
2025-05-18 17:04:19,374 - processing - INFO - Processing attachments below neutral for pole PL398491
2025-05-18 17:04:19,377 - processing - INFO - 
==================================================
2025-05-18 17:04:19,377 - processing - INFO - POLE SUMMARY: PL398491
2025-05-18 17:04:19,377 - processing - INFO - ==================================================
2025-05-18 17:04:19,377 - processing - INFO - Found 4 neutral wire(s):
2025-05-18 17:04:19,378 - processing - INFO -   1. CPS ENERGY Neutral at height 325.34 inches (source: katapult)
2025-05-18 17:04:19,378 - processing - INFO -   2. CPS ENERGY Neutral at height 322.75 inches (source: katapult)
2025-05-18 17:04:19,378 - processing - INFO -   3. CPS Energy  at height 324.00017496000004 inches (source: spidacalc)
2025-05-18 17:04:19,378 - processing - INFO -   4. CPS Energy  at height 327.0001765800001 inches (source: spidacalc)
2025-05-18 17:04:19,378 - processing - INFO - Highest neutral: CPS Energy  at height 327.0001765800001 inches
2025-05-18 17:04:19,379 - processing - INFO - Found 12 attachment(s) below neutral:
2025-05-18 17:04:19,379 - processing - INFO -   1. AT&T Com Drop at height 19'-8"
2025-05-18 17:04:19,379 - processing - INFO -   2. CPS ENERGY Service at height 27'-1"
2025-05-18 17:04:19,379 - processing - INFO -   3. AT&T Com Drop at height 19'-6"
2025-05-18 17:04:19,380 - processing - INFO -   4. AT&T Com Drop at height 19'-6"
2025-05-18 17:04:19,380 - processing - INFO -   5. CPS ENERGY Neutral at height 27'-1"
2025-05-18 17:04:19,380 - processing - INFO -   6. CPS ENERGY Neutral at height 26'-11"
2025-05-18 17:04:19,380 - processing - INFO -   7. CPS ENERGY Supply Fiber at height 25'-6"
2025-05-18 17:04:19,380 - processing - INFO -   8. AT&T Fiber Optic Com at height 21'-4"
2025-05-18 17:04:19,380 - processing - INFO -   9. AT&T Telco Com at height 20'-4"
2025-05-18 17:04:19,381 - processing - INFO -   10. AT&T Com Drop at height 19'-8"
2025-05-18 17:04:19,381 - processing - INFO -   11. Charter Fiber Optic Com at height 22'-4"
2025-05-18 17:04:19,381 - processing - INFO -   12. CPS ENERGY Supply Fiber at height 25'-9"
2025-05-18 17:04:19,381 - processing - INFO - ==================================================
2025-05-18 17:04:19,433 - processing - INFO - Processing attachments below neutral for pole PL410620
2025-05-18 17:04:19,436 - processing - INFO - 
==================================================
2025-05-18 17:04:19,437 - processing - INFO - POLE SUMMARY: PL410620
2025-05-18 17:04:19,437 - processing - INFO - ==================================================
2025-05-18 17:04:19,437 - processing - INFO - Found 3 neutral wire(s):
2025-05-18 17:04:19,437 - processing - INFO -   1. CPS ENERGY Neutral at height 354.28 inches (source: katapult)
2025-05-18 17:04:19,438 - processing - INFO -   2. CPS Energy  at height 354.0001911600001 inches (source: spidacalc)
2025-05-18 17:04:19,438 - processing - INFO -   3. CPS Energy  at height 354.0001911600001 inches (source: spidacalc)
2025-05-18 17:04:19,438 - processing - INFO - Highest neutral: CPS ENERGY Neutral at height 354.28 inches
2025-05-18 17:04:19,438 - processing - INFO - Found 6 attachment(s) below neutral:
2025-05-18 17:04:19,438 - processing - INFO -   1. CPS ENERGY Neutral at height 29'-6"
2025-05-18 17:04:19,439 - processing - INFO -   2. CPS ENERGY Supply Fiber at height 27'-12"
2025-05-18 17:04:19,439 - processing - INFO -   3. AT&T Fiber Optic Com at height 23'-7"
2025-05-18 17:04:19,439 - processing - INFO -   4. AT&T Telco Com at height 22'-4"
2025-05-18 17:04:19,439 - processing - INFO -   5. AT&T Com Drop at height 21'-5"
2025-05-18 17:04:19,439 - processing - INFO -   6. Charter Fiber Optic Com at height 24'-7"
2025-05-18 17:04:19,440 - processing - INFO - ==================================================
2025-05-18 17:04:19,456 - processing - INFO - Processing attachments below neutral for pole {'-Imported': 'PL410595'}
2025-05-18 17:04:19,457 - processing - INFO - 
==================================================
2025-05-18 17:04:19,457 - processing - INFO - POLE SUMMARY: {'-Imported': 'PL410595'}
2025-05-18 17:04:19,458 - processing - INFO - ==================================================
2025-05-18 17:04:19,458 - processing - INFO - Found 0 neutral wire(s):
2025-05-18 17:04:19,458 - processing - INFO - No neutral wires found!
2025-05-18 17:04:19,458 - processing - INFO - Found 0 attachment(s) below neutral:
2025-05-18 17:04:19,458 - processing - INFO - ==================================================
2025-05-18 17:04:19,475 - processing - INFO - Processing attachments below neutral for pole PL389359
2025-05-18 17:04:19,479 - processing - INFO - 
==================================================
2025-05-18 17:04:19,480 - processing - INFO - POLE SUMMARY: PL389359
2025-05-18 17:04:19,480 - processing - INFO - ==================================================
2025-05-18 17:04:19,480 - processing - INFO - Found 5 neutral wire(s):
2025-05-18 17:04:19,480 - processing - INFO -   1. CPS ENERGY Neutral at height 327.24 inches (source: katapult)
2025-05-18 17:04:19,480 - processing - INFO -   2. CPS ENERGY Neutral at height 327.15 inches (source: katapult)
2025-05-18 17:04:19,480 - processing - INFO -   3. CPS Energy  at height 327.0001765800001 inches (source: spidacalc)
2025-05-18 17:04:19,481 - processing - INFO -   4. CPS Energy  at height 327.0001765800001 inches (source: spidacalc)
2025-05-18 17:04:19,481 - processing - INFO -   5. CPS Energy  at height 327.0001765800001 inches (source: spidacalc)
2025-05-18 17:04:19,481 - processing - INFO - Highest neutral: CPS ENERGY Neutral at height 327.24 inches
2025-05-18 17:04:19,481 - processing - INFO - Found 6 attachment(s) below neutral:
2025-05-18 17:04:19,481 - processing - INFO -   1. CPS ENERGY Neutral at height 27'-3"
2025-05-18 17:04:19,481 - processing - INFO -   2. CPS ENERGY Supply Fiber at height 25'-9"
2025-05-18 17:04:19,482 - processing - INFO -   3. AT&T Fiber Optic Com at height 22'-8"
2025-05-18 17:04:19,482 - processing - INFO -   4. AT&T Telco Com at height 21'-8"
2025-05-18 17:04:19,482 - processing - INFO -   5. CPS ENERGY Neutral at height 27'-3"
2025-05-18 17:04:19,482 - processing - INFO -   6. Charter Fiber Optic Com at height 22'-12"
2025-05-18 17:04:19,482 - processing - INFO - ==================================================
2025-05-18 17:04:35,862 - processing - INFO - Processing attachments below neutral for pole PL370858
2025-05-18 17:04:35,865 - processing - INFO - 
==================================================
2025-05-18 17:04:35,865 - processing - INFO - POLE SUMMARY: PL370858
2025-05-18 17:04:35,865 - processing - INFO - ==================================================
2025-05-18 17:04:35,866 - processing - INFO - Found 3 neutral wire(s):
2025-05-18 17:04:35,866 - processing - INFO -   1. CPS ENERGY Neutral at height 317.6 inches (source: katapult)
2025-05-18 17:04:35,866 - processing - INFO -   2. CPS Energy  at height 318.0001717200001 inches (source: spidacalc)
2025-05-18 17:04:35,866 - processing - INFO -   3. CPS Energy  at height 318.0001717200001 inches (source: spidacalc)
2025-05-18 17:04:35,866 - processing - INFO - Highest neutral: CPS Energy  at height 318.0001717200001 inches
2025-05-18 17:04:35,867 - processing - INFO - Found 5 attachment(s) below neutral:
2025-05-18 17:04:35,867 - processing - INFO -   1. CPS ENERGY Neutral at height 26'-6"
2025-05-18 17:04:35,867 - processing - INFO -   2. CPS ENERGY Supply Fiber at height 25'-5"
2025-05-18 17:04:35,867 - processing - INFO -   3. AT&T Fiber Optic Com at height 22'-10"
2025-05-18 17:04:35,868 - processing - INFO -   4. AT&T Telco Com at height 21'-10"
2025-05-18 17:04:35,868 - processing - INFO -   5. Charter Fiber Optic Com at height 22'-1"
2025-05-18 17:04:35,868 - processing - INFO - ==================================================
2025-05-18 17:04:35,904 - processing - INFO - Processing attachments below neutral for pole PL379971
2025-05-18 17:04:35,905 - processing - INFO - 
==================================================
2025-05-18 17:04:35,905 - processing - INFO - POLE SUMMARY: PL379971
2025-05-18 17:04:35,905 - processing - INFO - ==================================================
2025-05-18 17:04:35,906 - processing - INFO - Found 1 neutral wire(s):
2025-05-18 17:04:35,906 - processing - INFO -   1. CPS ENERGY Neutral at height 316.48 inches (source: katapult)
2025-05-18 17:04:35,906 - processing - INFO - Highest neutral: CPS ENERGY Neutral at height 316.48 inches
2025-05-18 17:04:35,906 - processing - INFO - Found 4 attachment(s) below neutral:
2025-05-18 17:04:35,906 - processing - INFO -   1. CPS ENERGY Neutral at height 26'-4"
2025-05-18 17:04:35,906 - processing - INFO -   2. CPS ENERGY Supply Fiber at height 24'-9"
2025-05-18 17:04:35,907 - processing - INFO -   3. AT&T Fiber Optic Com at height 23'-9"
2025-05-18 17:04:35,907 - processing - INFO -   4. AT&T Telco Com at height 22'-9"
2025-05-18 17:04:35,907 - processing - INFO - ==================================================
2025-05-18 17:04:35,927 - processing - INFO - Processing attachments below neutral for pole PL379966
2025-05-18 17:04:35,929 - processing - INFO - 
==================================================
2025-05-18 17:04:35,929 - processing - INFO - POLE SUMMARY: PL379966
2025-05-18 17:04:35,929 - processing - INFO - ==================================================
2025-05-18 17:04:35,929 - processing - INFO - Found 1 neutral wire(s):
2025-05-18 17:04:35,930 - processing - INFO -   1. CPS ENERGY Neutral at height 330.61 inches (source: katapult)
2025-05-18 17:04:35,930 - processing - INFO - Highest neutral: CPS ENERGY Neutral at height 330.61 inches
2025-05-18 17:04:35,930 - processing - INFO - Found 4 attachment(s) below neutral:
2025-05-18 17:04:35,930 - processing - INFO -   1. CPS ENERGY Neutral at height 27'-7"
2025-05-18 17:04:35,930 - processing - INFO -   2. CPS ENERGY Supply Fiber at height 26'-4"
2025-05-18 17:04:35,931 - processing - INFO -   3. AT&T Fiber Optic Com at height 23'-7"
2025-05-18 17:04:35,931 - processing - INFO -   4. AT&T Telco Com at height 22'-7"
2025-05-18 17:04:35,931 - processing - INFO - ==================================================
2025-05-18 17:04:35,984 - processing - INFO - Processing attachments below neutral for pole PL373937
2025-05-18 17:04:35,986 - processing - INFO - 
==================================================
2025-05-18 17:04:35,986 - processing - INFO - POLE SUMMARY: PL373937
2025-05-18 17:04:35,986 - processing - INFO - ==================================================
2025-05-18 17:04:35,986 - processing - INFO - Found 1 neutral wire(s):
2025-05-18 17:04:35,986 - processing - INFO -   1. CPS ENERGY Neutral at height 463.93 inches (source: katapult)
2025-05-18 17:04:35,988 - processing - INFO - Highest neutral: CPS ENERGY Neutral at height 463.93 inches
2025-05-18 17:04:35,988 - processing - INFO - Found 5 attachment(s) below neutral:
2025-05-18 17:04:35,988 - processing - INFO -   1. CPS ENERGY Neutral at height 38'-8"
2025-05-18 17:04:35,988 - processing - INFO -   2. CPS ENERGY Supply Fiber at height 36'-8"
2025-05-18 17:04:35,988 - processing - INFO -   3. AT&T Fiber Optic Com at height 32'-8"
2025-05-18 17:04:35,989 - processing - INFO -   4. AT&T Telco Com at height 27'-6"
2025-05-18 17:04:35,989 - processing - INFO -   5. CPS ENERGY Supply Fiber at height 36'-5"
2025-05-18 17:04:35,989 - processing - INFO - ==================================================
2025-05-18 17:04:36,035 - processing - INFO - Processing attachments below neutral for pole PL404475
2025-05-18 17:04:36,038 - processing - INFO - 
==================================================
2025-05-18 17:04:36,038 - processing - INFO - POLE SUMMARY: PL404475
2025-05-18 17:04:36,038 - processing - INFO - ==================================================
2025-05-18 17:04:36,038 - processing - INFO - Found 3 neutral wire(s):
2025-05-18 17:04:36,038 - processing - INFO -   1. CPS ENERGY Neutral at height 463.45 inches (source: katapult)
2025-05-18 17:04:36,039 - processing - INFO -   2. CPS ENERGY Neutral at height 432.76 inches (source: katapult)
2025-05-18 17:04:36,039 - processing - INFO -   3. CPS ENERGY Neutral at height 432.92 inches (source: katapult)
2025-05-18 17:04:36,039 - processing - INFO - Highest neutral: CPS ENERGY Neutral at height 463.45 inches
2025-05-18 17:04:36,039 - processing - INFO - Found 7 attachment(s) below neutral:
2025-05-18 17:04:36,039 - processing - INFO -   1. CPS ENERGY Neutral at height 38'-7"
2025-05-18 17:04:36,040 - processing - INFO -   2. CPS ENERGY Supply Fiber at height 37'-1"
2025-05-18 17:04:36,040 - processing - INFO -   3. AT&T Fiber Optic Com at height 31'-5"
2025-05-18 17:04:36,040 - processing - INFO -   4. AT&T Telco Com at height 21'-1"
2025-05-18 17:04:36,040 - processing - INFO -   5. CPS ENERGY Neutral at height 36'-1"
2025-05-18 17:04:36,040 - processing - INFO -   6. CPS ENERGY Neutral at height 36'-1"
2025-05-18 17:04:36,041 - processing - INFO -   7. CPS ENERGY Supply Fiber at height 36'-10"
2025-05-18 17:04:36,041 - processing - INFO - ==================================================
2025-05-18 17:04:36,071 - processing - INFO - Processing attachments below neutral for pole PL373935
2025-05-18 17:04:36,072 - processing - INFO - 
==================================================
2025-05-18 17:04:36,072 - processing - INFO - POLE SUMMARY: PL373935
2025-05-18 17:04:36,073 - processing - INFO - ==================================================
2025-05-18 17:04:36,073 - processing - INFO - Found 1 neutral wire(s):
2025-05-18 17:04:36,073 - processing - INFO -   1. CPS ENERGY Neutral at height 350.65 inches (source: katapult)
2025-05-18 17:04:36,073 - processing - INFO - Highest neutral: CPS ENERGY Neutral at height 350.65 inches
2025-05-18 17:04:36,073 - processing - INFO - Found 4 attachment(s) below neutral:
2025-05-18 17:04:36,073 - processing - INFO -   1. CPS ENERGY Neutral at height 29'-3"
2025-05-18 17:04:36,074 - processing - INFO -   2. CPS ENERGY Supply Fiber at height 27'-9"
2025-05-18 17:04:36,074 - processing - INFO -   3. AT&T Fiber Optic Com at height 24'-10"
2025-05-18 17:04:36,074 - processing - INFO -   4. AT&T Telco Com at height 23'-12"
2025-05-18 17:04:36,074 - processing - INFO - ==================================================
2025-05-18 17:04:36,092 - processing - INFO - Processing attachments below neutral for pole PL398490
2025-05-18 17:04:36,095 - processing - INFO - 
==================================================
2025-05-18 17:04:36,096 - processing - INFO - POLE SUMMARY: PL398490
2025-05-18 17:04:36,096 - processing - INFO - ==================================================
2025-05-18 17:04:36,096 - processing - INFO - Found 1 neutral wire(s):
2025-05-18 17:04:36,096 - processing - INFO -   1. CPS ENERGY Neutral at height 326.42 inches (source: katapult)
2025-05-18 17:04:36,096 - processing - INFO - Highest neutral: CPS ENERGY Neutral at height 326.42 inches
2025-05-18 17:04:36,097 - processing - INFO - Found 5 attachment(s) below neutral:
2025-05-18 17:04:36,097 - processing - INFO -   1. CPS ENERGY Neutral at height 27'-2"
2025-05-18 17:04:36,097 - processing - INFO -   2. CPS ENERGY Supply Fiber at height 26'-0"
2025-05-18 17:04:36,097 - processing - INFO -   3. AT&T Fiber Optic Com at height 24'-10"
2025-05-18 17:04:36,098 - processing - INFO -   4. AT&T Telco Com at height 23'-11"
2025-05-18 17:04:36,098 - processing - INFO -   5. CPS ENERGY Street Light Feed at height 27'-2"
2025-05-18 17:04:36,098 - processing - INFO - ==================================================
2025-05-18 17:04:36,125 - processing - INFO - Processing attachments below neutral for pole PL900997
2025-05-18 17:04:36,129 - processing - INFO - 
==================================================
2025-05-18 17:04:36,129 - processing - INFO - POLE SUMMARY: PL900997
2025-05-18 17:04:36,129 - processing - INFO - ==================================================
2025-05-18 17:04:36,129 - processing - INFO - Found 4 neutral wire(s):
2025-05-18 17:04:36,130 - processing - INFO -   1. CPS ENERGY Neutral at height 324.73 inches (source: katapult)
2025-05-18 17:04:36,130 - processing - INFO -   2. CPS ENERGY Neutral at height 342.91 inches (source: katapult)
2025-05-18 17:04:36,130 - processing - INFO -   3. CPS Energy  at height 325.0001755 inches (source: spidacalc)
2025-05-18 17:04:36,130 - processing - INFO -   4. CPS Energy  at height 325.0001755 inches (source: spidacalc)
2025-05-18 17:04:36,130 - processing - INFO - Highest neutral: CPS ENERGY Neutral at height 342.91 inches
2025-05-18 17:04:36,131 - processing - INFO - Found 7 attachment(s) below neutral:
2025-05-18 17:04:36,131 - processing - INFO -   1. CPS ENERGY Neutral at height 27'-1"
2025-05-18 17:04:36,131 - processing - INFO -   2. CPS ENERGY Street Light Feed at height 27'-1"
2025-05-18 17:04:36,131 - processing - INFO -   3. CPS ENERGY Supply Fiber at height 25'-10"
2025-05-18 17:04:36,131 - processing - INFO -   4. AT&T Fiber Optic Com at height 21'-6"
2025-05-18 17:04:36,132 - processing - INFO -   5. AT&T Telco Com at height 20'-6"
2025-05-18 17:04:36,132 - processing - INFO -   6. CPS ENERGY Service at height 27'-1"
2025-05-18 17:04:36,132 - processing - INFO -   7. Charter Fiber Optic Com at height 21'-6"
2025-05-18 17:04:36,132 - processing - INFO - ==================================================
2025-05-18 17:04:36,178 - processing - INFO - Processing attachments below neutral for pole PL404474
2025-05-18 17:04:36,181 - processing - INFO - 
==================================================
2025-05-18 17:04:36,182 - processing - INFO - POLE SUMMARY: PL404474
2025-05-18 17:04:36,182 - processing - INFO - ==================================================
2025-05-18 17:04:36,182 - processing - INFO - Found 3 neutral wire(s):
2025-05-18 17:04:36,182 - processing - INFO -   1. CPS ENERGY Neutral at height 311.85 inches (source: katapult)
2025-05-18 17:04:36,183 - processing - INFO -   2. CPS Energy  at height 312.00016848000007 inches (source: spidacalc)
2025-05-18 17:04:36,183 - processing - INFO -   3. CPS Energy  at height 312.00016848000007 inches (source: spidacalc)
2025-05-18 17:04:36,183 - processing - INFO - Highest neutral: CPS Energy  at height 312.00016848000007 inches
2025-05-18 17:04:36,183 - processing - INFO - Found 6 attachment(s) below neutral:
2025-05-18 17:04:36,183 - processing - INFO -   1. CPS ENERGY Neutral at height 25'-12"
2025-05-18 17:04:36,183 - processing - INFO -   2. CPS ENERGY Supply Fiber at height 24'-6"
2025-05-18 17:04:36,184 - processing - INFO -   3. AT&T Fiber Optic Com at height 22'-9"
2025-05-18 17:04:36,184 - processing - INFO -   4. AT&T Telco Com at height 21'-7"
2025-05-18 17:04:36,184 - processing - INFO -   5. CPS ENERGY Street Light Feed at height 25'-12"
2025-05-18 17:04:36,184 - processing - INFO -   6. Charter Fiber Optic Com at height 21'-7"
2025-05-18 17:04:36,184 - processing - INFO - ==================================================
2025-05-18 17:04:36,211 - processing - INFO - Processing attachments below neutral for pole PL401451
2025-05-18 17:04:36,214 - processing - INFO - 
==================================================
2025-05-18 17:04:36,215 - processing - INFO - POLE SUMMARY: PL401451
2025-05-18 17:04:36,215 - processing - INFO - ==================================================
2025-05-18 17:04:36,215 - processing - INFO - Found 2 neutral wire(s):
2025-05-18 17:04:36,215 - processing - INFO -   1. CPS ENERGY Neutral at height 318.97 inches (source: katapult)
2025-05-18 17:04:36,216 - processing - INFO -   2. CPS ENERGY Neutral at height 314.28 inches (source: katapult)
2025-05-18 17:04:36,216 - processing - INFO - Highest neutral: CPS ENERGY Neutral at height 318.97 inches
2025-05-18 17:04:36,216 - processing - INFO - Found 4 attachment(s) below neutral:
2025-05-18 17:04:36,217 - processing - INFO -   1. CPS ENERGY Neutral at height 26'-7"
2025-05-18 17:04:36,217 - processing - INFO -   2. CPS ENERGY Supply Fiber at height 24'-11"
2025-05-18 17:04:36,217 - processing - INFO -   3. AT&T Fiber Optic Com at height 22'-6"
2025-05-18 17:04:36,218 - processing - INFO -   4. AT&T Telco Com at height 21'-3"
2025-05-18 17:04:36,218 - processing - INFO - ==================================================
2025-05-18 17:04:36,259 - processing - INFO - Processing attachments below neutral for pole PL398491
2025-05-18 17:04:36,263 - processing - INFO - 
==================================================
2025-05-18 17:04:36,264 - processing - INFO - POLE SUMMARY: PL398491
2025-05-18 17:04:36,264 - processing - INFO - ==================================================
2025-05-18 17:04:36,264 - processing - INFO - Found 4 neutral wire(s):
2025-05-18 17:04:36,264 - processing - INFO -   1. CPS ENERGY Neutral at height 325.34 inches (source: katapult)
2025-05-18 17:04:36,264 - processing - INFO -   2. CPS ENERGY Neutral at height 322.75 inches (source: katapult)
2025-05-18 17:04:36,265 - processing - INFO -   3. CPS Energy  at height 324.00017496000004 inches (source: spidacalc)
2025-05-18 17:04:36,265 - processing - INFO -   4. CPS Energy  at height 327.0001765800001 inches (source: spidacalc)
2025-05-18 17:04:36,265 - processing - INFO - Highest neutral: CPS Energy  at height 327.0001765800001 inches
2025-05-18 17:04:36,265 - processing - INFO - Found 12 attachment(s) below neutral:
2025-05-18 17:04:36,266 - processing - INFO -   1. AT&T Com Drop at height 19'-8"
2025-05-18 17:04:36,266 - processing - INFO -   2. CPS ENERGY Service at height 27'-1"
2025-05-18 17:04:36,266 - processing - INFO -   3. AT&T Com Drop at height 19'-6"
2025-05-18 17:04:36,266 - processing - INFO -   4. AT&T Com Drop at height 19'-6"
2025-05-18 17:04:36,266 - processing - INFO -   5. CPS ENERGY Neutral at height 27'-1"
2025-05-18 17:04:36,267 - processing - INFO -   6. CPS ENERGY Neutral at height 26'-11"
2025-05-18 17:04:36,267 - processing - INFO -   7. CPS ENERGY Supply Fiber at height 25'-6"
2025-05-18 17:04:36,267 - processing - INFO -   8. AT&T Fiber Optic Com at height 21'-4"
2025-05-18 17:04:36,267 - processing - INFO -   9. AT&T Telco Com at height 20'-4"
2025-05-18 17:04:36,268 - processing - INFO -   10. AT&T Com Drop at height 19'-8"
2025-05-18 17:04:36,268 - processing - INFO -   11. Charter Fiber Optic Com at height 22'-4"
2025-05-18 17:04:36,268 - processing - INFO -   12. CPS ENERGY Supply Fiber at height 25'-9"
2025-05-18 17:04:36,268 - processing - INFO - ==================================================
2025-05-18 17:04:36,351 - processing - INFO - Processing attachments below neutral for pole PL410620
2025-05-18 17:04:36,360 - processing - INFO - 
==================================================
2025-05-18 17:04:36,361 - processing - INFO - POLE SUMMARY: PL410620
2025-05-18 17:04:36,361 - processing - INFO - ==================================================
2025-05-18 17:04:36,361 - processing - INFO - Found 3 neutral wire(s):
2025-05-18 17:04:36,361 - processing - INFO -   1. CPS ENERGY Neutral at height 354.28 inches (source: katapult)
2025-05-18 17:04:36,362 - processing - INFO -   2. CPS Energy  at height 354.0001911600001 inches (source: spidacalc)
2025-05-18 17:04:36,362 - processing - INFO -   3. CPS Energy  at height 354.0001911600001 inches (source: spidacalc)
2025-05-18 17:04:36,363 - processing - INFO - Highest neutral: CPS ENERGY Neutral at height 354.28 inches
2025-05-18 17:04:36,363 - processing - INFO - Found 6 attachment(s) below neutral:
2025-05-18 17:04:36,363 - processing - INFO -   1. CPS ENERGY Neutral at height 29'-6"
2025-05-18 17:04:36,364 - processing - INFO -   2. CPS ENERGY Supply Fiber at height 27'-12"
2025-05-18 17:04:36,364 - processing - INFO -   3. AT&T Fiber Optic Com at height 23'-7"
2025-05-18 17:04:36,365 - processing - INFO -   4. AT&T Telco Com at height 22'-4"
2025-05-18 17:04:36,366 - processing - INFO -   5. AT&T Com Drop at height 21'-5"
2025-05-18 17:04:36,366 - processing - INFO -   6. Charter Fiber Optic Com at height 24'-7"
2025-05-18 17:04:36,367 - processing - INFO - ==================================================
2025-05-18 17:04:36,407 - processing - INFO - Processing attachments below neutral for pole {'-Imported': 'PL410595'}
2025-05-18 17:04:36,409 - processing - INFO - 
==================================================
2025-05-18 17:04:36,410 - processing - INFO - POLE SUMMARY: {'-Imported': 'PL410595'}
2025-05-18 17:04:36,410 - processing - INFO - ==================================================
2025-05-18 17:04:36,410 - processing - INFO - Found 0 neutral wire(s):
2025-05-18 17:04:36,411 - processing - INFO - No neutral wires found!
2025-05-18 17:04:36,411 - processing - INFO - Found 0 attachment(s) below neutral:
2025-05-18 17:04:36,411 - processing - INFO - ==================================================
2025-05-18 17:04:36,434 - processing - INFO - Processing attachments below neutral for pole PL389359
2025-05-18 17:04:36,442 - processing - INFO - 
==================================================
2025-05-18 17:04:36,442 - processing - INFO - POLE SUMMARY: PL389359
2025-05-18 17:04:36,442 - processing - INFO - ==================================================
2025-05-18 17:04:36,443 - processing - INFO - Found 5 neutral wire(s):
2025-05-18 17:04:36,443 - processing - INFO -   1. CPS ENERGY Neutral at height 327.24 inches (source: katapult)
2025-05-18 17:04:36,443 - processing - INFO -   2. CPS ENERGY Neutral at height 327.15 inches (source: katapult)
2025-05-18 17:04:36,443 - processing - INFO -   3. CPS Energy  at height 327.0001765800001 inches (source: spidacalc)
2025-05-18 17:04:36,444 - processing - INFO -   4. CPS Energy  at height 327.0001765800001 inches (source: spidacalc)
2025-05-18 17:04:36,444 - processing - INFO -   5. CPS Energy  at height 327.0001765800001 inches (source: spidacalc)
2025-05-18 17:04:36,444 - processing - INFO - Highest neutral: CPS ENERGY Neutral at height 327.24 inches
2025-05-18 17:04:36,444 - processing - INFO - Found 6 attachment(s) below neutral:
2025-05-18 17:04:36,445 - processing - INFO -   1. CPS ENERGY Neutral at height 27'-3"
2025-05-18 17:04:36,445 - processing - INFO -   2. CPS ENERGY Supply Fiber at height 25'-9"
2025-05-18 17:04:36,445 - processing - INFO -   3. AT&T Fiber Optic Com at height 22'-8"
2025-05-18 17:04:36,445 - processing - INFO -   4. AT&T Telco Com at height 21'-8"
2025-05-18 17:04:36,446 - processing - INFO -   5. CPS ENERGY Neutral at height 27'-3"
2025-05-18 17:04:36,446 - processing - INFO -   6. Charter Fiber Optic Com at height 22'-12"
2025-05-18 17:04:36,446 - processing - INFO - ==================================================
