2025-05-16 16:14:43,991 - processing - INFO - Processing attachments below neutral for pole PL370858
2025-05-16 16:14:43,997 - processing - INFO - 
==================================================
2025-05-16 16:14:43,998 - processing - INFO - POLE SUMMARY: PL370858
2025-05-16 16:14:43,998 - processing - INFO - ==================================================
2025-05-16 16:14:43,998 - processing - INFO - Found 3 neutral wire(s):
2025-05-16 16:14:43,999 - processing - INFO -   1. CPS ENERGY Neutral at height 317.6 inches (source: katapult)
2025-05-16 16:14:43,999 - processing - INFO -   2. CPS Energy  at height 318.0001717200001 inches (source: spidacalc)
2025-05-16 16:14:44,000 - processing - INFO -   3. CPS Energy  at height 318.0001717200001 inches (source: spidacalc)
2025-05-16 16:14:44,000 - processing - INFO - Highest neutral: CPS Energy  at height 318.0001717200001 inches
2025-05-16 16:14:44,001 - processing - INFO - Found 5 attachment(s) below neutral:
2025-05-16 16:14:44,001 - processing - INFO -   1. CPS ENERGY Neutral at height 26'-6"
2025-05-16 16:14:44,001 - processing - INFO -   2. CPS ENERGY Supply Fiber at height 25'-5"
2025-05-16 16:14:44,002 - processing - INFO -   3. AT&T Fiber Optic Com at height 22'-10"
2025-05-16 16:14:44,002 - processing - INFO -   4. AT&T Telco Com at height 21'-10"
2025-05-16 16:14:44,002 - processing - INFO -   5. Charter Fiber Optic Com at height 22'-1"
2025-05-16 16:14:44,002 - processing - INFO - ==================================================
2025-05-16 16:14:44,059 - processing - INFO - Processing attachments below neutral for pole PL379971
2025-05-16 16:14:44,062 - processing - INFO - 
==================================================
2025-05-16 16:14:44,063 - processing - INFO - POLE SUMMARY: PL379971
2025-05-16 16:14:44,063 - processing - INFO - ==================================================
2025-05-16 16:14:44,063 - processing - INFO - Found 1 neutral wire(s):
2025-05-16 16:14:44,063 - processing - INFO -   1. CPS ENERGY Neutral at height 316.48 inches (source: katapult)
2025-05-16 16:14:44,064 - processing - INFO - Highest neutral: CPS ENERGY Neutral at height 316.48 inches
2025-05-16 16:14:44,064 - processing - INFO - Found 3 attachment(s) below neutral:
2025-05-16 16:14:44,064 - processing - INFO -   1. CPS ENERGY Supply Fiber at height 24'-9"
2025-05-16 16:14:44,064 - processing - INFO -   2. AT&T Fiber Optic Com at height 23'-9"
2025-05-16 16:14:44,065 - processing - INFO -   3. AT&T Telco Com at height 22'-9"
2025-05-16 16:14:44,065 - processing - INFO - ==================================================
2025-05-16 16:14:44,106 - processing - INFO - Processing attachments below neutral for pole PL379966
2025-05-16 16:14:44,109 - processing - INFO - 
==================================================
2025-05-16 16:14:44,110 - processing - INFO - POLE SUMMARY: PL379966
2025-05-16 16:14:44,110 - processing - INFO - ==================================================
2025-05-16 16:14:44,110 - processing - INFO - Found 1 neutral wire(s):
2025-05-16 16:14:44,110 - processing - INFO -   1. CPS ENERGY Neutral at height 330.61 inches (source: katapult)
2025-05-16 16:14:44,111 - processing - INFO - Highest neutral: CPS ENERGY Neutral at height 330.61 inches
2025-05-16 16:14:44,111 - processing - INFO - Found 3 attachment(s) below neutral:
2025-05-16 16:14:44,111 - processing - INFO -   1. CPS ENERGY Supply Fiber at height 26'-4"
2025-05-16 16:14:44,111 - processing - INFO -   2. AT&T Fiber Optic Com at height 23'-7"
2025-05-16 16:14:44,112 - processing - INFO -   3. AT&T Telco Com at height 22'-7"
2025-05-16 16:14:44,112 - processing - INFO - ==================================================
2025-05-16 16:14:44,187 - processing - INFO - Processing attachments below neutral for pole PL373937
2025-05-16 16:14:44,191 - processing - INFO - 
==================================================
2025-05-16 16:14:44,191 - processing - INFO - POLE SUMMARY: PL373937
2025-05-16 16:14:44,192 - processing - INFO - ==================================================
2025-05-16 16:14:44,192 - processing - INFO - Found 1 neutral wire(s):
2025-05-16 16:14:44,192 - processing - INFO -   1. CPS ENERGY Neutral at height 463.93 inches (source: katapult)
2025-05-16 16:14:44,193 - processing - INFO - Highest neutral: CPS ENERGY Neutral at height 463.93 inches
2025-05-16 16:14:44,193 - processing - INFO - Found 4 attachment(s) below neutral:
2025-05-16 16:14:44,194 - processing - INFO -   1. CPS ENERGY Supply Fiber at height 36'-8"
2025-05-16 16:14:44,194 - processing - INFO -   2. AT&T Fiber Optic Com at height 32'-8"
2025-05-16 16:14:44,194 - processing - INFO -   3. AT&T Telco Com at height 27'-6"
2025-05-16 16:14:44,195 - processing - INFO -   4. CPS ENERGY Supply Fiber at height 36'-5"
2025-05-16 16:14:44,195 - processing - INFO - ==================================================
2025-05-16 16:14:44,286 - processing - INFO - Processing attachments below neutral for pole PL404475
2025-05-16 16:14:44,292 - processing - INFO - 
==================================================
2025-05-16 16:14:44,292 - processing - INFO - POLE SUMMARY: PL404475
2025-05-16 16:14:44,292 - processing - INFO - ==================================================
2025-05-16 16:14:44,293 - processing - INFO - Found 3 neutral wire(s):
2025-05-16 16:14:44,293 - processing - INFO -   1. CPS ENERGY Neutral at height 463.45 inches (source: katapult)
2025-05-16 16:14:44,293 - processing - INFO -   2. CPS ENERGY Neutral at height 432.76 inches (source: katapult)
2025-05-16 16:14:44,293 - processing - INFO -   3. CPS ENERGY Neutral at height 432.92 inches (source: katapult)
2025-05-16 16:14:44,294 - processing - INFO - Highest neutral: CPS ENERGY Neutral at height 463.45 inches
2025-05-16 16:14:44,294 - processing - INFO - Found 6 attachment(s) below neutral:
2025-05-16 16:14:44,294 - processing - INFO -   1. CPS ENERGY Supply Fiber at height 37'-1"
2025-05-16 16:14:44,295 - processing - INFO -   2. AT&T Fiber Optic Com at height 31'-5"
2025-05-16 16:14:44,295 - processing - INFO -   3. AT&T Telco Com at height 21'-1"
2025-05-16 16:14:44,295 - processing - INFO -   4. CPS ENERGY Neutral at height 36'-1"
2025-05-16 16:14:44,295 - processing - INFO -   5. CPS ENERGY Neutral at height 36'-1"
2025-05-16 16:14:44,295 - processing - INFO -   6. CPS ENERGY Supply Fiber at height 36'-10"
2025-05-16 16:14:44,296 - processing - INFO - ==================================================
2025-05-16 16:14:44,341 - processing - INFO - Processing attachments below neutral for pole PL373935
2025-05-16 16:14:44,345 - processing - INFO - 
==================================================
2025-05-16 16:14:44,345 - processing - INFO - POLE SUMMARY: PL373935
2025-05-16 16:14:44,345 - processing - INFO - ==================================================
2025-05-16 16:14:44,346 - processing - INFO - Found 1 neutral wire(s):
2025-05-16 16:14:44,346 - processing - INFO -   1. CPS ENERGY Neutral at height 350.65 inches (source: katapult)
2025-05-16 16:14:44,347 - processing - INFO - Highest neutral: CPS ENERGY Neutral at height 350.65 inches
2025-05-16 16:14:44,347 - processing - INFO - Found 3 attachment(s) below neutral:
2025-05-16 16:14:44,347 - processing - INFO -   1. CPS ENERGY Supply Fiber at height 27'-9"
2025-05-16 16:14:44,347 - processing - INFO -   2. AT&T Fiber Optic Com at height 24'-10"
2025-05-16 16:14:44,348 - processing - INFO -   3. AT&T Telco Com at height 23'-12"
2025-05-16 16:14:44,348 - processing - INFO - ==================================================
2025-05-16 16:14:44,390 - processing - INFO - Processing attachments below neutral for pole PL398490
2025-05-16 16:14:44,393 - processing - INFO - 
==================================================
2025-05-16 16:14:44,394 - processing - INFO - POLE SUMMARY: PL398490
2025-05-16 16:14:44,394 - processing - INFO - ==================================================
2025-05-16 16:14:44,394 - processing - INFO - Found 1 neutral wire(s):
2025-05-16 16:14:44,395 - processing - INFO -   1. CPS ENERGY Neutral at height 326.42 inches (source: katapult)
2025-05-16 16:14:44,395 - processing - INFO - Highest neutral: CPS ENERGY Neutral at height 326.42 inches
2025-05-16 16:14:44,395 - processing - INFO - Found 4 attachment(s) below neutral:
2025-05-16 16:14:44,395 - processing - INFO -   1. CPS ENERGY Supply Fiber at height 26'-0"
2025-05-16 16:14:44,396 - processing - INFO -   2. AT&T Fiber Optic Com at height 24'-10"
2025-05-16 16:14:44,396 - processing - INFO -   3. AT&T Telco Com at height 23'-11"
2025-05-16 16:14:44,396 - processing - INFO -   4. CPS ENERGY Street Light Feed at height 27'-2"
2025-05-16 16:14:44,397 - processing - INFO - ==================================================
2025-05-16 16:14:44,457 - processing - INFO - Processing attachments below neutral for pole PL900997
2025-05-16 16:14:44,463 - processing - INFO - 
==================================================
2025-05-16 16:14:44,464 - processing - INFO - POLE SUMMARY: PL900997
2025-05-16 16:14:44,464 - processing - INFO - ==================================================
2025-05-16 16:14:44,464 - processing - INFO - Found 4 neutral wire(s):
2025-05-16 16:14:44,464 - processing - INFO -   1. CPS ENERGY Neutral at height 324.73 inches (source: katapult)
2025-05-16 16:14:44,464 - processing - INFO -   2. CPS ENERGY Neutral at height 342.91 inches (source: katapult)
2025-05-16 16:14:44,465 - processing - INFO -   3. CPS Energy  at height 325.0001755 inches (source: spidacalc)
2025-05-16 16:14:44,465 - processing - INFO -   4. CPS Energy  at height 325.0001755 inches (source: spidacalc)
2025-05-16 16:14:44,465 - processing - INFO - Highest neutral: CPS ENERGY Neutral at height 342.91 inches
2025-05-16 16:14:44,466 - processing - INFO - Found 7 attachment(s) below neutral:
2025-05-16 16:14:44,466 - processing - INFO -   1. CPS ENERGY Neutral at height 27'-1"
2025-05-16 16:14:44,466 - processing - INFO -   2. CPS ENERGY Street Light Feed at height 27'-1"
2025-05-16 16:14:44,466 - processing - INFO -   3. CPS ENERGY Supply Fiber at height 25'-10"
2025-05-16 16:14:44,467 - processing - INFO -   4. AT&T Fiber Optic Com at height 21'-6"
2025-05-16 16:14:44,467 - processing - INFO -   5. AT&T Telco Com at height 20'-6"
2025-05-16 16:14:44,467 - processing - INFO -   6. CPS ENERGY Service at height 27'-1"
2025-05-16 16:14:44,467 - processing - INFO -   7. Charter Fiber Optic Com at height 21'-6"
2025-05-16 16:14:44,468 - processing - INFO - ==================================================
2025-05-16 16:14:44,536 - processing - INFO - Processing attachments below neutral for pole PL404474
2025-05-16 16:14:44,542 - processing - INFO - 
==================================================
2025-05-16 16:14:44,543 - processing - INFO - POLE SUMMARY: PL404474
2025-05-16 16:14:44,543 - processing - INFO - ==================================================
2025-05-16 16:14:44,543 - processing - INFO - Found 3 neutral wire(s):
2025-05-16 16:14:44,543 - processing - INFO -   1. CPS ENERGY Neutral at height 311.85 inches (source: katapult)
2025-05-16 16:14:44,544 - processing - INFO -   2. CPS Energy  at height 312.00016848000007 inches (source: spidacalc)
2025-05-16 16:14:44,544 - processing - INFO -   3. CPS Energy  at height 312.00016848000007 inches (source: spidacalc)
2025-05-16 16:14:44,544 - processing - INFO - Highest neutral: CPS Energy  at height 312.00016848000007 inches
2025-05-16 16:14:44,545 - processing - INFO - Found 6 attachment(s) below neutral:
2025-05-16 16:14:44,545 - processing - INFO -   1. CPS ENERGY Neutral at height 25'-12"
2025-05-16 16:14:44,546 - processing - INFO -   2. CPS ENERGY Supply Fiber at height 24'-6"
2025-05-16 16:14:44,546 - processing - INFO -   3. AT&T Fiber Optic Com at height 22'-9"
2025-05-16 16:14:44,546 - processing - INFO -   4. AT&T Telco Com at height 21'-7"
2025-05-16 16:14:44,547 - processing - INFO -   5. CPS ENERGY Street Light Feed at height 25'-12"
2025-05-16 16:14:44,547 - processing - INFO -   6. Charter Fiber Optic Com at height 21'-7"
2025-05-16 16:14:44,547 - processing - INFO - ==================================================
2025-05-16 16:14:44,602 - processing - INFO - Processing attachments below neutral for pole PL401451
2025-05-16 16:14:44,606 - processing - INFO - 
==================================================
2025-05-16 16:14:44,606 - processing - INFO - POLE SUMMARY: PL401451
2025-05-16 16:14:44,606 - processing - INFO - ==================================================
2025-05-16 16:14:44,607 - processing - INFO - Found 2 neutral wire(s):
2025-05-16 16:14:44,607 - processing - INFO -   1. CPS ENERGY Neutral at height 318.97 inches (source: katapult)
2025-05-16 16:14:44,607 - processing - INFO -   2. CPS ENERGY Neutral at height 314.28 inches (source: katapult)
2025-05-16 16:14:44,608 - processing - INFO - Highest neutral: CPS ENERGY Neutral at height 318.97 inches
2025-05-16 16:14:44,608 - processing - INFO - Found 3 attachment(s) below neutral:
2025-05-16 16:14:44,608 - processing - INFO -   1. CPS ENERGY Supply Fiber at height 24'-11"
2025-05-16 16:14:44,609 - processing - INFO -   2. AT&T Fiber Optic Com at height 22'-6"
2025-05-16 16:14:44,609 - processing - INFO -   3. AT&T Telco Com at height 21'-3"
2025-05-16 16:14:44,609 - processing - INFO - ==================================================
2025-05-16 16:14:44,703 - processing - INFO - Processing attachments below neutral for pole PL398491
2025-05-16 16:14:44,712 - processing - INFO - 
==================================================
2025-05-16 16:14:44,713 - processing - INFO - POLE SUMMARY: PL398491
2025-05-16 16:14:44,713 - processing - INFO - ==================================================
2025-05-16 16:14:44,713 - processing - INFO - Found 4 neutral wire(s):
2025-05-16 16:14:44,714 - processing - INFO -   1. CPS ENERGY Neutral at height 325.34 inches (source: katapult)
2025-05-16 16:14:44,714 - processing - INFO -   2. CPS ENERGY Neutral at height 322.75 inches (source: katapult)
2025-05-16 16:14:44,715 - processing - INFO -   3. CPS Energy  at height 324.00017496000004 inches (source: spidacalc)
2025-05-16 16:14:44,715 - processing - INFO -   4. CPS Energy  at height 327.0001765800001 inches (source: spidacalc)
2025-05-16 16:14:44,716 - processing - INFO - Highest neutral: CPS Energy  at height 327.0001765800001 inches
2025-05-16 16:14:44,716 - processing - INFO - Found 12 attachment(s) below neutral:
2025-05-16 16:14:44,716 - processing - INFO -   1. AT&T Com Drop at height 19'-8"
2025-05-16 16:14:44,717 - processing - INFO -   2. CPS ENERGY Service at height 27'-1"
2025-05-16 16:14:44,717 - processing - INFO -   3. AT&T Com Drop at height 19'-6"
2025-05-16 16:14:44,717 - processing - INFO -   4. AT&T Com Drop at height 19'-6"
2025-05-16 16:14:44,718 - processing - INFO -   5. CPS ENERGY Neutral at height 27'-1"
2025-05-16 16:14:44,718 - processing - INFO -   6. CPS ENERGY Neutral at height 26'-11"
2025-05-16 16:14:44,718 - processing - INFO -   7. CPS ENERGY Supply Fiber at height 25'-6"
2025-05-16 16:14:44,719 - processing - INFO -   8. AT&T Fiber Optic Com at height 21'-4"
2025-05-16 16:14:44,719 - processing - INFO -   9. AT&T Telco Com at height 20'-4"
2025-05-16 16:14:44,719 - processing - INFO -   10. AT&T Com Drop at height 19'-8"
2025-05-16 16:14:44,720 - processing - INFO -   11. Charter Fiber Optic Com at height 22'-4"
2025-05-16 16:14:44,720 - processing - INFO -   12. CPS ENERGY Supply Fiber at height 25'-9"
2025-05-16 16:14:44,720 - processing - INFO - ==================================================
2025-05-16 16:14:44,843 - processing - INFO - Processing attachments below neutral for pole PL410620
2025-05-16 16:14:44,848 - processing - INFO - 
==================================================
2025-05-16 16:14:44,848 - processing - INFO - POLE SUMMARY: PL410620
2025-05-16 16:14:44,849 - processing - INFO - ==================================================
2025-05-16 16:14:44,850 - processing - INFO - Found 3 neutral wire(s):
2025-05-16 16:14:44,850 - processing - INFO -   1. CPS ENERGY Neutral at height 354.28 inches (source: katapult)
2025-05-16 16:14:44,851 - processing - INFO -   2. CPS Energy  at height 354.0001911600001 inches (source: spidacalc)
2025-05-16 16:14:44,851 - processing - INFO -   3. CPS Energy  at height 354.0001911600001 inches (source: spidacalc)
2025-05-16 16:14:44,851 - processing - INFO - Highest neutral: CPS ENERGY Neutral at height 354.28 inches
2025-05-16 16:14:44,852 - processing - INFO - Found 5 attachment(s) below neutral:
2025-05-16 16:14:44,852 - processing - INFO -   1. CPS ENERGY Supply Fiber at height 27'-12"
2025-05-16 16:14:44,852 - processing - INFO -   2. AT&T Fiber Optic Com at height 23'-7"
2025-05-16 16:14:44,853 - processing - INFO -   3. AT&T Telco Com at height 22'-4"
2025-05-16 16:14:44,853 - processing - INFO -   4. AT&T Com Drop at height 21'-5"
2025-05-16 16:14:44,853 - processing - INFO -   5. Charter Fiber Optic Com at height 24'-7"
2025-05-16 16:14:44,854 - processing - INFO - ==================================================
2025-05-16 16:14:44,925 - processing - INFO - Processing attachments below neutral for pole PL389359
2025-05-16 16:14:44,931 - processing - INFO - 
==================================================
2025-05-16 16:14:44,931 - processing - INFO - POLE SUMMARY: PL389359
2025-05-16 16:14:44,932 - processing - INFO - ==================================================
2025-05-16 16:14:44,932 - processing - INFO - Found 5 neutral wire(s):
2025-05-16 16:14:44,933 - processing - INFO -   1. CPS ENERGY Neutral at height 327.24 inches (source: katapult)
2025-05-16 16:14:44,933 - processing - INFO -   2. CPS ENERGY Neutral at height 327.15 inches (source: katapult)
2025-05-16 16:14:44,933 - processing - INFO -   3. CPS Energy  at height 327.0001765800001 inches (source: spidacalc)
2025-05-16 16:14:44,934 - processing - INFO -   4. CPS Energy  at height 327.0001765800001 inches (source: spidacalc)
2025-05-16 16:14:44,934 - processing - INFO -   5. CPS Energy  at height 327.0001765800001 inches (source: spidacalc)
2025-05-16 16:14:44,935 - processing - INFO - Highest neutral: CPS ENERGY Neutral at height 327.24 inches
2025-05-16 16:14:44,935 - processing - INFO - Found 5 attachment(s) below neutral:
2025-05-16 16:14:44,935 - processing - INFO -   1. CPS ENERGY Supply Fiber at height 25'-9"
2025-05-16 16:14:44,935 - processing - INFO -   2. AT&T Fiber Optic Com at height 22'-8"
2025-05-16 16:14:44,936 - processing - INFO -   3. AT&T Telco Com at height 21'-8"
2025-05-16 16:14:44,936 - processing - INFO -   4. CPS ENERGY Neutral at height 27'-3"
2025-05-16 16:14:44,936 - processing - INFO -   5. Charter Fiber Optic Com at height 22'-12"
2025-05-16 16:14:44,937 - processing - INFO - ==================================================
