2025-05-16 16:42:43,201 - processing - INFO - Processing attachments below neutral for pole PL370858
2025-05-16 16:42:43,208 - processing - INFO - 
==================================================
2025-05-16 16:42:43,209 - processing - INFO - POLE SUMMARY: PL370858
2025-05-16 16:42:43,209 - processing - INFO - ==================================================
2025-05-16 16:42:43,210 - processing - INFO - Found 3 neutral wire(s):
2025-05-16 16:42:43,210 - processing - INFO -   1. CPS ENERGY Neutral at height 317.6 inches (source: katapult)
2025-05-16 16:42:43,211 - processing - INFO -   2. CPS Energy  at height 318.0001717200001 inches (source: spidacalc)
2025-05-16 16:42:43,211 - processing - INFO -   3. CPS Energy  at height 318.0001717200001 inches (source: spidacalc)
2025-05-16 16:42:43,212 - processing - INFO - Highest neutral: CPS Energy  at height 318.0001717200001 inches
2025-05-16 16:42:43,212 - processing - INFO - Found 5 attachment(s) below neutral:
2025-05-16 16:42:43,213 - processing - INFO -   1. CPS ENERGY Neutral at height 26'-6"
2025-05-16 16:42:43,213 - processing - INFO -   2. CPS ENERGY Supply Fiber at height 25'-5"
2025-05-16 16:42:43,214 - processing - INFO -   3. AT&T Fiber Optic Com at height 22'-10"
2025-05-16 16:42:43,214 - processing - INFO -   4. AT&T Telco Com at height 21'-10"
2025-05-16 16:42:43,214 - processing - INFO -   5. Charter Fiber Optic Com at height 22'-1"
2025-05-16 16:42:43,215 - processing - INFO - ==================================================
2025-05-16 16:42:43,298 - processing - INFO - Processing attachments below neutral for pole PL379971
2025-05-16 16:42:43,302 - processing - INFO - 
==================================================
2025-05-16 16:42:43,302 - processing - INFO - POLE SUMMARY: PL379971
2025-05-16 16:42:43,303 - processing - INFO - ==================================================
2025-05-16 16:42:43,303 - processing - INFO - Found 1 neutral wire(s):
2025-05-16 16:42:43,304 - processing - INFO -   1. CPS ENERGY Neutral at height 316.48 inches (source: katapult)
2025-05-16 16:42:43,304 - processing - INFO - Highest neutral: CPS ENERGY Neutral at height 316.48 inches
2025-05-16 16:42:43,304 - processing - INFO - Found 4 attachment(s) below neutral:
2025-05-16 16:42:43,305 - processing - INFO -   1. CPS ENERGY Neutral at height 26'-4"
2025-05-16 16:42:43,305 - processing - INFO -   2. CPS ENERGY Supply Fiber at height 24'-9"
2025-05-16 16:42:43,306 - processing - INFO -   3. AT&T Fiber Optic Com at height 23'-9"
2025-05-16 16:42:43,306 - processing - INFO -   4. AT&T Telco Com at height 22'-9"
2025-05-16 16:42:43,306 - processing - INFO - ==================================================
2025-05-16 16:42:43,355 - processing - INFO - Processing attachments below neutral for pole PL379966
2025-05-16 16:42:43,359 - processing - INFO - 
==================================================
2025-05-16 16:42:43,359 - processing - INFO - POLE SUMMARY: PL379966
2025-05-16 16:42:43,360 - processing - INFO - ==================================================
2025-05-16 16:42:43,360 - processing - INFO - Found 1 neutral wire(s):
2025-05-16 16:42:43,361 - processing - INFO -   1. CPS ENERGY Neutral at height 330.61 inches (source: katapult)
2025-05-16 16:42:43,361 - processing - INFO - Highest neutral: CPS ENERGY Neutral at height 330.61 inches
2025-05-16 16:42:43,361 - processing - INFO - Found 4 attachment(s) below neutral:
2025-05-16 16:42:43,362 - processing - INFO -   1. CPS ENERGY Neutral at height 27'-7"
2025-05-16 16:42:43,362 - processing - INFO -   2. CPS ENERGY Supply Fiber at height 26'-4"
2025-05-16 16:42:43,362 - processing - INFO -   3. AT&T Fiber Optic Com at height 23'-7"
2025-05-16 16:42:43,363 - processing - INFO -   4. AT&T Telco Com at height 22'-7"
2025-05-16 16:42:43,363 - processing - INFO - ==================================================
2025-05-16 16:42:43,453 - processing - INFO - Processing attachments below neutral for pole PL373937
2025-05-16 16:42:43,457 - processing - INFO - 
==================================================
2025-05-16 16:42:43,458 - processing - INFO - POLE SUMMARY: PL373937
2025-05-16 16:42:43,458 - processing - INFO - ==================================================
2025-05-16 16:42:43,458 - processing - INFO - Found 1 neutral wire(s):
2025-05-16 16:42:43,459 - processing - INFO -   1. CPS ENERGY Neutral at height 463.93 inches (source: katapult)
2025-05-16 16:42:43,459 - processing - INFO - Highest neutral: CPS ENERGY Neutral at height 463.93 inches
2025-05-16 16:42:43,460 - processing - INFO - Found 5 attachment(s) below neutral:
2025-05-16 16:42:43,460 - processing - INFO -   1. CPS ENERGY Neutral at height 38'-8"
2025-05-16 16:42:43,460 - processing - INFO -   2. CPS ENERGY Supply Fiber at height 36'-8"
2025-05-16 16:42:43,460 - processing - INFO -   3. AT&T Fiber Optic Com at height 32'-8"
2025-05-16 16:42:43,461 - processing - INFO -   4. AT&T Telco Com at height 27'-6"
2025-05-16 16:42:43,461 - processing - INFO -   5. CPS ENERGY Supply Fiber at height 36'-5"
2025-05-16 16:42:43,461 - processing - INFO - ==================================================
2025-05-16 16:42:43,557 - processing - INFO - Processing attachments below neutral for pole PL404475
2025-05-16 16:42:43,561 - processing - INFO - 
==================================================
2025-05-16 16:42:43,562 - processing - INFO - POLE SUMMARY: PL404475
2025-05-16 16:42:43,562 - processing - INFO - ==================================================
2025-05-16 16:42:43,563 - processing - INFO - Found 3 neutral wire(s):
2025-05-16 16:42:43,563 - processing - INFO -   1. CPS ENERGY Neutral at height 463.45 inches (source: katapult)
2025-05-16 16:42:43,563 - processing - INFO -   2. CPS ENERGY Neutral at height 432.76 inches (source: katapult)
2025-05-16 16:42:43,564 - processing - INFO -   3. CPS ENERGY Neutral at height 432.92 inches (source: katapult)
2025-05-16 16:42:43,564 - processing - INFO - Highest neutral: CPS ENERGY Neutral at height 463.45 inches
2025-05-16 16:42:43,565 - processing - INFO - Found 7 attachment(s) below neutral:
2025-05-16 16:42:43,565 - processing - INFO -   1. CPS ENERGY Neutral at height 38'-7"
2025-05-16 16:42:43,565 - processing - INFO -   2. CPS ENERGY Supply Fiber at height 37'-1"
2025-05-16 16:42:43,566 - processing - INFO -   3. AT&T Fiber Optic Com at height 31'-5"
2025-05-16 16:42:43,566 - processing - INFO -   4. AT&T Telco Com at height 21'-1"
2025-05-16 16:42:43,567 - processing - INFO -   5. CPS ENERGY Neutral at height 36'-1"
2025-05-16 16:42:43,567 - processing - INFO -   6. CPS ENERGY Neutral at height 36'-1"
2025-05-16 16:42:43,567 - processing - INFO -   7. CPS ENERGY Supply Fiber at height 36'-10"
2025-05-16 16:42:43,567 - processing - INFO - ==================================================
2025-05-16 16:42:43,614 - processing - INFO - Processing attachments below neutral for pole PL373935
2025-05-16 16:42:43,616 - processing - INFO - 
==================================================
2025-05-16 16:42:43,617 - processing - INFO - POLE SUMMARY: PL373935
2025-05-16 16:42:43,617 - processing - INFO - ==================================================
2025-05-16 16:42:43,618 - processing - INFO - Found 1 neutral wire(s):
2025-05-16 16:42:43,618 - processing - INFO -   1. CPS ENERGY Neutral at height 350.65 inches (source: katapult)
2025-05-16 16:42:43,619 - processing - INFO - Highest neutral: CPS ENERGY Neutral at height 350.65 inches
2025-05-16 16:42:43,619 - processing - INFO - Found 4 attachment(s) below neutral:
2025-05-16 16:42:43,619 - processing - INFO -   1. CPS ENERGY Neutral at height 29'-3"
2025-05-16 16:42:43,620 - processing - INFO -   2. CPS ENERGY Supply Fiber at height 27'-9"
2025-05-16 16:42:43,620 - processing - INFO -   3. AT&T Fiber Optic Com at height 24'-10"
2025-05-16 16:42:43,620 - processing - INFO -   4. AT&T Telco Com at height 23'-12"
2025-05-16 16:42:43,621 - processing - INFO - ==================================================
2025-05-16 16:42:43,666 - processing - INFO - Processing attachments below neutral for pole PL398490
2025-05-16 16:42:43,670 - processing - INFO - 
==================================================
2025-05-16 16:42:43,671 - processing - INFO - POLE SUMMARY: PL398490
2025-05-16 16:42:43,671 - processing - INFO - ==================================================
2025-05-16 16:42:43,672 - processing - INFO - Found 1 neutral wire(s):
2025-05-16 16:42:43,672 - processing - INFO -   1. CPS ENERGY Neutral at height 326.42 inches (source: katapult)
2025-05-16 16:42:43,673 - processing - INFO - Highest neutral: CPS ENERGY Neutral at height 326.42 inches
2025-05-16 16:42:43,673 - processing - INFO - Found 5 attachment(s) below neutral:
2025-05-16 16:42:43,674 - processing - INFO -   1. CPS ENERGY Neutral at height 27'-2"
2025-05-16 16:42:43,674 - processing - INFO -   2. CPS ENERGY Supply Fiber at height 26'-0"
2025-05-16 16:42:43,674 - processing - INFO -   3. AT&T Fiber Optic Com at height 24'-10"
2025-05-16 16:42:43,675 - processing - INFO -   4. AT&T Telco Com at height 23'-11"
2025-05-16 16:42:43,675 - processing - INFO -   5. CPS ENERGY Street Light Feed at height 27'-2"
2025-05-16 16:42:43,675 - processing - INFO - ==================================================
2025-05-16 16:42:43,740 - processing - INFO - Processing attachments below neutral for pole PL900997
2025-05-16 16:42:43,745 - processing - INFO - 
==================================================
2025-05-16 16:42:43,746 - processing - INFO - POLE SUMMARY: PL900997
2025-05-16 16:42:43,746 - processing - INFO - ==================================================
2025-05-16 16:42:43,747 - processing - INFO - Found 4 neutral wire(s):
2025-05-16 16:42:43,747 - processing - INFO -   1. CPS ENERGY Neutral at height 324.73 inches (source: katapult)
2025-05-16 16:42:43,747 - processing - INFO -   2. CPS ENERGY Neutral at height 342.91 inches (source: katapult)
2025-05-16 16:42:43,748 - processing - INFO -   3. CPS Energy  at height 325.0001755 inches (source: spidacalc)
2025-05-16 16:42:43,748 - processing - INFO -   4. CPS Energy  at height 325.0001755 inches (source: spidacalc)
2025-05-16 16:42:43,748 - processing - INFO - Highest neutral: CPS ENERGY Neutral at height 342.91 inches
2025-05-16 16:42:43,749 - processing - INFO - Found 7 attachment(s) below neutral:
2025-05-16 16:42:43,749 - processing - INFO -   1. CPS ENERGY Neutral at height 27'-1"
2025-05-16 16:42:43,750 - processing - INFO -   2. CPS ENERGY Street Light Feed at height 27'-1"
2025-05-16 16:42:43,750 - processing - INFO -   3. CPS ENERGY Supply Fiber at height 25'-10"
2025-05-16 16:42:43,750 - processing - INFO -   4. AT&T Fiber Optic Com at height 21'-6"
2025-05-16 16:42:43,751 - processing - INFO -   5. AT&T Telco Com at height 20'-6"
2025-05-16 16:42:43,751 - processing - INFO -   6. CPS ENERGY Service at height 27'-1"
2025-05-16 16:42:43,752 - processing - INFO -   7. Charter Fiber Optic Com at height 21'-6"
2025-05-16 16:42:43,752 - processing - INFO - ==================================================
2025-05-16 16:42:43,833 - processing - INFO - Processing attachments below neutral for pole PL404474
2025-05-16 16:42:43,838 - processing - INFO - 
==================================================
2025-05-16 16:42:43,839 - processing - INFO - POLE SUMMARY: PL404474
2025-05-16 16:42:43,839 - processing - INFO - ==================================================
2025-05-16 16:42:43,839 - processing - INFO - Found 3 neutral wire(s):
2025-05-16 16:42:43,840 - processing - INFO -   1. CPS ENERGY Neutral at height 311.85 inches (source: katapult)
2025-05-16 16:42:43,840 - processing - INFO -   2. CPS Energy  at height 312.00016848000007 inches (source: spidacalc)
2025-05-16 16:42:43,840 - processing - INFO -   3. CPS Energy  at height 312.00016848000007 inches (source: spidacalc)
2025-05-16 16:42:43,841 - processing - INFO - Highest neutral: CPS Energy  at height 312.00016848000007 inches
2025-05-16 16:42:43,841 - processing - INFO - Found 6 attachment(s) below neutral:
2025-05-16 16:42:43,841 - processing - INFO -   1. CPS ENERGY Neutral at height 25'-12"
2025-05-16 16:42:43,842 - processing - INFO -   2. CPS ENERGY Supply Fiber at height 24'-6"
2025-05-16 16:42:43,842 - processing - INFO -   3. AT&T Fiber Optic Com at height 22'-9"
2025-05-16 16:42:43,843 - processing - INFO -   4. AT&T Telco Com at height 21'-7"
2025-05-16 16:42:43,843 - processing - INFO -   5. CPS ENERGY Street Light Feed at height 25'-12"
2025-05-16 16:42:43,844 - processing - INFO -   6. Charter Fiber Optic Com at height 21'-7"
2025-05-16 16:42:43,844 - processing - INFO - ==================================================
2025-05-16 16:42:43,899 - processing - INFO - Processing attachments below neutral for pole PL401451
2025-05-16 16:42:43,903 - processing - INFO - 
==================================================
2025-05-16 16:42:43,904 - processing - INFO - POLE SUMMARY: PL401451
2025-05-16 16:42:43,904 - processing - INFO - ==================================================
2025-05-16 16:42:43,905 - processing - INFO - Found 2 neutral wire(s):
2025-05-16 16:42:43,905 - processing - INFO -   1. CPS ENERGY Neutral at height 318.97 inches (source: katapult)
2025-05-16 16:42:43,906 - processing - INFO -   2. CPS ENERGY Neutral at height 314.28 inches (source: katapult)
2025-05-16 16:42:43,906 - processing - INFO - Highest neutral: CPS ENERGY Neutral at height 318.97 inches
2025-05-16 16:42:43,906 - processing - INFO - Found 4 attachment(s) below neutral:
2025-05-16 16:42:43,907 - processing - INFO -   1. CPS ENERGY Neutral at height 26'-7"
2025-05-16 16:42:43,907 - processing - INFO -   2. CPS ENERGY Supply Fiber at height 24'-11"
2025-05-16 16:42:43,908 - processing - INFO -   3. AT&T Fiber Optic Com at height 22'-6"
2025-05-16 16:42:43,908 - processing - INFO -   4. AT&T Telco Com at height 21'-3"
2025-05-16 16:42:43,908 - processing - INFO - ==================================================
2025-05-16 16:42:43,991 - processing - INFO - Processing attachments below neutral for pole PL398491
2025-05-16 16:42:44,000 - processing - INFO - 
==================================================
2025-05-16 16:42:44,001 - processing - INFO - POLE SUMMARY: PL398491
2025-05-16 16:42:44,001 - processing - INFO - ==================================================
2025-05-16 16:42:44,002 - processing - INFO - Found 4 neutral wire(s):
2025-05-16 16:42:44,002 - processing - INFO -   1. CPS ENERGY Neutral at height 325.34 inches (source: katapult)
2025-05-16 16:42:44,002 - processing - INFO -   2. CPS ENERGY Neutral at height 322.75 inches (source: katapult)
2025-05-16 16:42:44,003 - processing - INFO -   3. CPS Energy  at height 324.00017496000004 inches (source: spidacalc)
2025-05-16 16:42:44,003 - processing - INFO -   4. CPS Energy  at height 327.0001765800001 inches (source: spidacalc)
2025-05-16 16:42:44,004 - processing - INFO - Highest neutral: CPS Energy  at height 327.0001765800001 inches
2025-05-16 16:42:44,004 - processing - INFO - Found 12 attachment(s) below neutral:
2025-05-16 16:42:44,005 - processing - INFO -   1. AT&T Com Drop at height 19'-8"
2025-05-16 16:42:44,005 - processing - INFO -   2. CPS ENERGY Service at height 27'-1"
2025-05-16 16:42:44,005 - processing - INFO -   3. AT&T Com Drop at height 19'-6"
2025-05-16 16:42:44,006 - processing - INFO -   4. AT&T Com Drop at height 19'-6"
2025-05-16 16:42:44,006 - processing - INFO -   5. CPS ENERGY Neutral at height 27'-1"
2025-05-16 16:42:44,007 - processing - INFO -   6. CPS ENERGY Neutral at height 26'-11"
2025-05-16 16:42:44,007 - processing - INFO -   7. CPS ENERGY Supply Fiber at height 25'-6"
2025-05-16 16:42:44,007 - processing - INFO -   8. AT&T Fiber Optic Com at height 21'-4"
2025-05-16 16:42:44,008 - processing - INFO -   9. AT&T Telco Com at height 20'-4"
2025-05-16 16:42:44,008 - processing - INFO -   10. AT&T Com Drop at height 19'-8"
2025-05-16 16:42:44,008 - processing - INFO -   11. Charter Fiber Optic Com at height 22'-4"
2025-05-16 16:42:44,009 - processing - INFO -   12. CPS ENERGY Supply Fiber at height 25'-9"
2025-05-16 16:42:44,009 - processing - INFO - ==================================================
2025-05-16 16:42:44,132 - processing - INFO - Processing attachments below neutral for pole PL410620
2025-05-16 16:42:44,137 - processing - INFO - 
==================================================
2025-05-16 16:42:44,137 - processing - INFO - POLE SUMMARY: PL410620
2025-05-16 16:42:44,138 - processing - INFO - ==================================================
2025-05-16 16:42:44,138 - processing - INFO - Found 3 neutral wire(s):
2025-05-16 16:42:44,138 - processing - INFO -   1. CPS ENERGY Neutral at height 354.28 inches (source: katapult)
2025-05-16 16:42:44,139 - processing - INFO -   2. CPS Energy  at height 354.0001911600001 inches (source: spidacalc)
2025-05-16 16:42:44,139 - processing - INFO -   3. CPS Energy  at height 354.0001911600001 inches (source: spidacalc)
2025-05-16 16:42:44,140 - processing - INFO - Highest neutral: CPS ENERGY Neutral at height 354.28 inches
2025-05-16 16:42:44,140 - processing - INFO - Found 6 attachment(s) below neutral:
2025-05-16 16:42:44,141 - processing - INFO -   1. CPS ENERGY Neutral at height 29'-6"
2025-05-16 16:42:44,141 - processing - INFO -   2. CPS ENERGY Supply Fiber at height 27'-12"
2025-05-16 16:42:44,141 - processing - INFO -   3. AT&T Fiber Optic Com at height 23'-7"
2025-05-16 16:42:44,142 - processing - INFO -   4. AT&T Telco Com at height 22'-4"
2025-05-16 16:42:44,142 - processing - INFO -   5. AT&T Com Drop at height 21'-5"
2025-05-16 16:42:44,142 - processing - INFO -   6. Charter Fiber Optic Com at height 24'-7"
2025-05-16 16:42:44,143 - processing - INFO - ==================================================
2025-05-16 16:42:44,216 - processing - INFO - Processing attachments below neutral for pole PL389359
2025-05-16 16:42:44,222 - processing - INFO - 
==================================================
2025-05-16 16:42:44,223 - processing - INFO - POLE SUMMARY: PL389359
2025-05-16 16:42:44,223 - processing - INFO - ==================================================
2025-05-16 16:42:44,224 - processing - INFO - Found 5 neutral wire(s):
2025-05-16 16:42:44,224 - processing - INFO -   1. CPS ENERGY Neutral at height 327.24 inches (source: katapult)
2025-05-16 16:42:44,225 - processing - INFO -   2. CPS ENERGY Neutral at height 327.15 inches (source: katapult)
2025-05-16 16:42:44,225 - processing - INFO -   3. CPS Energy  at height 327.0001765800001 inches (source: spidacalc)
2025-05-16 16:42:44,226 - processing - INFO -   4. CPS Energy  at height 327.0001765800001 inches (source: spidacalc)
2025-05-16 16:42:44,226 - processing - INFO -   5. CPS Energy  at height 327.0001765800001 inches (source: spidacalc)
2025-05-16 16:42:44,227 - processing - INFO - Highest neutral: CPS ENERGY Neutral at height 327.24 inches
2025-05-16 16:42:44,227 - processing - INFO - Found 6 attachment(s) below neutral:
2025-05-16 16:42:44,228 - processing - INFO -   1. CPS ENERGY Neutral at height 27'-3"
2025-05-16 16:42:44,228 - processing - INFO -   2. CPS ENERGY Supply Fiber at height 25'-9"
2025-05-16 16:42:44,228 - processing - INFO -   3. AT&T Fiber Optic Com at height 22'-8"
2025-05-16 16:42:44,229 - processing - INFO -   4. AT&T Telco Com at height 21'-8"
2025-05-16 16:42:44,229 - processing - INFO -   5. CPS ENERGY Neutral at height 27'-3"
2025-05-16 16:42:44,230 - processing - INFO -   6. Charter Fiber Optic Com at height 22'-12"
2025-05-16 16:42:44,230 - processing - INFO - ==================================================
