2025-05-16 16:00:19,313 - processing - INFO - Processing attachments below neutral for pole PL370858
2025-05-16 16:00:19,318 - processing - INFO - 
==================================================
2025-05-16 16:00:19,319 - processing - INFO - POLE SUMMARY: PL370858
2025-05-16 16:00:19,319 - processing - INFO - ==================================================
2025-05-16 16:00:19,320 - processing - INFO - Found 2 neutral wire(s):
2025-05-16 16:00:19,320 - processing - INFO -   1. CPS Energy  at height 318.0001717200001 inches (source: spidacalc)
2025-05-16 16:00:19,320 - processing - INFO -   2. CPS Energy  at height 318.0001717200001 inches (source: spidacalc)
2025-05-16 16:00:19,322 - processing - INFO - Highest neutral: CPS Energy  at height 318.0001717200001 inches
2025-05-16 16:00:19,322 - processing - INFO - Found 0 attachment(s) below neutral:
2025-05-16 16:00:19,323 - processing - INFO - ==================================================
2025-05-16 16:00:19,390 - processing - INFO - Processing attachments below neutral for pole PL379971
2025-05-16 16:00:19,391 - processing - INFO - 
==================================================
2025-05-16 16:00:19,392 - processing - INFO - POLE SUMMARY: PL379971
2025-05-16 16:00:19,392 - processing - INFO - ==================================================
2025-05-16 16:00:19,393 - processing - INFO - Found 0 neutral wire(s):
2025-05-16 16:00:19,393 - processing - INFO - No neutral wires found!
2025-05-16 16:00:19,393 - processing - INFO - Found 0 attachment(s) below neutral:
2025-05-16 16:00:19,394 - processing - INFO - ==================================================
2025-05-16 16:00:19,439 - processing - INFO - Processing attachments below neutral for pole PL379966
2025-05-16 16:00:19,440 - processing - INFO - 
==================================================
2025-05-16 16:00:19,440 - processing - INFO - POLE SUMMARY: PL379966
2025-05-16 16:00:19,441 - processing - INFO - ==================================================
2025-05-16 16:00:19,441 - processing - INFO - Found 0 neutral wire(s):
2025-05-16 16:00:19,442 - processing - INFO - No neutral wires found!
2025-05-16 16:00:19,442 - processing - INFO - Found 0 attachment(s) below neutral:
2025-05-16 16:00:19,442 - processing - INFO - ==================================================
2025-05-16 16:00:19,521 - processing - INFO - Processing attachments below neutral for pole PL373937
2025-05-16 16:00:19,522 - processing - INFO - 
==================================================
2025-05-16 16:00:19,522 - processing - INFO - POLE SUMMARY: PL373937
2025-05-16 16:00:19,523 - processing - INFO - ==================================================
2025-05-16 16:00:19,523 - processing - INFO - Found 0 neutral wire(s):
2025-05-16 16:00:19,524 - processing - INFO - No neutral wires found!
2025-05-16 16:00:19,524 - processing - INFO - Found 0 attachment(s) below neutral:
2025-05-16 16:00:19,525 - processing - INFO - ==================================================
2025-05-16 16:00:19,618 - processing - INFO - Processing attachments below neutral for pole PL404475
2025-05-16 16:00:19,619 - processing - INFO - 
==================================================
2025-05-16 16:00:19,620 - processing - INFO - POLE SUMMARY: PL404475
2025-05-16 16:00:19,620 - processing - INFO - ==================================================
2025-05-16 16:00:19,621 - processing - INFO - Found 0 neutral wire(s):
2025-05-16 16:00:19,621 - processing - INFO - No neutral wires found!
2025-05-16 16:00:19,621 - processing - INFO - Found 0 attachment(s) below neutral:
2025-05-16 16:00:19,622 - processing - INFO - ==================================================
2025-05-16 16:00:19,672 - processing - INFO - Processing attachments below neutral for pole PL373935
2025-05-16 16:00:19,673 - processing - INFO - 
==================================================
2025-05-16 16:00:19,674 - processing - INFO - POLE SUMMARY: PL373935
2025-05-16 16:00:19,674 - processing - INFO - ==================================================
2025-05-16 16:00:19,675 - processing - INFO - Found 0 neutral wire(s):
2025-05-16 16:00:19,675 - processing - INFO - No neutral wires found!
2025-05-16 16:00:19,675 - processing - INFO - Found 0 attachment(s) below neutral:
2025-05-16 16:00:19,676 - processing - INFO - ==================================================
2025-05-16 16:00:19,712 - processing - INFO - Processing attachments below neutral for pole PL398490
2025-05-16 16:00:19,713 - processing - INFO - 
==================================================
2025-05-16 16:00:19,713 - processing - INFO - POLE SUMMARY: PL398490
2025-05-16 16:00:19,713 - processing - INFO - ==================================================
2025-05-16 16:00:19,714 - processing - INFO - Found 0 neutral wire(s):
2025-05-16 16:00:19,714 - processing - INFO - No neutral wires found!
2025-05-16 16:00:19,715 - processing - INFO - Found 0 attachment(s) below neutral:
2025-05-16 16:00:19,715 - processing - INFO - ==================================================
2025-05-16 16:00:19,777 - processing - INFO - Processing attachments below neutral for pole PL900997
2025-05-16 16:00:19,782 - processing - INFO - 
==================================================
2025-05-16 16:00:19,783 - processing - INFO - POLE SUMMARY: PL900997
2025-05-16 16:00:19,783 - processing - INFO - ==================================================
2025-05-16 16:00:19,783 - processing - INFO - Found 2 neutral wire(s):
2025-05-16 16:00:19,784 - processing - INFO -   1. CPS Energy  at height 325.0001755 inches (source: spidacalc)
2025-05-16 16:00:19,784 - processing - INFO -   2. CPS Energy  at height 325.0001755 inches (source: spidacalc)
2025-05-16 16:00:19,784 - processing - INFO - Highest neutral: CPS Energy  at height 325.0001755 inches
2025-05-16 16:00:19,785 - processing - INFO - Found 0 attachment(s) below neutral:
2025-05-16 16:00:19,785 - processing - INFO - ==================================================
2025-05-16 16:00:19,856 - processing - INFO - Processing attachments below neutral for pole PL404474
2025-05-16 16:00:19,860 - processing - INFO - 
==================================================
2025-05-16 16:00:19,860 - processing - INFO - POLE SUMMARY: PL404474
2025-05-16 16:00:19,860 - processing - INFO - ==================================================
2025-05-16 16:00:19,861 - processing - INFO - Found 2 neutral wire(s):
2025-05-16 16:00:19,861 - processing - INFO -   1. CPS Energy  at height 312.00016848000007 inches (source: spidacalc)
2025-05-16 16:00:19,861 - processing - INFO -   2. CPS Energy  at height 312.00016848000007 inches (source: spidacalc)
2025-05-16 16:00:19,862 - processing - INFO - Highest neutral: CPS Energy  at height 312.00016848000007 inches
2025-05-16 16:00:19,862 - processing - INFO - Found 0 attachment(s) below neutral:
2025-05-16 16:00:19,863 - processing - INFO - ==================================================
2025-05-16 16:00:19,908 - processing - INFO - Processing attachments below neutral for pole PL401451
2025-05-16 16:00:19,908 - processing - INFO - 
==================================================
2025-05-16 16:00:19,909 - processing - INFO - POLE SUMMARY: PL401451
2025-05-16 16:00:19,909 - processing - INFO - ==================================================
2025-05-16 16:00:19,909 - processing - INFO - Found 0 neutral wire(s):
2025-05-16 16:00:19,910 - processing - INFO - No neutral wires found!
2025-05-16 16:00:19,910 - processing - INFO - Found 0 attachment(s) below neutral:
2025-05-16 16:00:19,910 - processing - INFO - ==================================================
2025-05-16 16:00:19,997 - processing - INFO - Processing attachments below neutral for pole PL398491
2025-05-16 16:00:20,003 - processing - INFO - 
==================================================
2025-05-16 16:00:20,004 - processing - INFO - POLE SUMMARY: PL398491
2025-05-16 16:00:20,004 - processing - INFO - ==================================================
2025-05-16 16:00:20,005 - processing - INFO - Found 2 neutral wire(s):
2025-05-16 16:00:20,005 - processing - INFO -   1. CPS Energy  at height 324.00017496000004 inches (source: spidacalc)
2025-05-16 16:00:20,006 - processing - INFO -   2. CPS Energy  at height 327.0001765800001 inches (source: spidacalc)
2025-05-16 16:00:20,006 - processing - INFO - Highest neutral: CPS Energy  at height 327.0001765800001 inches
2025-05-16 16:00:20,007 - processing - INFO - Found 0 attachment(s) below neutral:
2025-05-16 16:00:20,007 - processing - INFO - ==================================================
2025-05-16 16:00:20,132 - processing - INFO - Processing attachments below neutral for pole PL410620
2025-05-16 16:00:20,135 - processing - INFO - 
==================================================
2025-05-16 16:00:20,135 - processing - INFO - POLE SUMMARY: PL410620
2025-05-16 16:00:20,136 - processing - INFO - ==================================================
2025-05-16 16:00:20,136 - processing - INFO - Found 2 neutral wire(s):
2025-05-16 16:00:20,136 - processing - INFO -   1. CPS Energy  at height 354.0001911600001 inches (source: spidacalc)
2025-05-16 16:00:20,137 - processing - INFO -   2. CPS Energy  at height 354.0001911600001 inches (source: spidacalc)
2025-05-16 16:00:20,137 - processing - INFO - Highest neutral: CPS Energy  at height 354.0001911600001 inches
2025-05-16 16:00:20,138 - processing - INFO - Found 0 attachment(s) below neutral:
2025-05-16 16:00:20,138 - processing - INFO - ==================================================
2025-05-16 16:00:20,169 - processing - INFO - Processing attachments below neutral for pole {'-Imported': 'PL410595'}
2025-05-16 16:00:20,169 - processing - INFO - 
==================================================
2025-05-16 16:00:20,170 - processing - INFO - POLE SUMMARY: {'-Imported': 'PL410595'}
2025-05-16 16:00:20,170 - processing - INFO - ==================================================
2025-05-16 16:00:20,170 - processing - INFO - Found 0 neutral wire(s):
2025-05-16 16:00:20,170 - processing - INFO - No neutral wires found!
2025-05-16 16:00:20,171 - processing - INFO - Found 0 attachment(s) below neutral:
2025-05-16 16:00:20,171 - processing - INFO - ==================================================
2025-05-16 16:00:20,220 - processing - INFO - Processing attachments below neutral for pole PL389359
2025-05-16 16:00:20,224 - processing - INFO - 
==================================================
2025-05-16 16:00:20,225 - processing - INFO - POLE SUMMARY: PL389359
2025-05-16 16:00:20,225 - processing - INFO - ==================================================
2025-05-16 16:00:20,225 - processing - INFO - Found 3 neutral wire(s):
2025-05-16 16:00:20,226 - processing - INFO -   1. CPS Energy  at height 327.0001765800001 inches (source: spidacalc)
2025-05-16 16:00:20,227 - processing - INFO -   2. CPS Energy  at height 327.0001765800001 inches (source: spidacalc)
2025-05-16 16:00:20,227 - processing - INFO -   3. CPS Energy  at height 327.0001765800001 inches (source: spidacalc)
2025-05-16 16:00:20,228 - processing - INFO - Highest neutral: CPS Energy  at height 327.0001765800001 inches
2025-05-16 16:00:20,228 - processing - INFO - Found 0 attachment(s) below neutral:
2025-05-16 16:00:20,228 - processing - INFO - ==================================================
