2025-05-16 16:15:16,327 - processing - INFO - Processing attachments below neutral for pole PL370858
2025-05-16 16:15:16,334 - processing - INFO - 
==================================================
2025-05-16 16:15:16,335 - processing - INFO - POLE SUMMARY: PL370858
2025-05-16 16:15:16,335 - processing - INFO - ==================================================
2025-05-16 16:15:16,336 - processing - INFO - Found 3 neutral wire(s):
2025-05-16 16:15:16,337 - processing - INFO -   1. CPS ENERGY Neutral at height 317.6 inches (source: katapult)
2025-05-16 16:15:16,337 - processing - INFO -   2. CPS Energy  at height 318.0001717200001 inches (source: spidacalc)
2025-05-16 16:15:16,338 - processing - INFO -   3. CPS Energy  at height 318.0001717200001 inches (source: spidacalc)
2025-05-16 16:15:16,338 - processing - INFO - Highest neutral: CPS Energy  at height 318.0001717200001 inches
2025-05-16 16:15:16,339 - processing - INFO - Found 5 attachment(s) below neutral:
2025-05-16 16:15:16,339 - processing - INFO -   1. CPS ENERGY Neutral at height 26'-6"
2025-05-16 16:15:16,339 - processing - INFO -   2. CPS ENERGY Supply Fiber at height 25'-5"
2025-05-16 16:15:16,340 - processing - INFO -   3. AT&T Fiber Optic Com at height 22'-10"
2025-05-16 16:15:16,340 - processing - INFO -   4. AT&T Telco Com at height 21'-10"
2025-05-16 16:15:16,341 - processing - INFO -   5. Charter Fiber Optic Com at height 22'-1"
2025-05-16 16:15:16,342 - processing - INFO - ==================================================
2025-05-16 16:15:38,706 - processing - INFO - Processing attachments below neutral for pole PL370858
2025-05-16 16:15:38,711 - processing - INFO - 
==================================================
2025-05-16 16:15:38,711 - processing - INFO - POLE SUMMARY: PL370858
2025-05-16 16:15:38,712 - processing - INFO - ==================================================
2025-05-16 16:15:38,712 - processing - INFO - Found 3 neutral wire(s):
2025-05-16 16:15:38,713 - processing - INFO -   1. CPS ENERGY Neutral at height 317.6 inches (source: katapult)
2025-05-16 16:15:38,713 - processing - INFO -   2. CPS Energy  at height 318.0001717200001 inches (source: spidacalc)
2025-05-16 16:15:38,714 - processing - INFO -   3. CPS Energy  at height 318.0001717200001 inches (source: spidacalc)
2025-05-16 16:15:38,714 - processing - INFO - Highest neutral: CPS Energy  at height 318.0001717200001 inches
2025-05-16 16:15:38,714 - processing - INFO - Found 5 attachment(s) below neutral:
2025-05-16 16:15:38,715 - processing - INFO -   1. CPS ENERGY Neutral at height 26'-6"
2025-05-16 16:15:38,715 - processing - INFO -   2. CPS ENERGY Supply Fiber at height 25'-5"
2025-05-16 16:15:38,716 - processing - INFO -   3. AT&T Fiber Optic Com at height 22'-10"
2025-05-16 16:15:38,716 - processing - INFO -   4. AT&T Telco Com at height 21'-10"
2025-05-16 16:15:38,716 - processing - INFO -   5. Charter Fiber Optic Com at height 22'-1"
2025-05-16 16:15:38,717 - processing - INFO - ==================================================
2025-05-16 16:15:54,640 - processing - INFO - Processing attachments below neutral for pole PL370858
2025-05-16 16:15:54,647 - processing - INFO - 
==================================================
2025-05-16 16:15:54,647 - processing - INFO - POLE SUMMARY: PL370858
2025-05-16 16:15:54,648 - processing - INFO - ==================================================
2025-05-16 16:15:54,648 - processing - INFO - Found 3 neutral wire(s):
2025-05-16 16:15:54,649 - processing - INFO -   1. CPS ENERGY Neutral at height 317.6 inches (source: katapult)
2025-05-16 16:15:54,650 - processing - INFO -   2. CPS Energy  at height 318.0001717200001 inches (source: spidacalc)
2025-05-16 16:15:54,651 - processing - INFO -   3. CPS Energy  at height 318.0001717200001 inches (source: spidacalc)
2025-05-16 16:15:54,651 - processing - INFO - Highest neutral: CPS Energy  at height 318.0001717200001 inches
2025-05-16 16:15:54,652 - processing - INFO - Found 5 attachment(s) below neutral:
2025-05-16 16:15:54,652 - processing - INFO -   1. CPS ENERGY Neutral at height 26'-6"
2025-05-16 16:15:54,653 - processing - INFO -   2. CPS ENERGY Supply Fiber at height 25'-5"
2025-05-16 16:15:54,653 - processing - INFO -   3. AT&T Fiber Optic Com at height 22'-10"
2025-05-16 16:15:54,653 - processing - INFO -   4. AT&T Telco Com at height 21'-10"
2025-05-16 16:15:54,654 - processing - INFO -   5. Charter Fiber Optic Com at height 22'-1"
2025-05-16 16:15:54,655 - processing - INFO - ==================================================
