2025-05-18 16:44:34,096 - processing - INFO - Processing attachments below neutral for pole PL370858
2025-05-18 16:44:34,100 - processing - INFO - 
==================================================
2025-05-18 16:44:34,100 - processing - INFO - POLE SUMMARY: PL370858
2025-05-18 16:44:34,100 - processing - INFO - ==================================================
2025-05-18 16:44:34,100 - processing - INFO - Found 3 neutral wire(s):
2025-05-18 16:44:34,100 - processing - INFO -   1. CPS ENERGY Neutral at height 317.6 inches (source: katapult)
2025-05-18 16:44:34,100 - processing - INFO -   2. CPS Energy  at height 318.0001717200001 inches (source: spidacalc)
2025-05-18 16:44:34,100 - processing - INFO -   3. CPS Energy  at height 318.0001717200001 inches (source: spidacalc)
2025-05-18 16:44:34,100 - processing - INFO - Highest neutral: CPS Energy  at height 318.0001717200001 inches
2025-05-18 16:44:34,102 - processing - INFO - Found 5 attachment(s) below neutral:
2025-05-18 16:44:34,102 - processing - INFO -   1. CPS ENERGY Neutral at height 26'-6"
2025-05-18 16:44:34,102 - processing - INFO -   2. CPS ENERGY Supply Fiber at height 25'-5"
2025-05-18 16:44:34,102 - processing - INFO -   3. AT&T Fiber Optic Com at height 22'-10"
2025-05-18 16:44:34,102 - processing - INFO -   4. AT&T Telco Com at height 21'-10"
2025-05-18 16:44:34,102 - processing - INFO -   5. Charter Fiber Optic Com at height 22'-1"
2025-05-18 16:44:34,102 - processing - INFO - ==================================================
2025-05-18 16:44:34,145 - processing - INFO - Processing attachments below neutral for pole PL379971
2025-05-18 16:44:34,145 - processing - INFO - 
==================================================
2025-05-18 16:44:34,146 - processing - INFO - POLE SUMMARY: PL379971
2025-05-18 16:44:34,146 - processing - INFO - ==================================================
2025-05-18 16:44:34,146 - processing - INFO - Found 1 neutral wire(s):
2025-05-18 16:44:34,146 - processing - INFO -   1. CPS ENERGY Neutral at height 316.48 inches (source: katapult)
2025-05-18 16:44:34,146 - processing - INFO - Highest neutral: CPS ENERGY Neutral at height 316.48 inches
2025-05-18 16:44:34,146 - processing - INFO - Found 4 attachment(s) below neutral:
2025-05-18 16:44:34,146 - processing - INFO -   1. CPS ENERGY Neutral at height 26'-4"
2025-05-18 16:44:34,148 - processing - INFO -   2. CPS ENERGY Supply Fiber at height 24'-9"
2025-05-18 16:44:34,148 - processing - INFO -   3. AT&T Fiber Optic Com at height 23'-9"
2025-05-18 16:44:34,148 - processing - INFO -   4. AT&T Telco Com at height 22'-9"
2025-05-18 16:44:34,148 - processing - INFO - ==================================================
2025-05-18 16:44:34,166 - processing - INFO - Processing attachments below neutral for pole PL379966
2025-05-18 16:44:34,168 - processing - INFO - 
==================================================
2025-05-18 16:44:34,168 - processing - INFO - POLE SUMMARY: PL379966
2025-05-18 16:44:34,169 - processing - INFO - ==================================================
2025-05-18 16:44:34,169 - processing - INFO - Found 1 neutral wire(s):
2025-05-18 16:44:34,169 - processing - INFO -   1. CPS ENERGY Neutral at height 330.61 inches (source: katapult)
2025-05-18 16:44:34,169 - processing - INFO - Highest neutral: CPS ENERGY Neutral at height 330.61 inches
2025-05-18 16:44:34,169 - processing - INFO - Found 4 attachment(s) below neutral:
2025-05-18 16:44:34,169 - processing - INFO -   1. CPS ENERGY Neutral at height 27'-7"
2025-05-18 16:44:34,170 - processing - INFO -   2. CPS ENERGY Supply Fiber at height 26'-4"
2025-05-18 16:44:34,170 - processing - INFO -   3. AT&T Fiber Optic Com at height 23'-7"
2025-05-18 16:44:34,170 - processing - INFO -   4. AT&T Telco Com at height 22'-7"
2025-05-18 16:44:34,170 - processing - INFO - ==================================================
2025-05-18 16:44:34,221 - processing - INFO - Processing attachments below neutral for pole PL373937
2025-05-18 16:44:34,222 - processing - INFO - 
==================================================
2025-05-18 16:44:34,222 - processing - INFO - POLE SUMMARY: PL373937
2025-05-18 16:44:34,223 - processing - INFO - ==================================================
2025-05-18 16:44:34,223 - processing - INFO - Found 1 neutral wire(s):
2025-05-18 16:44:34,223 - processing - INFO -   1. CPS ENERGY Neutral at height 463.93 inches (source: katapult)
2025-05-18 16:44:34,223 - processing - INFO - Highest neutral: CPS ENERGY Neutral at height 463.93 inches
2025-05-18 16:44:34,223 - processing - INFO - Found 5 attachment(s) below neutral:
2025-05-18 16:44:34,224 - processing - INFO -   1. CPS ENERGY Neutral at height 38'-8"
2025-05-18 16:44:34,224 - processing - INFO -   2. CPS ENERGY Supply Fiber at height 36'-8"
2025-05-18 16:44:34,224 - processing - INFO -   3. AT&T Fiber Optic Com at height 32'-8"
2025-05-18 16:44:34,224 - processing - INFO -   4. AT&T Telco Com at height 27'-6"
2025-05-18 16:44:34,224 - processing - INFO -   5. CPS ENERGY Supply Fiber at height 36'-5"
2025-05-18 16:44:34,224 - processing - INFO - ==================================================
2025-05-18 16:44:34,277 - processing - INFO - Processing attachments below neutral for pole PL404475
2025-05-18 16:44:34,285 - processing - INFO - 
==================================================
2025-05-18 16:44:34,310 - processing - INFO - POLE SUMMARY: PL404475
2025-05-18 16:44:34,317 - processing - INFO - ==================================================
2025-05-18 16:44:34,318 - processing - INFO - Found 3 neutral wire(s):
2025-05-18 16:44:34,319 - processing - INFO -   1. CPS ENERGY Neutral at height 463.45 inches (source: katapult)
2025-05-18 16:44:34,319 - processing - INFO -   2. CPS ENERGY Neutral at height 432.76 inches (source: katapult)
2025-05-18 16:44:34,319 - processing - INFO -   3. CPS ENERGY Neutral at height 432.92 inches (source: katapult)
2025-05-18 16:44:34,319 - processing - INFO - Highest neutral: CPS ENERGY Neutral at height 463.45 inches
2025-05-18 16:44:34,320 - processing - INFO - Found 7 attachment(s) below neutral:
2025-05-18 16:44:34,320 - processing - INFO -   1. CPS ENERGY Neutral at height 38'-7"
2025-05-18 16:44:34,320 - processing - INFO -   2. CPS ENERGY Supply Fiber at height 37'-1"
2025-05-18 16:44:34,321 - processing - INFO -   3. AT&T Fiber Optic Com at height 31'-5"
2025-05-18 16:44:34,321 - processing - INFO -   4. AT&T Telco Com at height 21'-1"
2025-05-18 16:44:34,321 - processing - INFO -   5. CPS ENERGY Neutral at height 36'-1"
2025-05-18 16:44:34,336 - processing - INFO -   6. CPS ENERGY Neutral at height 36'-1"
2025-05-18 16:44:34,338 - processing - INFO -   7. CPS ENERGY Supply Fiber at height 36'-10"
2025-05-18 16:44:34,339 - processing - INFO - ==================================================
2025-05-18 16:44:34,378 - processing - INFO - Processing attachments below neutral for pole PL373935
2025-05-18 16:44:34,379 - processing - INFO - 
==================================================
2025-05-18 16:44:34,379 - processing - INFO - POLE SUMMARY: PL373935
2025-05-18 16:44:34,380 - processing - INFO - ==================================================
2025-05-18 16:44:34,380 - processing - INFO - Found 1 neutral wire(s):
2025-05-18 16:44:34,380 - processing - INFO -   1. CPS ENERGY Neutral at height 350.65 inches (source: katapult)
2025-05-18 16:44:34,380 - processing - INFO - Highest neutral: CPS ENERGY Neutral at height 350.65 inches
2025-05-18 16:44:34,381 - processing - INFO - Found 4 attachment(s) below neutral:
2025-05-18 16:44:34,381 - processing - INFO -   1. CPS ENERGY Neutral at height 29'-3"
2025-05-18 16:44:34,381 - processing - INFO -   2. CPS ENERGY Supply Fiber at height 27'-9"
2025-05-18 16:44:34,381 - processing - INFO -   3. AT&T Fiber Optic Com at height 24'-10"
2025-05-18 16:44:34,381 - processing - INFO -   4. AT&T Telco Com at height 23'-12"
2025-05-18 16:44:34,381 - processing - INFO - ==================================================
2025-05-18 16:44:34,399 - processing - INFO - Processing attachments below neutral for pole PL398490
2025-05-18 16:44:34,400 - processing - INFO - 
==================================================
2025-05-18 16:44:34,400 - processing - INFO - POLE SUMMARY: PL398490
2025-05-18 16:44:34,400 - processing - INFO - ==================================================
2025-05-18 16:44:34,402 - processing - INFO - Found 1 neutral wire(s):
2025-05-18 16:44:34,402 - processing - INFO -   1. CPS ENERGY Neutral at height 326.42 inches (source: katapult)
2025-05-18 16:44:34,402 - processing - INFO - Highest neutral: CPS ENERGY Neutral at height 326.42 inches
2025-05-18 16:44:34,402 - processing - INFO - Found 5 attachment(s) below neutral:
2025-05-18 16:44:34,402 - processing - INFO -   1. CPS ENERGY Neutral at height 27'-2"
2025-05-18 16:44:34,402 - processing - INFO -   2. CPS ENERGY Supply Fiber at height 26'-0"
2025-05-18 16:44:34,402 - processing - INFO -   3. AT&T Fiber Optic Com at height 24'-10"
2025-05-18 16:44:34,403 - processing - INFO -   4. AT&T Telco Com at height 23'-11"
2025-05-18 16:44:34,403 - processing - INFO -   5. CPS ENERGY Street Light Feed at height 27'-2"
2025-05-18 16:44:34,403 - processing - INFO - ==================================================
2025-05-18 16:44:34,450 - processing - INFO - Processing attachments below neutral for pole PL900997
2025-05-18 16:44:34,451 - processing - INFO - 
==================================================
2025-05-18 16:44:34,452 - processing - INFO - POLE SUMMARY: PL900997
2025-05-18 16:44:34,452 - processing - INFO - ==================================================
2025-05-18 16:44:34,452 - processing - INFO - Found 4 neutral wire(s):
2025-05-18 16:44:34,452 - processing - INFO -   1. CPS ENERGY Neutral at height 324.73 inches (source: katapult)
2025-05-18 16:44:34,452 - processing - INFO -   2. CPS ENERGY Neutral at height 342.91 inches (source: katapult)
2025-05-18 16:44:34,452 - processing - INFO -   3. CPS Energy  at height 325.0001755 inches (source: spidacalc)
2025-05-18 16:44:34,453 - processing - INFO -   4. CPS Energy  at height 325.0001755 inches (source: spidacalc)
2025-05-18 16:44:34,453 - processing - INFO - Highest neutral: CPS ENERGY Neutral at height 342.91 inches
2025-05-18 16:44:34,453 - processing - INFO - Found 7 attachment(s) below neutral:
2025-05-18 16:44:34,453 - processing - INFO -   1. CPS ENERGY Neutral at height 27'-1"
2025-05-18 16:44:34,453 - processing - INFO -   2. CPS ENERGY Street Light Feed at height 27'-1"
2025-05-18 16:44:34,454 - processing - INFO -   3. CPS ENERGY Supply Fiber at height 25'-10"
2025-05-18 16:44:34,454 - processing - INFO -   4. AT&T Fiber Optic Com at height 21'-6"
2025-05-18 16:44:34,454 - processing - INFO -   5. AT&T Telco Com at height 20'-6"
2025-05-18 16:44:34,454 - processing - INFO -   6. CPS ENERGY Service at height 27'-1"
2025-05-18 16:44:34,454 - processing - INFO -   7. Charter Fiber Optic Com at height 21'-6"
2025-05-18 16:44:34,454 - processing - INFO - ==================================================
2025-05-18 16:44:34,499 - processing - INFO - Processing attachments below neutral for pole PL404474
2025-05-18 16:44:34,501 - processing - INFO - 
==================================================
2025-05-18 16:44:34,501 - processing - INFO - POLE SUMMARY: PL404474
2025-05-18 16:44:34,501 - processing - INFO - ==================================================
2025-05-18 16:44:34,502 - processing - INFO - Found 3 neutral wire(s):
2025-05-18 16:44:34,502 - processing - INFO -   1. CPS ENERGY Neutral at height 311.85 inches (source: katapult)
2025-05-18 16:44:34,502 - processing - INFO -   2. CPS Energy  at height 312.00016848000007 inches (source: spidacalc)
2025-05-18 16:44:34,502 - processing - INFO -   3. CPS Energy  at height 312.00016848000007 inches (source: spidacalc)
2025-05-18 16:44:34,503 - processing - INFO - Highest neutral: CPS Energy  at height 312.00016848000007 inches
2025-05-18 16:44:34,503 - processing - INFO - Found 6 attachment(s) below neutral:
2025-05-18 16:44:34,503 - processing - INFO -   1. CPS ENERGY Neutral at height 25'-12"
2025-05-18 16:44:34,504 - processing - INFO -   2. CPS ENERGY Supply Fiber at height 24'-6"
2025-05-18 16:44:34,504 - processing - INFO -   3. AT&T Fiber Optic Com at height 22'-9"
2025-05-18 16:44:34,504 - processing - INFO -   4. AT&T Telco Com at height 21'-7"
2025-05-18 16:44:34,504 - processing - INFO -   5. CPS ENERGY Street Light Feed at height 25'-12"
2025-05-18 16:44:34,504 - processing - INFO -   6. Charter Fiber Optic Com at height 21'-7"
2025-05-18 16:44:34,504 - processing - INFO - ==================================================
2025-05-18 16:44:34,533 - processing - INFO - Processing attachments below neutral for pole PL401451
2025-05-18 16:44:34,534 - processing - INFO - 
==================================================
2025-05-18 16:44:34,534 - processing - INFO - POLE SUMMARY: PL401451
2025-05-18 16:44:34,534 - processing - INFO - ==================================================
2025-05-18 16:44:34,535 - processing - INFO - Found 2 neutral wire(s):
2025-05-18 16:44:34,535 - processing - INFO -   1. CPS ENERGY Neutral at height 318.97 inches (source: katapult)
2025-05-18 16:44:34,535 - processing - INFO -   2. CPS ENERGY Neutral at height 314.28 inches (source: katapult)
2025-05-18 16:44:34,535 - processing - INFO - Highest neutral: CPS ENERGY Neutral at height 318.97 inches
2025-05-18 16:44:34,535 - processing - INFO - Found 4 attachment(s) below neutral:
2025-05-18 16:44:34,535 - processing - INFO -   1. CPS ENERGY Neutral at height 26'-7"
2025-05-18 16:44:34,535 - processing - INFO -   2. CPS ENERGY Supply Fiber at height 24'-11"
2025-05-18 16:44:34,537 - processing - INFO -   3. AT&T Fiber Optic Com at height 22'-6"
2025-05-18 16:44:34,537 - processing - INFO -   4. AT&T Telco Com at height 21'-3"
2025-05-18 16:44:34,537 - processing - INFO - ==================================================
2025-05-18 16:44:34,585 - processing - INFO - Processing attachments below neutral for pole PL398491
2025-05-18 16:44:34,586 - processing - INFO - 
==================================================
2025-05-18 16:44:34,587 - processing - INFO - POLE SUMMARY: PL398491
2025-05-18 16:44:34,587 - processing - INFO - ==================================================
2025-05-18 16:44:34,587 - processing - INFO - Found 4 neutral wire(s):
2025-05-18 16:44:34,587 - processing - INFO -   1. CPS ENERGY Neutral at height 325.34 inches (source: katapult)
2025-05-18 16:44:34,588 - processing - INFO -   2. CPS ENERGY Neutral at height 322.75 inches (source: katapult)
2025-05-18 16:44:34,588 - processing - INFO -   3. CPS Energy  at height 324.00017496000004 inches (source: spidacalc)
2025-05-18 16:44:34,588 - processing - INFO -   4. CPS Energy  at height 327.0001765800001 inches (source: spidacalc)
2025-05-18 16:44:34,588 - processing - INFO - Highest neutral: CPS Energy  at height 327.0001765800001 inches
2025-05-18 16:44:34,588 - processing - INFO - Found 12 attachment(s) below neutral:
2025-05-18 16:44:34,588 - processing - INFO -   1. AT&T Com Drop at height 19'-8"
2025-05-18 16:44:34,589 - processing - INFO -   2. CPS ENERGY Service at height 27'-1"
2025-05-18 16:44:34,589 - processing - INFO -   3. AT&T Com Drop at height 19'-6"
2025-05-18 16:44:34,589 - processing - INFO -   4. AT&T Com Drop at height 19'-6"
2025-05-18 16:44:34,589 - processing - INFO -   5. CPS ENERGY Neutral at height 27'-1"
2025-05-18 16:44:34,590 - processing - INFO -   6. CPS ENERGY Neutral at height 26'-11"
2025-05-18 16:44:34,590 - processing - INFO -   7. CPS ENERGY Supply Fiber at height 25'-6"
2025-05-18 16:44:34,590 - processing - INFO -   8. AT&T Fiber Optic Com at height 21'-4"
2025-05-18 16:44:34,590 - processing - INFO -   9. AT&T Telco Com at height 20'-4"
2025-05-18 16:44:34,590 - processing - INFO -   10. AT&T Com Drop at height 19'-8"
2025-05-18 16:44:34,591 - processing - INFO -   11. Charter Fiber Optic Com at height 22'-4"
2025-05-18 16:44:34,591 - processing - INFO -   12. CPS ENERGY Supply Fiber at height 25'-9"
2025-05-18 16:44:34,591 - processing - INFO - ==================================================
2025-05-18 16:44:34,650 - processing - INFO - Processing attachments below neutral for pole PL410620
2025-05-18 16:44:34,651 - processing - INFO - 
==================================================
2025-05-18 16:44:34,651 - processing - INFO - POLE SUMMARY: PL410620
2025-05-18 16:44:34,651 - processing - INFO - ==================================================
2025-05-18 16:44:34,651 - processing - INFO - Found 3 neutral wire(s):
2025-05-18 16:44:34,651 - processing - INFO -   1. CPS ENERGY Neutral at height 354.28 inches (source: katapult)
2025-05-18 16:44:34,652 - processing - INFO -   2. CPS Energy  at height 354.0001911600001 inches (source: spidacalc)
2025-05-18 16:44:34,652 - processing - INFO -   3. CPS Energy  at height 354.0001911600001 inches (source: spidacalc)
2025-05-18 16:44:34,652 - processing - INFO - Highest neutral: CPS ENERGY Neutral at height 354.28 inches
2025-05-18 16:44:34,652 - processing - INFO - Found 6 attachment(s) below neutral:
2025-05-18 16:44:34,652 - processing - INFO -   1. CPS ENERGY Neutral at height 29'-6"
2025-05-18 16:44:34,653 - processing - INFO -   2. CPS ENERGY Supply Fiber at height 27'-12"
2025-05-18 16:44:34,653 - processing - INFO -   3. AT&T Fiber Optic Com at height 23'-7"
2025-05-18 16:44:34,653 - processing - INFO -   4. AT&T Telco Com at height 22'-4"
2025-05-18 16:44:34,653 - processing - INFO -   5. AT&T Com Drop at height 21'-5"
2025-05-18 16:44:34,653 - processing - INFO -   6. Charter Fiber Optic Com at height 24'-7"
2025-05-18 16:44:34,653 - processing - INFO - ==================================================
2025-05-18 16:44:34,673 - processing - INFO - Processing attachments below neutral for pole {'-Imported': 'PL410595'}
2025-05-18 16:44:34,674 - processing - INFO - 
==================================================
2025-05-18 16:44:34,674 - processing - INFO - POLE SUMMARY: {'-Imported': 'PL410595'}
2025-05-18 16:44:34,675 - processing - INFO - ==================================================
2025-05-18 16:44:34,675 - processing - INFO - Found 0 neutral wire(s):
2025-05-18 16:44:34,675 - processing - INFO - No neutral wires found!
2025-05-18 16:44:34,675 - processing - INFO - Found 0 attachment(s) below neutral:
2025-05-18 16:44:34,675 - processing - INFO - ==================================================
2025-05-18 16:44:34,696 - processing - INFO - Processing attachments below neutral for pole PL389359
2025-05-18 16:44:34,698 - processing - INFO - 
==================================================
2025-05-18 16:44:34,698 - processing - INFO - POLE SUMMARY: PL389359
2025-05-18 16:44:34,699 - processing - INFO - ==================================================
2025-05-18 16:44:34,699 - processing - INFO - Found 5 neutral wire(s):
2025-05-18 16:44:34,699 - processing - INFO -   1. CPS ENERGY Neutral at height 327.24 inches (source: katapult)
2025-05-18 16:44:34,699 - processing - INFO -   2. CPS ENERGY Neutral at height 327.15 inches (source: katapult)
2025-05-18 16:44:34,699 - processing - INFO -   3. CPS Energy  at height 327.0001765800001 inches (source: spidacalc)
2025-05-18 16:44:34,699 - processing - INFO -   4. CPS Energy  at height 327.0001765800001 inches (source: spidacalc)
2025-05-18 16:44:34,699 - processing - INFO -   5. CPS Energy  at height 327.0001765800001 inches (source: spidacalc)
2025-05-18 16:44:34,700 - processing - INFO - Highest neutral: CPS ENERGY Neutral at height 327.24 inches
2025-05-18 16:44:34,700 - processing - INFO - Found 6 attachment(s) below neutral:
2025-05-18 16:44:34,700 - processing - INFO -   1. CPS ENERGY Neutral at height 27'-3"
2025-05-18 16:44:34,700 - processing - INFO -   2. CPS ENERGY Supply Fiber at height 25'-9"
2025-05-18 16:44:34,700 - processing - INFO -   3. AT&T Fiber Optic Com at height 22'-8"
2025-05-18 16:44:34,700 - processing - INFO -   4. AT&T Telco Com at height 21'-8"
2025-05-18 16:44:34,700 - processing - INFO -   5. CPS ENERGY Neutral at height 27'-3"
2025-05-18 16:44:34,701 - processing - INFO -   6. Charter Fiber Optic Com at height 22'-12"
2025-05-18 16:44:34,701 - processing - INFO - ==================================================
